============================================================
SEARCHING FOR p=7 KERNEL ELEMENTS
============================================================
Device: cuda
Bucket size: 80000
Max length: 150
Bootstrap length: 6
Prime: 7
Degree window: 1201
Use best: 50000

Loaded tables from /nfs/roberts/project/pi_com36/com36/burau-experiments/precomputed_tables/tables_B4_r1_p7.pt
  Re-centered: degree_window=1201
  Identity suffixes fixed: 22 valid
✓ Identity matrix verified

Initialized with identity braid
Degree window: [-600, 600] (1201 coefficients)
Config: bucket_size=80000, bootstrap=6, max_length=150, chunk_size=90000, use_best=50000

============================================================
Level 1 - BOOTSTRAP
============================================================
  Starting braids: 1
  Candidates to generate: 22 (index build: 0.125s)
  Projlen distribution:
    projlen=3: 10 braids
    projlen=4: 12 braids
  Braids kept: 22 (in 2 buckets)
  Timing: matmul=0.08s, sampling=0.01s, total=0.36s

============================================================
Level 2 - BOOTSTRAP
============================================================
  Starting braids: 22
  Candidates to generate: 164 (index build: 0.000s)
  Projlen distribution:
    projlen=5: 56 braids
    projlen=6: 76 braids
    projlen=7: 32 braids
  Braids kept: 164 (in 3 buckets)
  Timing: matmul=0.02s, sampling=0.00s, total=0.02s

============================================================
Level 3 - BOOTSTRAP
============================================================
  Starting braids: 164
  Candidates to generate: 982 (index build: 0.000s)
  Projlen distribution:
    projlen=7: 270 braids
    projlen=8: 364 braids
    projlen=9: 288 braids
    projlen=10: 60 braids
  Braids kept: 982 (in 4 buckets)
  Timing: matmul=0.01s, sampling=0.00s, total=0.02s

============================================================
Level 4 - BOOTSTRAP
============================================================
  Starting braids: 982
  Candidates to generate: 5528 (index build: 0.000s)
  Projlen distribution:
    projlen=9: 1256 braids
    projlen=10: 1672 braids
    projlen=11: 1784 braids
    projlen=12: 700 braids
    projlen=13: 116 braids
  Braids kept: 5528 (in 5 buckets)
  Timing: matmul=0.04s, sampling=0.00s, total=0.05s

============================================================
Level 5 - BOOTSTRAP
============================================================
  Starting braids: 5528
  Candidates to generate: 30478 (index build: 0.000s)
  Projlen distribution:
    projlen=10: 4 braids
    projlen=11: 5798 braids
    projlen=12: 7672 braids
    projlen=13: 9864 braids
    projlen=14: 5236 braids
    projlen=15: 1716 braids
    projlen=16: 188 braids
  Braids kept: 30478 (in 7 buckets)
  Timing: matmul=0.17s, sampling=0.00s, total=0.22s

============================================================
Level 6 - BOOTSTRAP
============================================================
  Starting braids: 30478
  Candidates to generate: 166796 (index build: 0.002s)
  Processing in 2 chunks...
  Projlen distribution:
    projlen=12: 64 braids
    projlen=13: 26772 braids
    projlen=14: 35288 braids
    projlen=15: 52292 braids
    projlen=16: 33012 braids
    projlen=17: 15680 braids
    projlen=18: 3356 braids
    projlen=19: 332 braids
  Braids kept: 166796 (in 8 buckets)
  Timing: matmul=0.90s, sampling=0.02s, total=1.20s

============================================================
Level 7 - SAMPLING
============================================================
  Starting braids: 50000
  Candidates to generate: 281656 (index build: 0.002s)
  Processing in 4 chunks...
  Projlen distribution:
    projlen=13: 52 braids
    projlen=14: 452 braids
    projlen=15: 115170 braids
    projlen=16: 115257 braids
    projlen=17: 50725 braids
  Braids kept: 211229 (in 5 buckets)
  Timing: matmul=1.51s, sampling=0.13s, total=2.23s

============================================================
Level 8 - SAMPLING
============================================================
  Starting braids: 50000
  Candidates to generate: 300078 (index build: 0.006s)
  Processing in 4 chunks...
  Projlen distribution:
    projlen=14: 56 braids
    projlen=15: 545 braids
    projlen=16: 2518 braids
    projlen=17: 197129 braids
    projlen=18: 99830 braids
  Braids kept: 163119 (in 5 buckets)
  Timing: matmul=1.61s, sampling=0.10s, total=2.35s

============================================================
Level 9 - SAMPLING
============================================================
  Starting braids: 50000
  Candidates to generate: 303494 (index build: 0.006s)
  Processing in 4 chunks...
  Projlen distribution:
    projlen=15: 72 braids
    projlen=16: 487 braids
    projlen=17: 4470 braids
    projlen=18: 11211 braids
    projlen=19: 190788 braids
    projlen=20: 96466 braids
  Braids kept: 176240 (in 6 buckets)
  Timing: matmul=1.62s, sampling=0.09s, total=2.38s

============================================================
Level 10 - SAMPLING
============================================================
  Starting braids: 50000
  Candidates to generate: 306398 (index build: 0.005s)
  Processing in 4 chunks...
  Projlen distribution:
    projlen=16: 5 braids
    projlen=17: 993 braids
    projlen=18: 2973 braids
    projlen=19: 26317 braids
    projlen=20: 47900 braids
    projlen=21: 157789 braids
    projlen=22: 70421 braids
  Braids kept: 228609 (in 7 buckets)
  Timing: matmul=1.64s, sampling=0.10s, total=2.36s

============================================================
Level 11 - SAMPLING
============================================================
  Starting braids: 50000
  Candidates to generate: 303058 (index build: 0.004s)
  Processing in 4 chunks...
  Projlen distribution:
    projlen=17: 11 braids
    projlen=18: 194 braids
    projlen=19: 6763 braids
    projlen=20: 15276 braids
    projlen=21: 119264 braids
    projlen=22: 116255 braids
    projlen=23: 45295 braids
  Braids kept: 227539 (in 7 buckets)
  Timing: matmul=1.63s, sampling=0.11s, total=2.36s

============================================================
Level 12 - SAMPLING
============================================================
  Starting braids: 50000
  Candidates to generate: 301286 (index build: 0.004s)
  Processing in 4 chunks...
  Projlen distribution:
    projlen=18: 19 braids
    projlen=19: 235 braids
    projlen=20: 1475 braids
    projlen=21: 35418 braids
    projlen=22: 65178 braids
    projlen=23: 141573 braids
    projlen=24: 57388 braids
  Braids kept: 239713 (in 7 buckets)
  Timing: matmul=1.62s, sampling=0.10s, total=2.37s

============================================================
Level 13 - SAMPLING
============================================================
  Starting braids: 50000
  Candidates to generate: 301436 (index build: 0.004s)
  Processing in 4 chunks...
  Projlen distribution:
    projlen=19: 27 braids
    projlen=20: 199 braids
    projlen=21: 2015 braids
    projlen=22: 7789 braids
    projlen=23: 149465 braids
    projlen=24: 113156 braids
    projlen=25: 28785 braids
  Braids kept: 198815 (in 7 buckets)
  Timing: matmul=1.63s, sampling=0.14s, total=2.44s

============================================================
Level 14 - SAMPLING
============================================================
  Starting braids: 50000
  Candidates to generate: 302984 (index build: 0.005s)
  Processing in 4 chunks...
  Projlen distribution:
    projlen=20: 3 braids
    projlen=21: 325 braids
    projlen=22: 1130 braids
    projlen=23: 10768 braids
    projlen=24: 33716 braids
    projlen=25: 173512 braids
    projlen=26: 83530 braids
  Braids kept: 205942 (in 7 buckets)
  Timing: matmul=1.64s, sampling=0.10s, total=2.39s

============================================================
Level 15 - SAMPLING
============================================================
  Starting braids: 50000
  Candidates to generate: 297710 (index build: 0.004s)
  Processing in 4 chunks...
  Projlen distribution:
    projlen=21: 20 braids
    projlen=22: 78 braids
    projlen=23: 1712 braids
    projlen=24: 5980 braids
    projlen=25: 52777 braids
    projlen=26: 138204 braids
    projlen=27: 90379 braids
    projlen=28: 8560 braids
  Braids kept: 229127 (in 8 buckets)
  Timing: matmul=1.61s, sampling=0.12s, total=2.36s

============================================================
Level 16 - SAMPLING
============================================================
  Starting braids: 50000
  Candidates to generate: 301318 (index build: 0.007s)
  Processing in 4 chunks...
  Projlen distribution:
    projlen=23: 168 braids
    projlen=24: 616 braids
    projlen=25: 8460 braids
    projlen=26: 28291 braids
    projlen=27: 175130 braids
    projlen=28: 88653 braids
  Braids kept: 197535 (in 6 buckets)
  Timing: matmul=1.63s, sampling=0.09s, total=2.37s

============================================================
Level 17 - SAMPLING
============================================================
  Starting braids: 50000
  Candidates to generate: 297466 (index build: 0.003s)
  Processing in 4 chunks...
  Projlen distribution:
    projlen=24: 34 braids
    projlen=25: 1277 braids
    projlen=26: 3667 braids
    projlen=27: 40631 braids
    projlen=28: 117041 braids
    projlen=29: 108718 braids
    projlen=30: 26098 braids
  Braids kept: 231707 (in 7 buckets)
  Timing: matmul=1.60s, sampling=0.11s, total=2.32s

============================================================
Level 18 - SAMPLING
============================================================
  Starting braids: 50000
  Candidates to generate: 304232 (index build: 0.003s)
  Processing in 4 chunks...
  Projlen distribution:
    projlen=24: 5 braids
    projlen=25: 131 braids
    projlen=26: 450 braids
    projlen=27: 7897 braids
    projlen=28: 19391 braids
    projlen=29: 166907 braids
    projlen=30: 99965 braids
    projlen=31: 9486 braids
  Braids kept: 197360 (in 8 buckets)
  Timing: matmul=1.64s, sampling=0.12s, total=2.43s

============================================================
Level 19 - SAMPLING
============================================================
  Starting braids: 50000
  Candidates to generate: 304094 (index build: 0.004s)
  Processing in 4 chunks...
  Projlen distribution:
    projlen=24: 2 braids
    projlen=25: 19 braids
    projlen=26: 98 braids
    projlen=27: 1529 braids
    projlen=28: 3125 braids
    projlen=29: 41763 braids
    projlen=30: 82561 braids
    projlen=31: 128593 braids
    projlen=32: 46404 braids
  Braids kept: 252940 (in 9 buckets)
  Timing: matmul=1.64s, sampling=0.12s, total=2.38s

============================================================
Level 20 - SAMPLING
============================================================
  Starting braids: 50000
  Candidates to generate: 310740 (index build: 0.004s)
  Processing in 4 chunks...
  Projlen distribution:
    projlen=25: 7 braids
    projlen=26: 32 braids
    projlen=27: 185 braids
    projlen=28: 753 braids
    projlen=29: 10871 braids
    projlen=30: 16632 braids
    projlen=31: 174898 braids
    projlen=32: 99763 braids
    projlen=33: 7599 braids
  Braids kept: 196079 (in 9 buckets)
  Timing: matmul=1.68s, sampling=0.13s, total=2.51s

============================================================
Level 21 - SAMPLING
============================================================
  Starting braids: 50000
  Candidates to generate: 303724 (index build: 0.003s)
  Processing in 4 chunks...
  Projlen distribution:
    projlen=26: 10 braids
    projlen=27: 85 braids
    projlen=28: 218 braids
    projlen=29: 1285 braids
    projlen=30: 4363 braids
    projlen=31: 57661 braids
    projlen=32: 71960 braids
    projlen=33: 123244 braids
    projlen=34: 44898 braids
  Braids kept: 260480 (in 9 buckets)
  Timing: matmul=1.64s, sampling=0.11s, total=2.42s

============================================================
Level 22 - SAMPLING
============================================================
  Starting braids: 50000
  Candidates to generate: 306478 (index build: 0.006s)
  Processing in 4 chunks...
  Projlen distribution:
    projlen=26: 4 braids
    projlen=27: 35 braids
    projlen=28: 93 braids
    projlen=29: 675 braids
    projlen=30: 1181 braids
    projlen=31: 6404 braids
    projlen=32: 20664 braids
    projlen=33: 183177 braids
    projlen=34: 94245 braids
  Braids kept: 189056 (in 9 buckets)
  Timing: matmul=1.66s, sampling=0.12s, total=2.45s

============================================================
Level 23 - SAMPLING
============================================================
  Starting braids: 50000
  Candidates to generate: 295638 (index build: 0.004s)
  Processing in 4 chunks...
  Projlen distribution:
    projlen=27: 20 braids
    projlen=28: 49 braids
    projlen=29: 270 braids
    projlen=30: 684 braids
    projlen=31: 3607 braids
    projlen=32: 5630 braids
    projlen=33: 29724 braids
    projlen=34: 85768 braids
    projlen=35: 125463 braids
    projlen=36: 44423 braids
  Braids kept: 244407 (in 10 buckets)
  Timing: matmul=1.60s, sampling=0.12s, total=2.37s

============================================================
Level 24 - SAMPLING
============================================================
  Starting braids: 50000
  Candidates to generate: 291782 (index build: 0.003s)
  Processing in 4 chunks...
  Projlen distribution:
    projlen=28: 16 braids
    projlen=29: 132 braids
    projlen=30: 303 braids
    projlen=31: 1836 braids
    projlen=32: 3717 braids
    projlen=33: 17896 braids
    projlen=34: 25869 braids
    projlen=35: 125589 braids
    projlen=36: 94849 braids
    projlen=37: 21575 braids
  Braids kept: 231344 (in 10 buckets)
  Timing: matmul=1.58s, sampling=0.12s, total=2.30s

============================================================
Level 25 - SAMPLING
============================================================
  Starting braids: 50000
  Candidates to generate: 280708 (index build: 0.003s)
  Processing in 4 chunks...
  Projlen distribution:
    projlen=28: 2 braids
    projlen=29: 1 braids
    projlen=30: 113 braids
    projlen=31: 904 braids
    projlen=32: 1727 braids
    projlen=33: 10440 braids
    projlen=34: 18856 braids
    projlen=35: 82290 braids
    projlen=36: 109678 braids
    projlen=37: 56221 braids
    ... and 1 more projlen values
  Braids kept: 248740 (in 11 buckets)
  Timing: matmul=1.52s, sampling=0.10s, total=2.21s

============================================================
Level 26 - SAMPLING
============================================================
  Starting braids: 50000
  Candidates to generate: 289608 (index build: 0.004s)
  Processing in 4 chunks...
  Projlen distribution:
    projlen=29: 7 braids
    projlen=30: 20 braids
    projlen=31: 119 braids
    projlen=32: 760 braids
    projlen=33: 5195 braids
    projlen=34: 9046 braids
    projlen=35: 50797 braids
    projlen=36: 80238 braids
    projlen=37: 106555 braids
    projlen=38: 36871 braids
  Braids kept: 262815 (in 10 buckets)
  Timing: matmul=1.57s, sampling=0.11s, total=2.29s

============================================================
Level 27 - SAMPLING
============================================================
  Starting braids: 50000
  Candidates to generate: 294450 (index build: 0.005s)
  Processing in 4 chunks...
  Projlen distribution:
    projlen=28: 1 braids
    projlen=29: 2 braids
    projlen=30: 3 braids
    projlen=31: 125 braids
    projlen=32: 243 braids
    projlen=33: 1216 braids
    projlen=34: 4401 braids
    projlen=35: 25704 braids
    projlen=36: 40596 braids
    projlen=37: 151306 braids
    ... and 1 more projlen values
  Braids kept: 223144 (in 11 buckets)
  Timing: matmul=1.60s, sampling=0.11s, total=2.36s

============================================================
Level 28 - SAMPLING
============================================================
  Starting braids: 50000
  Candidates to generate: 291482 (index build: 0.004s)
  Processing in 4 chunks...
  Projlen distribution:
    projlen=29: 4 braids
    projlen=30: 8 braids
    projlen=31: 34 braids
    projlen=32: 110 braids
    projlen=33: 1071 braids
    projlen=34: 1974 braids
    projlen=35: 8360 braids
    projlen=36: 21617 braids
    projlen=37: 111333 braids
    projlen=38: 107256 braids
    ... and 1 more projlen values
  Braids kept: 232893 (in 11 buckets)
  Timing: matmul=1.58s, sampling=0.11s, total=2.31s

============================================================
Level 29 - SAMPLING
============================================================
  Starting braids: 50000
  Candidates to generate: 301126 (index build: 0.004s)
  Processing in 4 chunks...
  Projlen distribution:
    projlen=29: 3 braids
    projlen=30: 3 braids
    projlen=31: 49 braids
    projlen=32: 67 braids
    projlen=33: 380 braids
    projlen=34: 968 braids
    projlen=35: 7317 braids
    projlen=36: 11396 braids
    projlen=37: 45183 braids
    projlen=38: 91757 braids
    ... and 2 more projlen values
  Braids kept: 260176 (in 12 buckets)
  Timing: matmul=1.63s, sampling=0.12s, total=2.41s

============================================================
Level 30 - SAMPLING
============================================================
  Starting braids: 50000
  Candidates to generate: 304886 (index build: 0.004s)
  Processing in 4 chunks...
  Projlen distribution:
    projlen=31: 35 braids
    projlen=32: 44 braids
    projlen=33: 388 braids
    projlen=34: 520 braids
    projlen=35: 3025 braids
    projlen=36: 6100 braids
    projlen=37: 39810 braids
    projlen=38: 54236 braids
    projlen=39: 139659 braids
    projlen=40: 61069 braids
  Braids kept: 245227 (in 10 buckets)
  Timing: matmul=1.65s, sampling=0.12s, total=2.41s

============================================================
Level 31 - SAMPLING
============================================================
  Starting braids: 50000
  Candidates to generate: 305124 (index build: 0.002s)
  Processing in 4 chunks...
  Projlen distribution:
    projlen=31: 1 braids
    projlen=32: 7 braids
    projlen=33: 225 braids
    projlen=34: 304 braids
    projlen=35: 2596 braids
    projlen=36: 3390 braids
    projlen=37: 18354 braids
    projlen=38: 30996 braids
    projlen=39: 166551 braids
    projlen=40: 82526 braids
    ... and 1 more projlen values
  Braids kept: 216047 (in 11 buckets)
  Timing: matmul=1.65s, sampling=0.11s, total=2.43s

============================================================
Level 32 - SAMPLING
============================================================
  Starting braids: 50000
  Candidates to generate: 298894 (index build: 0.004s)
  Processing in 4 chunks...
  Projlen distribution:
    projlen=32: 8 braids
    projlen=33: 20 braids
    projlen=34: 69 braids
    projlen=35: 1397 braids
    projlen=36: 1886 braids
    projlen=37: 14924 braids
    projlen=38: 17739 braids
    projlen=39: 90696 braids
    projlen=40: 114924 braids
    projlen=41: 57231 braids
  Braids kept: 253274 (in 10 buckets)
  Timing: matmul=1.61s, sampling=0.13s, total=2.38s

============================================================
Level 33 - SAMPLING
============================================================
  Starting braids: 50000
  Candidates to generate: 292572 (index build: 0.004s)
  Processing in 4 chunks...
  Projlen distribution:
    projlen=33: 15 braids
    projlen=34: 48 braids
    projlen=35: 261 braids
    projlen=36: 598 braids
    projlen=37: 8064 braids
    projlen=38: 10110 braids
    projlen=39: 73627 braids
    projlen=40: 76967 braids
    projlen=41: 94645 braids
    projlen=42: 28237 braids
  Braids kept: 277927 (in 10 buckets)
  Timing: matmul=1.58s, sampling=0.11s, total=2.29s

============================================================
Level 34 - SAMPLING
============================================================
  Starting braids: 50000
  Candidates to generate: 298792 (index build: 0.005s)
  Processing in 4 chunks...
  Projlen distribution:
    projlen=35: 155 braids
    projlen=36: 347 braids
    projlen=37: 2087 braids
    projlen=38: 3980 braids
    projlen=39: 41043 braids
    projlen=40: 45170 braids
    projlen=41: 143284 braids
    projlen=42: 62726 braids
  Braids kept: 235508 (in 8 buckets)
  Timing: matmul=1.61s, sampling=0.13s, total=2.41s

============================================================
Level 35 - SAMPLING
============================================================
  Starting braids: 50000
  Candidates to generate: 304088 (index build: 0.004s)
  Processing in 4 chunks...
  Projlen distribution:
    projlen=35: 4 braids
    projlen=36: 62 braids
    projlen=37: 1078 braids
    projlen=38: 2320 braids
    projlen=39: 13476 braids
    projlen=40: 21052 braids
    projlen=41: 170365 braids
    projlen=42: 90266 braids
    projlen=43: 5465 braids
  Braids kept: 203457 (in 9 buckets)
  Timing: matmul=1.65s, sampling=0.11s, total=2.44s

============================================================
Level 36 - SAMPLING
============================================================
  Starting braids: 50000
  Candidates to generate: 299352 (index build: 0.003s)
  Processing in 4 chunks...
  Projlen distribution:
    projlen=35: 1 braids
    projlen=36: 23 braids
    projlen=37: 147 braids
    projlen=38: 612 braids
    projlen=39: 6947 braids
    projlen=40: 12267 braids
    projlen=41: 69753 braids
    projlen=42: 91172 braids
    projlen=43: 93676 braids
    projlen=44: 24754 braids
  Braids kept: 274504 (in 10 buckets)
  Timing: matmul=1.62s, sampling=0.11s, total=2.38s

============================================================
Level 37 - SAMPLING
============================================================
  Starting braids: 50000
  Candidates to generate: 300014 (index build: 0.006s)
  Processing in 4 chunks...
  Projlen distribution:
    projlen=35: 2 braids
    projlen=36: 12 braids
    projlen=37: 35 braids
    projlen=38: 226 braids
    projlen=39: 1781 braids
    projlen=40: 3940 braids
    projlen=41: 35980 braids
    projlen=42: 53752 braids
    projlen=43: 142230 braids
    projlen=44: 62056 braids
  Braids kept: 237784 (in 10 buckets)
  Timing: matmul=1.62s, sampling=0.12s, total=2.38s

============================================================
Level 38 - SAMPLING
============================================================
  Starting braids: 50000
  Candidates to generate: 301324 (index build: 0.004s)
  Processing in 4 chunks...
  Projlen distribution:
    projlen=36: 13 braids
    projlen=37: 26 braids
    projlen=38: 99 braids
    projlen=39: 551 braids
    projlen=40: 1707 braids
    projlen=41: 11767 braids
    projlen=42: 20285 braids
    projlen=43: 151561 braids
    projlen=44: 97405 braids
    projlen=45: 17910 braids
  Braids kept: 212358 (in 10 buckets)
  Timing: matmul=1.63s, sampling=0.11s, total=2.38s

============================================================
Level 39 - SAMPLING
============================================================
  Starting braids: 50000
  Candidates to generate: 300832 (index build: 0.004s)
  Processing in 4 chunks...
  Projlen distribution:
    projlen=36: 6 braids
    projlen=37: 18 braids
    projlen=38: 103 braids
    projlen=39: 275 braids
    projlen=40: 715 braids
    projlen=41: 4619 braids
    projlen=42: 9656 braids
    projlen=43: 61150 braids
    projlen=44: 86800 braids
    projlen=45: 105440 braids
    ... and 1 more projlen values
  Braids kept: 268592 (in 11 buckets)
  Timing: matmul=1.62s, sampling=0.13s, total=2.41s

============================================================
Level 40 - SAMPLING
============================================================
  Starting braids: 50000
  Candidates to generate: 304638 (index build: 0.005s)
  Processing in 4 chunks...
  Projlen distribution:
    projlen=38: 46 braids
    projlen=39: 186 braids
    projlen=40: 629 braids
    projlen=41: 2261 braids
    projlen=42: 4245 braids
    projlen=43: 26405 braids
    projlen=44: 44093 braids
    projlen=45: 154691 braids
    projlen=46: 72082 braids
  Braids kept: 229947 (in 9 buckets)
  Timing: matmul=1.66s, sampling=0.11s, total=2.41s

============================================================
Level 41 - SAMPLING
============================================================
  Starting braids: 50000
  Candidates to generate: 298054 (index build: 0.004s)
  Processing in 4 chunks...
  Projlen distribution:
    projlen=38: 1 braids
    projlen=39: 25 braids
    projlen=40: 270 braids
    projlen=41: 1430 braids
    projlen=42: 3572 braids
    projlen=43: 13478 braids
    projlen=44: 21099 braids
    projlen=45: 118041 braids
    projlen=46: 103729 braids
    projlen=47: 36409 braids
  Braids kept: 236284 (in 10 buckets)
  Timing: matmul=1.62s, sampling=0.13s, total=2.39s

============================================================
Level 42 - SAMPLING
============================================================
  Starting braids: 50000
  Candidates to generate: 292016 (index build: 0.004s)
  Processing in 4 chunks...
  Projlen distribution:
    projlen=39: 11 braids
    projlen=40: 23 braids
    projlen=41: 428 braids
    projlen=42: 1602 braids
    projlen=43: 8524 braids
    projlen=44: 17699 braids
    projlen=45: 67199 braids
    projlen=46: 90788 braids
    projlen=47: 85018 braids
    projlen=48: 20724 braids
  Braids kept: 276210 (in 10 buckets)
  Timing: matmul=1.58s, sampling=0.11s, total=2.28s

============================================================
Level 43 - SAMPLING
============================================================
  Starting braids: 50000
  Candidates to generate: 290890 (index build: 0.004s)
  Processing in 4 chunks...
  Projlen distribution:
    projlen=39: 3 braids
    projlen=40: 9 braids
    projlen=41: 174 braids
    projlen=42: 363 braids
    projlen=43: 3230 braids
    projlen=44: 8284 braids
    projlen=45: 40451 braids
    projlen=46: 75380 braids
    projlen=47: 117679 braids
    projlen=48: 45317 braids
  Braids kept: 253211 (in 10 buckets)
  Timing: matmul=1.57s, sampling=0.13s, total=2.34s

============================================================
Level 44 - SAMPLING
============================================================
  Starting braids: 50000
  Candidates to generate: 293824 (index build: 0.005s)
  Processing in 4 chunks...
  Projlen distribution:
    projlen=40: 2 braids
    projlen=41: 55 braids
    projlen=42: 161 braids
    projlen=43: 1380 braids
    projlen=44: 2538 braids
    projlen=45: 17532 braids
    projlen=46: 37580 braids
    projlen=47: 156932 braids
    projlen=48: 77644 braids
  Braids kept: 216892 (in 9 buckets)
  Timing: matmul=1.59s, sampling=0.12s, total=2.37s

============================================================
Level 45 - SAMPLING
============================================================
  Starting braids: 50000
  Candidates to generate: 291016 (index build: 0.005s)
  Processing in 4 chunks...
  Projlen distribution:
    projlen=41: 11 braids
    projlen=42: 28 braids
    projlen=43: 506 braids
    projlen=44: 1151 braids
    projlen=45: 8423 braids
    projlen=46: 13107 braids
    projlen=47: 80806 braids
    projlen=48: 125789 braids
    projlen=49: 61195 braids
  Braids kept: 244421 (in 9 buckets)
  Timing: matmul=1.57s, sampling=0.12s, total=2.32s

============================================================
Level 46 - SAMPLING
============================================================
  Starting braids: 50000
  Candidates to generate: 295094 (index build: 0.005s)
  Processing in 4 chunks...
  Projlen distribution:
    projlen=40: 2 braids
    projlen=41: 4 braids
    projlen=42: 11 braids
    projlen=43: 159 braids
    projlen=44: 338 braids
    projlen=45: 3346 braids
    projlen=46: 6446 braids
    projlen=47: 41545 braids
    projlen=48: 56732 braids
    projlen=49: 131169 braids
    ... and 1 more projlen values
  Braids kept: 243925 (in 11 buckets)
  Timing: matmul=1.60s, sampling=0.10s, total=2.32s

============================================================
Level 47 - SAMPLING
============================================================
  Starting braids: 50000
  Candidates to generate: 299466 (index build: 0.006s)
  Processing in 4 chunks...
  Projlen distribution:
    projlen=41: 8 braids
    projlen=42: 7 braids
    projlen=43: 68 braids
    projlen=44: 147 braids
    projlen=45: 1394 braids
    projlen=46: 2383 braids
    projlen=47: 18292 braids
    projlen=48: 30088 braids
    projlen=49: 164757 braids
    projlen=50: 82322 braids
  Braids kept: 212387 (in 10 buckets)
  Timing: matmul=1.62s, sampling=0.12s, total=2.43s

============================================================
Level 48 - SAMPLING
============================================================
  Starting braids: 50000
  Candidates to generate: 289954 (index build: 0.005s)
  Processing in 4 chunks...
  Projlen distribution:
    projlen=41: 8 braids
    projlen=42: 4 braids
    projlen=43: 64 braids
    projlen=44: 75 braids
    projlen=45: 655 braids
    projlen=46: 1120 braids
    projlen=47: 9035 braids
    projlen=48: 12570 braids
    projlen=49: 86547 braids
    projlen=50: 118137 braids
    ... and 1 more projlen values
  Braids kept: 245270 (in 11 buckets)
  Timing: matmul=1.57s, sampling=0.11s, total=2.29s

============================================================
Level 49 - SAMPLING
============================================================
  Starting braids: 50000
  Candidates to generate: 297562 (index build: 0.005s)
  Processing in 4 chunks...
  Projlen distribution:
    projlen=41: 6 braids
    projlen=42: 6 braids
    projlen=43: 45 braids
    projlen=44: 38 braids
    projlen=45: 500 braids
    projlen=46: 544 braids
    projlen=47: 4640 braids
    projlen=48: 6549 braids
    projlen=49: 46409 braids
    projlen=50: 54079 braids
    ... and 2 more projlen values
  Braids kept: 247518 (in 12 buckets)
  Timing: matmul=1.61s, sampling=0.10s, total=2.33s

============================================================
Level 50 - SAMPLING
============================================================
  Starting braids: 50000
  Candidates to generate: 301792 (index build: 0.006s)
  Processing in 4 chunks...
  Projlen distribution:
    projlen=43: 43 braids
    projlen=44: 36 braids
    projlen=45: 322 braids
    projlen=46: 335 braids
    projlen=47: 3269 braids
    projlen=48: 3306 braids
    projlen=49: 25750 braids
    projlen=50: 30466 braids
    projlen=51: 161041 braids
    projlen=52: 77224 braids
  Braids kept: 220751 (in 10 buckets)
  Timing: matmul=1.64s, sampling=0.11s, total=2.40s

============================================================
Level 51 - SAMPLING
============================================================
  Starting braids: 50000
  Candidates to generate: 290736 (index build: 0.005s)
  Processing in 4 chunks...
  Projlen distribution:
    projlen=43: 3 braids
    projlen=44: 6 braids
    projlen=45: 232 braids
    projlen=46: 227 braids
    projlen=47: 2211 braids
    projlen=48: 2106 braids
    projlen=49: 18423 braids
    projlen=50: 15948 braids
    projlen=51: 117718 braids
    projlen=52: 94714 braids
    ... and 1 more projlen values
  Braids kept: 238304 (in 11 buckets)
  Timing: matmul=1.57s, sampling=0.10s, total=2.26s

============================================================
Level 52 - SAMPLING
============================================================
  Starting braids: 50000
  Candidates to generate: 288272 (index build: 0.004s)
  Processing in 4 chunks...
  Projlen distribution:
    projlen=45: 38 braids
    projlen=46: 66 braids
    projlen=47: 1351 braids
    projlen=48: 1296 braids
    projlen=49: 13269 braids
    projlen=50: 10734 braids
    projlen=51: 90027 braids
    projlen=52: 68342 braids
    projlen=53: 80921 braids
    projlen=54: 22228 braids
  Braids kept: 277324 (in 10 buckets)
  Timing: matmul=1.56s, sampling=0.12s, total=2.29s

============================================================
Level 53 - SAMPLING
============================================================
  Starting braids: 50000
  Candidates to generate: 291050 (index build: 0.004s)
  Processing in 4 chunks...
  Projlen distribution:
    projlen=44: 1 braids
    projlen=45: 5 braids
    projlen=46: 21 braids
    projlen=47: 340 braids
    projlen=48: 514 braids
    projlen=49: 7650 braids
    projlen=50: 6521 braids
    projlen=51: 65362 braids
    projlen=52: 46511 braids
    projlen=53: 117445 braids
    ... and 1 more projlen values
  Braids kept: 253605 (in 11 buckets)
  Timing: matmul=1.58s, sampling=0.10s, total=2.29s

============================================================
Level 54 - SAMPLING
============================================================
  Starting braids: 50000
  Candidates to generate: 294080 (index build: 0.005s)
  Processing in 4 chunks...
  Projlen distribution:
    projlen=45: 4 braids
    projlen=46: 9 braids
    projlen=47: 83 braids
    projlen=48: 225 braids
    projlen=49: 2502 braids
    projlen=50: 3002 braids
    projlen=51: 37157 braids
    projlen=52: 28169 braids
    projlen=53: 152660 braids
    projlen=54: 70269 braids
  Braids kept: 221420 (in 10 buckets)
  Timing: matmul=1.59s, sampling=0.12s, total=2.38s

============================================================
Level 55 - SAMPLING
============================================================
  Starting braids: 50000
  Candidates to generate: 290754 (index build: 0.004s)
  Processing in 4 chunks...
  Projlen distribution:
    projlen=45: 4 braids
    projlen=46: 4 braids
    projlen=47: 51 braids
    projlen=48: 81 braids
    projlen=49: 819 braids
    projlen=50: 1508 braids
    projlen=51: 14268 braids
    projlen=52: 14420 braids
    projlen=53: 156430 braids
    projlen=54: 86662 braids
    ... and 1 more projlen values
  Braids kept: 207662 (in 11 buckets)
  Timing: matmul=1.57s, sampling=0.14s, total=2.37s

============================================================
Level 56 - SAMPLING
============================================================
  Starting braids: 50000
  Candidates to generate: 289036 (index build: 0.004s)
  Processing in 4 chunks...
  Projlen distribution:
    projlen=45: 5 braids
    projlen=46: 4 braids
    projlen=47: 37 braids
    projlen=48: 47 braids
    projlen=49: 450 braids
    projlen=50: 653 braids
    projlen=51: 5512 braids
    projlen=52: 7900 braids
    projlen=53: 68168 braids
    projlen=54: 61703 braids
    ... and 2 more projlen values
  Braids kept: 262893 (in 12 buckets)
  Timing: matmul=1.56s, sampling=0.10s, total=2.27s

============================================================
Level 57 - SAMPLING
============================================================
  Starting braids: 50000
  Candidates to generate: 299674 (index build: 0.004s)
  Processing in 4 chunks...
  Projlen distribution:
    projlen=45: 2 braids
    projlen=46: 2 braids
    projlen=47: 40 braids
    projlen=48: 50 braids
    projlen=49: 268 braids
    projlen=50: 370 braids
    projlen=51: 2967 braids
    projlen=52: 3765 braids
    projlen=53: 28820 braids
    projlen=54: 35172 braids
    ... and 2 more projlen values
  Braids kept: 224183 (in 12 buckets)
  Timing: matmul=1.62s, sampling=0.09s, total=2.32s

============================================================
Level 58 - SAMPLING
============================================================
  Starting braids: 50000
  Candidates to generate: 293140 (index build: 0.003s)
  Processing in 4 chunks...
  Projlen distribution:
    projlen=47: 10 braids
    projlen=48: 26 braids
    projlen=49: 269 braids
    projlen=50: 335 braids
    projlen=51: 1829 braids
    projlen=52: 2116 braids
    projlen=53: 16467 braids
    projlen=54: 18274 braids
    projlen=55: 128071 braids
    projlen=56: 94694 braids
    ... and 1 more projlen values
  Braids kept: 230375 (in 11 buckets)
  Timing: matmul=1.59s, sampling=0.13s, total=2.38s

============================================================
Level 59 - SAMPLING
============================================================
  Starting braids: 50000
  Candidates to generate: 287278 (index build: 0.003s)
  Processing in 4 chunks...
  Projlen distribution:
    projlen=48: 2 braids
    projlen=49: 110 braids
    projlen=50: 179 braids
    projlen=51: 1647 braids
    projlen=52: 1904 braids
    projlen=53: 10672 braids
    projlen=54: 10867 braids
    projlen=55: 79406 braids
    projlen=56: 78145 braids
    projlen=57: 82767 braids
    ... and 1 more projlen values
  Braids kept: 284511 (in 11 buckets)
  Timing: matmul=1.56s, sampling=0.10s, total=2.24s

============================================================
Level 60 - SAMPLING
============================================================
  Starting braids: 50000
  Candidates to generate: 290664 (index build: 0.005s)
  Processing in 4 chunks...
  Projlen distribution:
    projlen=48: 2 braids
    projlen=49: 36 braids
    projlen=50: 67 braids
    projlen=51: 837 braids
    projlen=52: 1047 braids
    projlen=53: 9164 braids
    projlen=54: 9661 braids
    projlen=55: 52788 braids
    projlen=56: 47369 braids
    projlen=57: 120223 braids
    ... and 1 more projlen values
  Braids kept: 250441 (in 11 buckets)
  Timing: matmul=1.58s, sampling=0.11s, total=2.34s

============================================================
Level 61 - SAMPLING
============================================================
  Starting braids: 50000
  Candidates to generate: 291600 (index build: 0.005s)
  Processing in 4 chunks...
  Projlen distribution:
    projlen=49: 20 braids
    projlen=50: 44 braids
    projlen=51: 334 braids
    projlen=52: 497 braids
    projlen=53: 5389 braids
    projlen=54: 5517 braids
    projlen=55: 45039 braids
    projlen=56: 42566 braids
    projlen=57: 134077 braids
    projlen=58: 58117 braids
  Braids kept: 237523 (in 10 buckets)
  Timing: matmul=1.59s, sampling=0.11s, total=2.32s

============================================================
Level 62 - SAMPLING
============================================================
  Starting braids: 50000
  Candidates to generate: 294846 (index build: 0.006s)
  Processing in 4 chunks...
  Projlen distribution:
    projlen=48: 1 braids
    projlen=49: 7 braids
    projlen=50: 20 braids
    projlen=51: 196 braids
    projlen=52: 317 braids
    projlen=53: 2442 braids
    projlen=54: 2894 braids
    projlen=55: 28724 braids
    projlen=56: 25244 braids
    projlen=57: 159880 braids
    ... and 1 more projlen values
  Braids kept: 214966 (in 11 buckets)
  Timing: matmul=1.59s, sampling=0.11s, total=2.34s

============================================================
Level 63 - SAMPLING
============================================================
  Starting braids: 50000
  Candidates to generate: 285830 (index build: 0.004s)
  Processing in 4 chunks...
  Projlen distribution:
    projlen=48: 1 braids
    projlen=49: 2 braids
    projlen=50: 5 braids
    projlen=51: 95 braids
    projlen=52: 176 braids
    projlen=53: 1472 braids
    projlen=54: 1984 braids
    projlen=55: 14323 braids
    projlen=56: 14574 braids
    projlen=57: 128485 braids
    ... and 2 more projlen values
  Braids kept: 228635 (in 12 buckets)
  Timing: matmul=1.55s, sampling=0.11s, total=2.26s

============================================================
Level 64 - SAMPLING
============================================================
  Starting braids: 50000
  Candidates to generate: 289238 (index build: 0.004s)
  Processing in 4 chunks...
  Projlen distribution:
    projlen=49: 3 braids
    projlen=50: 8 braids
    projlen=51: 31 braids
    projlen=52: 77 braids
    projlen=53: 735 braids
    projlen=54: 1196 braids
    projlen=55: 9041 braids
    projlen=56: 10486 braids
    projlen=57: 69324 braids
    projlen=58: 62198 braids
    ... and 2 more projlen values
  Braids kept: 268447 (in 12 buckets)
  Timing: matmul=1.56s, sampling=0.12s, total=2.31s

============================================================
Level 65 - SAMPLING
============================================================
  Starting braids: 50000
  Candidates to generate: 294162 (index build: 0.005s)
  Processing in 4 chunks...
  Projlen distribution:
    projlen=51: 40 braids
    projlen=52: 46 braids
    projlen=53: 332 braids
    projlen=54: 582 braids
    projlen=55: 4881 braids
    projlen=56: 6766 braids
    projlen=57: 44939 braids
    projlen=58: 45879 braids
    projlen=59: 133038 braids
    projlen=60: 57659 braids
  Braids kept: 241124 (in 10 buckets)
  Timing: matmul=1.60s, sampling=0.10s, total=2.32s

============================================================
Level 66 - SAMPLING
============================================================
  Starting braids: 50000
  Candidates to generate: 297494 (index build: 0.006s)
  Processing in 4 chunks...
  Projlen distribution:
    projlen=51: 7 braids
    projlen=52: 10 braids
    projlen=53: 296 braids
    projlen=54: 350 braids
    projlen=55: 2424 braids
    projlen=56: 3680 braids
    projlen=57: 26007 braids
    projlen=58: 31337 braids
    projlen=59: 157900 braids
    projlen=60: 75483 braids
  Braids kept: 219594 (in 10 buckets)
  Timing: matmul=1.61s, sampling=0.13s, total=2.41s

============================================================
Level 67 - SAMPLING
============================================================
  Starting braids: 50000
  Candidates to generate: 288244 (index build: 0.005s)
  Processing in 4 chunks...
  Projlen distribution:
    projlen=52: 3 braids
    projlen=53: 62 braids
    projlen=54: 110 braids
    projlen=55: 1888 braids
    projlen=56: 2147 braids
    projlen=57: 14309 braids
    projlen=58: 18367 braids
    projlen=59: 116026 braids
    projlen=60: 96711 braids
    projlen=61: 38621 braids
  Braids kept: 235507 (in 10 buckets)
  Timing: matmul=1.56s, sampling=0.12s, total=2.30s

============================================================
Level 68 - SAMPLING
============================================================
  Starting braids: 50000
  Candidates to generate: 289324 (index build: 0.004s)
  Processing in 4 chunks...
  Projlen distribution:
    projlen=53: 10 braids
    projlen=54: 54 braids
    projlen=55: 484 braids
    projlen=56: 803 braids
    projlen=57: 10895 braids
    projlen=58: 11159 braids
    projlen=59: 69984 braids
    projlen=60: 78241 braids
    projlen=61: 90963 braids
    projlen=62: 26731 braids
  Braids kept: 278361 (in 10 buckets)
  Timing: matmul=1.58s, sampling=0.11s, total=2.29s

============================================================
Level 69 - SAMPLING
============================================================
  Starting braids: 50000
  Candidates to generate: 293776 (index build: 0.005s)
  Processing in 4 chunks...
  Projlen distribution:
    projlen=53: 5 braids
    projlen=54: 16 braids
    projlen=55: 170 braids
    projlen=56: 414 braids
    projlen=57: 3596 braids
    projlen=58: 4498 braids
    projlen=59: 53536 braids
    projlen=60: 48663 braids
    projlen=61: 129295 braids
    projlen=62: 53583 braids
  Braids kept: 244481 (in 10 buckets)
  Timing: matmul=1.59s, sampling=0.12s, total=2.35s

============================================================
Level 70 - SAMPLING
============================================================
  Starting braids: 50000
  Candidates to generate: 301100 (index build: 0.006s)
  Processing in 4 chunks...
  Projlen distribution:
    projlen=53: 7 braids
    projlen=54: 18 braids
    projlen=55: 85 braids
    projlen=56: 141 braids
    projlen=57: 1561 braids
    projlen=58: 2581 braids
    projlen=59: 20073 braids
    projlen=60: 21076 braids
    projlen=61: 172062 braids
    projlen=62: 83496 braids
  Braids kept: 205542 (in 10 buckets)
  Timing: matmul=1.63s, sampling=0.12s, total=2.43s

============================================================
Level 71 - SAMPLING
============================================================
  Starting braids: 50000
  Candidates to generate: 289084 (index build: 0.003s)
  Processing in 4 chunks...
  Projlen distribution:
    projlen=53: 8 braids
    projlen=54: 12 braids
    projlen=55: 69 braids
    projlen=56: 142 braids
    projlen=57: 767 braids
    projlen=58: 1081 braids
    projlen=59: 9926 braids
    projlen=60: 13294 braids
    projlen=61: 97620 braids
    projlen=62: 91373 braids
    ... and 2 more projlen values
  Braids kept: 260091 (in 12 buckets)
  Timing: matmul=1.56s, sampling=0.11s, total=2.27s

============================================================
Level 72 - SAMPLING
============================================================
  Starting braids: 50000
  Candidates to generate: 297112 (index build: 0.005s)
  Processing in 4 chunks...
  Projlen distribution:
    projlen=53: 3 braids
    projlen=54: 4 braids
    projlen=55: 61 braids
    projlen=56: 91 braids
    projlen=57: 521 braids
    projlen=58: 905 braids
    projlen=59: 5131 braids
    projlen=60: 6200 braids
    projlen=61: 50432 braids
    projlen=62: 56934 braids
    ... and 2 more projlen values
  Braids kept: 250891 (in 12 buckets)
  Timing: matmul=1.61s, sampling=0.12s, total=2.36s

============================================================
Level 73 - SAMPLING
============================================================
  Starting braids: 50000
  Candidates to generate: 299892 (index build: 0.005s)
  Processing in 4 chunks...
  Projlen distribution:
    projlen=55: 19 braids
    projlen=56: 19 braids
    projlen=57: 374 braids
    projlen=58: 573 braids
    projlen=59: 3426 braids
    projlen=60: 5049 braids
    projlen=61: 27517 braids
    projlen=62: 28621 braids
    projlen=63: 158898 braids
    projlen=64: 75396 braids
  Braids kept: 220994 (in 10 buckets)
  Timing: matmul=1.61s, sampling=0.12s, total=2.37s

============================================================
Level 74 - SAMPLING
============================================================
  Starting braids: 50000
  Candidates to generate: 289448 (index build: 0.003s)
  Processing in 4 chunks...
  Projlen distribution:
    projlen=57: 106 braids
    projlen=58: 142 braids
    projlen=59: 2302 braids
    projlen=60: 3313 braids
    projlen=61: 19441 braids
    projlen=62: 24056 braids
    projlen=63: 123226 braids
    projlen=64: 87111 braids
    projlen=65: 29751 braids
  Braids kept: 239111 (in 9 buckets)
  Timing: matmul=1.55s, sampling=0.11s, total=2.28s

============================================================
Level 75 - SAMPLING
============================================================
  Starting braids: 50000
  Candidates to generate: 285202 (index build: 0.003s)
  Processing in 4 chunks...
  Projlen distribution:
    projlen=56: 1 braids
    projlen=57: 5 braids
    projlen=58: 35 braids
    projlen=59: 774 braids
    projlen=60: 1080 braids
    projlen=61: 13390 braids
    projlen=62: 16272 braids
    projlen=63: 94703 braids
    projlen=64: 101745 braids
    projlen=65: 55892 braids
    ... and 1 more projlen values
  Braids kept: 248754 (in 11 buckets)
  Timing: matmul=1.54s, sampling=0.13s, total=2.27s

============================================================
Level 76 - SAMPLING
============================================================
  Starting braids: 50000
  Candidates to generate: 291608 (index build: 0.005s)
  Processing in 4 chunks...
  Projlen distribution:
    projlen=57: 5 braids
    projlen=58: 24 braids
    projlen=59: 173 braids
    projlen=60: 343 braids
    projlen=61: 5265 braids
    projlen=62: 6217 braids
    projlen=63: 66007 braids
    projlen=64: 68718 braids
    projlen=65: 107754 braids
    projlen=66: 37102 braids
  Braids kept: 263854 (in 10 buckets)
  Timing: matmul=1.58s, sampling=0.09s, total=2.29s

============================================================
Level 77 - SAMPLING
============================================================
  Starting braids: 50000
  Candidates to generate: 301916 (index build: 0.006s)
  Processing in 4 chunks...
  Projlen distribution:
    projlen=57: 10 braids
    projlen=58: 20 braids
    projlen=59: 120 braids
    projlen=60: 195 braids
    projlen=61: 1784 braids
    projlen=62: 2150 braids
    projlen=63: 28274 braids
    projlen=64: 28307 braids
    projlen=65: 164037 braids
    projlen=66: 77019 braids
  Braids kept: 217879 (in 10 buckets)
  Timing: matmul=1.64s, sampling=0.10s, total=2.41s

============================================================
Level 78 - SAMPLING
============================================================
  Starting braids: 50000
  Candidates to generate: 292026 (index build: 0.004s)
  Processing in 4 chunks...
  Projlen distribution:
    projlen=57: 14 braids
    projlen=58: 10 braids
    projlen=59: 125 braids
    projlen=60: 137 braids
    projlen=61: 1147 braids
    projlen=62: 1196 braids
    projlen=63: 11616 braids
    projlen=64: 11076 braids
    projlen=65: 128479 braids
    projlen=66: 97151 braids
    ... and 1 more projlen values
  Braids kept: 226396 (in 11 buckets)
  Timing: matmul=1.58s, sampling=0.12s, total=2.32s

============================================================
Level 79 - SAMPLING
============================================================
  Starting braids: 50000
  Candidates to generate: 295106 (index build: 0.005s)
  Processing in 4 chunks...
  Projlen distribution:
    projlen=56: 2 braids
    projlen=57: 4 braids
    projlen=58: 15 braids
    projlen=59: 86 braids
    projlen=60: 87 braids
    projlen=61: 922 braids
    projlen=62: 820 braids
    projlen=63: 7397 braids
    projlen=64: 6448 braids
    projlen=65: 58487 braids
    ... and 3 more projlen values
  Braids kept: 252131 (in 13 buckets)
  Timing: matmul=1.60s, sampling=0.12s, total=2.36s

============================================================
Level 80 - SAMPLING
============================================================
  Starting braids: 50000
  Candidates to generate: 299724 (index build: 0.006s)
  Processing in 4 chunks...
  Projlen distribution:
    projlen=57: 6 braids
    projlen=58: 9 braids
    projlen=59: 59 braids
    projlen=60: 68 braids
    projlen=61: 597 braids
    projlen=62: 533 braids
    projlen=63: 5656 braids
    projlen=64: 4487 braids
    projlen=65: 38694 braids
    projlen=66: 29003 braids
    ... and 2 more projlen values
  Braids kept: 228529 (in 12 buckets)
  Timing: matmul=1.64s, sampling=0.10s, total=2.38s

============================================================
Level 81 - SAMPLING
============================================================
  Starting braids: 50000
  Candidates to generate: 297518 (index build: 0.006s)
  Processing in 4 chunks...
  Projlen distribution:
    projlen=59: 65 braids
    projlen=60: 63 braids
    projlen=61: 425 braids
    projlen=62: 385 braids
    projlen=63: 3600 braids
    projlen=64: 3017 braids
    projlen=65: 30336 braids
    projlen=66: 21273 braids
    projlen=67: 161817 braids
    projlen=68: 76537 braids
  Braids kept: 215701 (in 10 buckets)
  Timing: matmul=1.61s, sampling=0.10s, total=2.37s

============================================================
Level 82 - SAMPLING
============================================================
  Starting braids: 50000
  Candidates to generate: 283106 (index build: 0.003s)
  Processing in 4 chunks...
  Projlen distribution:
    projlen=60: 8 braids
    projlen=61: 402 braids
    projlen=62: 383 braids
    projlen=63: 2695 braids
    projlen=64: 2214 braids
    projlen=65: 19882 braids
    projlen=66: 14257 braids
    projlen=67: 135639 braids
    projlen=68: 78341 braids
    projlen=69: 29285 braids
  Braids kept: 227467 (in 10 buckets)
  Timing: matmul=1.53s, sampling=0.11s, total=2.26s

============================================================
Level 83 - SAMPLING
============================================================
  Starting braids: 50000
  Candidates to generate: 277260 (index build: 0.004s)
  Processing in 4 chunks...
  Projlen distribution:
    projlen=60: 8 braids
    projlen=61: 21 braids
    projlen=62: 78 braids
    projlen=63: 2352 braids
    projlen=64: 2033 braids
    projlen=65: 15488 braids
    projlen=66: 11005 braids
    projlen=67: 93090 braids
    projlen=68: 59996 braids
    projlen=69: 72967 braids
    ... and 1 more projlen values
  Braids kept: 264170 (in 11 buckets)
  Timing: matmul=1.51s, sampling=0.10s, total=2.17s

============================================================
Level 84 - SAMPLING
============================================================
  Starting braids: 50000
  Candidates to generate: 283714 (index build: 0.005s)
  Processing in 4 chunks...
  Projlen distribution:
    projlen=60: 2 braids
    projlen=61: 29 braids
    projlen=62: 53 braids
    projlen=63: 396 braids
    projlen=64: 579 braids
    projlen=65: 12960 braids
    projlen=66: 9872 braids
    projlen=67: 75295 braids
    projlen=68: 47303 braids
    projlen=69: 99819 braids
    ... and 1 more projlen values
  Braids kept: 263895 (in 11 buckets)
  Timing: matmul=1.54s, sampling=0.12s, total=2.28s

============================================================
Level 85 - SAMPLING
============================================================
  Starting braids: 50000
  Candidates to generate: 288282 (index build: 0.005s)
  Processing in 4 chunks...
  Projlen distribution:
    projlen=62: 23 braids
    projlen=63: 332 braids
    projlen=64: 373 braids
    projlen=65: 3462 braids
    projlen=66: 3389 braids
    projlen=67: 62125 braids
    projlen=68: 42057 braids
    projlen=69: 125399 braids
    projlen=70: 51122 braids
  Braids kept: 242883 (in 9 buckets)
  Timing: matmul=1.56s, sampling=0.12s, total=2.33s

============================================================
Level 86 - SAMPLING
============================================================
  Starting braids: 50000
  Candidates to generate: 300214 (index build: 0.006s)
  Processing in 4 chunks...
  Projlen distribution:
    projlen=61: 1 braids
    projlen=63: 48 braids
    projlen=64: 178 braids
    projlen=65: 2427 braids
    projlen=66: 2236 braids
    projlen=67: 20704 braids
    projlen=68: 15281 braids
    projlen=69: 174860 braids
    projlen=70: 84479 braids
  Braids kept: 200875 (in 9 buckets)
  Timing: matmul=1.62s, sampling=0.10s, total=2.40s

============================================================
Level 87 - SAMPLING
============================================================
  Starting braids: 50000
  Candidates to generate: 289156 (index build: 0.004s)
  Processing in 4 chunks...
  Projlen distribution:
    projlen=61: 4 braids
    projlen=62: 5 braids
    projlen=63: 38 braids
    projlen=64: 46 braids
    projlen=65: 501 braids
    projlen=66: 1245 braids
    projlen=67: 14120 braids
    projlen=68: 11613 braids
    projlen=69: 102756 braids
    projlen=70: 67417 braids
    ... and 2 more projlen values
  Braids kept: 266400 (in 12 buckets)
  Timing: matmul=1.58s, sampling=0.10s, total=2.29s

============================================================
Level 88 - SAMPLING
============================================================
  Starting braids: 50000
  Candidates to generate: 292018 (index build: 0.005s)
  Processing in 4 chunks...
  Projlen distribution:
    projlen=61: 5 braids
    projlen=62: 4 braids
    projlen=63: 40 braids
    projlen=64: 52 braids
    projlen=65: 329 braids
    projlen=66: 390 braids
    projlen=67: 4065 braids
    projlen=68: 6563 braids
    projlen=69: 69623 braids
    projlen=70: 49574 braids
    ... and 2 more projlen values
  Braids kept: 255487 (in 12 buckets)
  Timing: matmul=1.58s, sampling=0.13s, total=2.34s

============================================================
Level 89 - SAMPLING
============================================================
  Starting braids: 50000
  Candidates to generate: 304398 (index build: 0.005s)
  Processing in 4 chunks...
  Projlen distribution:
    projlen=60: 1 braids
    projlen=61: 1 braids
    projlen=62: 3 braids
    projlen=63: 37 braids
    projlen=64: 38 braids
    projlen=65: 297 braids
    projlen=66: 325 braids
    projlen=67: 2540 braids
    projlen=68: 2325 braids
    projlen=69: 24496 braids
    ... and 3 more projlen values
  Braids kept: 217713 (in 13 buckets)
  Timing: matmul=1.65s, sampling=0.13s, total=2.47s

============================================================
Level 90 - SAMPLING
============================================================
  Starting braids: 50000
  Candidates to generate: 297548 (index build: 0.004s)
  Processing in 4 chunks...
  Projlen distribution:
    projlen=60: 1 braids
    projlen=61: 2 braids
    projlen=62: 3 braids
    projlen=63: 13 braids
    projlen=64: 26 braids
    projlen=65: 274 braids
    projlen=66: 259 braids
    projlen=67: 2063 braids
    projlen=68: 1893 braids
    projlen=69: 15437 braids
    ... and 4 more projlen values
  Braids kept: 238838 (in 14 buckets)
  Timing: matmul=1.62s, sampling=0.11s, total=2.35s

============================================================
Level 91 - SAMPLING
============================================================
  Starting braids: 50000
  Candidates to generate: 293974 (index build: 0.005s)
  Processing in 4 chunks...
  Projlen distribution:
    projlen=61: 4 braids
    projlen=62: 5 braids
    projlen=63: 14 braids
    projlen=64: 22 braids
    projlen=65: 138 braids
    projlen=66: 155 braids
    projlen=67: 1767 braids
    projlen=68: 1496 braids
    projlen=69: 12677 braids
    projlen=70: 9683 braids
    ... and 4 more projlen values
  Braids kept: 272569 (in 14 buckets)
  Timing: matmul=1.59s, sampling=0.10s, total=2.32s

============================================================
Level 92 - SAMPLING
============================================================
  Starting braids: 50000
  Candidates to generate: 294020 (index build: 0.004s)
  Processing in 4 chunks...
  Projlen distribution:
    projlen=61: 3 braids
    projlen=62: 5 braids
    projlen=63: 30 braids
    projlen=64: 37 braids
    projlen=65: 127 braids
    projlen=66: 149 braids
    projlen=67: 971 braids
    projlen=68: 890 braids
    projlen=69: 10293 braids
    projlen=70: 7872 braids
    ... and 4 more projlen values
  Braids kept: 255230 (in 14 buckets)
  Timing: matmul=1.61s, sampling=0.10s, total=2.33s

============================================================
Level 93 - SAMPLING
============================================================
  Starting braids: 50000
  Candidates to generate: 292858 (index build: 0.005s)
  Processing in 4 chunks...
  Projlen distribution:
    projlen=63: 27 braids
    projlen=64: 34 braids
    projlen=65: 229 braids
    projlen=66: 205 braids
    projlen=67: 955 braids
    projlen=68: 768 braids
    projlen=69: 6026 braids
    projlen=70: 4699 braids
    projlen=71: 51413 braids
    projlen=72: 34562 braids
    ... and 2 more projlen values
  Braids kept: 237266 (in 12 buckets)
  Timing: matmul=1.59s, sampling=0.13s, total=2.38s

============================================================
Level 94 - SAMPLING
============================================================
  Starting braids: 50000
  Candidates to generate: 295766 (index build: 0.005s)
  Processing in 4 chunks...
  Projlen distribution:
    projlen=62: 1 braids
    projlen=63: 6 braids
    projlen=64: 11 braids
    projlen=65: 187 braids
    projlen=66: 195 braids
    projlen=67: 1414 braids
    projlen=68: 1087 braids
    projlen=69: 5861 braids
    projlen=70: 4158 braids
    projlen=71: 31695 braids
    ... and 3 more projlen values
  Braids kept: 218952 (in 13 buckets)
  Timing: matmul=1.61s, sampling=0.10s, total=2.36s

============================================================
Level 95 - SAMPLING
============================================================
  Starting braids: 50000
  Candidates to generate: 286668 (index build: 0.003s)
  Processing in 4 chunks...
  Projlen distribution:
    projlen=63: 9 braids
    projlen=64: 8 braids
    projlen=65: 54 braids
    projlen=66: 74 braids
    projlen=67: 1181 braids
    projlen=68: 1013 braids
    projlen=69: 7760 braids
    projlen=70: 5478 braids
    projlen=71: 31621 braids
    projlen=72: 19757 braids
    ... and 3 more projlen values
  Braids kept: 229495 (in 13 buckets)
  Timing: matmul=1.56s, sampling=0.11s, total=2.28s

============================================================
Level 96 - SAMPLING
============================================================
  Starting braids: 50000
  Candidates to generate: 280954 (index build: 0.003s)
  Processing in 4 chunks...
  Projlen distribution:
    projlen=63: 6 braids
    projlen=64: 4 braids
    projlen=65: 68 braids
    projlen=66: 52 braids
    projlen=67: 420 braids
    projlen=68: 405 braids
    projlen=69: 6650 braids
    projlen=70: 5156 braids
    projlen=71: 39680 braids
    projlen=72: 24954 braids
    ... and 3 more projlen values
  Braids kept: 226485 (in 13 buckets)
  Timing: matmul=1.54s, sampling=0.11s, total=2.26s

============================================================
Level 97 - SAMPLING
============================================================
  Starting braids: 50000
  Candidates to generate: 285406 (index build: 0.005s)
  Processing in 4 chunks...
  Projlen distribution:
    projlen=63: 3 braids
    projlen=64: 5 braids
    projlen=65: 30 braids
    projlen=66: 29 braids
    projlen=67: 426 braids
    projlen=68: 322 braids
    projlen=69: 2713 braids
    projlen=70: 2263 braids
    projlen=71: 34078 braids
    projlen=72: 22902 braids
    ... and 2 more projlen values
  Braids kept: 212364 (in 12 buckets)
  Timing: matmul=1.56s, sampling=0.13s, total=2.35s

============================================================
Level 98 - SAMPLING
============================================================
  Starting braids: 50000
  Candidates to generate: 279482 (index build: 0.004s)
  Processing in 4 chunks...
  Projlen distribution:
    projlen=65: 25 braids
    projlen=66: 30 braids
    projlen=67: 178 braids
    projlen=68: 147 braids
    projlen=69: 2434 braids
    projlen=70: 1846 braids
    projlen=71: 15457 braids
    projlen=72: 10691 braids
    projlen=73: 144345 braids
    projlen=74: 80548 braids
    ... and 1 more projlen values
  Braids kept: 214589 (in 11 buckets)
  Timing: matmul=1.52s, sampling=0.10s, total=2.20s

============================================================
Level 99 - SAMPLING
============================================================
  Starting braids: 50000
  Candidates to generate: 282748 (index build: 0.004s)
  Processing in 4 chunks...
  Projlen distribution:
    projlen=66: 1 braids
    projlen=67: 178 braids
    projlen=68: 159 braids
    projlen=69: 1056 braids
    projlen=70: 844 braids
    projlen=71: 12982 braids
    projlen=72: 9168 braids
    projlen=73: 73888 braids
    projlen=74: 45873 braids
    projlen=75: 100141 braids
    ... and 1 more projlen values
  Braids kept: 262607 (in 11 buckets)
  Timing: matmul=1.53s, sampling=0.10s, total=2.23s

============================================================
Level 100 - SAMPLING
============================================================
  Starting braids: 50000
  Candidates to generate: 285798 (index build: 0.005s)
  Processing in 4 chunks...
  Projlen distribution:
    projlen=66: 1 braids
    projlen=67: 8 braids
    projlen=68: 21 braids
    projlen=69: 1037 braids
    projlen=70: 874 braids
    projlen=71: 6100 braids
    projlen=72: 4446 braids
    projlen=73: 61304 braids
    projlen=74: 39518 braids
    projlen=75: 122111 braids
    ... and 1 more projlen values
  Braids kept: 243687 (in 11 buckets)
  Timing: matmul=1.56s, sampling=0.12s, total=2.30s
