============================================================
SEARCHING FOR p=5 KERNEL ELEMENTS
============================================================
Device: cuda
Bucket size: 20000
Max length: 80
Bootstrap length: 5
Prime: 5
Degree window: 641
Use best: 40000

Loaded tables from /nfs/roberts/project/pi_com36/com36/burau-experiments/precomputed_tables/tables_B4_r1_p5.pt
  Re-centered: degree_window=641
  Identity suffixes fixed: 22 valid
✓ Identity matrix verified

Initialized with identity braid
Degree window: [-320, 320] (641 coefficients)
Config: bucket_size=20000, bootstrap=5, max_length=80, chunk_size=40000, use_best=40000

============================================================
Level 1 - BOOTSTRAP
============================================================
  Starting braids: 1
  Candidates to generate: 22 (index build: 0.048s)
  Projlen distribution:
    projlen=3: 10 braids
    projlen=4: 12 braids
  Braids kept: 22 (in 2 buckets)
  Timing: matmul=0.03s, sampling=0.00s, total=0.13s

============================================================
Level 2 - BOOTSTRAP
============================================================
  Starting braids: 22
  Candidates to generate: 164 (index build: 0.000s)
  Projlen distribution:
    projlen=5: 56 braids
    projlen=6: 76 braids
    projlen=7: 32 braids
  Braids kept: 164 (in 3 buckets)
  Timing: matmul=0.01s, sampling=0.00s, total=0.01s

============================================================
Level 3 - BOOTSTRAP
============================================================
  Starting braids: 164
  Candidates to generate: 982 (index build: 0.000s)
  Projlen distribution:
    projlen=7: 270 braids
    projlen=8: 364 braids
    projlen=9: 288 braids
    projlen=10: 60 braids
  Braids kept: 982 (in 4 buckets)
  Timing: matmul=0.01s, sampling=0.00s, total=0.02s

============================================================
Level 4 - BOOTSTRAP
============================================================
  Starting braids: 982
  Candidates to generate: 5528 (index build: 0.000s)
  Projlen distribution:
    projlen=9: 1256 braids
    projlen=10: 1672 braids
    projlen=11: 1784 braids
    projlen=12: 700 braids
    projlen=13: 116 braids
  Braids kept: 5528 (in 5 buckets)
  Timing: matmul=0.08s, sampling=0.00s, total=0.09s

============================================================
Level 5 - BOOTSTRAP
============================================================
  Starting braids: 5528
  Candidates to generate: 30478 (index build: 0.001s)
  Projlen distribution:
    projlen=10: 4 braids
    projlen=11: 5798 braids
    projlen=12: 7672 braids
    projlen=13: 9864 braids
    projlen=14: 5236 braids
    projlen=15: 1716 braids
    projlen=16: 188 braids
  Braids kept: 30478 (in 7 buckets)
  Timing: matmul=0.50s, sampling=0.01s, total=0.53s

============================================================
Level 6 - SAMPLING
============================================================
  Starting braids: 30478
  Candidates to generate: 166796 (index build: 0.006s)
  Processing in 5 chunks...
  Projlen distribution:
    projlen=12: 68 braids
    projlen=13: 26768 braids
    projlen=14: 35288 braids
    projlen=15: 52292 braids
    projlen=16: 33012 braids
    projlen=17: 15680 braids
    projlen=18: 3356 braids
    projlen=19: 332 braids
  Braids kept: 99436 (in 8 buckets)
  Timing: matmul=2.70s, sampling=0.17s, total=2.96s

============================================================
Level 7 - SAMPLING
============================================================
  Starting braids: 40000
  Candidates to generate: 223852 (index build: 0.012s)
  Processing in 6 chunks...
  Projlen distribution:
    projlen=13: 52 braids
    projlen=14: 443 braids
    projlen=15: 86977 braids
    projlen=16: 92982 braids
    projlen=17: 43398 braids
  Braids kept: 60495 (in 5 buckets)
  Timing: matmul=3.64s, sampling=0.14s, total=3.92s

============================================================
Level 8 - SAMPLING
============================================================
  Starting braids: 40000
  Candidates to generate: 225486 (index build: 0.012s)
  Processing in 6 chunks...
  Projlen distribution:
    projlen=14: 60 braids
    projlen=15: 459 braids
    projlen=16: 2196 braids
    projlen=17: 90009 braids
    projlen=18: 88893 braids
    projlen=19: 43869 braids
  Braids kept: 62715 (in 6 buckets)
  Timing: matmul=3.75s, sampling=0.13s, total=4.01s

============================================================
Level 9 - SAMPLING
============================================================
  Starting braids: 40000
  Candidates to generate: 227248 (index build: 0.011s)
  Processing in 6 chunks...
  Projlen distribution:
    projlen=15: 56 braids
    projlen=16: 436 braids
    projlen=17: 3401 braids
    projlen=18: 9513 braids
    projlen=19: 93432 braids
    projlen=20: 80780 braids
    projlen=21: 39630 braids
  Braids kept: 73406 (in 7 buckets)
  Timing: matmul=3.70s, sampling=0.14s, total=3.97s

============================================================
Level 10 - SAMPLING
============================================================
  Starting braids: 40000
  Candidates to generate: 236152 (index build: 0.009s)
  Processing in 6 chunks...
  Projlen distribution:
    projlen=16: 13 braids
    projlen=17: 602 braids
    projlen=18: 2445 braids
    projlen=19: 18682 braids
    projlen=20: 40614 braids
    projlen=21: 103187 braids
    projlen=22: 55338 braids
    projlen=23: 15271 braids
  Braids kept: 97013 (in 8 buckets)
  Timing: matmul=3.84s, sampling=0.16s, total=4.12s

============================================================
Level 11 - SAMPLING
============================================================
  Starting braids: 40000
  Candidates to generate: 239364 (index build: 0.011s)
  Processing in 6 chunks...
  Projlen distribution:
    projlen=17: 16 braids
    projlen=18: 164 braids
    projlen=19: 3840 braids
    projlen=20: 12390 braids
    projlen=21: 83738 braids
    projlen=22: 98071 braids
    projlen=23: 41145 braids
  Braids kept: 76410 (in 7 buckets)
  Timing: matmul=3.99s, sampling=0.14s, total=4.26s

============================================================
Level 12 - SAMPLING
============================================================
  Starting braids: 40000
  Candidates to generate: 238256 (index build: 0.009s)
  Processing in 6 chunks...
  Projlen distribution:
    projlen=17: 2 braids
    projlen=18: 15 braids
    projlen=19: 212 braids
    projlen=20: 1287 braids
    projlen=21: 19790 braids
    projlen=22: 52489 braids
    projlen=23: 104687 braids
    projlen=24: 51600 braids
    projlen=25: 8174 braids
  Braids kept: 89480 (in 9 buckets)
  Timing: matmul=3.95s, sampling=0.16s, total=4.23s

============================================================
Level 13 - SAMPLING
============================================================
  Starting braids: 40000
  Candidates to generate: 239000 (index build: 0.012s)
  Processing in 6 chunks...
  Projlen distribution:
    projlen=18: 9 braids
    projlen=19: 18 braids
    projlen=20: 197 braids
    projlen=21: 1657 braids
    projlen=22: 7190 braids
    projlen=23: 85638 braids
    projlen=24: 103304 braids
    projlen=25: 40987 braids
  Braids kept: 69071 (in 8 buckets)
  Timing: matmul=3.97s, sampling=0.14s, total=4.24s

============================================================
Level 14 - SAMPLING
============================================================
  Starting braids: 40000
  Candidates to generate: 236496 (index build: 0.010s)
  Processing in 6 chunks...
  Projlen distribution:
    projlen=19: 14 braids
    projlen=20: 101 braids
    projlen=21: 243 braids
    projlen=22: 1571 braids
    projlen=23: 8675 braids
    projlen=24: 31041 braids
    projlen=25: 98195 braids
    projlen=26: 72245 braids
    projlen=27: 24411 braids
  Braids kept: 90604 (in 9 buckets)
  Timing: matmul=3.84s, sampling=0.17s, total=4.14s

============================================================
Level 15 - SAMPLING
============================================================
  Starting braids: 40000
  Candidates to generate: 237730 (index build: 0.010s)
  Processing in 6 chunks...
  Projlen distribution:
    projlen=19: 4 braids
    projlen=20: 22 braids
    projlen=21: 163 braids
    projlen=22: 855 braids
    projlen=23: 1873 braids
    projlen=24: 8337 braids
    projlen=25: 39688 braids
    projlen=26: 89831 braids
    projlen=27: 77260 braids
    projlen=28: 19697 braids
  Braids kept: 90951 (in 10 buckets)
  Timing: matmul=3.94s, sampling=0.17s, total=4.24s

============================================================
Level 16 - SAMPLING
============================================================
  Starting braids: 40000
  Candidates to generate: 238158 (index build: 0.010s)
  Processing in 6 chunks...
  Projlen distribution:
    projlen=20: 7 braids
    projlen=21: 80 braids
    projlen=22: 300 braids
    projlen=23: 1323 braids
    projlen=24: 5193 braids
    projlen=25: 9721 braids
    projlen=26: 37988 braids
    projlen=27: 92521 braids
    projlen=28: 72086 braids
    projlen=29: 18939 braids
  Braids kept: 95563 (in 10 buckets)
  Timing: matmul=3.94s, sampling=0.17s, total=4.24s

============================================================
Level 17 - SAMPLING
============================================================
  Starting braids: 40000
  Candidates to generate: 236338 (index build: 0.009s)
  Processing in 6 chunks...
