============================================================
SEARCHING FOR p=5 KERNEL ELEMENTS
============================================================
Device: cuda
Bucket size: 20000
Max length: 80
Bootstrap length: 5
Prime: 5
Degree window: 641
Use best: 40000

Loaded tables from /nfs/roberts/project/pi_com36/com36/burau-experiments/precomputed_tables/tables_B4_r1_p5.pt
  Re-centered: degree_window=641
  Identity suffixes fixed: 22 valid
✓ Identity matrix verified

Initialized with identity braid
Degree window: [-320, 320] (641 coefficients)
Config: bucket_size=20000, bootstrap=5, max_length=80, chunk_size=40000, use_best=40000

============================================================
Level 1 - BOOTSTRAP
============================================================
  Starting braids: 1
  Candidates to generate: 22 (index build: 0.054s)
  Projlen distribution:
    projlen=3: 10 braids
    projlen=4: 12 braids
  Braids kept: 22 (in 2 buckets)
  Timing: matmul=0.03s, sampling=0.00s, total=0.13s

============================================================
Level 2 - BOOTSTRAP
============================================================
  Starting braids: 22
  Candidates to generate: 164 (index build: 0.000s)
  Projlen distribution:
    projlen=5: 56 braids
    projlen=6: 76 braids
    projlen=7: 32 braids
  Braids kept: 164 (in 3 buckets)
  Timing: matmul=0.01s, sampling=0.00s, total=0.01s

============================================================
Level 3 - BOOTSTRAP
============================================================
  Starting braids: 164
  Candidates to generate: 982 (index build: 0.000s)
  Projlen distribution:
    projlen=7: 270 braids
    projlen=8: 364 braids
    projlen=9: 288 braids
    projlen=10: 60 braids
  Braids kept: 982 (in 4 buckets)
  Timing: matmul=0.01s, sampling=0.00s, total=0.02s

============================================================
Level 4 - BOOTSTRAP
============================================================
  Starting braids: 982
  Candidates to generate: 5528 (index build: 0.000s)
  Projlen distribution:
    projlen=9: 1256 braids
    projlen=10: 1672 braids
    projlen=11: 1784 braids
    projlen=12: 700 braids
    projlen=13: 116 braids
  Braids kept: 5528 (in 5 buckets)
  Timing: matmul=0.08s, sampling=0.00s, total=0.09s

============================================================
Level 5 - BOOTSTRAP
============================================================
  Starting braids: 5528
  Candidates to generate: 30478 (index build: 0.001s)
  Projlen distribution:
    projlen=10: 4 braids
    projlen=11: 5798 braids
    projlen=12: 7672 braids
    projlen=13: 9864 braids
    projlen=14: 5236 braids
    projlen=15: 1716 braids
    projlen=16: 188 braids
  Braids kept: 30478 (in 7 buckets)
  Timing: matmul=0.50s, sampling=0.01s, total=0.53s

============================================================
Level 6 - SAMPLING
============================================================
  Starting braids: 30478
  Candidates to generate: 166796 (index build: 0.006s)
  Processing in 5 chunks...
  Projlen distribution:
    projlen=12: 68 braids
    projlen=13: 26768 braids
    projlen=14: 35288 braids
    projlen=15: 52292 braids
    projlen=16: 33012 braids
    projlen=17: 15680 braids
    projlen=18: 3356 braids
    projlen=19: 332 braids
  Braids kept: 99436 (in 8 buckets)
  Timing: matmul=2.70s, sampling=0.17s, total=2.96s

============================================================
Level 7 - SAMPLING
============================================================
  Starting braids: 40000
  Candidates to generate: 224460 (index build: 0.012s)
  Processing in 6 chunks...
  Projlen distribution:
    projlen=13: 46 braids
    projlen=14: 450 braids
    projlen=15: 87240 braids
    projlen=16: 93203 braids
    projlen=17: 43521 braids
  Braids kept: 60496 (in 5 buckets)
  Timing: matmul=3.65s, sampling=0.14s, total=3.93s

============================================================
Level 8 - SAMPLING
============================================================
  Starting braids: 40000
  Candidates to generate: 226310 (index build: 0.012s)
  Processing in 6 chunks...
  Projlen distribution:
    projlen=14: 62 braids
    projlen=15: 454 braids
    projlen=16: 2237 braids
    projlen=17: 90178 braids
    projlen=18: 89143 braids
    projlen=19: 44236 braids
  Braids kept: 62753 (in 6 buckets)
  Timing: matmul=3.69s, sampling=0.13s, total=3.95s

============================================================
Level 9 - SAMPLING
============================================================
  Starting braids: 40000
  Candidates to generate: 228570 (index build: 0.011s)
  Processing in 6 chunks...
  Projlen distribution:
    projlen=15: 47 braids
    projlen=16: 434 braids
    projlen=17: 3415 braids
    projlen=18: 9763 braids
    projlen=19: 93871 braids
    projlen=20: 81499 braids
    projlen=21: 39541 braids
  Braids kept: 73659 (in 7 buckets)
  Timing: matmul=3.72s, sampling=0.14s, total=4.00s

============================================================
Level 10 - SAMPLING
============================================================
  Starting braids: 40000
  Candidates to generate: 236450 (index build: 0.009s)
  Processing in 6 chunks...
  Projlen distribution:
    projlen=16: 14 braids
    projlen=17: 570 braids
    projlen=18: 2453 braids
    projlen=19: 18959 braids
    projlen=20: 41670 braids
    projlen=21: 103424 braids
    projlen=22: 54617 braids
    projlen=23: 14743 braids
  Braids kept: 96739 (in 8 buckets)
  Timing: matmul=3.85s, sampling=0.16s, total=4.13s

============================================================
Level 11 - SAMPLING
============================================================
  Starting braids: 40000
  Candidates to generate: 239626 (index build: 0.010s)
  Processing in 6 chunks...
