============================================================
SEARCHING FOR p=7 KERNEL ELEMENTS (ULTRA-OPTIMIZED)
============================================================
Device: cuda
Bucket size: 800000
Max length: 127
Bootstrap length: 5
Prime: 7
Degree multiplier: 4
Degree window: 1017
Use best: 400000
Expansion chunk size: 50000
Matmul chunk size: 9000
⚡ Precomputed FFTs: ENABLED

Loaded tables from /nfs/roberts/project/pi_com36/com36/burau-experiments/precomputed_tables/tables_B4_r1_p7.pt
  Degree window: 1017
✓ Identity matrix verified

Precomputing FFTs of simple Burau matrices...
  D=1017, fft_size=2048
  FFT cache: 1.8 MB
Initialized with identity braid
Degree window: [-508, 508] (1017 coefficients)
FFT size: 2048
Storage types: matrix=torch.int16, word=torch.int32
Config: bucket_size=800000, bootstrap=5, max_length=127, chunk_size=50000, matmul_chunk=9000, use_best=400000
⚡ Ultra-optimized: precomputed Burau FFTs enabled

============================================================
Level 1 - BOOTSTRAP
============================================================
  Starting braids: 1
  Candidates to generate: 22
  Projlen distribution:
    projlen=3: 10 braids
    projlen=4: 12 braids
  Braids kept: 22 (in 2 buckets, 0.00 GB)
  ⚡ Timing: matmul=0.05s, sampling=0.00s, total=0.25s

============================================================
Level 2 - BOOTSTRAP
============================================================
  Starting braids: 22
  Candidates to generate: 164
  Projlen distribution:
    projlen=5: 56 braids
    projlen=6: 76 braids
    projlen=7: 32 braids
  Braids kept: 164 (in 3 buckets, 0.00 GB)
  ⚡ Timing: matmul=0.01s, sampling=0.00s, total=0.11s

============================================================
Level 3 - BOOTSTRAP
============================================================
  Starting braids: 164
  Candidates to generate: 982
  Projlen distribution:
    projlen=7: 270 braids
    projlen=8: 364 braids
    projlen=9: 288 braids
    projlen=10: 60 braids
  Braids kept: 982 (in 4 buckets, 0.02 GB)
  ⚡ Timing: matmul=0.01s, sampling=0.00s, total=0.11s

============================================================
Level 4 - BOOTSTRAP
============================================================
  Starting braids: 982
  Candidates to generate: 5528
  Projlen distribution:
    projlen=9: 1256 braids
    projlen=10: 1672 braids
    projlen=11: 1784 braids
    projlen=12: 700 braids
    projlen=13: 116 braids
  Braids kept: 5528 (in 5 buckets, 0.10 GB)
  ⚡ Timing: matmul=0.03s, sampling=0.00s, total=0.14s

============================================================
Level 5 - BOOTSTRAP
============================================================
  Starting braids: 5528
  Candidates to generate: 30478
  Projlen distribution:
    projlen=10: 4 braids
    projlen=11: 5798 braids
    projlen=12: 7672 braids
    projlen=13: 9864 braids
    projlen=14: 5236 braids
    projlen=15: 1716 braids
    projlen=16: 188 braids
  Braids kept: 30478 (in 7 buckets, 0.57 GB)
  ⚡ Timing: matmul=0.15s, sampling=0.00s, total=0.28s

============================================================
Level 6 - SAMPLING
============================================================
  Starting braids: 30478
  Candidates to generate: 166796
  Processing in 4 chunks...
  Projlen distribution:
    projlen=12: 64 braids
    projlen=13: 26772 braids
    projlen=14: 35288 braids
    projlen=15: 52292 braids
    projlen=16: 33012 braids
    projlen=17: 15680 braids
    projlen=18: 3356 braids
    projlen=19: 332 braids
  Braids kept: 166796 (in 8 buckets, 3.14 GB)
  ⚡ Timing: matmul=0.39s, sampling=0.03s, total=1.22s

============================================================
Level 7 - SAMPLING
============================================================
  Starting braids: 166796
  Candidates to generate: 910366
  Processing in 19 chunks...
  Projlen distribution:
    projlen=13: 52 braids
    projlen=14: 644 braids
    projlen=15: 123806 braids
    projlen=16: 162640 braids
    projlen=17: 271420 braids
    projlen=18: 191940 braids
    projlen=19: 116516 braids
    projlen=20: 35764 braids
    projlen=21: 7076 braids
    projlen=22: 508 braids
  Braids kept: 910366 (in 10 buckets, 17.13 GB)
  ⚡ Timing: matmul=0.61s, sampling=0.44s, total=6.69s

============================================================
Level 8 - SAMPLING
============================================================
  Starting braids: 400000
  Candidates to generate: 2231478
  Processing in 45 chunks...
  Projlen distribution:
    projlen=14: 96 braids
    projlen=15: 872 braids
    projlen=16: 4866 braids
    projlen=17: 562194 braids
    projlen=18: 704916 braids
    projlen=19: 744736 braids
    projlen=20: 213798 braids
  Braids kept: 2231478 (in 7 buckets, 41.99 GB)
  ⚡ Timing: matmul=1.54s, sampling=2.10s, total=18.62s

============================================================
Level 9 - SAMPLING
============================================================
  Starting braids: 400000
  Candidates to generate: 2387690
  Processing in 48 chunks...
  Projlen distribution:
    projlen=15: 136 braids
    projlen=16: 1007 braids
    projlen=17: 9006 braids
    projlen=18: 25382 braids
    projlen=19: 1566494 braids
    projlen=20: 785665 braids
  Braids kept: 1621196 (in 6 buckets, 30.51 GB)
  ⚡ Timing: matmul=1.70s, sampling=3.71s, total=22.19s

============================================================
Level 10 - SAMPLING
============================================================
  Starting braids: 400000
  Candidates to generate: 2420236
  Processing in 49 chunks...
  Projlen distribution:
    projlen=16: 15 braids
    projlen=17: 2166 braids
    projlen=18: 7094 braids
    projlen=19: 59085 braids
    projlen=20: 114420 braids
    projlen=21: 1492822 braids
    projlen=22: 744634 braids
  Braids kept: 1727414 (in 7 buckets, 32.51 GB)
  ⚡ Timing: matmul=1.59s, sampling=3.79s, total=22.38s

============================================================
Level 11 - SAMPLING
============================================================
  Starting braids: 400000
  Candidates to generate: 2437286
  Processing in 49 chunks...
  Projlen distribution:
    projlen=17: 28 braids
    projlen=18: 465 braids
    projlen=19: 17322 braids
    projlen=20: 40293 braids
    projlen=21: 326550 braids
    projlen=22: 493740 braids
    projlen=23: 1108997 braids
    projlen=24: 449891 braids
  Braids kept: 2128289 (in 8 buckets, 40.05 GB)
  ⚡ Timing: matmul=1.73s, sampling=3.35s, total=21.89s

============================================================
Level 12 - SAMPLING
============================================================
  Starting braids: 400000
  Candidates to generate: 2447688
  Processing in 49 chunks...
  Projlen distribution:
    projlen=18: 36 braids
    projlen=19: 689 braids
    projlen=20: 4472 braids
    projlen=21: 104700 braids
    projlen=22: 198566 braids
    projlen=23: 1377498 braids
    projlen=24: 726515 braids
    projlen=25: 35212 braids
  Braids kept: 1870190 (in 8 buckets, 35.19 GB)
  ⚡ Timing: matmul=1.75s, sampling=3.88s, total=22.57s

============================================================
Level 13 - SAMPLING
============================================================
  Starting braids: 400000
  Candidates to generate: 2382330
  Processing in 48 chunks...
  Projlen distribution:
    projlen=19: 36 braids
    projlen=20: 498 braids
    projlen=21: 7892 braids
    projlen=22: 27192 braids
    projlen=23: 522798 braids
    projlen=24: 830750 braids
    projlen=25: 804059 braids
    projlen=26: 189105 braids
  Braids kept: 2347521 (in 8 buckets, 44.18 GB)
  ⚡ Timing: matmul=1.67s, sampling=3.21s, total=21.18s

============================================================
Level 14 - SAMPLING
============================================================
  Starting braids: 400000
  Candidates to generate: 2460514
  Processing in 50 chunks...
  Projlen distribution:
    projlen=20: 19 braids
    projlen=21: 1004 braids
    projlen=22: 4404 braids
    projlen=23: 50666 braids
    projlen=24: 132526 braids
    projlen=25: 1507181 braids
    projlen=26: 764714 braids
  Braids kept: 1753333 (in 7 buckets, 32.99 GB)
  ⚡ Timing: matmul=1.66s, sampling=4.34s, total=23.45s

============================================================
Level 15 - SAMPLING
============================================================
  Starting braids: 400000
  Candidates to generate: 2424594
  Processing in 49 chunks...
  Projlen distribution:
    projlen=21: 78 braids
    projlen=22: 361 braids
    projlen=23: 8341 braids
    projlen=24: 25438 braids
    projlen=25: 266881 braids
    projlen=26: 562102 braids
    projlen=27: 1119684 braids
    projlen=28: 441709 braids
  Braids kept: 2104910 (in 8 buckets, 39.61 GB)
  ⚡ Timing: matmul=1.71s, sampling=3.46s, total=22.03s

============================================================
Level 16 - SAMPLING
============================================================
  Starting braids: 400000
  Candidates to generate: 2419228
  Processing in 49 chunks...
  Projlen distribution:
    projlen=23: 891 braids
    projlen=24: 3425 braids
    projlen=25: 47695 braids
    projlen=26: 130361 braids
    projlen=27: 1135759 braids
    projlen=28: 880416 braids
    projlen=29: 220681 braids
  Braids kept: 2003053 (in 7 buckets, 37.69 GB)
  ⚡ Timing: matmul=1.62s, sampling=4.15s, total=22.70s

============================================================
Level 17 - SAMPLING
============================================================
  Starting braids: 400000
  Candidates to generate: 2406564
  Processing in 49 chunks...
  Projlen distribution:
    projlen=23: 4 braids
    projlen=24: 271 braids
    projlen=25: 7195 braids
    projlen=26: 21907 braids
    projlen=27: 241395 braids
    projlen=28: 554702 braids
    projlen=29: 1124677 braids
    projlen=30: 456413 braids
  Braids kept: 2081887 (in 8 buckets, 39.18 GB)
  ⚡ Timing: matmul=1.62s, sampling=3.53s, total=21.94s

============================================================
Level 18 - SAMPLING
============================================================
  Starting braids: 400000
  Candidates to generate: 2409142
  Processing in 49 chunks...
  Projlen distribution:
    projlen=23: 2 braids
    projlen=24: 41 braids
    projlen=25: 933 braids
    projlen=26: 3749 braids
    projlen=27: 46119 braids
    projlen=28: 117880 braids
    projlen=29: 1030686 braids
    projlen=30: 925472 braids
    projlen=31: 284260 braids
  Braids kept: 2052984 (in 9 buckets, 38.63 GB)
  ⚡ Timing: matmul=1.57s, sampling=4.13s, total=22.59s

============================================================
Level 19 - SAMPLING
============================================================
  Starting braids: 400000
  Candidates to generate: 2427808
  Processing in 49 chunks...
  Projlen distribution:
    projlen=24: 21 braids
    projlen=25: 263 braids
    projlen=26: 1257 braids
    projlen=27: 10573 braids
    projlen=28: 27494 braids
    projlen=29: 244766 braids
    projlen=30: 510910 braids
    projlen=31: 1148786 braids
    projlen=32: 483738 braids
  Braids kept: 2079022 (in 9 buckets, 39.12 GB)
  ⚡ Timing: matmul=1.66s, sampling=3.61s, total=22.16s

============================================================
Level 20 - SAMPLING
============================================================
  Starting braids: 400000
  Candidates to generate: 2440998
  Processing in 49 chunks...
  Projlen distribution:
    projlen=23: 4 braids
    projlen=24: 16 braids
    projlen=25: 99 braids
    projlen=26: 333 braids
    projlen=27: 3326 braids
    projlen=28: 10949 braids
    projlen=29: 73904 braids
    projlen=30: 148657 braids
    projlen=31: 1061209 braids
    projlen=32: 886779 braids
  Braids kept: 2093010 (in 11 buckets, 39.39 GB)
  ⚡ Timing: matmul=1.78s, sampling=3.97s, total=22.99s

============================================================
Level 21 - SAMPLING
============================================================
  Starting braids: 400000
  Candidates to generate: 2431202
  Processing in 49 chunks...
  Projlen distribution:
    projlen=23: 6 braids
    projlen=24: 12 braids
    projlen=25: 56 braids
    projlen=26: 190 braids
    projlen=27: 1071 braids
    projlen=28: 3033 braids
    projlen=29: 26168 braids
    projlen=30: 64789 braids
    projlen=31: 394538 braids
    projlen=32: 646358 braids
  Braids kept: 2275634 (in 12 buckets, 42.82 GB)
  ⚡ Timing: matmul=1.68s, sampling=3.55s, total=21.50s

============================================================
Level 22 - SAMPLING
============================================================
  Starting braids: 400000
  Candidates to generate: 2451436
  Processing in 50 chunks...
  Projlen distribution:
    projlen=25: 46 braids
    projlen=26: 104 braids
    projlen=27: 493 braids
    projlen=28: 1542 braids
    projlen=29: 8507 braids
    projlen=30: 19814 braids
    projlen=31: 148405 braids
    projlen=32: 310201 braids
    projlen=33: 1314875 braids
    projlen=34: 647449 braids
  Braids kept: 1936561 (in 10 buckets, 36.44 GB)
  ⚡ Timing: matmul=1.61s, sampling=4.07s, total=23.30s

============================================================
Level 23 - SAMPLING
============================================================
  Starting braids: 400000
  Candidates to generate: 2376432
  Processing in 48 chunks...
  Projlen distribution:
    projlen=26: 10 braids
    projlen=27: 311 braids
    projlen=28: 726 braids
    projlen=29: 3684 braids
    projlen=30: 10068 braids
    projlen=31: 51970 braids
    projlen=32: 102623 braids
    projlen=33: 697004 braids
    projlen=34: 1018668 braids
    projlen=35: 491368 braids
  Braids kept: 2157764 (in 10 buckets, 40.60 GB)
  ⚡ Timing: matmul=1.62s, sampling=3.10s, total=20.77s

============================================================
Level 24 - SAMPLING
============================================================
  Starting braids: 400000
  Candidates to generate: 2384262
  Processing in 48 chunks...
  Projlen distribution:
    projlen=26: 8 braids
    projlen=27: 31 braids
    projlen=28: 230 braids
    projlen=29: 2021 braids
    projlen=30: 4570 braids
    projlen=31: 22993 braids
    projlen=32: 53398 braids
    projlen=33: 259613 braids
    projlen=34: 451852 braids
    projlen=35: 1106906 braids
  Braids kept: 2077356 (in 11 buckets, 39.09 GB)
  ⚡ Timing: matmul=1.67s, sampling=3.19s, total=21.06s

============================================================
Level 25 - SAMPLING
============================================================
  Starting braids: 400000
  Candidates to generate: 2356394
  Processing in 48 chunks...
  Projlen distribution:
    projlen=26: 1 braids
    projlen=27: 39 braids
    projlen=28: 81 braids
    projlen=29: 566 braids
    projlen=30: 1853 braids
    projlen=31: 12400 braids
    projlen=32: 24767 braids
    projlen=33: 119170 braids
    projlen=34: 254206 braids
    projlen=35: 1100871 braids
  Braids kept: 2055523 (in 12 buckets, 38.68 GB)
  ⚡ Timing: matmul=1.55s, sampling=3.68s, total=21.78s

============================================================
Level 26 - SAMPLING
============================================================
  Starting braids: 400000
  Candidates to generate: 2300508
  Processing in 47 chunks...
  Projlen distribution:
    projlen=26: 4 braids
    projlen=27: 20 braids
    projlen=28: 44 braids
    projlen=29: 473 braids
    projlen=30: 734 braids
    projlen=31: 4702 braids
    projlen=32: 11509 braids
    projlen=33: 67542 braids
    projlen=34: 120725 braids
    projlen=35: 556132 braids
  Braids kept: 2079880 (in 12 buckets, 39.14 GB)
  ⚡ Timing: matmul=1.48s, sampling=3.04s, total=20.67s

============================================================
Level 27 - SAMPLING
============================================================
  Starting braids: 400000
  Candidates to generate: 2317240
  Processing in 47 chunks...
  Projlen distribution:
    projlen=27: 21 braids
    projlen=28: 35 braids
    projlen=29: 233 braids
    projlen=30: 396 braids
    projlen=31: 3426 braids
    projlen=32: 5053 braids
    projlen=33: 29942 braids
    projlen=34: 61339 braids
    projlen=35: 321701 braids
    projlen=36: 517791 braids
  Braids kept: 2136847 (in 12 buckets, 40.21 GB)
  ⚡ Timing: matmul=1.54s, sampling=2.72s, total=19.78s

============================================================
Level 28 - SAMPLING
============================================================
  Starting braids: 400000
  Candidates to generate: 2359918
  Processing in 48 chunks...
  Projlen distribution:
    projlen=27: 13 braids
    projlen=28: 26 braids
    projlen=29: 195 braids
    projlen=30: 261 braids
    projlen=31: 1740 braids
    projlen=32: 2715 braids
    projlen=33: 20881 braids
    projlen=34: 29317 braids
    projlen=35: 159630 braids
    projlen=36: 286153 braids
  Braids kept: 1911095 (in 12 buckets, 35.96 GB)
  ⚡ Timing: matmul=1.56s, sampling=3.59s, total=21.66s

============================================================
Level 29 - SAMPLING
============================================================
  Starting braids: 400000
  Candidates to generate: 2317636
  Processing in 47 chunks...
  Projlen distribution:
    projlen=27: 1 braids
    projlen=28: 9 braids
    projlen=29: 122 braids
    projlen=30: 189 braids
    projlen=31: 1310 braids
    projlen=32: 1767 braids
    projlen=33: 11193 braids
    projlen=34: 16493 braids
    projlen=35: 112890 braids
    projlen=36: 143805 braids
  Braids kept: 2225575 (in 13 buckets, 41.88 GB)
  ⚡ Timing: matmul=1.55s, sampling=2.90s, total=20.11s

============================================================
Level 30 - SAMPLING
============================================================
  Starting braids: 400000
  Candidates to generate: 2299212
  Processing in 46 chunks...
  Projlen distribution:
    projlen=28: 10 braids
    projlen=29: 41 braids
    projlen=30: 79 braids
    projlen=31: 759 braids
    projlen=32: 1135 braids
    projlen=33: 8036 braids
    projlen=34: 10955 braids
    projlen=35: 65042 braids
    projlen=36: 85110 braids
    projlen=37: 539478 braids
  Braids kept: 2299212 (in 13 buckets, 43.27 GB)
  ⚡ Timing: matmul=1.65s, sampling=2.04s, total=18.41s

============================================================
Level 31 - SAMPLING
============================================================
  Starting braids: 400000
  Candidates to generate: 2339194
  Processing in 47 chunks...
  Projlen distribution:
    projlen=27: 3 braids
    projlen=28: 12 braids
    projlen=29: 41 braids
    projlen=30: 94 braids
    projlen=31: 291 braids
    projlen=32: 506 braids
    projlen=33: 4514 braids
    projlen=34: 6488 braids
    projlen=35: 46658 braids
    projlen=36: 58298 braids
  Braids kept: 2075619 (in 14 buckets, 39.06 GB)
  ⚡ Timing: matmul=1.66s, sampling=3.07s, total=20.55s

============================================================
Level 32 - SAMPLING
============================================================
  Starting braids: 400000
  Candidates to generate: 2353188
  Processing in 48 chunks...
  Projlen distribution:
    projlen=27: 8 braids
    projlen=28: 18 braids
    projlen=29: 46 braids
    projlen=30: 84 braids
    projlen=31: 290 braids
    projlen=32: 540 braids
    projlen=33: 1877 braids
    projlen=34: 3224 braids
    projlen=35: 25895 braids
    projlen=36: 35096 braids
  Braids kept: 1943284 (in 14 buckets, 36.57 GB)
  ⚡ Timing: matmul=1.52s, sampling=3.58s, total=21.62s

============================================================
Level 33 - SAMPLING
============================================================
  Starting braids: 400000
  Candidates to generate: 2307796
  Processing in 47 chunks...
  Projlen distribution:
    projlen=26: 2 braids
    projlen=27: 6 braids
    projlen=28: 13 braids
    projlen=29: 66 braids
    projlen=30: 123 braids
    projlen=31: 319 braids
    projlen=32: 484 braids
    projlen=33: 1635 braids
    projlen=34: 3104 braids
    projlen=35: 11475 braids
  Braids kept: 2064017 (in 16 buckets, 38.84 GB)
  ⚡ Timing: matmul=1.48s, sampling=3.60s, total=21.11s

============================================================
Level 34 - SAMPLING
============================================================
  Starting braids: 400000
  Candidates to generate: 2285848
  Processing in 46 chunks...
  Projlen distribution:
    projlen=27: 8 braids
    projlen=28: 14 braids
    projlen=29: 39 braids
    projlen=30: 80 braids
    projlen=31: 379 braids
    projlen=32: 671 braids
    projlen=33: 1793 braids
    projlen=34: 2716 braids
    projlen=35: 9299 braids
    projlen=36: 16995 braids
  Braids kept: 2285848 (in 16 buckets, 43.02 GB)
  ⚡ Timing: matmul=1.60s, sampling=2.23s, total=18.73s

============================================================
Level 35 - SAMPLING
============================================================
  Starting braids: 400000
  Candidates to generate: 2334370
  Processing in 47 chunks...
  Projlen distribution:
    projlen=27: 6 braids
    projlen=28: 6 braids
    projlen=29: 60 braids
    projlen=30: 87 braids
    projlen=31: 239 braids
    projlen=32: 441 braids
    projlen=33: 2004 braids
    projlen=34: 3460 braids
    projlen=35: 9778 braids
    projlen=36: 14735 braids
  Braids kept: 2142862 (in 16 buckets, 40.32 GB)
  ⚡ Timing: matmul=1.64s, sampling=2.83s, total=20.11s

============================================================
Level 36 - SAMPLING
============================================================
  Starting braids: 400000
  Candidates to generate: 2319774
  Processing in 47 chunks...
  Projlen distribution:
    projlen=29: 38 braids
    projlen=30: 34 braids
    projlen=31: 332 braids
    projlen=32: 497 braids
    projlen=33: 1424 braids
    projlen=34: 2402 braids
    projlen=35: 10431 braids
    projlen=36: 17515 braids
    projlen=37: 52624 braids
    projlen=38: 76617 braids
  Braids kept: 2087292 (in 14 buckets, 39.28 GB)
  ⚡ Timing: matmul=1.62s, sampling=3.23s, total=20.82s

============================================================
Level 37 - SAMPLING
============================================================
  Starting braids: 400000
  Candidates to generate: 2292784
  Processing in 46 chunks...
  Projlen distribution:
    projlen=31: 197 braids
    projlen=32: 205 braids
    projlen=33: 1745 braids
    projlen=34: 2640 braids
    projlen=35: 8071 braids
    projlen=36: 12730 braids
    projlen=37: 53953 braids
    projlen=38: 87568 braids
    projlen=39: 266298 braids
    projlen=40: 362191 braids
  Braids kept: 2067847 (in 12 buckets, 38.91 GB)
  ⚡ Timing: matmul=1.63s, sampling=2.81s, total=19.80s

============================================================
Level 38 - SAMPLING
============================================================
  Starting braids: 400000
  Candidates to generate: 2280770
  Processing in 46 chunks...
  Projlen distribution:
    projlen=32: 17 braids
    projlen=33: 1077 braids
    projlen=34: 1226 braids
    projlen=35: 9041 braids
    projlen=36: 13455 braids
    projlen=37: 43692 braids
    projlen=38: 65896 braids
    projlen=39: 268848 braids
    projlen=40: 402956 braids
    projlen=41: 1015873 braids
  Braids kept: 2064897 (in 11 buckets, 38.86 GB)
  ⚡ Timing: matmul=1.56s, sampling=3.03s, total=20.10s

============================================================
Level 39 - SAMPLING
============================================================
  Starting braids: 400000
  Candidates to generate: 2287640
  Processing in 46 chunks...
  Projlen distribution:
    projlen=31: 1 braids
    projlen=32: 8 braids
    projlen=33: 53 braids
    projlen=34: 209 braids
    projlen=35: 5823 braids
    projlen=36: 6703 braids
    projlen=37: 46422 braids
    projlen=38: 67331 braids
    projlen=39: 224257 braids
    projlen=40: 310491 braids
  Braids kept: 1980556 (in 12 buckets, 37.27 GB)
  ⚡ Timing: matmul=1.65s, sampling=3.08s, total=20.14s

============================================================
Level 40 - SAMPLING
============================================================
  Starting braids: 400000
  Candidates to generate: 2268548
  Processing in 46 chunks...
  Projlen distribution:
    projlen=32: 3 braids
    projlen=33: 20 braids
    projlen=34: 106 braids
    projlen=35: 611 braids
    projlen=36: 1651 braids
    projlen=37: 30718 braids
    projlen=38: 35464 braids
    projlen=39: 232164 braids
    projlen=40: 314973 braids
    projlen=41: 967958 braids
  Braids kept: 2100590 (in 12 buckets, 39.53 GB)
  ⚡ Timing: matmul=1.53s, sampling=3.17s, total=20.21s

============================================================
Level 41 - SAMPLING
============================================================
  Starting braids: 400000
  Candidates to generate: 2291798
  Processing in 46 chunks...
  Projlen distribution:
    projlen=33: 8 braids
    projlen=34: 30 braids
    projlen=35: 262 braids
    projlen=36: 827 braids
    projlen=37: 4435 braids
    projlen=38: 10919 braids
    projlen=39: 155703 braids
    projlen=40: 170774 braids
    projlen=41: 1000429 braids
    projlen=42: 733308 braids
  Braids kept: 2091369 (in 11 buckets, 39.36 GB)
  ⚡ Timing: matmul=1.61s, sampling=3.75s, total=21.22s

============================================================
Level 42 - SAMPLING
============================================================
  Starting braids: 400000
  Candidates to generate: 2274260
  Processing in 46 chunks...
  Projlen distribution:
    projlen=33: 8 braids
    projlen=34: 22 braids
    projlen=35: 91 braids
    projlen=36: 297 braids
    projlen=37: 1977 braids
    projlen=38: 5618 braids
    projlen=39: 28707 braids
    projlen=40: 60093 braids
    projlen=41: 722557 braids
    projlen=42: 735994 braids
  Braids kept: 2274260 (in 12 buckets, 42.80 GB)
  ⚡ Timing: matmul=1.55s, sampling=2.15s, total=18.71s

============================================================
Level 43 - SAMPLING
============================================================
  Starting braids: 400000
  Candidates to generate: 2401134
  Processing in 49 chunks...
  Projlen distribution:
    projlen=32: 2 braids
    projlen=33: 9 braids
    projlen=34: 27 braids
    projlen=35: 64 braids
    projlen=36: 170 braids
    projlen=37: 757 braids
    projlen=38: 2265 braids
    projlen=39: 13534 braids
    projlen=40: 32425 braids
    projlen=41: 153370 braids
  Braids kept: 1889574 (in 13 buckets, 35.56 GB)
  ⚡ Timing: matmul=1.59s, sampling=3.73s, total=22.24s

============================================================
Level 44 - SAMPLING
============================================================
  Starting braids: 400000
  Candidates to generate: 2367716
  Processing in 48 chunks...
  Projlen distribution:
    projlen=33: 12 braids
    projlen=34: 29 braids
    projlen=35: 99 braids
    projlen=36: 164 braids
    projlen=37: 582 braids
    projlen=38: 1196 braids
    projlen=39: 5819 braids
    projlen=40: 14577 braids
    projlen=41: 78857 braids
    projlen=42: 163464 braids
  Braids kept: 2233666 (in 13 buckets, 42.03 GB)
  ⚡ Timing: matmul=1.60s, sampling=3.05s, total=20.71s

============================================================
Level 45 - SAMPLING
============================================================
  Starting braids: 400000
  Candidates to generate: 2374218
  Processing in 48 chunks...
  Projlen distribution:
    projlen=33: 8 braids
    projlen=34: 26 braids
    projlen=35: 127 braids
    projlen=36: 231 braids
    projlen=37: 711 braids
    projlen=38: 995 braids
    projlen=39: 4185 braids
    projlen=40: 7973 braids
    projlen=41: 37771 braids
    projlen=42: 79764 braids
  Braids kept: 2313541 (in 14 buckets, 43.54 GB)
  ⚡ Timing: matmul=1.63s, sampling=3.03s, total=20.64s

============================================================
Level 46 - SAMPLING
============================================================
  Starting braids: 400000
  Candidates to generate: 2402284
  Processing in 49 chunks...
  Projlen distribution:
    projlen=33: 6 braids
    projlen=34: 16 braids
    projlen=35: 66 braids
    projlen=36: 203 braids
    projlen=37: 850 braids
    projlen=38: 1316 braids
    projlen=39: 4327 braids
    projlen=40: 6099 braids
    projlen=41: 26704 braids
    projlen=42: 46322 braids
  Braids kept: 2017174 (in 14 buckets, 37.96 GB)
  ⚡ Timing: matmul=1.60s, sampling=3.64s, total=22.02s

============================================================
Level 47 - SAMPLING
============================================================
  Starting braids: 400000
  Candidates to generate: 2365254
  Processing in 48 chunks...
  Projlen distribution:
    projlen=35: 44 braids
    projlen=36: 109 braids
    projlen=37: 434 braids
    projlen=38: 1185 braids
    projlen=39: 4782 braids
    projlen=40: 7265 braids
    projlen=41: 24692 braids
    projlen=42: 35138 braids
    projlen=43: 147044 braids
    projlen=44: 231142 braids
  Braids kept: 2262103 (in 13 buckets, 42.57 GB)
  ⚡ Timing: matmul=1.62s, sampling=3.78s, total=21.86s

============================================================
Level 48 - SAMPLING
============================================================
  Starting braids: 400000
  Candidates to generate: 2311134
  Processing in 47 chunks...
  Projlen distribution:
    projlen=37: 250 braids
    projlen=38: 632 braids
    projlen=39: 2678 braids
    projlen=40: 6493 braids
    projlen=41: 25519 braids
    projlen=42: 38402 braids
    projlen=43: 133285 braids
    projlen=44: 179843 braids
    projlen=45: 695030 braids
    projlen=46: 836608 braids
  Braids kept: 2274526 (in 11 buckets, 42.80 GB)
  ⚡ Timing: matmul=1.52s, sampling=2.60s, total=19.51s

============================================================
Level 49 - SAMPLING
============================================================
  Starting braids: 400000
  Candidates to generate: 2260064
  Processing in 46 chunks...
  Projlen distribution:
    projlen=38: 33 braids
    projlen=39: 1488 braids
    projlen=40: 3749 braids
    projlen=41: 15612 braids
    projlen=42: 34218 braids
    projlen=43: 132536 braids
    projlen=44: 191907 braids
    projlen=45: 641522 braids
    projlen=46: 779507 braids
    projlen=47: 433285 braids
  Braids kept: 2260064 (in 11 buckets, 42.53 GB)
  ⚡ Timing: matmul=1.48s, sampling=2.48s, total=19.04s

============================================================
Level 50 - SAMPLING
============================================================
  Starting braids: 400000
  Candidates to generate: 2239860
  Processing in 45 chunks...
  Projlen distribution:
    projlen=38: 14 braids
    projlen=39: 115 braids
    projlen=40: 608 braids
    projlen=41: 8846 braids
    projlen=42: 20772 braids
    projlen=43: 86171 braids
    projlen=44: 171256 braids
    projlen=45: 621353 braids
    projlen=46: 816441 braids
    projlen=47: 473100 braids
  Braids kept: 2223419 (in 11 buckets, 41.84 GB)
  ⚡ Timing: matmul=1.91s, sampling=2.65s, total=19.47s

============================================================
Level 51 - SAMPLING
============================================================
  Starting braids: 400000
  Candidates to generate: 2279888
  Processing in 46 chunks...
  Projlen distribution:
    projlen=38: 6 braids
    projlen=39: 43 braids
    projlen=40: 286 braids
    projlen=41: 1579 braids
    projlen=42: 5091 braids
    projlen=43: 50518 braids
    projlen=44: 106461 braids
    projlen=45: 413953 braids
    projlen=46: 720042 braids
    projlen=47: 756526 braids
  Braids kept: 2279888 (in 11 buckets, 42.90 GB)
  ⚡ Timing: matmul=1.62s, sampling=2.33s, total=19.06s

============================================================
Level 52 - SAMPLING
============================================================
  Starting braids: 400000
  Candidates to generate: 2325022
  Processing in 47 chunks...
  Projlen distribution:
    projlen=38: 3 braids
    projlen=39: 18 braids
    projlen=40: 112 braids
    projlen=41: 691 braids
    projlen=42: 2782 braids
    projlen=43: 13270 braids
    projlen=44: 32215 braids
    projlen=45: 249769 braids
    projlen=46: 463844 braids
    projlen=47: 1086443 braids
  Braids kept: 2038579 (in 11 buckets, 38.36 GB)
  ⚡ Timing: matmul=1.57s, sampling=3.24s, total=20.82s

============================================================
Level 53 - SAMPLING
============================================================
  Starting braids: 400000
  Candidates to generate: 2349256
  Processing in 47 chunks...
  Projlen distribution:
    projlen=39: 9 braids
    projlen=40: 59 braids
    projlen=41: 286 braids
    projlen=42: 1241 braids
    projlen=43: 6484 braids
    projlen=44: 19354 braids
    projlen=45: 80347 braids
    projlen=46: 160974 braids
    projlen=47: 1044659 braids
    projlen=48: 817955 braids
  Braids kept: 2086642 (in 11 buckets, 39.27 GB)
  ⚡ Timing: matmul=1.71s, sampling=3.64s, total=21.50s

============================================================
Level 54 - SAMPLING
============================================================
  Starting braids: 400000
  Candidates to generate: 2361502
  Processing in 48 chunks...
  Projlen distribution:
    projlen=39: 1 braids
    projlen=40: 19 braids
    projlen=41: 137 braids
    projlen=42: 606 braids
    projlen=43: 2560 braids
    projlen=44: 9267 braids
    projlen=45: 42743 braids
    projlen=46: 104723 braids
    projlen=47: 396760 braids
    projlen=48: 692072 braids
  Braids kept: 2319206 (in 12 buckets, 43.64 GB)
  ⚡ Timing: matmul=1.53s, sampling=2.85s, total=20.41s

============================================================
Level 55 - SAMPLING
============================================================
  Starting braids: 400000
  Candidates to generate: 2373510
  Processing in 48 chunks...
  Projlen distribution:
    projlen=40: 5 braids
    projlen=41: 28 braids
    projlen=42: 266 braids
    projlen=43: 1285 braids
    projlen=44: 4301 braids
    projlen=45: 18102 braids
    projlen=46: 53205 braids
    projlen=47: 221805 braids
    projlen=48: 471965 braids
    projlen=49: 1100235 braids
  Braids kept: 2073275 (in 11 buckets, 39.01 GB)
  ⚡ Timing: matmul=1.61s, sampling=3.58s, total=21.61s

============================================================
Level 56 - SAMPLING
============================================================
  Starting braids: 400000
  Candidates to generate: 2350498
  Processing in 48 chunks...
  Projlen distribution:
    projlen=41: 15 braids
    projlen=42: 118 braids
    projlen=43: 514 braids
    projlen=44: 2125 braids
    projlen=45: 9906 braids
    projlen=46: 25888 braids
    projlen=47: 100296 braids
    projlen=48: 257162 braids
    projlen=49: 948074 braids
    projlen=50: 789712 braids
  Braids kept: 2202424 (in 11 buckets, 41.45 GB)
  ⚡ Timing: matmul=1.58s, sampling=3.71s, total=21.78s

============================================================
Level 57 - SAMPLING
============================================================
  Starting braids: 400000
  Candidates to generate: 2326492
  Processing in 47 chunks...
  Projlen distribution:
    projlen=41: 3 braids
    projlen=42: 67 braids
    projlen=43: 266 braids
    projlen=44: 1134 braids
    projlen=45: 4587 braids
    projlen=46: 13922 braids
    projlen=47: 59509 braids
    projlen=48: 132052 braids
    projlen=49: 475622 braids
    projlen=50: 1068486 braids
  Braids kept: 2058006 (in 12 buckets, 38.73 GB)
  ⚡ Timing: matmul=1.61s, sampling=3.17s, total=20.73s

============================================================
Level 58 - SAMPLING
============================================================
  Starting braids: 400000
  Candidates to generate: 2337398
  Processing in 47 chunks...
  Projlen distribution:
    projlen=42: 26 braids
    projlen=43: 121 braids
    projlen=44: 694 braids
    projlen=45: 2411 braids
    projlen=46: 8078 braids
    projlen=47: 30104 braids
    projlen=48: 77575 braids
    projlen=49: 293715 braids
    projlen=50: 572527 braids
    projlen=51: 961013 braids
  Braids kept: 2176385 (in 11 buckets, 40.96 GB)
  ⚡ Timing: matmul=1.66s, sampling=2.82s, total=20.08s

============================================================
Level 59 - SAMPLING
============================================================
  Starting braids: 400000
  Candidates to generate: 2359690
  Processing in 48 chunks...
  Projlen distribution:
    projlen=42: 19 braids
    projlen=43: 61 braids
    projlen=44: 307 braids
    projlen=45: 1231 braids
    projlen=46: 4736 braids
    projlen=47: 16104 braids
    projlen=48: 47708 braids
    projlen=49: 163343 braids
    projlen=50: 367327 braids
    projlen=51: 1178205 braids
  Braids kept: 1981485 (in 11 buckets, 37.29 GB)
  ⚡ Timing: matmul=1.54s, sampling=3.51s, total=21.46s

============================================================
Level 60 - SAMPLING
============================================================
  Starting braids: 400000
  Candidates to generate: 2332594
  Processing in 47 chunks...
  Projlen distribution:
    projlen=41: 1 braids
    projlen=42: 9 braids
    projlen=43: 38 braids
    projlen=44: 196 braids
    projlen=45: 668 braids
    projlen=46: 2293 braids
    projlen=47: 8711 braids
    projlen=48: 28753 braids
    projlen=49: 92678 braids
    projlen=50: 233383 braids
  Braids kept: 2244093 (in 13 buckets, 42.23 GB)
  ⚡ Timing: matmul=1.62s, sampling=3.16s, total=20.38s

============================================================
Level 61 - SAMPLING
============================================================
  Starting braids: 400000
  Candidates to generate: 2326868
  Processing in 47 chunks...
  Projlen distribution:
    projlen=42: 4 braids
    projlen=43: 21 braids
    projlen=44: 109 braids
    projlen=45: 392 braids
    projlen=46: 1426 braids
    projlen=47: 4905 braids
    projlen=48: 14845 braids
    projlen=49: 53353 braids
    projlen=50: 149774 braids
    projlen=51: 446111 braids
  Braids kept: 2145848 (in 13 buckets, 40.38 GB)
  ⚡ Timing: matmul=1.58s, sampling=3.37s, total=20.98s

============================================================
Level 62 - SAMPLING
============================================================
  Starting braids: 400000
  Candidates to generate: 2333066
  Processing in 47 chunks...
  Projlen distribution:
    projlen=43: 3 braids
    projlen=44: 41 braids
    projlen=45: 246 braids
    projlen=46: 757 braids
    projlen=47: 2866 braids
    projlen=48: 9140 braids
    projlen=49: 31295 braids
    projlen=50: 82830 braids
    projlen=51: 266446 braids
    projlen=52: 647257 braids
  Braids kept: 2207047 (in 12 buckets, 41.53 GB)
  ⚡ Timing: matmul=1.63s, sampling=2.91s, total=20.15s

============================================================
Level 63 - SAMPLING
============================================================
  Starting braids: 400000
  Candidates to generate: 2340326
  Processing in 47 chunks...
  Projlen distribution:
    projlen=44: 4 braids
    projlen=45: 81 braids
    projlen=46: 311 braids
    projlen=47: 1767 braids
    projlen=48: 4954 braids
    projlen=49: 18625 braids
    projlen=50: 53189 braids
    projlen=51: 166581 braids
    projlen=52: 392566 braids
    projlen=53: 1116308 braids
  Braids kept: 2024018 (in 12 buckets, 38.09 GB)
  ⚡ Timing: matmul=1.65s, sampling=3.42s, total=21.12s

============================================================
Level 64 - SAMPLING
============================================================
  Starting braids: 400000
  Candidates to generate: 2321422
  Processing in 47 chunks...
  Projlen distribution:
    projlen=44: 4 braids
    projlen=45: 31 braids
    projlen=46: 90 braids
    projlen=47: 676 braids
    projlen=48: 2379 braids
    projlen=49: 11256 braids
    projlen=50: 30149 braids
    projlen=51: 104413 braids
    projlen=52: 259969 braids
    projlen=53: 726732 braids
  Braids kept: 2261504 (in 12 buckets, 42.56 GB)
  ⚡ Timing: matmul=1.56s, sampling=2.75s, total=19.88s

============================================================
Level 65 - SAMPLING
============================================================
  Starting braids: 400000
  Candidates to generate: 2319322
  Processing in 47 chunks...
  Projlen distribution:
    projlen=44: 4 braids
    projlen=45: 21 braids
    projlen=46: 76 braids
    projlen=47: 312 braids
    projlen=48: 944 braids
    projlen=49: 4962 braids
    projlen=50: 15796 braids
    projlen=51: 64935 braids
    projlen=52: 156762 braids
    projlen=53: 495334 braids
  Braids kept: 2062807 (in 12 buckets, 38.82 GB)
  ⚡ Timing: matmul=1.59s, sampling=3.21s, total=21.07s

============================================================
Level 66 - SAMPLING
============================================================
  Starting braids: 400000
  Candidates to generate: 2329528
  Processing in 47 chunks...
  Projlen distribution:
    projlen=44: 2 braids
    projlen=45: 13 braids
    projlen=46: 69 braids
    projlen=47: 209 braids
    projlen=48: 647 braids
    projlen=49: 2437 braids
    projlen=50: 7450 braids
    projlen=51: 31632 braids
    projlen=52: 88480 braids
    projlen=53: 317358 braids
  Braids kept: 2245979 (in 13 buckets, 42.26 GB)
  ⚡ Timing: matmul=1.58s, sampling=2.88s, total=19.91s

============================================================
Level 67 - SAMPLING
============================================================
  Starting braids: 400000
  Candidates to generate: 2354780
  Processing in 48 chunks...
  Projlen distribution:
    projlen=45: 3 braids
    projlen=46: 49 braids
    projlen=47: 148 braids
    projlen=48: 468 braids
    projlen=49: 1688 braids
    projlen=50: 4595 braids
    projlen=51: 16931 braids
    projlen=52: 46102 braids
    projlen=53: 168182 braids
    projlen=54: 411868 braids
  Braids kept: 2006147 (in 12 buckets, 37.75 GB)
  ⚡ Timing: matmul=1.54s, sampling=3.64s, total=21.62s

============================================================
Level 68 - SAMPLING
============================================================
  Starting braids: 400000
  Candidates to generate: 2342274
  Processing in 47 chunks...
  Projlen distribution:
    projlen=45: 4 braids
    projlen=46: 17 braids
    projlen=47: 78 braids
    projlen=48: 391 braids
    projlen=49: 1347 braids
    projlen=50: 3170 braids
    projlen=51: 11529 braids
    projlen=52: 28385 braids
    projlen=53: 97222 braids
    projlen=54: 228762 braids
  Braids kept: 2251456 (in 13 buckets, 42.37 GB)
  ⚡ Timing: matmul=1.65s, sampling=2.87s, total=19.99s

============================================================
Level 69 - SAMPLING
============================================================
  Starting braids: 400000
  Candidates to generate: 2334024
  Processing in 47 chunks...
  Projlen distribution:
    projlen=45: 4 braids
    projlen=46: 9 braids
    projlen=47: 49 braids
    projlen=48: 212 braids
    projlen=49: 824 braids
    projlen=50: 2698 braids
    projlen=51: 9264 braids
    projlen=52: 19357 braids
    projlen=53: 68293 braids
    projlen=54: 148531 braids
  Braids kept: 2167446 (in 14 buckets, 40.79 GB)
  ⚡ Timing: matmul=1.62s, sampling=3.35s, total=20.87s

============================================================
Level 70 - SAMPLING
============================================================
  Starting braids: 400000
  Candidates to generate: 2328190
  Processing in 47 chunks...
  Projlen distribution:
    projlen=44: 2 braids
    projlen=46: 18 braids
    projlen=47: 21 braids
    projlen=48: 129 braids
    projlen=49: 485 braids
    projlen=50: 1635 braids
    projlen=51: 5951 braids
    projlen=52: 16184 braids
    projlen=53: 54976 braids
    projlen=54: 104653 braids
  Braids kept: 2277383 (in 14 buckets, 42.86 GB)
  ⚡ Timing: matmul=1.61s, sampling=2.74s, total=19.91s

============================================================
Level 71 - SAMPLING
============================================================
  Starting braids: 400000
  Candidates to generate: 2329578
  Processing in 47 chunks...
  Projlen distribution:
    projlen=43: 4 braids
    projlen=44: 2 braids
    projlen=45: 8 braids
    projlen=46: 16 braids
    projlen=47: 21 braids
    projlen=48: 129 braids
    projlen=49: 219 braids
    projlen=50: 1046 braids
    projlen=51: 3590 braids
    projlen=52: 10332 braids
  Braids kept: 2132581 (in 16 buckets, 40.13 GB)
  ⚡ Timing: matmul=1.60s, sampling=3.35s, total=20.63s

============================================================
Level 72 - SAMPLING
============================================================
  Starting braids: 400000
  Candidates to generate: 2322986
  Processing in 47 chunks...
  Projlen distribution:
    projlen=43: 8 braids
    projlen=44: 4 braids
    projlen=45: 18 braids
    projlen=46: 42 braids
    projlen=47: 38 braids
    projlen=48: 120 braids
    projlen=49: 198 braids
    projlen=50: 875 braids
    projlen=51: 1805 braids
    projlen=52: 6872 braids
  Braids kept: 2020893 (in 16 buckets, 38.03 GB)
  ⚡ Timing: matmul=1.56s, sampling=3.50s, total=21.16s

============================================================
Level 73 - SAMPLING
============================================================
  Starting braids: 400000
  Candidates to generate: 2316718
  Processing in 47 chunks...
  Projlen distribution:
    projlen=44: 24 braids
    projlen=45: 40 braids
    projlen=46: 74 braids
    projlen=47: 53 braids
    projlen=48: 293 braids
    projlen=49: 223 braids
    projlen=50: 823 braids
    projlen=51: 1459 braids
    projlen=52: 5408 braids
    projlen=53: 12581 braids
  Braids kept: 2288924 (in 16 buckets, 43.07 GB)
  ⚡ Timing: matmul=1.55s, sampling=3.27s, total=20.65s

============================================================
Level 74 - SAMPLING
============================================================
  Starting braids: 400000
  Candidates to generate: 2306318
  Processing in 47 chunks...
  Projlen distribution:
    projlen=46: 226 braids
    projlen=47: 192 braids
    projlen=48: 475 braids
    projlen=49: 268 braids
    projlen=50: 1650 braids
    projlen=51: 1405 braids
    projlen=52: 5006 braids
    projlen=53: 9601 braids
    projlen=54: 31481 braids
    projlen=55: 75516 braids
  Braids kept: 2143732 (in 14 buckets, 40.34 GB)
  ⚡ Timing: matmul=1.51s, sampling=3.25s, total=20.36s

============================================================
Level 75 - SAMPLING
============================================================
  Starting braids: 400000
  Candidates to generate: 2314392
  Processing in 47 chunks...
  Projlen distribution:
    projlen=46: 10 braids
    projlen=47: 10 braids
    projlen=48: 1284 braids
    projlen=49: 974 braids
    projlen=50: 2713 braids
    projlen=51: 1575 braids
    projlen=52: 8956 braids
    projlen=53: 8408 braids
    projlen=54: 28817 braids
    projlen=55: 56203 braids
  Braids kept: 2245190 (in 15 buckets, 42.25 GB)
  ⚡ Timing: matmul=1.54s, sampling=3.49s, total=21.05s

============================================================
Level 76 - SAMPLING
============================================================
  Starting braids: 400000
  Candidates to generate: 2306786
  Processing in 47 chunks...
  Projlen distribution:
    projlen=46: 8 braids
    projlen=47: 4 braids
    projlen=48: 82 braids
    projlen=49: 110 braids
    projlen=50: 6530 braids
    projlen=51: 4766 braids
    projlen=52: 14892 braids
    projlen=53: 9237 braids
    projlen=54: 47452 braids
    projlen=55: 48000 braids
  Braids kept: 2306786 (in 15 buckets, 43.41 GB)
  ⚡ Timing: matmul=1.49s, sampling=2.38s, total=18.75s

============================================================
Level 77 - SAMPLING
============================================================
  Starting braids: 400000
  Candidates to generate: 2287492
  Processing in 46 chunks...
  Projlen distribution:
    projlen=46: 4 braids
    projlen=47: 6 braids
    projlen=48: 42 braids
    projlen=49: 62 braids
    projlen=50: 636 braids
    projlen=51: 811 braids
    projlen=52: 32110 braids
    projlen=53: 22987 braids
    projlen=54: 79627 braids
    projlen=55: 53052 braids
  Braids kept: 2287492 (in 15 buckets, 43.05 GB)
  ⚡ Timing: matmul=1.58s, sampling=1.99s, total=17.91s

============================================================
Level 78 - SAMPLING
============================================================
  Starting braids: 400000
  Candidates to generate: 2287838
  Processing in 46 chunks...
  Projlen distribution:
    projlen=47: 4 braids
    projlen=48: 24 braids
    projlen=49: 50 braids
    projlen=50: 381 braids
    projlen=51: 432 braids
    projlen=52: 4729 braids
    projlen=53: 5010 braids
    projlen=54: 155108 braids
    projlen=55: 110603 braids
    projlen=56: 412730 braids
  Braids kept: 2160063 (in 13 buckets, 40.65 GB)
  ⚡ Timing: matmul=1.56s, sampling=2.68s, total=19.19s

============================================================
Level 79 - SAMPLING
============================================================
  Starting braids: 400000
  Candidates to generate: 2248002
  Processing in 45 chunks...
  Projlen distribution:
    projlen=47: 2 braids
    projlen=48: 16 braids
    projlen=49: 43 braids
    projlen=50: 264 braids
    projlen=51: 334 braids
    projlen=52: 3058 braids
    projlen=53: 2939 braids
    projlen=54: 30502 braids
    projlen=55: 27045 braids
    projlen=56: 722420 braids
  Braids kept: 2248002 (in 13 buckets, 42.30 GB)
  ⚡ Timing: matmul=1.61s, sampling=2.08s, total=18.20s

============================================================
Level 80 - SAMPLING
============================================================
  Starting braids: 400000
  Candidates to generate: 2381438
  Processing in 48 chunks...
  Projlen distribution:
    projlen=48: 8 braids
    projlen=49: 16 braids
    projlen=50: 216 braids
    projlen=51: 281 braids
    projlen=52: 2032 braids
    projlen=53: 2093 braids
    projlen=54: 19969 braids
    projlen=55: 16981 braids
    projlen=56: 164248 braids
    projlen=57: 119626 braids
  Braids kept: 1791681 (in 12 buckets, 33.72 GB)
  ⚡ Timing: matmul=1.59s, sampling=3.94s, total=21.10s

============================================================
Level 81 - SAMPLING
============================================================
  Starting braids: 400000
  Candidates to generate: 2306710
  Processing in 47 chunks...
  Projlen distribution:
    projlen=48: 6 braids
    projlen=49: 8 braids
    projlen=50: 99 braids
    projlen=51: 131 braids
    projlen=52: 1662 braids
    projlen=53: 1702 braids
    projlen=54: 13039 braids
    projlen=55: 11931 braids
    projlen=56: 111315 braids
    projlen=57: 85625 braids
  Braids kept: 2302579 (in 14 buckets, 43.33 GB)
  ⚡ Timing: matmul=1.49s, sampling=2.85s, total=19.12s

============================================================
Level 82 - SAMPLING
============================================================
  Starting braids: 400000
  Candidates to generate: 2324986
  Processing in 47 chunks...
  Projlen distribution:
    projlen=49: 1 braids
    projlen=50: 64 braids
    projlen=51: 84 braids
    projlen=52: 793 braids
    projlen=53: 941 braids
    projlen=54: 10583 braids
    projlen=55: 9703 braids
    projlen=56: 75167 braids
    projlen=57: 60842 braids
    projlen=58: 546462 braids
  Braids kept: 2228463 (in 13 buckets, 41.94 GB)
  ⚡ Timing: matmul=1.53s, sampling=2.91s, total=19.16s

============================================================
Level 83 - SAMPLING
============================================================
  Starting braids: 400000
  Candidates to generate: 2351340
  Processing in 48 chunks...
  Projlen distribution:
    projlen=49: 2 braids
    projlen=50: 7 braids
    projlen=51: 33 braids
    projlen=52: 435 braids
    projlen=53: 631 braids
    projlen=54: 5371 braids
    projlen=55: 5896 braids
    projlen=56: 60945 braids
    projlen=57: 49865 braids
    projlen=58: 380088 braids
  Braids kept: 2053623 (in 13 buckets, 38.65 GB)
  ⚡ Timing: matmul=1.85s, sampling=3.96s, total=22.16s

============================================================
Level 84 - SAMPLING
============================================================
  Starting braids: 400000
  Candidates to generate: 2358690
  Processing in 48 chunks...
  Projlen distribution:
    projlen=50: 8 braids
    projlen=51: 11 braids
    projlen=52: 102 braids
    projlen=53: 270 braids
    projlen=54: 3104 braids
    projlen=55: 3879 braids
    projlen=56: 32819 braids
    projlen=57: 32244 braids
    projlen=58: 310379 braids
    projlen=59: 226868 braids
  Braids kept: 1953196 (in 12 buckets, 36.76 GB)
  ⚡ Timing: matmul=1.95s, sampling=3.80s, total=22.19s

============================================================
Level 85 - SAMPLING
============================================================
  Starting braids: 400000
  Candidates to generate: 2362802
  Processing in 48 chunks...
  Projlen distribution:
    projlen=49: 2 braids
    projlen=50: 4 braids
    projlen=51: 10 braids
    projlen=52: 82 braids
    projlen=53: 113 braids
    projlen=54: 1051 braids
    projlen=55: 1931 braids
    projlen=56: 19504 braids
    projlen=57: 21470 braids
    projlen=58: 179790 braids
  Braids kept: 1861108 (in 14 buckets, 35.02 GB)
  ⚡ Timing: matmul=2.07s, sampling=4.55s, total=22.89s

============================================================
Level 86 - SAMPLING
============================================================
  Starting braids: 400000
  Candidates to generate: 2265896
  Processing in 46 chunks...
  Projlen distribution:
    projlen=49: 2 braids
    projlen=50: 4 braids
    projlen=51: 10 braids
    projlen=52: 54 braids
    projlen=53: 81 braids
    projlen=54: 652 braids
    projlen=55: 905 braids
    projlen=56: 8397 braids
    projlen=57: 11455 braids
    projlen=58: 110913 braids
  Braids kept: 2198897 (in 15 buckets, 41.38 GB)
  ⚡ Timing: matmul=1.90s, sampling=4.13s, total=21.71s

============================================================
Level 87 - SAMPLING
============================================================
  Starting braids: 400000
  Candidates to generate: 2327588
  Processing in 47 chunks...
  Projlen distribution:
    projlen=50: 8 braids
    projlen=51: 6 braids
    projlen=52: 54 braids
    projlen=53: 44 braids
    projlen=54: 498 braids
    projlen=55: 585 braids
    projlen=56: 5047 braids
    projlen=57: 6199 braids
    projlen=58: 54657 braids
    projlen=59: 59497 braids
  Braids kept: 2244985 (in 14 buckets, 42.25 GB)
  ⚡ Timing: matmul=2.04s, sampling=2.75s, total=20.39s

============================================================
Level 88 - SAMPLING
============================================================
  Starting braids: 400000
  Candidates to generate: 2391442
  Processing in 48 chunks...
  Projlen distribution:
    projlen=50: 6 braids
    projlen=51: 6 braids
    projlen=52: 56 braids
    projlen=53: 48 braids
    projlen=54: 322 braids
    projlen=55: 372 braids
    projlen=56: 3635 braids
    projlen=57: 3738 braids
    projlen=58: 34118 braids
    projlen=59: 34196 braids
  Braids kept: 1980100 (in 14 buckets, 37.26 GB)
  ⚡ Timing: matmul=2.40s, sampling=4.16s, total=23.14s

============================================================
Level 89 - SAMPLING
============================================================
  Starting braids: 400000
  Candidates to generate: 2386356
  Processing in 48 chunks...
  Projlen distribution:
    projlen=51: 2 braids
    projlen=52: 36 braids
    projlen=53: 38 braids
    projlen=54: 326 braids
    projlen=55: 354 braids
    projlen=56: 2124 braids
    projlen=57: 2524 braids
    projlen=58: 23353 braids
    projlen=59: 21388 braids
    projlen=60: 190025 braids
  Braids kept: 1943180 (in 14 buckets, 36.57 GB)
  ⚡ Timing: matmul=2.15s, sampling=4.25s, total=23.18s

============================================================
Level 90 - SAMPLING
============================================================
  Starting braids: 400000
  Candidates to generate: 2266192
  Processing in 46 chunks...
  Projlen distribution:
    projlen=52: 6 braids
    projlen=53: 20 braids
    projlen=54: 204 braids
    projlen=55: 239 braids
    projlen=56: 2053 braids
    projlen=57: 2126 braids
    projlen=58: 13780 braids
    projlen=59: 14696 braids
    projlen=60: 131891 braids
    projlen=61: 106228 braids
  Braids kept: 2150343 (in 13 buckets, 40.47 GB)
  ⚡ Timing: matmul=2.12s, sampling=4.18s, total=21.96s

============================================================
Level 91 - SAMPLING
============================================================
  Starting braids: 400000
  Candidates to generate: 2297444
  Processing in 46 chunks...
  Projlen distribution:
    projlen=53: 2 braids
    projlen=54: 92 braids
    projlen=55: 139 braids
    projlen=56: 1357 braids
    projlen=57: 1401 braids
    projlen=58: 12695 braids
    projlen=59: 11786 braids
    projlen=60: 81869 braids
    projlen=61: 74915 braids
    projlen=62: 639432 braids
  Braids kept: 2297444 (in 13 buckets, 43.23 GB)
  ⚡ Timing: matmul=2.20s, sampling=2.51s, total=19.78s

============================================================
Level 92 - SAMPLING
============================================================
  Starting braids: 400000
  Candidates to generate: 2337714
  Processing in 47 chunks...
  Projlen distribution:
    projlen=54: 14 braids
    projlen=55: 34 braids
    projlen=56: 806 braids
    projlen=57: 839 braids
    projlen=58: 8563 braids
    projlen=59: 7920 braids
    projlen=60: 72596 braids
    projlen=61: 60245 braids
    projlen=62: 412404 braids
    projlen=63: 323827 braids
  Braids kept: 2119270 (in 12 buckets, 39.88 GB)
  ⚡ Timing: matmul=2.07s, sampling=3.59s, total=21.49s

============================================================
Level 93 - SAMPLING
============================================================
  Starting braids: 400000
  Candidates to generate: 2340622
  Processing in 47 chunks...
  Projlen distribution:
    projlen=54: 8 braids
    projlen=55: 12 braids
    projlen=56: 210 braids
    projlen=57: 332 braids
    projlen=58: 5361 braids
    projlen=59: 5092 braids
    projlen=60: 49198 braids
    projlen=61: 42008 braids
    projlen=62: 365762 braids
    projlen=63: 269396 braids
  Braids kept: 2028404 (in 12 buckets, 38.17 GB)
  ⚡ Timing: matmul=2.25s, sampling=3.90s, total=22.76s

============================================================
Level 94 - SAMPLING
============================================================
  Starting braids: 400000
  Candidates to generate: 2356698
  Processing in 48 chunks...
  Projlen distribution:
    projlen=54: 8 braids
    projlen=55: 6 braids
    projlen=56: 82 braids
    projlen=57: 128 braids
    projlen=58: 1944 braids
    projlen=59: 2294 braids
    projlen=60: 31731 braids
    projlen=61: 27282 braids
    projlen=62: 254302 braids
    projlen=63: 192819 braids
  Braids kept: 1895696 (in 12 buckets, 35.67 GB)
  ⚡ Timing: matmul=2.55s, sampling=4.13s, total=23.02s

============================================================
Level 95 - SAMPLING
============================================================
  Starting braids: 400000
  Candidates to generate: 2284648
  Processing in 46 chunks...
  Projlen distribution:
    projlen=54: 8 braids
    projlen=55: 10 braids
    projlen=56: 52 braids
    projlen=57: 86 braids
    projlen=58: 812 braids
    projlen=59: 1150 braids
    projlen=60: 13866 braids
    projlen=61: 13942 braids
    projlen=62: 169986 braids
    projlen=63: 129055 braids
  Braids kept: 1969439 (in 13 buckets, 37.06 GB)
  ⚡ Timing: matmul=2.01s, sampling=4.36s, total=22.34s

============================================================
Level 96 - SAMPLING
============================================================
  Starting braids: 400000
  Candidates to generate: 2255942
  Processing in 46 chunks...
  Projlen distribution:
    projlen=54: 6 braids
    projlen=55: 8 braids
    projlen=56: 66 braids
    projlen=57: 72 braids
    projlen=58: 472 braids
    projlen=59: 696 braids
    projlen=60: 6748 braids
    projlen=61: 7620 braids
    projlen=62: 84538 braids
    projlen=63: 71203 braids
  Braids kept: 2252360 (in 14 buckets, 42.38 GB)
  ⚡ Timing: matmul=1.75s, sampling=3.54s, total=20.15s

============================================================
Level 97 - SAMPLING
============================================================
  Starting braids: 400000
  Candidates to generate: 2354004
  Processing in 48 chunks...
  Projlen distribution:
    projlen=56: 52 braids
    projlen=57: 56 braids
    projlen=58: 451 braids
    projlen=59: 493 braids
    projlen=60: 4230 braids
    projlen=61: 4869 braids
    projlen=62: 45340 braids
    projlen=63: 41102 braids
    projlen=64: 425628 braids
    projlen=65: 304739 braids
  Braids kept: 2082385 (in 12 buckets, 39.19 GB)
  ⚡ Timing: matmul=1.95s, sampling=3.48s, total=21.63s

============================================================
Level 98 - SAMPLING
============================================================
  Starting braids: 400000
  Candidates to generate: 2399666
  Processing in 48 chunks...
  Projlen distribution:
    projlen=56: 6 braids
    projlen=57: 18 braids
    projlen=58: 334 braids
    projlen=59: 385 braids
    projlen=60: 3153 braids
    projlen=61: 3530 braids
    projlen=62: 29486 braids
    projlen=63: 27630 braids
    projlen=64: 245065 braids
    projlen=65: 185609 braids
  Braids kept: 1903666 (in 12 buckets, 35.82 GB)
  ⚡ Timing: matmul=2.24s, sampling=4.76s, total=23.69s

============================================================
Level 99 - SAMPLING
============================================================
  Starting braids: 400000
  Candidates to generate: 2312084
  Processing in 47 chunks...
  Projlen distribution:
    projlen=56: 2 braids
    projlen=57: 8 braids
    projlen=58: 89 braids
    projlen=59: 136 braids
    projlen=60: 2103 braids
    projlen=61: 2490 braids
    projlen=62: 20420 braids
    projlen=63: 20706 braids
    projlen=64: 168013 braids
    projlen=65: 133610 braids
  Braids kept: 2011462 (in 13 buckets, 37.85 GB)
  ⚡ Timing: matmul=2.03s, sampling=4.29s, total=22.51s

============================================================
Level 100 - SAMPLING
============================================================
  Starting braids: 400000
  Candidates to generate: 2263492
  Processing in 46 chunks...
  Projlen distribution:
    projlen=55: 2 braids
    projlen=56: 4 braids
    projlen=57: 8 braids
    projlen=58: 62 braids
    projlen=59: 63 braids
    projlen=60: 698 braids
    projlen=61: 1072 braids
    projlen=62: 12947 braids
    projlen=63: 14394 braids
    projlen=64: 117286 braids
  Braids kept: 2251432 (in 15 buckets, 42.37 GB)
  ⚡ Timing: matmul=1.94s, sampling=3.20s, total=20.52s

============================================================
Level 101 - SAMPLING
============================================================
  Starting braids: 400000
  Candidates to generate: 2303854
  Processing in 47 chunks...
  Projlen distribution:
    projlen=56: 8 braids
    projlen=57: 6 braids
    projlen=58: 61 braids
    projlen=59: 61 braids
    projlen=60: 459 braids
    projlen=61: 514 braids
    projlen=62: 5364 braids
    projlen=63: 6818 braids
    projlen=64: 74411 braids
    projlen=65: 73847 braids
  Braids kept: 2278036 (in 14 buckets, 42.87 GB)
  ⚡ Timing: matmul=2.31s, sampling=2.85s, total=20.67s

============================================================
Level 102 - SAMPLING
============================================================
  Starting braids: 400000
  Candidates to generate: 2356008
  Processing in 48 chunks...
  Projlen distribution:
    projlen=56: 6 braids
    projlen=57: 6 braids
    projlen=58: 42 braids
    projlen=59: 50 braids
    projlen=60: 388 braids
    projlen=61: 393 braids
    projlen=62: 3218 braids
    projlen=63: 3657 braids
    projlen=64: 35513 braids
    projlen=65: 37707 braids
  Braids kept: 2051453 (in 14 buckets, 38.60 GB)
  ⚡ Timing: matmul=2.13s, sampling=4.09s, total=22.57s

============================================================
Level 103 - SAMPLING
============================================================
  Starting braids: 400000
  Candidates to generate: 2400222
  Processing in 49 chunks...
  Projlen distribution:
    projlen=58: 38 braids
    projlen=59: 44 braids
    projlen=60: 295 braids
    projlen=61: 285 braids
    projlen=62: 2424 braids
    projlen=63: 2465 braids
    projlen=64: 21000 braids
    projlen=65: 21699 braids
    projlen=66: 196877 braids
    projlen=67: 176099 braids
  Braids kept: 1860658 (in 12 buckets, 35.01 GB)
  ⚡ Timing: matmul=1.90s, sampling=4.82s, total=23.50s

============================================================
Level 104 - SAMPLING
============================================================
  Starting braids: 400000
  Candidates to generate: 2292966
  Processing in 46 chunks...
  Projlen distribution:
    projlen=59: 12 braids
    projlen=60: 268 braids
    projlen=61: 258 braids
    projlen=62: 1908 braids
    projlen=63: 1668 braids
    projlen=64: 14842 braids
    projlen=65: 14541 braids
    projlen=66: 120400 braids
    projlen=67: 109333 braids
    projlen=68: 941054 braids
  Braids kept: 2151912 (in 12 buckets, 40.49 GB)
  ⚡ Timing: matmul=2.09s, sampling=4.04s, total=22.14s

============================================================
Level 105 - SAMPLING
============================================================
  Starting braids: 400000
  Candidates to generate: 2323662
  Processing in 47 chunks...
  Projlen distribution:
    projlen=59: 6 braids
    projlen=60: 58 braids
    projlen=61: 104 braids
    projlen=62: 1664 braids
    projlen=63: 1519 braids
    projlen=64: 11278 braids
    projlen=65: 9762 braids
    projlen=66: 85060 braids
    projlen=67: 75127 braids
    projlen=68: 592857 braids
  Braids kept: 2323662 (in 13 buckets, 43.73 GB)
  ⚡ Timing: matmul=2.21s, sampling=2.65s, total=20.00s

============================================================
Level 106 - SAMPLING
============================================================
  Starting braids: 400000
  Candidates to generate: 2343288
  Processing in 47 chunks...
  Projlen distribution:
    projlen=58: 4 braids
    projlen=59: 8 braids
    projlen=60: 48 braids
    projlen=61: 67 braids
    projlen=62: 562 braids
    projlen=63: 758 braids
    projlen=64: 9444 braids
    projlen=65: 8581 braids
    projlen=66: 64008 braids
    projlen=67: 51598 braids
  Braids kept: 2119161 (in 14 buckets, 39.88 GB)
  ⚡ Timing: matmul=2.15s, sampling=3.50s, total=21.45s

============================================================
Level 107 - SAMPLING
============================================================
  Starting braids: 400000
  Candidates to generate: 2349346
  Processing in 47 chunks...
  Projlen distribution:
    projlen=58: 12 braids
    projlen=59: 10 braids
    projlen=60: 62 braids
    projlen=61: 67 braids
    projlen=62: 433 braids
    projlen=63: 457 braids
    projlen=64: 4053 braids
    projlen=65: 4654 braids
    projlen=66: 52389 braids
    projlen=67: 44335 braids
  Braids kept: 1987854 (in 14 buckets, 37.41 GB)
  ⚡ Timing: matmul=2.58s, sampling=3.82s, total=22.50s

============================================================
Level 108 - SAMPLING
============================================================
  Starting braids: 400000
  Candidates to generate: 2345202
  Processing in 47 chunks...
  Projlen distribution:
    projlen=58: 8 braids
    projlen=59: 12 braids
    projlen=60: 78 braids
    projlen=61: 83 braids
    projlen=62: 492 braids
    projlen=63: 446 braids
    projlen=64: 3127 braids
    projlen=65: 2952 braids
    projlen=66: 25985 braids
    projlen=67: 25825 braids
  Braids kept: 1901215 (in 14 buckets, 35.78 GB)
  ⚡ Timing: matmul=2.14s, sampling=4.56s, total=23.06s

============================================================
Level 109 - SAMPLING
============================================================
  Starting braids: 400000
  Candidates to generate: 2295442
  Processing in 46 chunks...
  Projlen distribution:
    projlen=59: 8 braids
    projlen=60: 68 braids
    projlen=61: 72 braids
    projlen=62: 572 braids
    projlen=63: 490 braids
    projlen=64: 3314 braids
    projlen=65: 2768 braids
    projlen=66: 19614 braids
    projlen=67: 17284 braids
    projlen=68: 146215 braids
  Braids kept: 1943494 (in 14 buckets, 36.57 GB)
  ⚡ Timing: matmul=1.96s, sampling=4.64s, total=22.26s

============================================================
Level 110 - SAMPLING
============================================================
  Starting braids: 400000
  Candidates to generate: 2271076
  Processing in 46 chunks...
  Projlen distribution:
    projlen=59: 2 braids
    projlen=60: 30 braids
    projlen=61: 50 braids
    projlen=62: 498 braids
    projlen=63: 431 braids
    projlen=64: 3462 braids
    projlen=65: 2741 braids
    projlen=66: 19921 braids
    projlen=67: 15463 braids
    projlen=68: 112459 braids
  Braids kept: 2271076 (in 15 buckets, 42.74 GB)
  ⚡ Timing: matmul=1.95s, sampling=2.63s, total=19.34s

============================================================
Level 111 - SAMPLING
============================================================
  Starting braids: 400000
  Candidates to generate: 2290680
  Processing in 46 chunks...
  Projlen distribution:
    projlen=60: 14 braids
    projlen=61: 18 braids
    projlen=62: 276 braids
    projlen=63: 286 braids
    projlen=64: 3030 braids
    projlen=65: 2354 braids
    projlen=66: 19593 braids
    projlen=67: 14675 braids
    projlen=68: 110633 braids
    projlen=69: 79021 braids
  Braids kept: 2266970 (in 14 buckets, 42.66 GB)
  ⚡ Timing: matmul=2.39s, sampling=2.78s, total=20.19s

============================================================
Level 112 - SAMPLING
============================================================
  Starting braids: 400000
  Candidates to generate: 2277092
  Processing in 46 chunks...
  Projlen distribution:
    projlen=60: 8 braids
    projlen=61: 4 braids
    projlen=62: 114 braids
    projlen=63: 122 braids
    projlen=64: 1866 braids
    projlen=65: 1663 braids
    projlen=66: 16948 braids
    projlen=67: 12702 braids
    projlen=68: 105339 braids
    projlen=69: 73522 braids
  Braids kept: 2226942 (in 14 buckets, 41.91 GB)
  ⚡ Timing: matmul=2.05s, sampling=3.02s, total=20.50s

============================================================
Level 113 - SAMPLING
============================================================
  Starting braids: 400000
  Candidates to generate: 2270920
  Processing in 46 chunks...
  Projlen distribution:
    projlen=59: 2 braids
    projlen=60: 4 braids
    projlen=61: 6 braids
    projlen=62: 40 braids
    projlen=63: 36 braids
    projlen=64: 865 braids
    projlen=65: 892 braids
    projlen=66: 11003 braids
    projlen=67: 9001 braids
    projlen=68: 90770 braids
  Braids kept: 2165032 (in 15 buckets, 40.74 GB)
  ⚡ Timing: matmul=1.61s, sampling=3.14s, total=19.29s

============================================================
Level 114 - SAMPLING
============================================================
  Starting braids: 400000
  Candidates to generate: 2289264
  Processing in 46 chunks...
  Projlen distribution:
    projlen=60: 6 braids
    projlen=61: 8 braids
    projlen=62: 32 braids
    projlen=63: 28 braids
    projlen=64: 294 braids
    projlen=65: 323 braids
    projlen=66: 5769 braids
    projlen=67: 5409 braids
    projlen=68: 61377 braids
    projlen=69: 45189 braids
  Braids kept: 2065431 (in 14 buckets, 38.87 GB)
  ⚡ Timing: matmul=2.06s, sampling=3.43s, total=20.90s

============================================================
Level 115 - SAMPLING
============================================================
  Starting braids: 400000
  Candidates to generate: 2333264
  Processing in 47 chunks...
  Projlen distribution:
    projlen=62: 50 braids
    projlen=63: 42 braids
    projlen=64: 222 braids
    projlen=65: 210 braids
    projlen=66: 2223 braids
    projlen=67: 2241 braids
    projlen=68: 35051 braids
    projlen=69: 28414 braids
    projlen=70: 305727 braids
    projlen=71: 201409 braids
  Braids kept: 1922710 (in 12 buckets, 36.18 GB)
  ⚡ Timing: matmul=2.13s, sampling=3.75s, total=22.11s

============================================================
Level 116 - SAMPLING
============================================================
  Starting braids: 400000
  Candidates to generate: 2334202
  Processing in 47 chunks...
  Projlen distribution:
    projlen=63: 2 braids
    projlen=64: 298 braids
    projlen=65: 250 braids
    projlen=66: 1595 braids
    projlen=67: 1445 braids
    projlen=68: 15139 braids
    projlen=69: 13463 braids
    projlen=70: 186697 braids
    projlen=71: 132295 braids
    projlen=72: 1285835 braids
  Braids kept: 1848367 (in 12 buckets, 34.78 GB)
  ⚡ Timing: matmul=2.02s, sampling=4.14s, total=22.30s

============================================================
Level 117 - SAMPLING
============================================================
  Starting braids: 400000
  Candidates to generate: 2244784
  Processing in 45 chunks...
  Projlen distribution:
    projlen=63: 4 braids
    projlen=64: 22 braids
    projlen=65: 66 braids
    projlen=66: 1710 braids
    projlen=67: 1492 braids
    projlen=68: 10376 braids
    projlen=69: 8819 braids
    projlen=70: 89955 braids
    projlen=71: 68282 braids
    projlen=72: 882105 braids
  Braids kept: 2162679 (in 13 buckets, 40.70 GB)
  ⚡ Timing: matmul=1.90s, sampling=3.73s, total=21.09s

============================================================
Level 118 - SAMPLING
============================================================
  Starting braids: 400000
  Candidates to generate: 2347338
  Processing in 47 chunks...
  Projlen distribution:
    projlen=63: 6 braids
    projlen=64: 14 braids
    projlen=65: 34 braids
    projlen=66: 352 braids
    projlen=67: 566 braids
    projlen=68: 9716 braids
    projlen=69: 8292 braids
    projlen=70: 61922 braids
    projlen=71: 45961 braids
    projlen=72: 450348 braids
  Braids kept: 2112489 (in 13 buckets, 39.75 GB)
  ⚡ Timing: matmul=1.87s, sampling=3.61s, total=21.00s

============================================================
Level 119 - SAMPLING
============================================================
  Starting braids: 400000
  Candidates to generate: 2375644
  Processing in 48 chunks...
  Projlen distribution:
    projlen=63: 4 braids
    projlen=64: 24 braids
    projlen=65: 34 braids
    projlen=66: 230 braids
    projlen=67: 280 braids
    projlen=68: 3175 braids
    projlen=69: 3573 braids
    projlen=70: 54920 braids
    projlen=71: 42181 braids
    projlen=72: 320227 braids
  Braids kept: 1979103 (in 13 buckets, 37.24 GB)
  ⚡ Timing: matmul=2.10s, sampling=4.14s, total=22.79s

============================================================
Level 120 - SAMPLING
============================================================
  Starting braids: 400000
  Candidates to generate: 2368862
  Processing in 48 chunks...
  Projlen distribution:
    projlen=64: 28 braids
    projlen=65: 42 braids
    projlen=66: 242 braids
    projlen=67: 256 braids
    projlen=68: 2026 braids
    projlen=69: 2060 braids
    projlen=70: 22652 braids
    projlen=71: 20425 braids
    projlen=72: 284398 braids
    projlen=73: 194849 braids
  Braids kept: 1904502 (in 12 buckets, 35.84 GB)
  ⚡ Timing: matmul=1.87s, sampling=4.46s, total=23.83s

============================================================
Level 121 - SAMPLING
============================================================
  Starting braids: 400000
  Candidates to generate: 2320966
  Processing in 47 chunks...
  Projlen distribution:
    projlen=63: 2 braids
    projlen=64: 10 braids
    projlen=65: 16 braids
    projlen=66: 246 braids
    projlen=67: 268 braids
    projlen=68: 1834 braids
    projlen=69: 1667 braids
    projlen=70: 14319 braids
    projlen=71: 12691 braids
    projlen=72: 134122 braids
  Braids kept: 1892940 (in 14 buckets, 35.62 GB)
  ⚡ Timing: matmul=1.96s, sampling=4.49s, total=23.07s

============================================================
Level 122 - SAMPLING
============================================================
  Starting braids: 400000
  Candidates to generate: 2318190
  Processing in 47 chunks...
  Projlen distribution:
    projlen=64: 6 braids
    projlen=65: 10 braids
    projlen=66: 96 braids
    projlen=67: 110 braids
    projlen=68: 1712 braids
    projlen=69: 1638 braids
    projlen=70: 11646 braids
    projlen=71: 9820 braids
    projlen=72: 87028 braids
    projlen=73: 65412 braids
  Braids kept: 2318190 (in 14 buckets, 43.62 GB)
  ⚡ Timing: matmul=2.00s, sampling=3.02s, total=20.70s

============================================================
Level 123 - SAMPLING
============================================================
  Starting braids: 400000
  Candidates to generate: 2359200
  Processing in 48 chunks...
  Projlen distribution:
    projlen=65: 4 braids
    projlen=66: 60 braids
    projlen=67: 68 braids
    projlen=68: 678 braids
    projlen=69: 710 braids
    projlen=70: 10394 braids
    projlen=71: 9184 braids
    projlen=72: 68666 braids
    projlen=73: 50810 braids
    projlen=74: 440324 braids
  Braids kept: 2115442 (in 13 buckets, 39.81 GB)
  ⚡ Timing: matmul=1.92s, sampling=3.72s, total=22.24s

============================================================
Level 124 - SAMPLING
============================================================
  Starting braids: 400000
  Candidates to generate: 2363094
  Processing in 48 chunks...
  Projlen distribution:
    projlen=66: 20 braids
    projlen=67: 34 braids
    projlen=68: 448 braids
    projlen=69: 430 braids
    projlen=70: 4527 braids
    projlen=71: 4399 braids
    projlen=72: 59326 braids
    projlen=73: 47174 braids
    projlen=74: 352874 braids
    projlen=75: 230621 braids
  Braids kept: 2013678 (in 12 buckets, 37.89 GB)
  ⚡ Timing: matmul=1.96s, sampling=4.15s, total=22.70s

============================================================
Level 125 - SAMPLING
============================================================
  Starting braids: 400000
  Candidates to generate: 2357880
  Processing in 48 chunks...
  Projlen distribution:
    projlen=66: 8 braids
    projlen=67: 14 braids
    projlen=68: 180 braids
    projlen=69: 236 braids
    projlen=70: 2977 braids
    projlen=71: 2697 braids
    projlen=72: 28482 braids
    projlen=73: 24171 braids
    projlen=74: 303617 braids
    projlen=75: 215190 braids
  Braids kept: 1931848 (in 12 buckets, 36.35 GB)
  ⚡ Timing: matmul=2.05s, sampling=4.13s, total=22.74s

============================================================
Level 126 - SAMPLING
============================================================
  Starting braids: 400000
  Candidates to generate: 2336894
  Processing in 47 chunks...
  Projlen distribution:
    projlen=66: 6 braids
    projlen=67: 10 braids
    projlen=68: 72 braids
    projlen=69: 112 braids
    projlen=70: 1306 braids
    projlen=71: 1642 braids
    projlen=72: 18242 braids
    projlen=73: 15372 braids
    projlen=74: 158777 braids
    projlen=75: 114664 braids
  Braids kept: 1859594 (in 13 buckets, 34.99 GB)
  ⚡ Timing: matmul=1.98s, sampling=4.13s, total=22.37s

============================================================
Level 127 - SAMPLING
============================================================
  Starting braids: 400000
  Candidates to generate: 2271244
  Processing in 46 chunks...
  Projlen distribution:
    projlen=68: 50 braids
    projlen=69: 64 braids
    projlen=70: 678 braids
    projlen=71: 803 braids
    projlen=72: 8668 braids
    projlen=73: 9820 braids
    projlen=74: 103169 braids
    projlen=75: 76429 braids
    projlen=76: 763060 braids
    projlen=77: 499441 braids
  Braids kept: 2271244 (in 12 buckets, 42.74 GB)
  ⚡ Timing: matmul=1.86s, sampling=2.43s, total=18.88s

============================================================
SEARCH COMPLETE
============================================================
Final level: 127
Total time: 2543.47s
Avg time per level: 20.03s
Total matmul time: 214.07s
Total kernel elements: 0
  Saving checkpoint to ./final_state_level_127.pt...

Final state saved to ./final_state_level_127.pt

============================================================
VERIFICATION
============================================================
No projlen=1 braids found.
JOB COMPLETED!
