============================================================
SEARCHING FOR p=7 KERNEL ELEMENTS (ULTRA-OPTIMIZED)
============================================================
Device: cuda
Bucket size: 800000
Max length: 127
Bootstrap length: 5
Prime: 7
Degree multiplier: 4
Degree window: 1017
Use best: 400000
Expansion chunk size: 50000
Matmul chunk size: 9000
⚡ Precomputed FFTs: ENABLED

Loaded tables from /nfs/roberts/project/pi_com36/com36/burau-experiments/precomputed_tables/tables_B4_r1_p7.pt
  Degree window: 1017
✓ Identity matrix verified

Precomputing FFTs of simple Burau matrices...
  D=1017, fft_size=2048
  FFT cache: 1.8 MB
Initialized with identity braid
Degree window: [-508, 508] (1017 coefficients)
FFT size: 2048
Storage types: matrix=torch.int16, word=torch.int32
Config: bucket_size=800000, bootstrap=5, max_length=127, chunk_size=50000, matmul_chunk=9000, use_best=400000
⚡ Ultra-optimized: precomputed Burau FFTs enabled

============================================================
Level 1 - BOOTSTRAP
============================================================
  Starting braids: 1
  Candidates to generate: 22
  Projlen distribution:
    projlen=3: 10 braids
    projlen=4: 12 braids
  Braids kept: 22 (in 2 buckets, 0.00 GB)
  ⚡ Timing: matmul=0.05s, sampling=0.00s, total=0.22s

============================================================
Level 2 - BOOTSTRAP
============================================================
  Starting braids: 22
  Candidates to generate: 164
  Projlen distribution:
    projlen=5: 56 braids
    projlen=6: 76 braids
    projlen=7: 32 braids
  Braids kept: 164 (in 3 buckets, 0.00 GB)
  ⚡ Timing: matmul=0.01s, sampling=0.00s, total=0.05s

============================================================
Level 3 - BOOTSTRAP
============================================================
  Starting braids: 164
  Candidates to generate: 982
  Projlen distribution:
    projlen=7: 270 braids
    projlen=8: 364 braids
    projlen=9: 288 braids
    projlen=10: 60 braids
  Braids kept: 982 (in 4 buckets, 0.02 GB)
  ⚡ Timing: matmul=0.01s, sampling=0.00s, total=0.05s

============================================================
Level 4 - BOOTSTRAP
============================================================
  Starting braids: 982
  Candidates to generate: 5528
  Projlen distribution:
    projlen=9: 1256 braids
    projlen=10: 1672 braids
    projlen=11: 1784 braids
    projlen=12: 700 braids
    projlen=13: 116 braids
  Braids kept: 5528 (in 5 buckets, 0.10 GB)
  ⚡ Timing: matmul=0.03s, sampling=0.00s, total=0.09s

============================================================
Level 5 - BOOTSTRAP
============================================================
  Starting braids: 5528
  Candidates to generate: 30478
  Projlen distribution:
    projlen=10: 4 braids
    projlen=11: 5798 braids
    projlen=12: 7672 braids
    projlen=13: 9864 braids
    projlen=14: 5236 braids
    projlen=15: 1716 braids
    projlen=16: 188 braids
  Braids kept: 30478 (in 7 buckets, 0.57 GB)
  ⚡ Timing: matmul=0.15s, sampling=0.00s, total=0.23s

============================================================
Level 6 - SAMPLING
============================================================
  Starting braids: 30478
  Candidates to generate: 166796
  Processing in 4 chunks...
  Projlen distribution:
    projlen=12: 64 braids
    projlen=13: 26772 braids
    projlen=14: 35288 braids
    projlen=15: 52292 braids
    projlen=16: 33012 braids
    projlen=17: 15680 braids
    projlen=18: 3356 braids
    projlen=19: 332 braids
  Braids kept: 166796 (in 8 buckets, 3.14 GB)
  ⚡ Timing: matmul=0.43s, sampling=0.03s, total=1.20s

============================================================
Level 7 - SAMPLING
============================================================
  Starting braids: 166796
  Candidates to generate: 910366
  Processing in 19 chunks...
  Projlen distribution:
    projlen=13: 52 braids
    projlen=14: 644 braids
    projlen=15: 123806 braids
    projlen=16: 162640 braids
    projlen=17: 271420 braids
    projlen=18: 191940 braids
    projlen=19: 116516 braids
    projlen=20: 35764 braids
    projlen=21: 7076 braids
    projlen=22: 508 braids
  Braids kept: 910366 (in 10 buckets, 17.13 GB)
  ⚡ Timing: matmul=0.87s, sampling=0.46s, total=6.92s

============================================================
Level 8 - SAMPLING
============================================================
  Starting braids: 400000
  Candidates to generate: 2232236
  Processing in 45 chunks...
  Projlen distribution:
    projlen=14: 96 braids
    projlen=15: 872 braids
    projlen=16: 4857 braids
    projlen=17: 562253 braids
    projlen=18: 705019 braids
    projlen=19: 745064 braids
    projlen=20: 214075 braids
  Braids kept: 2232236 (in 7 buckets, 42.01 GB)
  ⚡ Timing: matmul=1.90s, sampling=2.71s, total=19.66s

============================================================
Level 9 - SAMPLING
============================================================
  Starting braids: 400000
  Candidates to generate: 2387652
  Processing in 48 chunks...
  Projlen distribution:
    projlen=15: 138 braids
    projlen=16: 1007 braids
    projlen=17: 8976 braids
    projlen=18: 25295 braids
    projlen=19: 1566623 braids
    projlen=20: 785613 braids
  Braids kept: 1621029 (in 6 buckets, 30.50 GB)
  ⚡ Timing: matmul=1.86s, sampling=5.11s, total=23.62s

============================================================
Level 10 - SAMPLING
============================================================
  Starting braids: 400000
  Candidates to generate: 2420488
  Processing in 49 chunks...
  Projlen distribution:
    projlen=16: 14 braids
    projlen=17: 2207 braids
    projlen=18: 7105 braids
    projlen=19: 58825 braids
    projlen=20: 113828 braids
    projlen=21: 1493624 braids
    projlen=22: 744885 braids
  Braids kept: 1726864 (in 7 buckets, 32.50 GB)
  ⚡ Timing: matmul=2.22s, sampling=4.62s, total=24.19s

============================================================
Level 11 - SAMPLING
============================================================
  Starting braids: 400000
  Candidates to generate: 2437350
  Processing in 49 chunks...
  Projlen distribution:
    projlen=17: 24 braids
    projlen=18: 478 braids
    projlen=19: 17365 braids
    projlen=20: 40484 braids
    projlen=21: 324077 braids
    projlen=22: 491075 braids
    projlen=23: 1111738 braids
    projlen=24: 452109 braids
  Braids kept: 2125612 (in 8 buckets, 40.00 GB)
  ⚡ Timing: matmul=2.13s, sampling=4.59s, total=24.31s

============================================================
Level 12 - SAMPLING
============================================================
  Starting braids: 400000
  Candidates to generate: 2444250
  Processing in 49 chunks...
  Projlen distribution:
    projlen=18: 36 braids
    projlen=19: 716 braids
    projlen=20: 4558 braids
    projlen=21: 104161 braids
    projlen=22: 199281 braids
    projlen=23: 1367664 braids
    projlen=24: 727753 braids
    projlen=25: 40081 braids
  Braids kept: 1876586 (in 8 buckets, 35.31 GB)
  ⚡ Timing: matmul=2.17s, sampling=4.74s, total=25.07s

============================================================
Level 13 - SAMPLING
============================================================
  Starting braids: 400000
  Candidates to generate: 2380422
  Processing in 48 chunks...
  Projlen distribution:
    projlen=19: 42 braids
    projlen=20: 505 braids
    projlen=21: 8285 braids
    projlen=22: 27603 braids
    projlen=23: 518817 braids
    projlen=24: 833336 braids
    projlen=25: 803211 braids
    projlen=26: 188623 braids
  Braids kept: 2343875 (in 8 buckets, 44.11 GB)
  ⚡ Timing: matmul=1.87s, sampling=4.44s, total=23.12s

============================================================
Level 14 - SAMPLING
============================================================
  Starting braids: 400000
  Candidates to generate: 2458904
  Processing in 50 chunks...
  Projlen distribution:
    projlen=20: 24 braids
    projlen=21: 1061 braids
    projlen=22: 4465 braids
    projlen=23: 53239 braids
    projlen=24: 134735 braids
    projlen=25: 1503323 braids
    projlen=26: 762057 braids
  Braids kept: 1755581 (in 7 buckets, 33.04 GB)
  ⚡ Timing: matmul=2.25s, sampling=4.95s, total=25.35s

============================================================
Level 15 - SAMPLING
============================================================
  Starting braids: 400000
  Candidates to generate: 2428572
  Processing in 49 chunks...
  Projlen distribution:
    projlen=21: 69 braids
    projlen=22: 381 braids
    projlen=23: 8777 braids
    projlen=24: 25539 braids
    projlen=25: 280351 braids
    projlen=26: 571817 braids
    projlen=27: 1108979 braids
    projlen=28: 432659 braids
  Braids kept: 2119593 (in 8 buckets, 39.89 GB)
  ⚡ Timing: matmul=2.21s, sampling=3.76s, total=23.07s

============================================================
Level 16 - SAMPLING
============================================================
  Starting braids: 400000
  Candidates to generate: 2422870
  Processing in 49 chunks...
  Projlen distribution:
    projlen=23: 806 braids
    projlen=24: 3554 braids
    projlen=25: 50031 braids
    projlen=26: 130784 braids
    projlen=27: 1187389 braids
    projlen=28: 860962 braids
    projlen=29: 189344 braids
  Braids kept: 1974519 (in 7 buckets, 37.16 GB)
  ⚡ Timing: matmul=2.11s, sampling=5.10s, total=24.65s

============================================================
Level 17 - SAMPLING
============================================================
  Starting braids: 400000
  Candidates to generate: 2404810
  Processing in 49 chunks...
  Projlen distribution:
    projlen=23: 4 braids
    projlen=24: 278 braids
    projlen=25: 6792 braids
    projlen=26: 22361 braids
    projlen=27: 252677 braids
    projlen=28: 556327 braids
    projlen=29: 1116385 braids
    projlen=30: 449986 braids
  Braids kept: 2088425 (in 8 buckets, 39.30 GB)
  ⚡ Timing: matmul=1.94s, sampling=4.46s, total=24.31s

============================================================
Level 18 - SAMPLING
============================================================
  Starting braids: 400000
  Candidates to generate: 2412250
  Processing in 49 chunks...
  Projlen distribution:
    projlen=23: 2 braids
    projlen=24: 42 braids
    projlen=25: 865 braids
    projlen=26: 3807 braids
    projlen=27: 43834 braids
    projlen=28: 119520 braids
    projlen=29: 1073280 braids
    projlen=30: 910361 braids
    projlen=31: 260539 braids
  Braids kept: 2028609 (in 9 buckets, 38.17 GB)
  ⚡ Timing: matmul=2.45s, sampling=5.06s, total=25.10s

============================================================
Level 19 - SAMPLING
============================================================
  Starting braids: 400000
  Candidates to generate: 2429096
  Processing in 49 chunks...
  Projlen distribution:
    projlen=24: 20 braids
    projlen=25: 237 braids
    projlen=26: 1207 braids
    projlen=27: 10023 braids
    projlen=28: 27440 braids
    projlen=29: 233414 braids
    projlen=30: 516393 braids
    projlen=31: 1154158 braids
    projlen=32: 486204 braids
  Braids kept: 2074938 (in 9 buckets, 39.05 GB)
  ⚡ Timing: matmul=2.14s, sampling=4.45s, total=23.96s

============================================================
Level 20 - SAMPLING
============================================================
  Starting braids: 400000
  Candidates to generate: 2439640
  Processing in 49 chunks...
  Projlen distribution:
    projlen=23: 4 braids
    projlen=24: 16 braids
    projlen=25: 86 braids
    projlen=26: 314 braids
    projlen=27: 3083 braids
    projlen=28: 10587 braids
    projlen=29: 70480 braids
    projlen=30: 147902 braids
    projlen=31: 1017490 braids
    projlen=32: 907780 braids
  Braids kept: 2114370 (in 11 buckets, 39.79 GB)
  ⚡ Timing: matmul=2.13s, sampling=4.55s, total=23.95s

============================================================
Level 21 - SAMPLING
============================================================
  Starting braids: 400000
  Candidates to generate: 2429118
  Processing in 49 chunks...
  Projlen distribution:
    projlen=23: 6 braids
    projlen=24: 12 braids
    projlen=25: 54 braids
    projlen=26: 180 braids
    projlen=27: 1003 braids
    projlen=28: 2948 braids
    projlen=29: 24587 braids
    projlen=30: 62739 braids
    projlen=31: 377772 braids
    projlen=32: 642276 braids
  Braids kept: 2260504 (in 12 buckets, 42.54 GB)
  ⚡ Timing: matmul=2.05s, sampling=3.88s, total=22.57s

============================================================
Level 22 - SAMPLING
============================================================
  Starting braids: 400000
  Candidates to generate: 2453280
  Processing in 50 chunks...
  Projlen distribution:
    projlen=25: 46 braids
    projlen=26: 101 braids
    projlen=27: 460 braids
    projlen=28: 1475 braids
    projlen=29: 8199 braids
    projlen=30: 19312 braids
    projlen=31: 141349 braids
    projlen=32: 301955 braids
    projlen=33: 1324373 braids
    projlen=34: 656010 braids
  Braids kept: 1928907 (in 10 buckets, 36.30 GB)
  ⚡ Timing: matmul=2.02s, sampling=4.93s, total=25.19s

============================================================
Level 23 - SAMPLING
============================================================
  Starting braids: 400000
  Candidates to generate: 2378056
  Processing in 48 chunks...
  Projlen distribution:
    projlen=26: 8 braids
    projlen=27: 299 braids
    projlen=28: 702 braids
    projlen=29: 3334 braids
    projlen=30: 9642 braids
    projlen=31: 50341 braids
    projlen=32: 100369 braids
    projlen=33: 670967 braids
    projlen=34: 1032502 braids
    projlen=35: 509892 braids
  Braids kept: 2145554 (in 10 buckets, 40.38 GB)
  ⚡ Timing: matmul=2.21s, sampling=3.71s, total=22.82s

============================================================
Level 24 - SAMPLING
============================================================
  Starting braids: 400000
  Candidates to generate: 2384180
  Processing in 48 chunks...
  Projlen distribution:
    projlen=26: 8 braids
    projlen=27: 21 braids
    projlen=28: 208 braids
    projlen=29: 1895 braids
    projlen=30: 4392 braids
    projlen=31: 20567 braids
    projlen=32: 51290 braids
    projlen=33: 252186 braids
    projlen=34: 443094 braids
    projlen=35: 1118717 braids
  Braids kept: 2065463 (in 11 buckets, 38.87 GB)
  ⚡ Timing: matmul=2.06s, sampling=4.10s, total=23.48s

============================================================
Level 25 - SAMPLING
============================================================
  Starting braids: 400000
  Candidates to generate: 2353604
  Processing in 48 chunks...
  Projlen distribution:
    projlen=27: 36 braids
    projlen=28: 77 braids
    projlen=29: 467 braids
    projlen=30: 1715 braids
    projlen=31: 11486 braids
    projlen=32: 23889 braids
    projlen=33: 106336 braids
    projlen=34: 244125 braids
    projlen=35: 1071556 braids
    projlen=36: 742042 braids
  Braids kept: 2082048 (in 11 buckets, 39.18 GB)
  ⚡ Timing: matmul=1.93s, sampling=4.86s, total=24.42s

============================================================
Level 26 - SAMPLING
============================================================
  Starting braids: 400000
  Candidates to generate: 2302868
  Processing in 47 chunks...
  Projlen distribution:
    projlen=26: 4 braids
    projlen=27: 16 braids
    projlen=28: 35 braids
    projlen=29: 443 braids
    projlen=30: 699 braids
    projlen=31: 4042 braids
    projlen=32: 10751 braids
    projlen=33: 62341 braids
    projlen=34: 116878 braids
    projlen=35: 498388 braids
  Braids kept: 2082161 (in 13 buckets, 39.18 GB)
  ⚡ Timing: matmul=1.91s, sampling=3.58s, total=21.77s

============================================================
Level 27 - SAMPLING
============================================================
  Starting braids: 400000
  Candidates to generate: 2314936
  Processing in 47 chunks...
  Projlen distribution:
    projlen=27: 18 braids
    projlen=28: 27 braids
    projlen=29: 195 braids
    projlen=30: 338 braids
    projlen=31: 3233 braids
    projlen=32: 4864 braids
    projlen=33: 26193 braids
    projlen=34: 58073 braids
    projlen=35: 295823 braids
    projlen=36: 504776 braids
  Braids kept: 2111877 (in 12 buckets, 39.74 GB)
  ⚡ Timing: matmul=1.95s, sampling=3.89s, total=22.15s

============================================================
Level 28 - SAMPLING
============================================================
  Starting braids: 400000
  Candidates to generate: 2351348
  Processing in 48 chunks...
  Projlen distribution:
    projlen=27: 13 braids
    projlen=28: 25 braids
    projlen=29: 167 braids
    projlen=30: 219 braids
    projlen=31: 1488 braids
    projlen=32: 2420 braids
    projlen=33: 19665 braids
    projlen=34: 28358 braids
    projlen=35: 141250 braids
    projlen=36: 274474 braids
  Braids kept: 1928709 (in 13 buckets, 36.29 GB)
  ⚡ Timing: matmul=2.01s, sampling=4.29s, total=23.49s

============================================================
Level 29 - SAMPLING
============================================================
  Starting braids: 400000
  Candidates to generate: 2319460
  Processing in 47 chunks...
  Projlen distribution:
    projlen=27: 1 braids
    projlen=28: 8 braids
    projlen=29: 116 braids
    projlen=30: 181 braids
    projlen=31: 1144 braids
    projlen=32: 1579 braids
    projlen=33: 9675 braids
    projlen=34: 15086 braids
    projlen=35: 106301 braids
    projlen=36: 140686 braids
  Braids kept: 2182349 (in 13 buckets, 41.07 GB)
  ⚡ Timing: matmul=1.92s, sampling=3.45s, total=21.23s

============================================================
Level 30 - SAMPLING
============================================================
  Starting braids: 400000
  Candidates to generate: 2303678
  Processing in 47 chunks...
  Projlen distribution:
    projlen=28: 10 braids
    projlen=29: 33 braids
    projlen=30: 74 braids
    projlen=31: 711 braids
    projlen=32: 1088 braids
    projlen=33: 7067 braids
    projlen=34: 10093 braids
    projlen=35: 56982 braids
    projlen=36: 78879 braids
    projlen=37: 508983 braids
  Braids kept: 2303678 (in 13 buckets, 43.35 GB)
  ⚡ Timing: matmul=1.97s, sampling=2.87s, total=20.49s

============================================================
Level 31 - SAMPLING
============================================================
  Starting braids: 400000
  Candidates to generate: 2347370
  Processing in 47 chunks...
  Projlen distribution:
    projlen=27: 3 braids
    projlen=28: 11 braids
    projlen=29: 36 braids
    projlen=30: 88 braids
    projlen=31: 245 braids
    projlen=32: 474 braids
    projlen=33: 4188 braids
    projlen=34: 6227 braids
    projlen=35: 41455 braids
    projlen=36: 54447 braids
  Braids kept: 2037113 (in 14 buckets, 38.33 GB)
  ⚡ Timing: matmul=2.16s, sampling=4.10s, total=23.52s

============================================================
Level 32 - SAMPLING
============================================================
  Starting braids: 400000
  Candidates to generate: 2353882
  Processing in 48 chunks...
  Projlen distribution:
    projlen=27: 8 braids
    projlen=28: 18 braids
    projlen=29: 42 braids
    projlen=30: 80 braids
    projlen=31: 256 braids
    projlen=32: 518 braids
    projlen=33: 1594 braids
    projlen=34: 2982 braids
    projlen=35: 23960 braids
    projlen=36: 33977 braids
  Braids kept: 1939444 (in 15 buckets, 36.50 GB)
  ⚡ Timing: matmul=2.14s, sampling=4.03s, total=24.07s

============================================================
Level 33 - SAMPLING
============================================================
  Starting braids: 400000
  Candidates to generate: 2296356
  Processing in 46 chunks...
  Projlen distribution:
    projlen=26: 2 braids
    projlen=27: 6 braids
    projlen=28: 13 braids
    projlen=29: 63 braids
    projlen=30: 120 braids
    projlen=31: 289 braids
    projlen=32: 469 braids
    projlen=33: 1455 braids
    projlen=34: 2983 braids
    projlen=35: 9850 braids
  Braids kept: 2138018 (in 16 buckets, 40.23 GB)
  ⚡ Timing: matmul=2.11s, sampling=4.04s, total=22.44s

============================================================
Level 34 - SAMPLING
============================================================
  Starting braids: 400000
  Candidates to generate: 2292170
  Processing in 46 chunks...
  Projlen distribution:
    projlen=27: 8 braids
    projlen=28: 14 braids
    projlen=29: 39 braids
    projlen=30: 79 braids
    projlen=31: 356 braids
    projlen=32: 655 braids
    projlen=33: 1618 braids
    projlen=34: 2619 braids
    projlen=35: 8299 braids
    projlen=36: 16498 braids
  Braids kept: 2292170 (in 16 buckets, 43.13 GB)
  ⚡ Timing: matmul=1.97s, sampling=2.50s, total=20.06s

============================================================
Level 35 - SAMPLING
============================================================
  Starting braids: 400000
  Candidates to generate: 2344560
  Processing in 47 chunks...
  Projlen distribution:
    projlen=27: 6 braids
    projlen=28: 6 braids
    projlen=29: 60 braids
    projlen=30: 87 braids
    projlen=31: 232 braids
    projlen=32: 435 braids
    projlen=33: 1877 braids
    projlen=34: 3372 braids
    projlen=35: 8790 braids
    projlen=36: 14248 braids
  Braids kept: 2106213 (in 16 buckets, 39.63 GB)
  ⚡ Timing: matmul=2.31s, sampling=3.53s, total=22.63s

============================================================
Level 36 - SAMPLING
============================================================
  Starting braids: 400000
  Candidates to generate: 2320184
  Processing in 47 chunks...
  Projlen distribution:
    projlen=29: 38 braids
    projlen=30: 34 braids
    projlen=31: 330 braids
    projlen=32: 491 braids
    projlen=33: 1347 braids
    projlen=34: 2362 braids
    projlen=35: 9739 braids
    projlen=36: 17122 braids
    projlen=37: 47404 braids
    projlen=38: 74445 braids
  Braids kept: 2071395 (in 14 buckets, 38.98 GB)
  ⚡ Timing: matmul=1.77s, sampling=3.48s, total=21.28s

============================================================
Level 37 - SAMPLING
============================================================
  Starting braids: 400000
  Candidates to generate: 2289988
  Processing in 46 chunks...
  Projlen distribution:
    projlen=31: 197 braids
    projlen=32: 204 braids
    projlen=33: 1715 braids
    projlen=34: 2603 braids
    projlen=35: 7531 braids
    projlen=36: 12539 braids
    projlen=37: 50253 braids
    projlen=38: 86044 braids
    projlen=39: 242286 braids
    projlen=40: 356104 braids
  Braids kept: 2077362 (in 13 buckets, 39.09 GB)
  ⚡ Timing: matmul=1.91s, sampling=3.62s, total=21.20s

============================================================
Level 38 - SAMPLING
============================================================
  Starting braids: 400000
  Candidates to generate: 2276314
  Processing in 46 chunks...
  Projlen distribution:
    projlen=32: 17 braids
    projlen=33: 1066 braids
    projlen=34: 1208 braids
    projlen=35: 8784 braids
    projlen=36: 13256 braids
    projlen=37: 40598 braids
    projlen=38: 65173 braids
    projlen=39: 252606 braids
    projlen=40: 401124 braids
    projlen=41: 1022437 braids
  Braids kept: 2053877 (in 11 buckets, 38.65 GB)
  ⚡ Timing: matmul=1.83s, sampling=3.89s, total=21.34s

============================================================
Level 39 - SAMPLING
============================================================
  Starting braids: 400000
  Candidates to generate: 2281430
  Processing in 46 chunks...
  Projlen distribution:
    projlen=31: 1 braids
    projlen=32: 7 braids
    projlen=33: 48 braids
    projlen=34: 197 braids
    projlen=35: 5698 braids
    projlen=36: 6624 braids
    projlen=37: 44750 braids
    projlen=38: 66499 braids
    projlen=39: 209153 braids
    projlen=40: 308659 braids
  Braids kept: 2026159 (in 13 buckets, 38.13 GB)
  ⚡ Timing: matmul=1.94s, sampling=4.06s, total=21.76s

============================================================
Level 40 - SAMPLING
============================================================
  Starting braids: 400000
  Candidates to generate: 2263648
  Processing in 46 chunks...
  Projlen distribution:
    projlen=32: 2 braids
    projlen=33: 18 braids
    projlen=34: 101 braids
    projlen=35: 538 braids
    projlen=36: 1580 braids
    projlen=37: 29716 braids
    projlen=38: 35088 braids
    projlen=39: 223220 braids
    projlen=40: 312271 braids
    projlen=41: 910565 braids
  Braids kept: 2153083 (in 12 buckets, 40.52 GB)
  ⚡ Timing: matmul=1.98s, sampling=4.06s, total=22.26s

============================================================
Level 41 - SAMPLING
============================================================
  Starting braids: 400000
  Candidates to generate: 2287866
  Processing in 46 chunks...
  Projlen distribution:
    projlen=33: 8 braids
    projlen=34: 25 braids
    projlen=35: 221 braids
    projlen=36: 794 braids
    projlen=37: 3922 braids
    projlen=38: 10510 braids
    projlen=39: 149738 braids
    projlen=40: 169319 braids
    projlen=41: 966693 braids
    projlen=42: 749339 braids
  Braids kept: 2121173 (in 11 buckets, 39.92 GB)
  ⚡ Timing: matmul=2.26s, sampling=4.03s, total=22.29s

============================================================
Level 42 - SAMPLING
============================================================
  Starting braids: 400000
  Candidates to generate: 2277132
  Processing in 46 chunks...
  Projlen distribution:
    projlen=33: 8 braids
    projlen=34: 22 braids
    projlen=35: 87 braids
    projlen=36: 260 braids
    projlen=37: 1704 braids
    projlen=38: 5406 braids
    projlen=39: 25591 braids
    projlen=40: 58367 braids
    projlen=41: 694068 braids
    projlen=42: 729662 braids
  Braids kept: 2277132 (in 12 buckets, 42.85 GB)
  ⚡ Timing: matmul=2.05s, sampling=2.68s, total=19.78s

============================================================
Level 43 - SAMPLING
============================================================
  Starting braids: 400000
  Candidates to generate: 2400944
  Processing in 49 chunks...
  Projlen distribution:
    projlen=32: 2 braids
    projlen=33: 9 braids
    projlen=34: 24 braids
    projlen=35: 64 braids
    projlen=36: 164 braids
    projlen=37: 718 braids
    projlen=38: 2056 braids
    projlen=39: 11857 braids
    projlen=40: 31412 braids
    projlen=41: 138090 braids
  Braids kept: 1875288 (in 13 buckets, 35.29 GB)
  ⚡ Timing: matmul=2.05s, sampling=5.04s, total=25.34s

============================================================
Level 44 - SAMPLING
============================================================
  Starting braids: 400000
  Candidates to generate: 2370218
  Processing in 48 chunks...
  Projlen distribution:
    projlen=33: 12 braids
    projlen=34: 26 braids
    projlen=35: 92 braids
    projlen=36: 153 braids
    projlen=37: 554 braids
    projlen=38: 1171 braids
    projlen=39: 5419 braids
    projlen=40: 13552 braids
    projlen=41: 70055 braids
    projlen=42: 159361 braids
  Braids kept: 2194729 (in 13 buckets, 41.30 GB)
  ⚡ Timing: matmul=2.02s, sampling=4.64s, total=23.41s

============================================================
Level 45 - SAMPLING
============================================================
  Starting braids: 400000
  Candidates to generate: 2376608
  Processing in 48 chunks...
  Projlen distribution:
    projlen=33: 8 braids
    projlen=34: 26 braids
    projlen=35: 114 braids
    projlen=36: 212 braids
    projlen=37: 638 braids
    projlen=38: 942 braids
    projlen=39: 3936 braids
    projlen=40: 7803 braids
    projlen=41: 35089 braids
    projlen=42: 75258 braids
  Braids kept: 2278854 (in 14 buckets, 42.88 GB)
  ⚡ Timing: matmul=2.17s, sampling=3.43s, total=22.21s

============================================================
Level 46 - SAMPLING
============================================================
  Starting braids: 400000
  Candidates to generate: 2403996
  Processing in 49 chunks...
  Projlen distribution:
    projlen=33: 6 braids
    projlen=34: 16 braids
    projlen=35: 63 braids
    projlen=36: 197 braids
    projlen=37: 738 braids
    projlen=38: 1219 braids
    projlen=39: 3880 braids
    projlen=40: 5805 braids
    projlen=41: 24973 braids
    projlen=42: 45869 braids
  Braids kept: 2003925 (in 14 buckets, 37.71 GB)
  ⚡ Timing: matmul=2.00s, sampling=4.85s, total=24.45s

============================================================
Level 47 - SAMPLING
============================================================
  Starting braids: 400000
  Candidates to generate: 2359770
  Processing in 48 chunks...
  Projlen distribution:
    projlen=35: 44 braids
    projlen=36: 109 braids
    projlen=37: 400 braids
    projlen=38: 1145 braids
    projlen=39: 4131 braids
    projlen=40: 6803 braids
    projlen=41: 22234 braids
    projlen=42: 33877 braids
    projlen=43: 138188 braids
    projlen=44: 229775 braids
  Braids kept: 2309247 (in 13 buckets, 43.46 GB)
  ⚡ Timing: matmul=1.97s, sampling=4.57s, total=23.40s

============================================================
Level 48 - SAMPLING
============================================================
  Starting braids: 400000
  Candidates to generate: 2315190
  Processing in 47 chunks...
  Projlen distribution:
    projlen=37: 250 braids
    projlen=38: 628 braids
    projlen=39: 2439 braids
    projlen=40: 6270 braids
    projlen=41: 22184 braids
    projlen=42: 36324 braids
    projlen=43: 121083 braids
    projlen=44: 174756 braids
    projlen=45: 659138 braids
    projlen=46: 872015 braids
  Braids kept: 2243175 (in 11 buckets, 42.21 GB)
  ⚡ Timing: matmul=1.88s, sampling=3.36s, total=20.79s

============================================================
Level 49 - SAMPLING
============================================================
  Starting braids: 400000
  Candidates to generate: 2273662
  Processing in 46 chunks...
  Projlen distribution:
    projlen=38: 33 braids
    projlen=39: 1466 braids
    projlen=40: 3695 braids
    projlen=41: 14201 braids
    projlen=42: 33076 braids
    projlen=43: 116191 braids
    projlen=44: 182618 braids
    projlen=45: 585269 braids
    projlen=46: 757790 braids
    projlen=47: 506291 braids
  Braids kept: 2273662 (in 11 buckets, 42.79 GB)
  ⚡ Timing: matmul=1.91s, sampling=2.79s, total=20.01s

============================================================
Level 50 - SAMPLING
============================================================
  Starting braids: 400000
  Candidates to generate: 2256070
  Processing in 46 chunks...
  Projlen distribution:
    projlen=38: 14 braids
    projlen=39: 108 braids
    projlen=40: 585 braids
    projlen=41: 8547 braids
    projlen=42: 20401 braids
    projlen=43: 78587 braids
    projlen=44: 166168 braids
    projlen=45: 548742 braids
    projlen=46: 780673 braids
    projlen=47: 554219 braids
  Braids kept: 2256070 (in 11 buckets, 42.45 GB)
  ⚡ Timing: matmul=1.59s, sampling=2.81s, total=18.92s

============================================================
Level 51 - SAMPLING
============================================================
  Starting braids: 400000
  Candidates to generate: 2284394
  Processing in 46 chunks...
  Projlen distribution:
    projlen=38: 6 braids
    projlen=39: 47 braids
    projlen=40: 286 braids
    projlen=41: 1450 braids
    projlen=42: 4886 braids
    projlen=43: 48201 braids
    projlen=44: 104615 braids
    projlen=45: 380048 braids
    projlen=46: 702989 braids
    projlen=47: 788571 braids
  Braids kept: 2284394 (in 11 buckets, 42.99 GB)
  ⚡ Timing: matmul=1.52s, sampling=2.43s, total=18.53s

============================================================
Level 52 - SAMPLING
============================================================
  Starting braids: 400000
  Candidates to generate: 2320286
  Processing in 47 chunks...
  Projlen distribution:
    projlen=38: 3 braids
    projlen=39: 21 braids
    projlen=40: 118 braids
    projlen=41: 683 braids
    projlen=42: 2747 braids
    projlen=43: 12130 braids
    projlen=44: 31190 braids
    projlen=45: 238160 braids
    projlen=46: 459435 braids
    projlen=47: 1091010 braids
  Braids kept: 2029276 (in 11 buckets, 38.19 GB)
  ⚡ Timing: matmul=1.56s, sampling=3.16s, total=20.17s

============================================================
Level 53 - SAMPLING
============================================================
  Starting braids: 400000
  Candidates to generate: 2340954
  Processing in 47 chunks...
  Projlen distribution:
    projlen=39: 9 braids
    projlen=40: 58 braids
    projlen=41: 292 braids
    projlen=42: 1242 braids
    projlen=43: 6180 braids
    projlen=44: 19097 braids
    projlen=45: 74088 braids
    projlen=46: 156756 braids
    projlen=47: 996680 braids
    projlen=48: 839988 braids
  Braids kept: 2104286 (in 11 buckets, 39.60 GB)
  ⚡ Timing: matmul=1.65s, sampling=3.54s, total=20.70s

============================================================
Level 54 - SAMPLING
============================================================
  Starting braids: 400000
  Candidates to generate: 2364708
  Processing in 48 chunks...
  Projlen distribution:
    projlen=39: 1 braids
    projlen=40: 18 braids
    projlen=41: 132 braids
    projlen=42: 587 braids
    projlen=43: 2521 braids
    projlen=44: 9255 braids
    projlen=45: 40592 braids
    projlen=46: 103953 braids
    projlen=47: 366600 braids
    projlen=48: 675915 braids
  Braids kept: 2292759 (in 12 buckets, 43.15 GB)
  ⚡ Timing: matmul=1.54s, sampling=2.62s, total=19.35s

============================================================
Level 55 - SAMPLING
============================================================
  Starting braids: 400000
  Candidates to generate: 2370460
  Processing in 48 chunks...
  Projlen distribution:
    projlen=40: 5 braids
    projlen=41: 25 braids
    projlen=42: 256 braids
    projlen=43: 1236 braids
    projlen=44: 4249 braids
    projlen=45: 17621 braids
    projlen=46: 53328 braids
    projlen=47: 211529 braids
    projlen=48: 473161 braids
    projlen=49: 1100924 braids
  Braids kept: 2069536 (in 11 buckets, 38.94 GB)
  ⚡ Timing: matmul=1.63s, sampling=4.21s, total=22.12s

============================================================
Level 56 - SAMPLING
============================================================
  Starting braids: 400000
  Candidates to generate: 2346800
  Processing in 47 chunks...
  Projlen distribution:
    projlen=41: 15 braids
    projlen=42: 119 braids
    projlen=43: 481 braids
    projlen=44: 2132 braids
    projlen=45: 9422 braids
    projlen=46: 25554 braids
    projlen=47: 97556 braids
    projlen=48: 257880 braids
    projlen=49: 906468 braids
    projlen=50: 808102 braids
  Braids kept: 2232230 (in 11 buckets, 42.01 GB)
  ⚡ Timing: matmul=2.03s, sampling=4.17s, total=22.82s

============================================================
Level 57 - SAMPLING
============================================================
  Starting braids: 400000
  Candidates to generate: 2326236
  Processing in 47 chunks...
  Projlen distribution:
    projlen=41: 3 braids
    projlen=42: 74 braids
    projlen=43: 264 braids
    projlen=44: 1177 braids
    projlen=45: 4271 braids
    projlen=46: 13917 braids
    projlen=47: 56504 braids
    projlen=48: 130278 braids
    projlen=49: 460861 braids
    projlen=50: 1071752 braids
  Braids kept: 2054484 (in 12 buckets, 38.66 GB)
  ⚡ Timing: matmul=1.92s, sampling=4.32s, total=22.64s

============================================================
Level 58 - SAMPLING
============================================================
  Starting braids: 400000
  Candidates to generate: 2334230
  Processing in 47 chunks...
  Projlen distribution:
    projlen=42: 30 braids
    projlen=43: 116 braids
    projlen=44: 758 braids
    projlen=45: 2396 braids
    projlen=46: 8309 braids
    projlen=47: 27806 braids
    projlen=48: 77528 braids
    projlen=49: 278194 braids
    projlen=50: 566228 braids
    projlen=51: 970985 braids
  Braids kept: 2163245 (in 11 buckets, 40.71 GB)
  ⚡ Timing: matmul=1.91s, sampling=4.00s, total=22.25s

============================================================
Level 59 - SAMPLING
============================================================
  Starting braids: 400000
  Candidates to generate: 2352004
  Processing in 48 chunks...
  Projlen distribution:
    projlen=41: 2 braids
    projlen=42: 20 braids
    projlen=43: 56 braids
    projlen=44: 321 braids
    projlen=45: 1183 braids
    projlen=46: 5107 braids
    projlen=47: 15822 braids
    projlen=48: 48816 braids
    projlen=49: 151250 braids
    projlen=50: 369018 braids
  Braids kept: 1993250 (in 13 buckets, 37.51 GB)
  ⚡ Timing: matmul=1.97s, sampling=4.38s, total=23.88s

============================================================
Level 60 - SAMPLING
============================================================
  Starting braids: 400000
  Candidates to generate: 2331750
  Processing in 47 chunks...
  Projlen distribution:
    projlen=41: 3 braids
    projlen=42: 12 braids
    projlen=43: 38 braids
    projlen=44: 212 braids
    projlen=45: 617 braids
    projlen=46: 2400 braids
    projlen=47: 8306 braids
    projlen=48: 30641 braids
    projlen=49: 90088 braids
    projlen=50: 239545 braids
  Braids kept: 2219418 (in 13 buckets, 41.77 GB)
  ⚡ Timing: matmul=1.95s, sampling=3.50s, total=20.99s

============================================================
Level 61 - SAMPLING
============================================================
  Starting braids: 400000
  Candidates to generate: 2323474
  Processing in 47 chunks...
  Projlen distribution:
    projlen=42: 9 braids
    projlen=43: 28 braids
    projlen=44: 137 braids
    projlen=45: 367 braids
    projlen=46: 1534 braids
    projlen=47: 4560 braids
    projlen=48: 15508 braids
    projlen=49: 50749 braids
    projlen=50: 158833 braids
    projlen=51: 431566 braids
  Braids kept: 2116662 (in 13 buckets, 39.83 GB)
  ⚡ Timing: matmul=2.06s, sampling=3.66s, total=22.02s

============================================================
Level 62 - SAMPLING
============================================================
  Starting braids: 400000
  Candidates to generate: 2327172
  Processing in 47 chunks...
  Projlen distribution:
    projlen=44: 101 braids
    projlen=45: 259 braids
    projlen=46: 915 braids
    projlen=47: 2648 braids
    projlen=48: 9868 braids
    projlen=49: 29069 braids
    projlen=50: 86908 braids
    projlen=51: 252771 braids
    projlen=52: 684489 braids
    projlen=53: 907527 braids
  Braids kept: 2219645 (in 11 buckets, 41.77 GB)
  ⚡ Timing: matmul=2.00s, sampling=4.44s, total=22.52s

============================================================
Level 63 - SAMPLING
============================================================
  Starting braids: 400000
  Candidates to generate: 2334778
  Processing in 47 chunks...
  Projlen distribution:
    projlen=44: 12 braids
    projlen=45: 56 braids
    projlen=46: 688 braids
    projlen=47: 1771 braids
    projlen=48: 5945 braids
    projlen=49: 17163 braids
    projlen=50: 57267 braids
    projlen=51: 154759 braids
    projlen=52: 413433 braids
    projlen=53: 1060668 braids
  Braids kept: 2074110 (in 12 buckets, 39.03 GB)
  ⚡ Timing: matmul=2.11s, sampling=3.91s, total=22.54s

============================================================
Level 64 - SAMPLING
============================================================
  Starting braids: 400000
  Candidates to generate: 2323874
  Processing in 47 chunks...
  Projlen distribution:
    projlen=44: 10 braids
    projlen=45: 37 braids
    projlen=46: 136 braids
    projlen=47: 546 braids
    projlen=48: 4359 braids
    projlen=49: 11050 braids
    projlen=50: 35761 braids
    projlen=51: 96128 braids
    projlen=52: 280443 braids
    projlen=53: 675760 braids
  Braids kept: 2243849 (in 12 buckets, 42.22 GB)
  ⚡ Timing: matmul=2.00s, sampling=3.56s, total=21.65s

============================================================
Level 65 - SAMPLING
============================================================
  Starting braids: 400000
  Candidates to generate: 2326986
  Processing in 47 chunks...
  Projlen distribution:
    projlen=44: 4 braids
    projlen=45: 19 braids
    projlen=46: 125 braids
    projlen=47: 350 braids
    projlen=48: 1260 braids
    projlen=49: 4295 braids
    projlen=50: 25592 braids
    projlen=51: 62881 braids
    projlen=52: 185917 braids
    projlen=53: 452445 braids
  Braids kept: 2052330 (in 12 buckets, 38.62 GB)
  ⚡ Timing: matmul=2.05s, sampling=3.91s, total=22.73s

============================================================
Level 66 - SAMPLING
============================================================
  Starting braids: 400000
  Candidates to generate: 2323940
  Processing in 47 chunks...
  Projlen distribution:
    projlen=44: 2 braids
    projlen=45: 12 braids
    projlen=46: 71 braids
    projlen=47: 205 braids
    projlen=48: 1035 braids
    projlen=49: 2574 braids
    projlen=50: 9589 braids
    projlen=51: 27922 braids
    projlen=52: 135483 braids
    projlen=53: 305078 braids
  Braids kept: 2319394 (in 13 buckets, 43.65 GB)
  ⚡ Timing: matmul=2.05s, sampling=3.37s, total=21.33s

============================================================
Level 67 - SAMPLING
============================================================
  Starting braids: 400000
  Candidates to generate: 2329660
  Processing in 47 chunks...
  Projlen distribution:
    projlen=45: 4 braids
    projlen=46: 61 braids
    projlen=47: 129 braids
    projlen=48: 564 braids
    projlen=49: 1687 braids
    projlen=50: 7001 braids
    projlen=51: 17236 braids
    projlen=52: 58854 braids
    projlen=53: 146526 braids
    projlen=54: 613376 braids
  Braids kept: 2119820 (in 12 buckets, 39.89 GB)
  ⚡ Timing: matmul=2.17s, sampling=3.57s, total=22.09s

============================================================
Level 68 - SAMPLING
============================================================
  Starting braids: 400000
  Candidates to generate: 2352094
  Processing in 48 chunks...
  Projlen distribution:
    projlen=45: 6 braids
    projlen=46: 26 braids
    projlen=47: 87 braids
    projlen=48: 476 braids
    projlen=49: 1186 braids
    projlen=50: 4042 braids
    projlen=51: 11433 braids
    projlen=52: 41881 braids
    projlen=53: 95593 braids
    projlen=54: 292381 braids
  Braids kept: 2230165 (in 13 buckets, 41.97 GB)
  ⚡ Timing: matmul=2.02s, sampling=3.26s, total=21.49s

============================================================
Level 69 - SAMPLING
============================================================
  Starting braids: 400000
  Candidates to generate: 2347948
  Processing in 47 chunks...
  Projlen distribution:
    projlen=45: 4 braids
    projlen=46: 11 braids
    projlen=47: 50 braids
    projlen=48: 279 braids
    projlen=49: 792 braids
    projlen=50: 3244 braids
    projlen=51: 8272 braids
    projlen=52: 25147 braids
    projlen=53: 66082 braids
    projlen=54: 213879 braids
  Braids kept: 2074572 (in 13 buckets, 39.04 GB)
  ⚡ Timing: matmul=2.16s, sampling=3.95s, total=22.57s

============================================================
Level 70 - SAMPLING
============================================================
  Starting braids: 400000
  Candidates to generate: 2327488
  Processing in 47 chunks...
  Projlen distribution:
    projlen=44: 2 braids
    projlen=46: 18 braids
    projlen=47: 27 braids
    projlen=48: 142 braids
    projlen=49: 450 braids
    projlen=50: 1968 braids
    projlen=51: 5538 braids
    projlen=52: 19620 braids
    projlen=53: 49184 braids
    projlen=54: 135899 braids
  Braids kept: 2216667 (in 14 buckets, 41.71 GB)
  ⚡ Timing: matmul=1.95s, sampling=4.35s, total=22.84s

============================================================
Level 71 - SAMPLING
============================================================
  Starting braids: 400000
  Candidates to generate: 2323164
  Processing in 47 chunks...
  Projlen distribution:
    projlen=43: 4 braids
    projlen=44: 2 braids
    projlen=45: 8 braids
    projlen=46: 16 braids
    projlen=47: 21 braids
    projlen=48: 127 braids
    projlen=49: 271 braids
    projlen=50: 1127 braids
    projlen=51: 3266 braids
    projlen=52: 12202 braids
  Braids kept: 2210519 (in 16 buckets, 41.60 GB)
  ⚡ Timing: matmul=2.08s, sampling=3.79s, total=22.03s

============================================================
Level 72 - SAMPLING
============================================================
  Starting braids: 400000
  Candidates to generate: 2309596
  Processing in 47 chunks...
  Projlen distribution:
    projlen=43: 8 braids
    projlen=44: 4 braids
    projlen=45: 18 braids
    projlen=46: 42 braids
    projlen=47: 38 braids
    projlen=48: 119 braids
    projlen=49: 181 braids
    projlen=50: 861 braids
    projlen=51: 2064 braids
    projlen=52: 7529 braids
  Braids kept: 2084827 (in 16 buckets, 39.23 GB)
  ⚡ Timing: matmul=1.95s, sampling=4.27s, total=22.75s

============================================================
Level 73 - SAMPLING
============================================================
  Starting braids: 400000
  Candidates to generate: 2319432
  Processing in 47 chunks...
  Projlen distribution:
    projlen=44: 24 braids
    projlen=45: 40 braids
    projlen=46: 74 braids
    projlen=47: 53 braids
    projlen=48: 292 braids
    projlen=49: 217 braids
    projlen=50: 802 braids
    projlen=51: 1312 braids
    projlen=52: 5439 braids
    projlen=53: 13509 braids
  Braids kept: 2319432 (in 16 buckets, 43.65 GB)
  ⚡ Timing: matmul=1.95s, sampling=3.06s, total=20.68s

============================================================
Level 74 - SAMPLING
============================================================
  Starting braids: 400000
  Candidates to generate: 2322314
  Processing in 47 chunks...
  Projlen distribution:
    projlen=46: 226 braids
    projlen=47: 192 braids
    projlen=48: 475 braids
    projlen=49: 265 braids
    projlen=50: 1653 braids
    projlen=51: 1333 braids
    projlen=52: 4972 braids
    projlen=53: 8585 braids
    projlen=54: 32055 braids
    projlen=55: 77679 braids
  Braids kept: 2115980 (in 14 buckets, 39.82 GB)
  ⚡ Timing: matmul=1.85s, sampling=4.51s, total=22.32s

============================================================
Level 75 - SAMPLING
============================================================
  Starting braids: 400000
  Candidates to generate: 2314746
  Processing in 47 chunks...
  Projlen distribution:
    projlen=46: 10 braids
    projlen=47: 10 braids
    projlen=48: 1284 braids
    projlen=49: 974 braids
    projlen=50: 2711 braids
    projlen=51: 1544 braids
    projlen=52: 8983 braids
    projlen=53: 7887 braids
    projlen=54: 28727 braids
    projlen=55: 50228 braids
  Braids kept: 2152258 (in 15 buckets, 40.50 GB)
  ⚡ Timing: matmul=2.32s, sampling=4.38s, total=24.42s

============================================================
Level 76 - SAMPLING
============================================================
  Starting braids: 400000
  Candidates to generate: 2305440
  Processing in 47 chunks...
  Projlen distribution:
    projlen=46: 8 braids
    projlen=47: 4 braids
    projlen=48: 82 braids
    projlen=49: 110 braids
    projlen=50: 6533 braids
    projlen=51: 4759 braids
    projlen=52: 14874 braids
    projlen=53: 8974 braids
    projlen=54: 47585 braids
    projlen=55: 44471 braids
  Braids kept: 2305440 (in 15 buckets, 43.38 GB)
  ⚡ Timing: matmul=2.22s, sampling=2.90s, total=20.92s

============================================================
Level 77 - SAMPLING
============================================================
  Starting braids: 400000
  Candidates to generate: 2281482
  Processing in 46 chunks...
  Projlen distribution:
    projlen=46: 4 braids
    projlen=47: 6 braids
    projlen=48: 42 braids
    projlen=49: 62 braids
    projlen=50: 636 braids
    projlen=51: 807 braids
    projlen=52: 32136 braids
    projlen=53: 22843 braids
    projlen=54: 79593 braids
    projlen=55: 51012 braids
  Braids kept: 2281482 (in 15 buckets, 42.93 GB)
  ⚡ Timing: matmul=1.83s, sampling=2.94s, total=19.45s

============================================================
Level 78 - SAMPLING
============================================================
  Starting braids: 400000
  Candidates to generate: 2288880
  Processing in 46 chunks...
  Projlen distribution:
    projlen=47: 4 braids
    projlen=48: 24 braids
    projlen=49: 50 braids
    projlen=50: 381 braids
    projlen=51: 432 braids
    projlen=52: 4750 braids
    projlen=53: 4970 braids
    projlen=54: 155270 braids
    projlen=55: 109301 braids
    projlen=56: 413082 braids
  Braids kept: 2152738 (in 13 buckets, 40.51 GB)
  ⚡ Timing: matmul=2.11s, sampling=3.13s, total=21.08s

============================================================
Level 79 - SAMPLING
============================================================
  Starting braids: 400000
  Candidates to generate: 2247132
  Processing in 45 chunks...
  Projlen distribution:
    projlen=47: 2 braids
    projlen=48: 16 braids
    projlen=49: 43 braids
    projlen=50: 264 braids
    projlen=51: 333 braids
    projlen=52: 3059 braids
    projlen=53: 2927 braids
    projlen=54: 30654 braids
    projlen=55: 26568 braids
    projlen=56: 723396 braids
  Braids kept: 2247132 (in 13 buckets, 42.29 GB)
  ⚡ Timing: matmul=1.97s, sampling=2.47s, total=19.42s

============================================================
Level 80 - SAMPLING
============================================================
  Starting braids: 400000
  Candidates to generate: 2381194
  Processing in 48 chunks...
  Projlen distribution:
    projlen=48: 8 braids
    projlen=49: 16 braids
    projlen=50: 216 braids
    projlen=51: 280 braids
    projlen=52: 2027 braids
    projlen=53: 2084 braids
    projlen=54: 19987 braids
    projlen=55: 16764 braids
    projlen=56: 165146 braids
    projlen=57: 117541 braids
  Braids kept: 1790606 (in 12 buckets, 33.70 GB)
  ⚡ Timing: matmul=2.03s, sampling=4.75s, total=23.58s

============================================================
Level 81 - SAMPLING
============================================================
  Starting braids: 400000
  Candidates to generate: 2305778
  Processing in 47 chunks...
  Projlen distribution:
    projlen=48: 6 braids
    projlen=49: 8 braids
    projlen=50: 99 braids
    projlen=51: 130 braids
    projlen=52: 1659 braids
    projlen=53: 1682 braids
    projlen=54: 13012 braids
    projlen=55: 11852 braids
    projlen=56: 111540 braids
    projlen=57: 84219 braids
  Braids kept: 2297253 (in 14 buckets, 43.23 GB)
  ⚡ Timing: matmul=1.85s, sampling=3.70s, total=21.46s

============================================================
Level 82 - SAMPLING
============================================================
  Starting braids: 400000
  Candidates to generate: 2324002
  Processing in 47 chunks...
  Projlen distribution:
    projlen=49: 1 braids
    projlen=50: 63 braids
    projlen=51: 82 braids
    projlen=52: 789 braids
    projlen=53: 928 braids
    projlen=54: 10556 braids
    projlen=55: 9533 braids
    projlen=56: 75117 braids
    projlen=57: 60287 braids
    projlen=58: 546995 braids
  Braids kept: 2224975 (in 13 buckets, 41.87 GB)
  ⚡ Timing: matmul=1.84s, sampling=3.63s, total=20.81s

============================================================
Level 83 - SAMPLING
============================================================
  Starting braids: 400000
  Candidates to generate: 2350596
  Processing in 48 chunks...
  Projlen distribution:
    projlen=49: 2 braids
    projlen=50: 7 braids
    projlen=51: 30 braids
    projlen=52: 431 braids
    projlen=53: 605 braids
    projlen=54: 5338 braids
    projlen=55: 5783 braids
    projlen=56: 60738 braids
    projlen=57: 48932 braids
    projlen=58: 380128 braids
  Braids kept: 2050990 (in 13 buckets, 38.60 GB)
  ⚡ Timing: matmul=1.84s, sampling=3.56s, total=21.85s

============================================================
Level 84 - SAMPLING
============================================================
  Starting braids: 400000
  Candidates to generate: 2360530
  Processing in 48 chunks...
  Projlen distribution:
    projlen=50: 8 braids
    projlen=51: 11 braids
    projlen=52: 102 braids
    projlen=53: 245 braids
    projlen=54: 3078 braids
    projlen=55: 3714 braids
    projlen=56: 32561 braids
    projlen=57: 31572 braids
    projlen=58: 309382 braids
    projlen=59: 223059 braids
  Braids kept: 1950087 (in 12 buckets, 36.70 GB)
  ⚡ Timing: matmul=1.99s, sampling=4.43s, total=23.42s

============================================================
Level 85 - SAMPLING
============================================================
  Starting braids: 400000
  Candidates to generate: 2359714
  Processing in 48 chunks...
  Projlen distribution:
    projlen=49: 2 braids
    projlen=50: 4 braids
    projlen=51: 10 braids
    projlen=52: 82 braids
    projlen=53: 115 braids
    projlen=54: 1047 braids
    projlen=55: 1793 braids
    projlen=56: 19349 braids
    projlen=57: 20606 braids
    projlen=58: 178270 braids
  Braids kept: 1860976 (in 14 buckets, 35.02 GB)
  ⚡ Timing: matmul=1.83s, sampling=4.59s, total=23.86s

============================================================
Level 86 - SAMPLING
============================================================
  Starting braids: 400000
  Candidates to generate: 2267296
  Processing in 46 chunks...
  Projlen distribution:
    projlen=49: 2 braids
    projlen=50: 4 braids
    projlen=51: 10 braids
    projlen=52: 54 braids
    projlen=53: 82 braids
    projlen=54: 658 braids
    projlen=55: 894 braids
    projlen=56: 8345 braids
    projlen=57: 10730 braids
    projlen=58: 110193 braids
  Braids kept: 2207048 (in 15 buckets, 41.53 GB)
  ⚡ Timing: matmul=2.17s, sampling=4.03s, total=22.31s

============================================================
Level 87 - SAMPLING
============================================================
  Starting braids: 400000
  Candidates to generate: 2330256
  Processing in 47 chunks...
  Projlen distribution:
    projlen=50: 8 braids
    projlen=51: 6 braids
    projlen=52: 54 braids
    projlen=53: 44 braids
    projlen=54: 504 braids
    projlen=55: 587 braids
    projlen=56: 5068 braids
    projlen=57: 6048 braids
    projlen=58: 54284 braids
    projlen=59: 55791 braids
  Braids kept: 2232080 (in 14 buckets, 42.00 GB)
  ⚡ Timing: matmul=2.07s, sampling=3.07s, total=20.77s

============================================================
Level 88 - SAMPLING
============================================================
  Starting braids: 400000
  Candidates to generate: 2391732
  Processing in 48 chunks...
  Projlen distribution:
    projlen=50: 6 braids
    projlen=51: 6 braids
    projlen=52: 56 braids
    projlen=53: 48 braids
    projlen=54: 324 braids
    projlen=55: 367 braids
    projlen=56: 3675 braids
    projlen=57: 3750 braids
    projlen=58: 34313 braids
    projlen=59: 33101 braids
  Braids kept: 1969598 (in 14 buckets, 37.06 GB)
  ⚡ Timing: matmul=2.14s, sampling=4.08s, total=22.98s

============================================================
Level 89 - SAMPLING
============================================================
  Starting braids: 400000
  Candidates to generate: 2381150
  Processing in 48 chunks...
  Projlen distribution:
    projlen=51: 2 braids
    projlen=52: 36 braids
    projlen=53: 38 braids
    projlen=54: 325 braids
    projlen=55: 348 braids
    projlen=56: 2130 braids
    projlen=57: 2503 braids
    projlen=58: 23692 braids
    projlen=59: 21504 braids
    projlen=60: 191186 braids
  Braids kept: 1942631 (in 14 buckets, 36.56 GB)
  ⚡ Timing: matmul=1.92s, sampling=5.05s, total=23.63s

============================================================
Level 90 - SAMPLING
============================================================
  Starting braids: 400000
  Candidates to generate: 2261650
  Processing in 46 chunks...
  Projlen distribution:
    projlen=52: 6 braids
    projlen=53: 20 braids
    projlen=54: 204 braids
    projlen=55: 235 braids
    projlen=56: 2040 braids
    projlen=57: 2082 braids
    projlen=58: 13832 braids
    projlen=59: 14581 braids
    projlen=60: 134095 braids
    projlen=61: 106810 braids
  Braids kept: 2136313 (in 13 buckets, 40.20 GB)
  ⚡ Timing: matmul=1.91s, sampling=4.50s, total=22.98s

============================================================
Level 91 - SAMPLING
============================================================
  Starting braids: 400000
  Candidates to generate: 2296804
  Processing in 46 chunks...
  Projlen distribution:
    projlen=53: 2 braids
    projlen=54: 92 braids
    projlen=55: 136 braids
    projlen=56: 1348 braids
    projlen=57: 1364 braids
    projlen=58: 12616 braids
    projlen=59: 11554 braids
    projlen=60: 82362 braids
    projlen=61: 74437 braids
    projlen=62: 651034 braids
  Braids kept: 2296804 (in 13 buckets, 43.22 GB)
  ⚡ Timing: matmul=2.24s, sampling=2.70s, total=19.98s

============================================================
Level 92 - SAMPLING
============================================================
  Starting braids: 400000
  Candidates to generate: 2339492
  Processing in 47 chunks...
  Projlen distribution:
    projlen=54: 14 braids
    projlen=55: 34 braids
    projlen=56: 803 braids
    projlen=57: 811 braids
    projlen=58: 8508 braids
    projlen=59: 7689 braids
    projlen=60: 72250 braids
    projlen=61: 59127 braids
    projlen=62: 415680 braids
    projlen=63: 321258 braids
  Braids kept: 2118613 (in 12 buckets, 39.87 GB)
  ⚡ Timing: matmul=2.18s, sampling=3.82s, total=22.23s

============================================================
Level 93 - SAMPLING
============================================================
  Starting braids: 400000
  Candidates to generate: 2343190
  Processing in 47 chunks...
  Projlen distribution:
    projlen=54: 8 braids
    projlen=55: 12 braids
    projlen=56: 210 braids
    projlen=57: 328 braids
    projlen=58: 5334 braids
    projlen=59: 4933 braids
    projlen=60: 49025 braids
    projlen=61: 40718 braids
    projlen=62: 364396 braids
    projlen=63: 264721 braids
  Braids kept: 2024512 (in 12 buckets, 38.10 GB)
  ⚡ Timing: matmul=2.29s, sampling=3.63s, total=22.06s

============================================================
Level 94 - SAMPLING
============================================================
  Starting braids: 400000
  Candidates to generate: 2358616
  Processing in 48 chunks...
  Projlen distribution:
    projlen=54: 8 braids
    projlen=55: 6 braids
    projlen=56: 81 braids
    projlen=57: 125 braids
    projlen=58: 1951 braids
    projlen=59: 2258 braids
    projlen=60: 31700 braids
    projlen=61: 26458 braids
    projlen=62: 253597 braids
    projlen=63: 186881 braids
  Braids kept: 1891381 (in 12 buckets, 35.59 GB)
  ⚡ Timing: matmul=1.92s, sampling=5.15s, total=23.92s

============================================================
Level 95 - SAMPLING
============================================================
  Starting braids: 400000
  Candidates to generate: 2282118
  Processing in 46 chunks...
  Projlen distribution:
    projlen=54: 8 braids
    projlen=55: 9 braids
    projlen=56: 48 braids
    projlen=57: 82 braids
    projlen=58: 821 braids
    projlen=59: 1140 braids
    projlen=60: 13995 braids
    projlen=61: 13619 braids
    projlen=62: 170353 braids
    projlen=63: 125265 braids
  Braids kept: 1966333 (in 13 buckets, 37.00 GB)
  ⚡ Timing: matmul=1.90s, sampling=5.00s, total=22.61s

============================================================
Level 96 - SAMPLING
============================================================
  Starting braids: 400000
  Candidates to generate: 2256906
  Processing in 46 chunks...
  Projlen distribution:
    projlen=54: 6 braids
    projlen=55: 8 braids
    projlen=56: 57 braids
    projlen=57: 66 braids
    projlen=58: 440 braids
    projlen=59: 679 braids
    projlen=60: 6872 braids
    projlen=61: 7547 braids
    projlen=62: 85464 braids
    projlen=63: 69584 braids
  Braids kept: 2251201 (in 14 buckets, 42.36 GB)
  ⚡ Timing: matmul=1.78s, sampling=3.79s, total=20.96s

============================================================
Level 97 - SAMPLING
============================================================
  Starting braids: 400000
  Candidates to generate: 2352674
  Processing in 48 chunks...
  Projlen distribution:
    projlen=56: 52 braids
    projlen=57: 53 braids
    projlen=58: 400 braids
    projlen=59: 454 braids
    projlen=60: 4067 braids
    projlen=61: 4732 braids
    projlen=62: 46103 braids
    projlen=63: 40697 braids
    projlen=64: 430727 braids
    projlen=65: 297944 braids
  Braids kept: 2081112 (in 12 buckets, 39.16 GB)
  ⚡ Timing: matmul=1.67s, sampling=3.74s, total=21.67s

============================================================
Level 98 - SAMPLING
============================================================
  Starting braids: 400000
  Candidates to generate: 2403618
  Processing in 49 chunks...
  Projlen distribution:
    projlen=56: 6 braids
    projlen=57: 14 braids
    projlen=58: 332 braids
    projlen=59: 367 braids
    projlen=60: 2891 braids
    projlen=61: 3332 braids
    projlen=62: 28695 braids
    projlen=63: 26785 braids
    projlen=64: 248505 braids
    projlen=65: 183511 braids
  Braids kept: 1903809 (in 12 buckets, 35.83 GB)
  ⚡ Timing: matmul=1.96s, sampling=4.25s, total=23.53s

============================================================
Level 99 - SAMPLING
============================================================
  Starting braids: 400000
  Candidates to generate: 2313646
  Processing in 47 chunks...
  Projlen distribution:
    projlen=56: 2 braids
    projlen=57: 6 braids
    projlen=58: 83 braids
    projlen=59: 117 braids
    projlen=60: 2031 braids
    projlen=61: 2429 braids
    projlen=62: 19144 braids
    projlen=63: 19761 braids
    projlen=64: 164203 braids
    projlen=65: 129071 braids
  Braids kept: 1998202 (in 13 buckets, 37.60 GB)
  ⚡ Timing: matmul=1.88s, sampling=4.56s, total=22.87s

============================================================
Level 100 - SAMPLING
============================================================
  Starting braids: 400000
  Candidates to generate: 2270202
  Processing in 46 chunks...
  Projlen distribution:
    projlen=55: 2 braids
    projlen=56: 4 braids
    projlen=57: 8 braids
    projlen=58: 49 braids
    projlen=59: 47 braids
    projlen=60: 637 braids
    projlen=61: 968 braids
    projlen=62: 12491 braids
    projlen=63: 14031 braids
    projlen=64: 111442 braids
  Braids kept: 2270202 (in 15 buckets, 42.72 GB)
  ⚡ Timing: matmul=2.01s, sampling=2.49s, total=19.64s

============================================================
Level 101 - SAMPLING
============================================================
  Starting braids: 400000
  Candidates to generate: 2313818
  Processing in 47 chunks...
  Projlen distribution:
    projlen=56: 8 braids
    projlen=57: 6 braids
    projlen=58: 58 braids
    projlen=59: 57 braids
    projlen=60: 350 braids
    projlen=61: 423 braids
    projlen=62: 4994 braids
    projlen=63: 6291 braids
    projlen=64: 71947 braids
    projlen=65: 71783 braids
  Braids kept: 2252672 (in 14 buckets, 42.39 GB)
  ⚡ Timing: matmul=1.95s, sampling=2.79s, total=20.41s

============================================================
Level 102 - SAMPLING
============================================================
  Starting braids: 400000
  Candidates to generate: 2360078
  Processing in 48 chunks...
  Projlen distribution:
    projlen=56: 6 braids
    projlen=57: 6 braids
    projlen=58: 42 braids
    projlen=59: 48 braids
    projlen=60: 368 braids
    projlen=61: 359 braids
    projlen=62: 2599 braids
    projlen=63: 3190 braids
    projlen=64: 33488 braids
    projlen=65: 35120 braids
  Braids kept: 2037593 (in 14 buckets, 38.34 GB)
  ⚡ Timing: matmul=2.15s, sampling=4.00s, total=23.05s

============================================================
Level 103 - SAMPLING
============================================================
  Starting braids: 400000
  Candidates to generate: 2403358
  Processing in 49 chunks...
  Projlen distribution:
    projlen=58: 38 braids
    projlen=59: 44 braids
    projlen=60: 288 braids
    projlen=61: 276 braids
    projlen=62: 2303 braids
    projlen=63: 2244 braids
    projlen=64: 17816 braids
    projlen=65: 19385 braids
    projlen=66: 187327 braids
    projlen=67: 164991 braids
  Braids kept: 1845452 (in 12 buckets, 34.73 GB)
  ⚡ Timing: matmul=2.05s, sampling=4.58s, total=23.95s

============================================================
Level 104 - SAMPLING
============================================================
  Starting braids: 400000
  Candidates to generate: 2286340
  Processing in 46 chunks...
  Projlen distribution:
    projlen=59: 12 braids
    projlen=60: 265 braids
    projlen=61: 256 braids
    projlen=62: 1855 braids
    projlen=63: 1597 braids
    projlen=64: 14113 braids
    projlen=65: 13292 braids
    projlen=66: 105266 braids
    projlen=67: 98890 braids
    projlen=68: 909683 braids
  Braids kept: 2176657 (in 13 buckets, 40.96 GB)
  ⚡ Timing: matmul=2.06s, sampling=3.93s, total=21.96s

============================================================
Level 105 - SAMPLING
============================================================
  Starting braids: 400000
  Candidates to generate: 2341518
  Processing in 47 chunks...
  Projlen distribution:
    projlen=59: 6 braids
    projlen=60: 56 braids
    projlen=61: 102 braids
    projlen=62: 1654 braids
    projlen=63: 1496 braids
    projlen=64: 10910 braids
    projlen=65: 9305 braids
    projlen=66: 81019 braids
    projlen=67: 69386 braids
    projlen=68: 525152 braids
  Braids kept: 2259825 (in 13 buckets, 42.53 GB)
  ⚡ Timing: matmul=2.06s, sampling=2.82s, total=20.50s

============================================================
Level 106 - SAMPLING
============================================================
  Starting braids: 400000
  Candidates to generate: 2351464
  Processing in 48 chunks...
  Projlen distribution:
    projlen=58: 4 braids
    projlen=59: 8 braids
    projlen=60: 48 braids
    projlen=61: 66 braids
    projlen=62: 557 braids
    projlen=63: 749 braids
    projlen=64: 9345 braids
    projlen=65: 8422 braids
    projlen=66: 61757 braids
    projlen=67: 49302 braids
  Braids kept: 2096392 (in 14 buckets, 39.45 GB)
  ⚡ Timing: matmul=1.94s, sampling=3.63s, total=21.95s

============================================================
Level 107 - SAMPLING
============================================================
  Starting braids: 400000
  Candidates to generate: 2349196
  Processing in 47 chunks...
  Projlen distribution:
    projlen=58: 12 braids
    projlen=59: 10 braids
    projlen=60: 62 braids
    projlen=61: 66 braids
    projlen=62: 431 braids
    projlen=63: 451 braids
    projlen=64: 4020 braids
    projlen=65: 4601 braids
    projlen=66: 51728 braids
    projlen=67: 43283 braids
  Braids kept: 1975636 (in 14 buckets, 37.18 GB)
  ⚡ Timing: matmul=2.42s, sampling=3.88s, total=23.18s

============================================================
Level 108 - SAMPLING
============================================================
  Starting braids: 400000
  Candidates to generate: 2345940
  Processing in 47 chunks...
  Projlen distribution:
    projlen=58: 8 braids
    projlen=59: 12 braids
    projlen=60: 78 braids
    projlen=61: 82 braids
    projlen=62: 490 braids
    projlen=63: 442 braids
    projlen=64: 3083 braids
    projlen=65: 2916 braids
    projlen=66: 25791 braids
    projlen=67: 25491 braids
  Braids kept: 1896966 (in 14 buckets, 35.70 GB)
  ⚡ Timing: matmul=2.04s, sampling=4.51s, total=22.85s

============================================================
Level 109 - SAMPLING
============================================================
  Starting braids: 400000
  Candidates to generate: 2291996
  Processing in 46 chunks...
  Projlen distribution:
    projlen=59: 8 braids
    projlen=60: 68 braids
    projlen=61: 72 braids
    projlen=62: 568 braids
    projlen=63: 486 braids
    projlen=64: 3290 braids
    projlen=65: 2749 braids
    projlen=66: 19350 braids
    projlen=67: 17055 braids
    projlen=68: 145212 braids
  Braids kept: 1947720 (in 14 buckets, 36.65 GB)
  ⚡ Timing: matmul=1.94s, sampling=3.78s, total=21.67s

============================================================
Level 110 - SAMPLING
============================================================
  Starting braids: 400000
  Candidates to generate: 2271012
  Processing in 46 chunks...
  Projlen distribution:
    projlen=59: 2 braids
    projlen=60: 30 braids
    projlen=61: 50 braids
    projlen=62: 498 braids
    projlen=63: 426 braids
    projlen=64: 3445 braids
    projlen=65: 2723 braids
    projlen=66: 19799 braids
    projlen=67: 15346 braids
    projlen=68: 111084 braids
  Braids kept: 2271012 (in 15 buckets, 42.74 GB)
  ⚡ Timing: matmul=1.91s, sampling=2.60s, total=19.69s

============================================================
Level 111 - SAMPLING
============================================================
  Starting braids: 400000
  Candidates to generate: 2295108
  Processing in 46 chunks...
  Projlen distribution:
    projlen=60: 14 braids
    projlen=61: 18 braids
    projlen=62: 276 braids
    projlen=63: 286 braids
    projlen=64: 3023 braids
    projlen=65: 2329 braids
    projlen=66: 19523 braids
    projlen=67: 14575 braids
    projlen=68: 110039 braids
    projlen=69: 78382 braids
  Braids kept: 2260763 (in 14 buckets, 42.54 GB)
  ⚡ Timing: matmul=1.93s, sampling=2.93s, total=19.89s

============================================================
Level 112 - SAMPLING
============================================================
  Starting braids: 400000
  Candidates to generate: 2277850
  Processing in 46 chunks...
  Projlen distribution:
    projlen=60: 8 braids
    projlen=61: 4 braids
    projlen=62: 114 braids
    projlen=63: 122 braids
    projlen=64: 1862 braids
    projlen=65: 1660 braids
    projlen=66: 16918 braids
    projlen=67: 12580 braids
    projlen=68: 104952 braids
    projlen=69: 72990 braids
  Braids kept: 2222924 (in 14 buckets, 41.83 GB)
  ⚡ Timing: matmul=1.88s, sampling=3.29s, total=20.50s

============================================================
Level 113 - SAMPLING
============================================================
  Starting braids: 400000
  Candidates to generate: 2270342
  Processing in 46 chunks...
  Projlen distribution:
    projlen=59: 2 braids
    projlen=60: 4 braids
    projlen=61: 6 braids
    projlen=62: 40 braids
    projlen=63: 36 braids
    projlen=64: 862 braids
    projlen=65: 889 braids
    projlen=66: 10985 braids
    projlen=67: 8976 braids
    projlen=68: 90682 braids
  Braids kept: 2162016 (in 15 buckets, 40.68 GB)
  ⚡ Timing: matmul=2.54s, sampling=2.70s, total=21.18s

============================================================
Level 114 - SAMPLING
============================================================
  Starting braids: 400000
  Candidates to generate: 2291598
  Processing in 46 chunks...
  Projlen distribution:
    projlen=60: 6 braids
    projlen=61: 8 braids
    projlen=62: 32 braids
    projlen=63: 28 braids
    projlen=64: 294 braids
    projlen=65: 322 braids
    projlen=66: 5751 braids
    projlen=67: 5393 braids
    projlen=68: 61253 braids
    projlen=69: 45148 braids
  Braids kept: 2064557 (in 14 buckets, 38.85 GB)
  ⚡ Timing: matmul=2.18s, sampling=3.44s, total=21.59s

============================================================
Level 115 - SAMPLING
============================================================
  Starting braids: 400000
  Candidates to generate: 2332046
  Processing in 47 chunks...
  Projlen distribution:
    projlen=62: 50 braids
    projlen=63: 42 braids
    projlen=64: 222 braids
    projlen=65: 210 braids
    projlen=66: 2222 braids
    projlen=67: 2231 braids
    projlen=68: 34932 braids
    projlen=69: 28324 braids
    projlen=70: 305228 braids
    projlen=71: 201126 braids
  Braids kept: 1921418 (in 12 buckets, 36.16 GB)
  ⚡ Timing: matmul=2.51s, sampling=4.02s, total=23.80s

============================================================
Level 116 - SAMPLING
============================================================
  Starting braids: 400000
  Candidates to generate: 2333820
  Processing in 47 chunks...
  Projlen distribution:
    projlen=63: 2 braids
    projlen=64: 298 braids
    projlen=65: 250 braids
    projlen=66: 1602 braids
    projlen=67: 1453 braids
    projlen=68: 15113 braids
    projlen=69: 13423 braids
    projlen=70: 186185 braids
    projlen=71: 131970 braids
    projlen=72: 1284446 braids
  Braids kept: 1849374 (in 12 buckets, 34.80 GB)
  ⚡ Timing: matmul=1.92s, sampling=4.11s, total=22.19s

============================================================
Level 117 - SAMPLING
============================================================
  Starting braids: 400000
  Candidates to generate: 2246196
  Processing in 45 chunks...
  Projlen distribution:
    projlen=63: 4 braids
    projlen=64: 22 braids
    projlen=65: 66 braids
    projlen=66: 1716 braids
    projlen=67: 1501 braids
    projlen=68: 10458 braids
    projlen=69: 8825 braids
    projlen=70: 89873 braids
    projlen=71: 68091 braids
    projlen=72: 879998 braids
  Braids kept: 2166198 (in 13 buckets, 40.76 GB)
  ⚡ Timing: matmul=2.29s, sampling=3.66s, total=21.73s

============================================================
Level 118 - SAMPLING
============================================================
  Starting braids: 400000
  Candidates to generate: 2348136
  Processing in 47 chunks...
  Projlen distribution:
    projlen=63: 6 braids
    projlen=64: 14 braids
    projlen=65: 34 braids
    projlen=66: 352 braids
    projlen=67: 568 braids
    projlen=68: 9772 braids
    projlen=69: 8322 braids
    projlen=70: 62232 braids
    projlen=71: 46013 braids
    projlen=72: 449614 braids
  Braids kept: 2112214 (in 13 buckets, 39.75 GB)
  ⚡ Timing: matmul=2.03s, sampling=3.76s, total=21.86s

============================================================
Level 119 - SAMPLING
============================================================
  Starting braids: 400000
  Candidates to generate: 2373884
  Processing in 48 chunks...
  Projlen distribution:
    projlen=63: 4 braids
    projlen=64: 24 braids
    projlen=65: 34 braids
    projlen=66: 230 braids
    projlen=67: 282 braids
    projlen=68: 3180 braids
    projlen=69: 3570 braids
    projlen=70: 55092 braids
    projlen=71: 42281 braids
    projlen=72: 321272 braids
  Braids kept: 1979052 (in 13 buckets, 37.24 GB)
  ⚡ Timing: matmul=2.01s, sampling=4.38s, total=22.92s

============================================================
Level 120 - SAMPLING
============================================================
  Starting braids: 400000
  Candidates to generate: 2368040
  Processing in 48 chunks...
  Projlen distribution:
    projlen=64: 28 braids
    projlen=65: 42 braids
    projlen=66: 242 braids
    projlen=67: 256 braids
    projlen=68: 2030 braids
    projlen=69: 2069 braids
    projlen=70: 22591 braids
    projlen=71: 20423 braids
    projlen=72: 284929 braids
    projlen=73: 195256 braids
  Braids kept: 1904636 (in 12 buckets, 35.84 GB)
  ⚡ Timing: matmul=1.83s, sampling=4.10s, total=22.53s

============================================================
Level 121 - SAMPLING
============================================================
  Starting braids: 400000
  Candidates to generate: 2320802
  Processing in 47 chunks...
  Projlen distribution:
    projlen=63: 2 braids
    projlen=64: 10 braids
    projlen=65: 16 braids
    projlen=66: 246 braids
    projlen=67: 268 braids
    projlen=68: 1831 braids
    projlen=69: 1657 braids
    projlen=70: 14327 braids
    projlen=71: 12708 braids
    projlen=72: 133857 braids
  Braids kept: 1891524 (in 14 buckets, 35.59 GB)
  ⚡ Timing: matmul=1.89s, sampling=4.49s, total=22.85s

============================================================
Level 122 - SAMPLING
============================================================
  Starting braids: 400000
  Candidates to generate: 2320550
  Processing in 47 chunks...
  Projlen distribution:
    projlen=64: 6 braids
    projlen=65: 10 braids
    projlen=66: 96 braids
    projlen=67: 110 braids
    projlen=68: 1710 braids
    projlen=69: 1631 braids
    projlen=70: 11611 braids
    projlen=71: 9769 braids
    projlen=72: 87076 braids
    projlen=73: 65408 braids
  Braids kept: 2320550 (in 14 buckets, 43.67 GB)
  ⚡ Timing: matmul=1.92s, sampling=2.90s, total=20.19s

============================================================
Level 123 - SAMPLING
============================================================
  Starting braids: 400000
  Candidates to generate: 2361948
  Processing in 48 chunks...
  Projlen distribution:
    projlen=65: 4 braids
    projlen=66: 60 braids
    projlen=67: 68 braids
    projlen=68: 678 braids
    projlen=69: 710 braids
    projlen=70: 10357 braids
    projlen=71: 9143 braids
    projlen=72: 68360 braids
    projlen=73: 50458 braids
    projlen=74: 440813 braids
  Braids kept: 2116221 (in 13 buckets, 39.82 GB)
  ⚡ Timing: matmul=1.76s, sampling=3.56s, total=21.76s

============================================================
Level 124 - SAMPLING
============================================================
  Starting braids: 400000
  Candidates to generate: 2362404
  Processing in 48 chunks...
  Projlen distribution:
    projlen=66: 20 braids
    projlen=67: 34 braids
    projlen=68: 448 braids
    projlen=69: 430 braids
    projlen=70: 4518 braids
    projlen=71: 4394 braids
    projlen=72: 59080 braids
    projlen=73: 46985 braids
    projlen=74: 351172 braids
    projlen=75: 229373 braids
  Braids kept: 2011270 (in 12 buckets, 37.85 GB)
  ⚡ Timing: matmul=1.99s, sampling=4.28s, total=23.02s

============================================================
Level 125 - SAMPLING
============================================================
  Starting braids: 400000
  Candidates to generate: 2356910
  Processing in 48 chunks...
  Projlen distribution:
    projlen=66: 8 braids
    projlen=67: 14 braids
    projlen=68: 180 braids
    projlen=69: 237 braids
    projlen=70: 2979 braids
    projlen=71: 2693 braids
    projlen=72: 28414 braids
    projlen=73: 24196 braids
    projlen=74: 302558 braids
    projlen=75: 214367 braids
  Braids kept: 1930315 (in 12 buckets, 36.32 GB)
  ⚡ Timing: matmul=2.03s, sampling=4.13s, total=23.14s

============================================================
Level 126 - SAMPLING
============================================================
  Starting braids: 400000
  Candidates to generate: 2336562
  Processing in 47 chunks...
  Projlen distribution:
    projlen=66: 6 braids
    projlen=67: 10 braids
    projlen=68: 72 braids
    projlen=69: 112 braids
    projlen=70: 1308 braids
    projlen=71: 1641 braids
    projlen=72: 18207 braids
    projlen=73: 15354 braids
    projlen=74: 158560 braids
    projlen=75: 114637 braids
  Braids kept: 1862044 (in 13 buckets, 35.04 GB)
  ⚡ Timing: matmul=2.07s, sampling=4.70s, total=23.15s

============================================================
Level 127 - SAMPLING
============================================================
  Starting braids: 400000
  Candidates to generate: 2272984
  Processing in 46 chunks...
  Projlen distribution:
    projlen=68: 50 braids
    projlen=69: 63 braids
    projlen=70: 676 braids
    projlen=71: 794 braids
    projlen=72: 8662 braids
    projlen=73: 9780 braids
    projlen=74: 103054 braids
    projlen=75: 76392 braids
    projlen=76: 762271 braids
    projlen=77: 499455 braids
  Braids kept: 2272984 (in 12 buckets, 42.77 GB)
  ⚡ Timing: matmul=2.03s, sampling=2.54s, total=19.66s

============================================================
SEARCH COMPLETE
============================================================
Final level: 127
Total time: 2674.51s
Avg time per level: 21.06s
Total matmul time: 242.25s
Total kernel elements: 0
  Saving checkpoint to ./final_state_level_127.pt...

Final state saved to ./final_state_level_127.pt

============================================================
VERIFICATION
============================================================
No projlen=1 braids found.
JOB COMPLETED!
