============================================================
SEARCHING FOR p=7 KERNEL ELEMENTS (ULTRA-OPTIMIZED)
============================================================
Device: cuda
Bucket size: 3200000
Max length: 60
Bootstrap length: 5
Prime: 7
Degree multiplier: 4
Degree window: [0, 240] (241 coeffs) - NON-NEGATIVE ONLY
Use best: 1600000
Expansion chunk size: 50000
Matmul chunk size: 8000
⚡ Precomputed FFTs: ENABLED
⚡ Non-negative degrees only: ENABLED (2x memory savings!)

Loaded tables from /nfs/roberts/project/pi_com36/com36/burau-experiments/precomputed_tables/tables_B4_r1_p7.pt
  Degree window: [0, 240] (241 coefficients) - NON-NEGATIVE ONLY
✓ Identity matrix verified (at degree 0)

Precomputing FFTs of simple Burau matrices...
  D=241, out_D=481, fft_size=512
  FFT cache: 0.4 MB
Initialized with identity braid
Degree window: [0, 240] (241 coefficients) - NON-NEGATIVE ONLY
FFT size: 512
Storage types: matrix=torch.int16, word=torch.int32
Config: bucket_size=3200000, bootstrap=5, max_length=60, chunk_size=50000, matmul_chunk=8000, use_best=1600000
⚡ Ultra-optimized: precomputed Burau FFTs + non-negative degrees only

============================================================
Level 1 - BOOTSTRAP
============================================================
  Starting braids: 1
  Candidates to generate: 22
  Projlen distribution:
    projlen=3: 10 braids
    projlen=4: 12 braids
  Braids kept: 22 (in 2 buckets, 0.00 GB)
  ⚡ Timing: matmul=0.08s, sampling=0.00s, total=0.30s

============================================================
Level 2 - BOOTSTRAP
============================================================
  Starting braids: 22
  Candidates to generate: 164
  Projlen distribution:
    projlen=5: 56 braids
    projlen=6: 76 braids
    projlen=7: 32 braids
  Braids kept: 164 (in 3 buckets, 0.00 GB)
  ⚡ Timing: matmul=0.01s, sampling=0.00s, total=0.12s

============================================================
Level 3 - BOOTSTRAP
============================================================
  Starting braids: 164
  Candidates to generate: 982
  Projlen distribution:
    projlen=7: 270 braids
    projlen=8: 364 braids
    projlen=9: 288 braids
    projlen=10: 60 braids
  Braids kept: 982 (in 4 buckets, 0.00 GB)
  ⚡ Timing: matmul=0.01s, sampling=0.00s, total=0.12s

============================================================
Level 4 - BOOTSTRAP
============================================================
  Starting braids: 982
  Candidates to generate: 5528
  Projlen distribution:
    projlen=9: 1256 braids
    projlen=10: 1672 braids
    projlen=11: 1784 braids
    projlen=12: 700 braids
    projlen=13: 116 braids
  Braids kept: 5528 (in 5 buckets, 0.03 GB)
  ⚡ Timing: matmul=0.01s, sampling=0.00s, total=0.13s

============================================================
Level 5 - BOOTSTRAP
============================================================
  Starting braids: 5528
  Candidates to generate: 30478
  Projlen distribution:
    projlen=10: 4 braids
    projlen=11: 5798 braids
    projlen=12: 7672 braids
    projlen=13: 9864 braids
    projlen=14: 5236 braids
    projlen=15: 1716 braids
    projlen=16: 188 braids
  Braids kept: 30478 (in 7 buckets, 0.14 GB)
  ⚡ Timing: matmul=0.04s, sampling=0.00s, total=0.16s

============================================================
Level 6 - SAMPLING
============================================================
  Starting braids: 30478
  Candidates to generate: 166796
  Processing in 4 chunks...
  Projlen distribution:
    projlen=12: 64 braids
    projlen=13: 26772 braids
    projlen=14: 35288 braids
    projlen=15: 52292 braids
    projlen=16: 33012 braids
    projlen=17: 15680 braids
    projlen=18: 3356 braids
    projlen=19: 332 braids
  Braids kept: 166796 (in 8 buckets, 0.76 GB)
  ⚡ Timing: matmul=0.11s, sampling=0.01s, total=0.54s

============================================================
Level 7 - SAMPLING
============================================================
  Starting braids: 166796
  Candidates to generate: 910366
  Processing in 19 chunks...
  Projlen distribution:
    projlen=13: 52 braids
    projlen=14: 644 braids
    projlen=15: 123806 braids
    projlen=16: 162640 braids
    projlen=17: 271420 braids
    projlen=18: 191940 braids
    projlen=19: 116516 braids
    projlen=20: 35764 braids
    projlen=21: 7076 braids
    projlen=22: 508 braids
  Braids kept: 910366 (in 10 buckets, 4.17 GB)
  ⚡ Timing: matmul=0.21s, sampling=0.15s, total=2.67s

============================================================
Level 8 - SAMPLING
============================================================
  Starting braids: 910366
  Candidates to generate: 4963856
  Processing in 100 chunks...
  Projlen distribution:
    projlen=14: 96 braids
    projlen=15: 872 braids
    projlen=16: 5520 braids
    projlen=17: 573104 braids
    projlen=18: 750992 braids
    projlen=19: 1389500 braids
    projlen=20: 1065876 braids
    projlen=21: 775952 braids
    projlen=22: 300440 braids
    projlen=23: 88088 braids
  Braids kept: 4963856 (in 12 buckets, 22.74 GB)
  ⚡ Timing: matmul=1.05s, sampling=3.36s, total=18.36s

============================================================
Level 9 - SAMPLING
============================================================
  Starting braids: 1600000
  Candidates to generate: 8926896
  Processing in 179 chunks...
  Projlen distribution:
    projlen=15: 144 braids
    projlen=16: 1192 braids
    projlen=17: 10928 braids
    projlen=18: 34736 braids
    projlen=19: 2592393 braids
    projlen=20: 3194949 braids
    projlen=21: 2579818 braids
    projlen=22: 512736 braids
  Braids kept: 8926896 (in 8 buckets, 40.90 GB)
  ⚡ Timing: matmul=2.01s, sampling=9.01s, total=41.13s

============================================================
Level 10 - SAMPLING
============================================================
  Starting braids: 1600000
  Candidates to generate: 9583290
  Processing in 192 chunks...
  Projlen distribution:
    projlen=16: 16 braids
    projlen=17: 2788 braids
    projlen=18: 9686 braids
    projlen=19: 80869 braids
    projlen=20: 172101 braids
    projlen=21: 6212602 braids
    projlen=22: 3105228 braids
  Braids kept: 6570688 (in 7 buckets, 30.11 GB)
  ⚡ Timing: matmul=2.18s, sampling=16.55s, total=53.97s

============================================================
Level 11 - SAMPLING
============================================================
  Starting braids: 1600000
  Candidates to generate: 9681994
  Processing in 194 chunks...
  Projlen distribution:
    projlen=17: 32 braids
    projlen=18: 670 braids
    projlen=19: 24354 braids
    projlen=20: 60377 braids
    projlen=21: 470186 braids
    projlen=22: 765597 braids
    projlen=23: 5634566 braids
    projlen=24: 2726212 braids
  Braids kept: 7247428 (in 8 buckets, 33.21 GB)
  ⚡ Timing: matmul=2.31s, sampling=17.51s, total=55.73s

============================================================
Level 12 - SAMPLING
============================================================
  Starting braids: 1600000
  Candidates to generate: 9628390
  Processing in 193 chunks...
  Projlen distribution:
    projlen=18: 52 braids
    projlen=19: 1047 braids
    projlen=20: 7088 braids
    projlen=21: 161786 braids
    projlen=22: 321382 braids
    projlen=23: 2428288 braids
    projlen=24: 3294992 braids
    projlen=25: 2837858 braids
    projlen=26: 575897 braids
  Braids kept: 9533398 (in 9 buckets, 43.68 GB)
  ⚡ Timing: matmul=2.15s, sampling=13.95s, total=49.26s

============================================================
Level 13 - SAMPLING
============================================================
  Starting braids: 1600000
  Candidates to generate: 9667458
  Processing in 194 chunks...
  Projlen distribution:
    projlen=19: 41 braids
    projlen=20: 741 braids
    projlen=21: 14186 braids
    projlen=22: 50314 braids
    projlen=23: 869735 braids
    projlen=24: 1423852 braids
    projlen=25: 5030327 braids
    projlen=26: 2278262 braids
  Braids kept: 7837131 (in 8 buckets, 35.91 GB)
  ⚡ Timing: matmul=2.27s, sampling=16.98s, total=54.12s

============================================================
Level 14 - SAMPLING
============================================================
  Starting braids: 1600000
  Candidates to generate: 9529064
  Processing in 191 chunks...
  Projlen distribution:
    projlen=20: 42 braids
    projlen=21: 1491 braids
    projlen=22: 7745 braids
    projlen=23: 111917 braids
    projlen=24: 269513 braids
    projlen=25: 3864800 braids
    projlen=26: 3767251 braids
    projlen=27: 1506305 braids
  Braids kept: 8297013 (in 8 buckets, 38.02 GB)
  ⚡ Timing: matmul=2.29s, sampling=17.16s, total=54.39s

============================================================
Level 15 - SAMPLING
============================================================
  Starting braids: 1600000
  Candidates to generate: 9734420
  Processing in 195 chunks...
  Projlen distribution:
    projlen=21: 107 braids
    projlen=22: 861 braids
    projlen=23: 17893 braids
    projlen=24: 51530 braids
    projlen=25: 621355 braids
    projlen=26: 1189488 braids
    projlen=27: 5337038 braids
    projlen=28: 2516148 braids
  Braids kept: 7597382 (in 8 buckets, 34.81 GB)
  ⚡ Timing: matmul=2.31s, sampling=18.26s, total=58.98s

============================================================
Level 16 - SAMPLING
============================================================
  Starting braids: 1600000
  Candidates to generate: 9562652
  Processing in 192 chunks...
  Projlen distribution:
    projlen=22: 2 braids
    projlen=23: 1990 braids
    projlen=24: 8617 braids
    projlen=25: 116568 braids
    projlen=26: 275142 braids
    projlen=27: 2970271 braids
    projlen=28: 4119629 braids
    projlen=29: 2070433 braids
  Braids kept: 8643023 (in 8 buckets, 39.60 GB)
  ⚡ Timing: matmul=2.16s, sampling=13.33s, total=48.28s

============================================================
Level 17 - SAMPLING
============================================================
  Starting braids: 1600000
  Candidates to generate: 9685136
  Processing in 194 chunks...
  Projlen distribution:
    projlen=23: 10 braids
    projlen=24: 656 braids
    projlen=25: 18026 braids
    projlen=26: 56499 braids
    projlen=27: 615056 braids
    projlen=28: 1221204 braids
    projlen=29: 5280965 braids
    projlen=30: 2492720 braids
  Braids kept: 7604171 (in 8 buckets, 34.84 GB)
  ⚡ Timing: matmul=2.32s, sampling=17.42s, total=55.52s

============================================================
Level 18 - SAMPLING
============================================================
  Starting braids: 1600000
  Candidates to generate: 9489420
  Processing in 190 chunks...
  Projlen distribution:
    projlen=23: 5 braids
    projlen=24: 87 braids
    projlen=25: 2045 braids
    projlen=26: 9145 braids
    projlen=27: 120465 braids
    projlen=28: 302162 braids
    projlen=29: 2881883 braids
    projlen=30: 4123543 braids
    projlen=31: 2050085 braids
  Braids kept: 8565877 (in 9 buckets, 39.25 GB)
  ⚡ Timing: matmul=2.19s, sampling=13.35s, total=47.89s

============================================================
Level 19 - SAMPLING
============================================================
  Starting braids: 1600000
  Candidates to generate: 9691650
  Processing in 194 chunks...
  Projlen distribution:
    projlen=24: 27 braids
    projlen=25: 499 braids
    projlen=26: 2642 braids
    projlen=27: 25236 braids
    projlen=28: 67072 braids
    projlen=29: 654390 braids
    projlen=30: 1343978 braids
    projlen=31: 5174225 braids
    projlen=32: 2423581 braids
  Braids kept: 7717425 (in 9 buckets, 35.36 GB)
  ⚡ Timing: matmul=2.27s, sampling=17.19s, total=54.52s

============================================================
Level 20 - SAMPLING
============================================================
  Starting braids: 1600000
  Candidates to generate: 9591224
  Processing in 192 chunks...
  Projlen distribution:
    projlen=23: 4 braids
    projlen=24: 16 braids
    projlen=25: 211 braids
    projlen=26: 836 braids
    projlen=27: 7961 braids
    projlen=28: 25593 braids
    projlen=29: 182824 braids
    projlen=30: 368615 braids
    projlen=31: 3044058 braids
    projlen=32: 4059494 braids
  Braids kept: 8731730 (in 11 buckets, 40.01 GB)
  ⚡ Timing: matmul=2.24s, sampling=14.70s, total=50.32s

============================================================
Level 21 - SAMPLING
============================================================
  Starting braids: 1600000
  Candidates to generate: 9720720
  Processing in 195 chunks...
