============================================================
SEARCHING FOR p=5 KERNEL ELEMENTS (ULTRA-OPTIMIZED)
============================================================
Device: cuda
Bucket size: 3600000
Max length: 56
Bootstrap length: 5
Prime: 5
Degree multiplier: 4
Degree window: [0, 224] (225 coeffs) - NON-NEGATIVE ONLY
Use best: 1800000
Expansion chunk size: 50000
Matmul chunk size: 8000
⚡ Precomputed FFTs: ENABLED
⚡ Non-negative degrees only: ENABLED (2x memory savings!)

Loaded tables from /nfs/roberts/project/pi_com36/com36/burau-experiments/precomputed_tables/tables_B4_r1_p5.pt
  Degree window: [0, 224] (225 coefficients) - NON-NEGATIVE ONLY
✓ Identity matrix verified (at degree 0)

Precomputing FFTs of simple Burau matrices...
  D=225, out_D=449, fft_size=512
  FFT cache: 0.4 MB
Initialized with identity braid
Degree window: [0, 224] (225 coefficients) - NON-NEGATIVE ONLY
FFT size: 512
Storage types: matrix=torch.int16, word=torch.int32
Config: bucket_size=3600000, bootstrap=5, max_length=56, chunk_size=50000, matmul_chunk=8000, use_best=1800000
⚡ Ultra-optimized: precomputed Burau FFTs + non-negative degrees only

============================================================
Level 1 - BOOTSTRAP
============================================================
  Starting braids: 1
  Candidates to generate: 22
  Projlen distribution:
    projlen=3: 10 braids
    projlen=4: 12 braids
  Braids kept: 22 (in 2 buckets, 0.00 GB)
  ⚡ Timing: matmul=0.05s, sampling=0.00s, total=0.28s

============================================================
Level 2 - BOOTSTRAP
============================================================
  Starting braids: 22
  Candidates to generate: 164
  Projlen distribution:
    projlen=5: 56 braids
    projlen=6: 76 braids
    projlen=7: 32 braids
  Braids kept: 164 (in 3 buckets, 0.00 GB)
  ⚡ Timing: matmul=0.01s, sampling=0.00s, total=0.12s

============================================================
Level 3 - BOOTSTRAP
============================================================
  Starting braids: 164
  Candidates to generate: 982
  Projlen distribution:
    projlen=7: 270 braids
    projlen=8: 364 braids
    projlen=9: 288 braids
    projlen=10: 60 braids
  Braids kept: 982 (in 4 buckets, 0.00 GB)
  ⚡ Timing: matmul=0.01s, sampling=0.00s, total=0.12s

============================================================
Level 4 - BOOTSTRAP
============================================================
  Starting braids: 982
  Candidates to generate: 5528
  Projlen distribution:
    projlen=9: 1256 braids
    projlen=10: 1672 braids
    projlen=11: 1784 braids
    projlen=12: 700 braids
    projlen=13: 116 braids
  Braids kept: 5528 (in 5 buckets, 0.02 GB)
  ⚡ Timing: matmul=0.01s, sampling=0.00s, total=0.13s

============================================================
Level 5 - BOOTSTRAP
============================================================
  Starting braids: 5528
  Candidates to generate: 30478
  Projlen distribution:
    projlen=10: 4 braids
    projlen=11: 5798 braids
    projlen=12: 7672 braids
    projlen=13: 9864 braids
    projlen=14: 5236 braids
    projlen=15: 1716 braids
    projlen=16: 188 braids
  Braids kept: 30478 (in 7 buckets, 0.13 GB)
  ⚡ Timing: matmul=0.04s, sampling=0.00s, total=0.16s

============================================================
Level 6 - SAMPLING
============================================================
  Starting braids: 30478
  Candidates to generate: 166796
  Processing in 4 chunks...
  Projlen distribution:
    projlen=12: 68 braids
    projlen=13: 26768 braids
    projlen=14: 35288 braids
    projlen=15: 52292 braids
    projlen=16: 33012 braids
    projlen=17: 15680 braids
    projlen=18: 3356 braids
    projlen=19: 332 braids
  Braids kept: 166796 (in 8 buckets, 0.71 GB)
  ⚡ Timing: matmul=0.11s, sampling=0.01s, total=0.53s

============================================================
Level 7 - SAMPLING
============================================================
  Starting braids: 166796
  Candidates to generate: 910366
  Processing in 19 chunks...
  Projlen distribution:
    projlen=13: 52 braids
    projlen=14: 716 braids
    projlen=15: 123766 braids
    projlen=16: 162616 braids
    projlen=17: 271412 braids
    projlen=18: 191940 braids
    projlen=19: 116516 braids
    projlen=20: 35764 braids
    projlen=21: 7076 braids
    projlen=22: 508 braids
  Braids kept: 910366 (in 10 buckets, 3.89 GB)
  ⚡ Timing: matmul=0.20s, sampling=0.14s, total=2.63s

============================================================
Level 8 - SAMPLING
============================================================
  Starting braids: 910366
  Candidates to generate: 4963856
  Processing in 100 chunks...
  Projlen distribution:
    projlen=14: 112 braids
    projlen=15: 892 braids
    projlen=16: 6328 braids
    projlen=17: 572868 braids
    projlen=18: 750712 braids
    projlen=19: 1389236 braids
    projlen=20: 1065816 braids
    projlen=21: 775948 braids
    projlen=22: 300440 braids
    projlen=23: 88088 braids
  Braids kept: 4963856 (in 12 buckets, 21.24 GB)
  ⚡ Timing: matmul=1.08s, sampling=3.37s, total=18.25s

============================================================
Level 9 - SAMPLING
============================================================
  Starting braids: 1800000
  Candidates to generate: 10051724
  Processing in 202 chunks...
  Projlen distribution:
    projlen=15: 152 braids
    projlen=16: 1360 braids
    projlen=17: 11936 braids
    projlen=18: 42566 braids
    projlen=19: 2600258 braids
    projlen=20: 3229829 braids
    projlen=21: 3274475 braids
    projlen=22: 891148 braids
  Braids kept: 10051724 (in 8 buckets, 43.00 GB)
  ⚡ Timing: matmul=2.16s, sampling=10.33s, total=44.44s

============================================================
Level 10 - SAMPLING
============================================================
  Starting braids: 1800000
  Candidates to generate: 10763300
  Processing in 216 chunks...
  Projlen distribution:
    projlen=16: 64 braids
    projlen=17: 3143 braids
    projlen=18: 12089 braids
    projlen=19: 96421 braids
    projlen=20: 218540 braids
    projlen=21: 6955177 braids
    projlen=22: 3477866 braids
  Braids kept: 7408123 (in 7 buckets, 31.69 GB)
  ⚡ Timing: matmul=2.49s, sampling=19.75s, total=62.34s

============================================================
Level 11 - SAMPLING
============================================================
  Starting braids: 1800000
  Candidates to generate: 10918816
  Processing in 219 chunks...
  Projlen distribution:
    projlen=16: 6 braids
    projlen=17: 107 braids
    projlen=18: 1683 braids
    projlen=19: 30939 braids
    projlen=20: 79438 braids
    projlen=21: 577521 braids
    projlen=22: 964183 braids
    projlen=23: 6263130 braids
    projlen=24: 3001809 braids
  Braids kept: 8255686 (in 9 buckets, 35.32 GB)
  ⚡ Timing: matmul=2.46s, sampling=21.46s, total=64.74s

============================================================
Level 12 - SAMPLING
============================================================
  Starting braids: 1800000
  Candidates to generate: 10898862
  Processing in 218 chunks...
  Projlen distribution:
    projlen=17: 6 braids
    projlen=18: 238 braids
    projlen=19: 3161 braids
    projlen=20: 16890 braids
    projlen=21: 216397 braids
    projlen=22: 430054 braids
    projlen=23: 3012085 braids
    projlen=24: 4125735 braids
    projlen=25: 2793506 braids
    projlen=26: 300790 braids
  Braids kept: 10373127 (in 10 buckets, 44.38 GB)
  ⚡ Timing: matmul=2.53s, sampling=18.68s, total=59.62s

============================================================
Level 13 - SAMPLING
============================================================
  Starting braids: 1800000
  Candidates to generate: 10908546
  Processing in 219 chunks...
