============================================================
SEARCHING FOR p=5 KERNEL ELEMENTS (ULTRA-OPTIMIZED)
============================================================
Device: cuda
Bucket size: 6400000
Max length: 56
Bootstrap length: 5
Prime: 5
Degree multiplier: 2
Degree window: [0, 112] (113 coeffs) - NON-NEGATIVE ONLY
Use best: 3200000
Expansion chunk size: 50000
Matmul chunk size: 8000
⚡ Precomputed FFTs: ENABLED
⚡ Non-negative degrees only: ENABLED (2x memory savings!)

Loaded tables from /nfs/roberts/project/pi_com36/com36/burau-experiments/precomputed_tables/tables_B4_r1_p5.pt
  Degree window: [0, 112] (113 coefficients) - NON-NEGATIVE ONLY
✓ Identity matrix verified (at degree 0)

Precomputing FFTs of simple Burau matrices...
  D=113, out_D=225, fft_size=256
  FFT cache: 0.2 MB
Initialized with identity braid
Degree window: [0, 112] (113 coefficients) - NON-NEGATIVE ONLY
FFT size: 256
Storage types: matrix=torch.int16, word=torch.int32
Config: bucket_size=6400000, bootstrap=5, max_length=56, chunk_size=50000, matmul_chunk=8000, use_best=3200000
⚡ Ultra-optimized: precomputed Burau FFTs + non-negative degrees only

============================================================
Level 1 - BOOTSTRAP
============================================================
  Starting braids: 1
  Candidates to generate: 22
  Projlen distribution:
    projlen=3: 10 braids
    projlen=4: 12 braids
  Braids kept: 22 (in 2 buckets, 0.00 GB)
  ⚡ Timing: matmul=0.08s, sampling=0.00s, total=0.28s

============================================================
Level 2 - BOOTSTRAP
============================================================
  Starting braids: 22
  Candidates to generate: 164
  Projlen distribution:
    projlen=5: 56 braids
    projlen=6: 76 braids
    projlen=7: 32 braids
  Braids kept: 164 (in 3 buckets, 0.00 GB)
  ⚡ Timing: matmul=0.01s, sampling=0.00s, total=0.11s

============================================================
Level 3 - BOOTSTRAP
============================================================
  Starting braids: 164
  Candidates to generate: 982
  Projlen distribution:
    projlen=7: 270 braids
    projlen=8: 364 braids
    projlen=9: 288 braids
    projlen=10: 60 braids
  Braids kept: 982 (in 4 buckets, 0.00 GB)
  ⚡ Timing: matmul=0.08s, sampling=0.00s, total=0.18s

============================================================
Level 4 - BOOTSTRAP
============================================================
  Starting braids: 982
  Candidates to generate: 5528
  Projlen distribution:
    projlen=9: 1256 braids
    projlen=10: 1672 braids
    projlen=11: 1784 braids
    projlen=12: 700 braids
    projlen=13: 116 braids
  Braids kept: 5528 (in 5 buckets, 0.01 GB)
  ⚡ Timing: matmul=0.01s, sampling=0.00s, total=0.11s

============================================================
Level 5 - BOOTSTRAP
============================================================
  Starting braids: 5528
  Candidates to generate: 30478
  Projlen distribution:
    projlen=10: 4 braids
    projlen=11: 5798 braids
    projlen=12: 7672 braids
    projlen=13: 9864 braids
    projlen=14: 5236 braids
    projlen=15: 1716 braids
    projlen=16: 188 braids
  Braids kept: 30478 (in 7 buckets, 0.07 GB)
  ⚡ Timing: matmul=0.02s, sampling=0.00s, total=0.13s

============================================================
Level 6 - SAMPLING
============================================================
  Starting braids: 30478
  Candidates to generate: 166796
  Processing in 4 chunks...
  Projlen distribution:
    projlen=12: 68 braids
    projlen=13: 26768 braids
    projlen=14: 35288 braids
    projlen=15: 52292 braids
    projlen=16: 33012 braids
    projlen=17: 15680 braids
    projlen=18: 3356 braids
    projlen=19: 332 braids
  Braids kept: 166796 (in 8 buckets, 0.38 GB)
  ⚡ Timing: matmul=0.06s, sampling=0.01s, total=0.45s

============================================================
Level 7 - SAMPLING
============================================================
  Starting braids: 166796
  Candidates to generate: 910366
  Processing in 19 chunks...
  Projlen distribution:
    projlen=13: 52 braids
    projlen=14: 716 braids
    projlen=15: 123766 braids
    projlen=16: 162616 braids
    projlen=17: 271412 braids
    projlen=18: 191940 braids
    projlen=19: 116516 braids
    projlen=20: 35764 braids
    projlen=21: 7076 braids
    projlen=22: 508 braids
  Braids kept: 910366 (in 10 buckets, 2.06 GB)
  ⚡ Timing: matmul=0.11s, sampling=0.08s, total=1.90s

============================================================
Level 8 - SAMPLING
============================================================
  Starting braids: 910366
  Candidates to generate: 4963856
  Processing in 100 chunks...
  Projlen distribution:
    projlen=14: 112 braids
    projlen=15: 892 braids
    projlen=16: 6328 braids
    projlen=17: 572868 braids
    projlen=18: 750712 braids
    projlen=19: 1389236 braids
    projlen=20: 1065816 braids
    projlen=21: 775948 braids
    projlen=22: 300440 braids
    projlen=23: 88088 braids
  Braids kept: 4963856 (in 12 buckets, 11.23 GB)
  ⚡ Timing: matmul=0.60s, sampling=2.22s, total=12.80s

============================================================
Level 9 - SAMPLING
============================================================
  Starting braids: 3200000
  Candidates to generate: 17764700
  Processing in 356 chunks...
  Projlen distribution:
    projlen=15: 152 braids
    projlen=16: 1360 braids
    projlen=17: 11936 braids
    projlen=18: 46736 braids
    projlen=19: 2648710 braids
    projlen=20: 3431858 braids
    projlen=21: 6705122 braids
    projlen=22: 3926469 braids
    projlen=23: 992357 braids
  Braids kept: 17459578 (in 9 buckets, 39.49 GB)
  ⚡ Timing: matmul=2.45s, sampling=25.70s, total=77.98s

============================================================
Level 10 - SAMPLING
============================================================
  Starting braids: 3200000
  Candidates to generate: 18676190
  Processing in 374 chunks...
  Projlen distribution:
    projlen=16: 64 braids
    projlen=17: 3248 braids
    projlen=18: 13510 braids
    projlen=19: 111253 braids
    projlen=20: 261954 braids
    projlen=21: 10660589 braids
    projlen=22: 6548560 braids
    projlen=23: 1077012 braids
  Braids kept: 14267041 (in 8 buckets, 32.27 GB)
  ⚡ Timing: matmul=2.59s, sampling=32.53s, total=92.37s

============================================================
Level 11 - SAMPLING
============================================================
  Starting braids: 3200000
  Candidates to generate: 19304496
  Processing in 387 chunks...
  Projlen distribution:
    projlen=16: 8 braids
    projlen=17: 120 braids
    projlen=18: 1960 braids
    projlen=19: 36444 braids
    projlen=20: 94640 braids
    projlen=21: 677959 braids
    projlen=22: 1174540 braids
    projlen=23: 11613282 braids
    projlen=24: 5705543 braids
  Braids kept: 14091214 (in 9 buckets, 31.87 GB)
  ⚡ Timing: matmul=2.64s, sampling=36.18s, total=99.42s

============================================================
Level 12 - SAMPLING
============================================================
  Starting braids: 3200000
  Candidates to generate: 19432196
  Processing in 389 chunks...
  Projlen distribution:
    projlen=17: 8 braids
    projlen=18: 301 braids
    projlen=19: 3878 braids
    projlen=20: 20921 braids
    projlen=21: 263439 braids
    projlen=22: 525126 braids
    projlen=23: 3643172 braids
    projlen=24: 5066970 braids
    projlen=25: 7409093 braids
    projlen=26: 2499288 braids
  Braids kept: 18423103 (in 10 buckets, 41.67 GB)
  ⚡ Timing: matmul=2.68s, sampling=26.21s, total=82.89s

============================================================
Level 13 - SAMPLING
============================================================
  Starting braids: 3200000
  Candidates to generate: 19535510
  Processing in 391 chunks...
  Projlen distribution:
    projlen=18: 62 braids
    projlen=19: 270 braids
    projlen=20: 4375 braids
    projlen=21: 49153 braids
    projlen=22: 145817 braids
    projlen=23: 1489274 braids
    projlen=24: 2421184 braids
    projlen=25: 10459497 braids
    projlen=26: 4965878 braids
  Braids kept: 15476013 (in 9 buckets, 35.01 GB)
  ⚡ Timing: matmul=2.77s, sampling=36.69s, total=98.80s

============================================================
Level 14 - SAMPLING
============================================================
  Starting braids: 3200000
  Candidates to generate: 19060202
  Processing in 382 chunks...
  Projlen distribution:
    projlen=19: 108 braids
    projlen=20: 948 braids
    projlen=21: 8201 braids
    projlen=22: 39025 braids
    projlen=23: 364385 braids
    projlen=24: 791039 braids
    projlen=25: 6887818 braids
    projlen=26: 7528144 braids
    projlen=27: 3440534 braids
  Braids kept: 17444240 (in 9 buckets, 39.46 GB)
  ⚡ Timing: matmul=2.81s, sampling=32.54s, total=91.93s

============================================================
Level 15 - SAMPLING
============================================================
  Starting braids: 3200000
  Candidates to generate: 19474508
  Processing in 390 chunks...
  Projlen distribution:
    projlen=19: 69 braids
    projlen=20: 222 braids
    projlen=21: 2133 braids
    projlen=22: 10910 braids
    projlen=23: 86207 braids
    projlen=24: 256282 braids
    projlen=25: 1988728 braids
    projlen=26: 3457407 braids
    projlen=27: 9518814 braids
    projlen=28: 4153736 braids
  Braids kept: 16355694 (in 10 buckets, 37.00 GB)
  ⚡ Timing: matmul=2.75s, sampling=34.75s, total=95.52s

============================================================
Level 16 - SAMPLING
============================================================
  Starting braids: 3200000
  Candidates to generate: 19421930
  Processing in 389 chunks...
