============================================================
SEARCHING FOR p=5 KERNEL ELEMENTS (ULTRA-OPTIMIZED)
============================================================
Device: cuda
Bucket size: 100000
Max length: 56
Bootstrap length: 5
Prime: 5
Degree multiplier: 2
Degree window: [0, 112] (113 coeffs) - NON-NEGATIVE ONLY
Use best: 3200000
Expansion chunk size: 200000
Matmul chunk size: 8000
⚡ Precomputed FFTs: ENABLED
⚡ Non-negative degrees only: ENABLED (2x memory savings!)

Loaded tables from /nfs/roberts/project/pi_com36/com36/burau-experiments/precomputed_tables/tables_B4_r1_p5.pt
  Degree window: [0, 112] (113 coefficients) - NON-NEGATIVE ONLY
✓ Identity matrix verified (at degree 0)

Precomputing FFTs of simple Burau matrices...
  D=113, out_D=225, fft_size=256
  FFT cache: 0.2 MB
Initialized with identity braid
Degree window: [0, 112] (113 coefficients) - NON-NEGATIVE ONLY
FFT size: 256
Storage types: matrix=torch.int16, word=torch.int32
Config: bucket_size=100000, bootstrap=5, max_length=56, chunk_size=200000, matmul_chunk=8000, use_best=3200000
⚡ Ultra-optimized: precomputed Burau FFTs + non-negative degrees only

============================================================
Level 1 - BOOTSTRAP
============================================================
  Starting braids: 1
  Candidates to generate: 22
  Projlen distribution:
    projlen=3: 10 braids
    projlen=4: 12 braids
  Braids kept: 22 (in 2 buckets, 0.00 GB)
  ⚡ Timing: matmul=0.05s, sampling=0.00s, total=0.22s

============================================================
Level 2 - BOOTSTRAP
============================================================
  Starting braids: 22
  Candidates to generate: 164
  Projlen distribution:
    projlen=5: 56 braids
    projlen=6: 76 braids
    projlen=7: 32 braids
  Braids kept: 164 (in 3 buckets, 0.00 GB)
  ⚡ Timing: matmul=0.01s, sampling=0.00s, total=0.05s

============================================================
Level 3 - BOOTSTRAP
============================================================
  Starting braids: 164
  Candidates to generate: 982
  Projlen distribution:
    projlen=7: 270 braids
    projlen=8: 364 braids
    projlen=9: 288 braids
    projlen=10: 60 braids
  Braids kept: 982 (in 4 buckets, 0.00 GB)
  ⚡ Timing: matmul=0.01s, sampling=0.00s, total=0.05s

============================================================
Level 4 - BOOTSTRAP
============================================================
  Starting braids: 982
  Candidates to generate: 5528
  Projlen distribution:
    projlen=9: 1256 braids
    projlen=10: 1672 braids
    projlen=11: 1784 braids
    projlen=12: 700 braids
    projlen=13: 116 braids
  Braids kept: 5528 (in 5 buckets, 0.01 GB)
  ⚡ Timing: matmul=0.01s, sampling=0.00s, total=0.05s

============================================================
Level 5 - BOOTSTRAP
============================================================
  Starting braids: 5528
  Candidates to generate: 30478
  Projlen distribution:
    projlen=10: 4 braids
    projlen=11: 5798 braids
    projlen=12: 7672 braids
    projlen=13: 9864 braids
    projlen=14: 5236 braids
    projlen=15: 1716 braids
    projlen=16: 188 braids
  Braids kept: 30478 (in 7 buckets, 0.07 GB)
  ⚡ Timing: matmul=0.02s, sampling=0.00s, total=0.07s

============================================================
Level 6 - SAMPLING
============================================================
  Starting braids: 30478
  Candidates to generate: 166796
  Projlen distribution:
    projlen=12: 68 braids
    projlen=13: 26768 braids
    projlen=14: 35288 braids
    projlen=15: 52292 braids
    projlen=16: 33012 braids
    projlen=17: 15680 braids
    projlen=18: 3356 braids
    projlen=19: 332 braids
  Braids kept: 166796 (in 8 buckets, 0.38 GB)
  ⚡ Timing: matmul=0.10s, sampling=0.00s, total=0.15s

============================================================
Level 7 - SAMPLING
============================================================
  Starting braids: 166796
  Candidates to generate: 910366
  Processing in 5 chunks...
  Projlen distribution:
    projlen=13: 52 braids
    projlen=14: 716 braids
    projlen=15: 123766 braids
    projlen=16: 162616 braids
    projlen=17: 271412 braids
    projlen=18: 191940 braids
    projlen=19: 116516 braids
    projlen=20: 35764 braids
    projlen=21: 7076 braids
    projlen=22: 508 braids
  Braids kept: 544116 (in 10 buckets, 1.23 GB)
  ⚡ Timing: matmul=0.12s, sampling=0.04s, total=0.77s

============================================================
Level 8 - SAMPLING
============================================================
  Starting braids: 544116
  Candidates to generate: 2958108
  Processing in 15 chunks...
  Projlen distribution:
    projlen=14: 112 braids
    projlen=15: 878 braids
    projlen=16: 5105 braids
    projlen=17: 442697 braids
    projlen=18: 493255 braids
    projlen=19: 617883 braids
    projlen=20: 489834 braids
    projlen=21: 535503 braids
    projlen=22: 271337 braids
    projlen=23: 88088 braids
  Braids kept: 707599 (in 12 buckets, 1.60 GB)
  ⚡ Timing: matmul=0.27s, sampling=0.11s, total=2.40s

============================================================
Level 9 - SAMPLING
============================================================
  Starting braids: 707599
  Candidates to generate: 3804079
  Processing in 20 chunks...
  Projlen distribution:
    projlen=15: 144 braids
    projlen=16: 1065 braids
    projlen=17: 8840 braids
    projlen=18: 22956 braids
    projlen=19: 460768 braids
    projlen=20: 482408 braids
    projlen=21: 608081 braids
    projlen=22: 501027 braids
    projlen=23: 585618 braids
    projlen=24: 470543 braids
  Braids kept: 858797 (in 14 buckets, 1.94 GB)
  ⚡ Timing: matmul=0.25s, sampling=0.14s, total=3.11s

============================================================
Level 10 - SAMPLING
============================================================
  Starting braids: 858797
  Candidates to generate: 4622593
  Processing in 24 chunks...
  Projlen distribution:
    projlen=16: 54 braids
    projlen=17: 2211 braids
    projlen=18: 6850 braids
    projlen=19: 53598 braids
    projlen=20: 99973 braids
    projlen=21: 502244 braids
    projlen=22: 474668 braids
    projlen=23: 608733 braids
    projlen=24: 502582 braids
    projlen=25: 580362 braids
  Braids kept: 1105942 (in 16 buckets, 2.50 GB)
  ⚡ Timing: matmul=0.31s, sampling=0.18s, total=3.78s

============================================================
Level 11 - SAMPLING
============================================================
  Starting braids: 1105942
  Candidates to generate: 6008926
  Processing in 31 chunks...
  Projlen distribution:
    projlen=16: 4 braids
    projlen=17: 72 braids
    projlen=18: 831 braids
    projlen=19: 15337 braids
    projlen=20: 36755 braids
    projlen=21: 272386 braids
    projlen=22: 434332 braids
    projlen=23: 664700 braids
    projlen=24: 469344 braids
    projlen=25: 609264 braids
  Braids kept: 1332727 (in 19 buckets, 3.01 GB)
  ⚡ Timing: matmul=0.39s, sampling=0.24s, total=4.91s

============================================================
Level 12 - SAMPLING
============================================================
  Starting braids: 1332727
  Candidates to generate: 7213739
  Processing in 37 chunks...
  Projlen distribution:
    projlen=17: 4 braids
    projlen=18: 98 braids
    projlen=19: 1114 braids
    projlen=20: 6126 braids
    projlen=21: 81402 braids
    projlen=22: 160242 braids
    projlen=23: 508839 braids
    projlen=24: 532761 braids
    projlen=25: 622101 braids
    projlen=26: 470591 braids
  Braids kept: 1593732 (in 21 buckets, 3.61 GB)
  ⚡ Timing: matmul=0.47s, sampling=0.30s, total=5.98s

============================================================
Level 13 - SAMPLING
============================================================
  Starting braids: 1593732
  Candidates to generate: 8634860
  Processing in 44 chunks...
  Projlen distribution:
    projlen=18: 24 braids
    projlen=19: 73 braids
    projlen=20: 966 braids
    projlen=21: 9640 braids
    projlen=22: 34039 braids
    projlen=23: 371490 braids
    projlen=24: 495625 braids
    projlen=25: 637799 braids
    projlen=26: 513289 braids
    projlen=27: 603248 braids
  Braids kept: 1751906 (in 23 buckets, 3.96 GB)
  ⚡ Timing: matmul=0.57s, sampling=0.35s, total=7.04s

============================================================
Level 14 - SAMPLING
============================================================
  Starting braids: 1751906
  Candidates to generate: 9488956
  Processing in 48 chunks...
  Projlen distribution:
    projlen=19: 45 braids
    projlen=20: 301 braids
    projlen=21: 1302 braids
    projlen=22: 7335 braids
    projlen=23: 55894 braids
    projlen=24: 147907 braids
    projlen=25: 510017 braids
    projlen=26: 519433 braids
    projlen=27: 607102 braids
    projlen=28: 504656 braids
  Braids kept: 1976393 (in 25 buckets, 4.47 GB)
  ⚡ Timing: matmul=0.66s, sampling=0.40s, total=7.74s

============================================================
Level 15 - SAMPLING
============================================================
  Starting braids: 1976393
  Candidates to generate: 10730303
  Processing in 54 chunks...
  Projlen distribution:
    projlen=19: 25 braids
    projlen=20: 84 braids
    projlen=21: 745 braids
    projlen=22: 2512 braids
    projlen=23: 11232 braids
    projlen=24: 40568 braids
    projlen=25: 266293 braids
    projlen=26: 468443 braids
    projlen=27: 638692 braids
    projlen=28: 502168 braids
  Braids kept: 2171546 (in 28 buckets, 4.91 GB)
  ⚡ Timing: matmul=0.76s, sampling=0.43s, total=8.72s

============================================================
Level 16 - SAMPLING
============================================================
  Starting braids: 2171546
  Candidates to generate: 11783518
  Processing in 59 chunks...
  Projlen distribution:
    projlen=20: 42 braids
    projlen=21: 463 braids
    projlen=22: 1201 braids
    projlen=23: 6370 braids
    projlen=24: 16583 braids
    projlen=25: 63193 braids
    projlen=26: 178576 braids
    projlen=27: 500339 braids
    projlen=28: 553579 braids
    projlen=29: 599976 braids
  Braids kept: 2413960 (in 30 buckets, 5.46 GB)
  ⚡ Timing: matmul=0.85s, sampling=0.49s, total=9.58s

============================================================
Level 17 - SAMPLING
============================================================
  Starting braids: 2413960
  Candidates to generate: 13110958
  Processing in 66 chunks...
  Projlen distribution:
    projlen=20: 19 braids
    projlen=21: 170 braids
    projlen=22: 821 braids
    projlen=23: 4131 braids
    projlen=24: 9086 braids
    projlen=25: 40520 braids
    projlen=26: 87351 braids
    projlen=27: 295944 braids
    projlen=28: 493267 braids
    projlen=29: 613724 braids
  Braids kept: 2678958 (in 33 buckets, 6.06 GB)
  ⚡ Timing: matmul=0.90s, sampling=0.56s, total=10.73s

============================================================
Level 18 - SAMPLING
============================================================
  Starting braids: 2678958
  Candidates to generate: 14567910
  Processing in 73 chunks...
  Projlen distribution:
    projlen=21: 50 braids
    projlen=22: 402 braids
    projlen=23: 2391 braids
    projlen=24: 6557 braids
    projlen=25: 28610 braids
    projlen=26: 53248 braids
    projlen=27: 209312 braids
    projlen=28: 388772 braids
    projlen=29: 581904 braids
    projlen=30: 558580 braids
  Braids kept: 2949622 (in 35 buckets, 6.67 GB)
  ⚡ Timing: matmul=1.04s, sampling=0.62s, total=11.88s

============================================================
Level 19 - SAMPLING
============================================================
  Starting braids: 2949622
  Candidates to generate: 16017630
  Processing in 81 chunks...
  Projlen distribution:
    projlen=21: 14 braids
    projlen=22: 212 braids
    projlen=23: 1428 braids
    projlen=24: 3670 braids
    projlen=25: 19192 braids
    projlen=26: 39906 braids
    projlen=27: 154655 braids
    projlen=28: 241598 braids
    projlen=29: 520927 braids
    projlen=30: 552278 braids
  Braids kept: 3246338 (in 38 buckets, 7.34 GB)
  ⚡ Timing: matmul=1.05s, sampling=0.68s, total=13.08s

============================================================
Level 20 - SAMPLING
============================================================
  Starting braids: 3200000
  Candidates to generate: 17427320
  Processing in 88 chunks...
  Projlen distribution:
    projlen=21: 6 braids
    projlen=22: 127 braids
    projlen=23: 782 braids
    projlen=24: 2537 braids
    projlen=25: 12836 braids
    projlen=26: 24269 braids
    projlen=27: 109587 braids
    projlen=28: 184485 braids
    projlen=29: 496562 braids
    projlen=30: 524985 braids
  Braids kept: 3496564 (in 41 buckets, 7.91 GB)
  ⚡ Timing: matmul=1.15s, sampling=0.76s, total=14.37s

============================================================
Level 21 - SAMPLING
============================================================
  Starting braids: 3200000
  Candidates to generate: 17560082
  Processing in 88 chunks...
  Projlen distribution:
    projlen=21: 24 braids
    projlen=22: 81 braids
    projlen=23: 641 braids
    projlen=24: 1763 braids
    projlen=25: 7867 braids
    projlen=26: 18288 braids
    projlen=27: 78032 braids
    projlen=28: 120871 braids
    projlen=29: 464137 braids
    projlen=30: 524005 braids
  Braids kept: 3506696 (in 41 buckets, 7.93 GB)
  ⚡ Timing: matmul=1.23s, sampling=0.74s, total=14.31s

============================================================
Level 22 - SAMPLING
============================================================
  Starting braids: 3200000
  Candidates to generate: 17546434
  Processing in 88 chunks...
  Projlen distribution:
    projlen=20: 3 braids
    projlen=21: 55 braids
    projlen=22: 92 braids
    projlen=23: 457 braids
    projlen=24: 1296 braids
    projlen=25: 6391 braids
    projlen=26: 13590 braids
    projlen=27: 52567 braids
    projlen=28: 97319 braids
    projlen=29: 367579 braids
  Braids kept: 3471770 (in 42 buckets, 7.85 GB)
  ⚡ Timing: matmul=1.22s, sampling=0.77s, total=14.38s

============================================================
Level 23 - SAMPLING
============================================================
  Starting braids: 3200000
  Candidates to generate: 17531972
  Processing in 88 chunks...
  Projlen distribution:
    projlen=20: 17 braids
    projlen=21: 76 braids
    projlen=22: 105 braids
    projlen=23: 560 braids
    projlen=24: 954 braids
    projlen=25: 4685 braids
    projlen=26: 10349 braids
    projlen=27: 43567 braids
    projlen=28: 76928 braids
    projlen=29: 257903 braids
  Braids kept: 3492487 (in 43 buckets, 7.90 GB)
  ⚡ Timing: matmul=1.21s, sampling=0.75s, total=14.32s

============================================================
Level 24 - SAMPLING
============================================================
  Starting braids: 3200000
  Candidates to generate: 17531294
  Processing in 88 chunks...
  Projlen distribution:
    projlen=20: 22 braids
    projlen=21: 70 braids
    projlen=22: 203 braids
    projlen=23: 582 braids
    projlen=24: 892 braids
    projlen=25: 4449 braids
    projlen=26: 8170 braids
    projlen=27: 33161 braids
    projlen=28: 61002 braids
    projlen=29: 216804 braids
  Braids kept: 3508551 (in 43 buckets, 7.94 GB)
  ⚡ Timing: matmul=1.22s, sampling=0.74s, total=14.46s

============================================================
Level 25 - SAMPLING
============================================================
  Starting braids: 3200000
  Candidates to generate: 17532376
  Processing in 88 chunks...
  Projlen distribution:
    projlen=19: 3 braids
    projlen=20: 16 braids
    projlen=21: 84 braids
    projlen=22: 172 braids
    projlen=23: 573 braids
    projlen=24: 1319 braids
    projlen=25: 3858 braids
    projlen=26: 6837 braids
    projlen=27: 31000 braids
    projlen=28: 50637 braids
  Braids kept: 3494499 (in 44 buckets, 7.90 GB)
  ⚡ Timing: matmul=1.21s, sampling=0.74s, total=14.41s

============================================================
Level 26 - SAMPLING
============================================================
  Starting braids: 3200000
  Candidates to generate: 17544728
  Processing in 88 chunks...
  Projlen distribution:
    projlen=20: 3 braids
    projlen=21: 71 braids
    projlen=22: 135 braids
    projlen=23: 674 braids
    projlen=24: 998 braids
    projlen=25: 3818 braids
    projlen=26: 8470 braids
    projlen=27: 25343 braids
    projlen=28: 42038 braids
    projlen=29: 165510 braids
  Braids kept: 3492532 (in 44 buckets, 7.90 GB)
  ⚡ Timing: matmul=1.22s, sampling=0.74s, total=14.32s

============================================================
Level 27 - SAMPLING
============================================================
  Starting braids: 3200000
  Candidates to generate: 17553596
  Processing in 88 chunks...
  Projlen distribution:
    projlen=21: 2 braids
    projlen=22: 42 braids
    projlen=23: 524 braids
    projlen=24: 976 braids
    projlen=25: 4058 braids
    projlen=26: 6600 braids
    projlen=27: 24681 braids
    projlen=28: 48185 braids
    projlen=29: 135722 braids
    projlen=30: 195010 braids
  Braids kept: 3521436 (in 43 buckets, 7.97 GB)
  ⚡ Timing: matmul=1.23s, sampling=0.75s, total=14.38s

============================================================
Level 28 - SAMPLING
============================================================
  Starting braids: 3200000
  Candidates to generate: 17548952
  Processing in 88 chunks...
  Projlen distribution:
    projlen=20: 5 braids
    projlen=21: 3 braids
    projlen=22: 64 braids
    projlen=23: 128 braids
    projlen=24: 517 braids
    projlen=25: 3101 braids
    projlen=26: 6320 braids
    projlen=27: 24482 braids
    projlen=28: 39659 braids
    projlen=29: 132770 braids
  Braids kept: 3503474 (in 44 buckets, 7.92 GB)
  ⚡ Timing: matmul=1.22s, sampling=0.77s, total=14.37s

============================================================
Level 29 - SAMPLING
============================================================
  Starting braids: 3200000
  Candidates to generate: 17543252
  Processing in 88 chunks...
  Projlen distribution:
    projlen=19: 10 braids
    projlen=20: 7 braids
    projlen=21: 28 braids
    projlen=22: 69 braids
    projlen=23: 203 braids
    projlen=24: 567 braids
    projlen=25: 1318 braids
    projlen=26: 3883 braids
    projlen=27: 18883 braids
    projlen=28: 36388 braids
  Braids kept: 3512322 (in 45 buckets, 7.94 GB)
  ⚡ Timing: matmul=1.22s, sampling=0.76s, total=14.33s

============================================================
Level 30 - SAMPLING
============================================================
  Starting braids: 3200000
  Candidates to generate: 17530428
  Processing in 88 chunks...
  Projlen distribution:
    projlen=19: 5 braids
    projlen=20: 40 braids
    projlen=21: 50 braids
    projlen=22: 151 braids
    projlen=23: 282 braids
    projlen=24: 646 braids
    projlen=25: 1774 braids
    projlen=26: 4011 braids
    projlen=27: 10022 braids
    projlen=28: 24937 braids
  Braids kept: 3517878 (in 45 buckets, 7.96 GB)
  ⚡ Timing: matmul=1.22s, sampling=0.78s, total=15.33s

============================================================
Level 31 - SAMPLING
============================================================
  Starting braids: 3200000
  Candidates to generate: 17542826
  Processing in 88 chunks...
  Projlen distribution:
    projlen=18: 1 braids
    projlen=19: 6 braids
    projlen=20: 42 braids
    projlen=21: 73 braids
    projlen=22: 320 braids
    projlen=23: 422 braids
    projlen=24: 1033 braids
    projlen=25: 2159 braids
    projlen=26: 4422 braids
    projlen=27: 11830 braids
  Braids kept: 3507126 (in 46 buckets, 7.93 GB)
  ⚡ Timing: matmul=1.21s, sampling=0.73s, total=14.28s

============================================================
Level 32 - SAMPLING
============================================================
  Starting braids: 3200000
  Candidates to generate: 17550502
  Processing in 88 chunks...
  Projlen distribution:
    projlen=18: 5 braids
    projlen=19: 5 braids
    projlen=20: 15 braids
    projlen=21: 100 braids
    projlen=22: 299 braids
    projlen=23: 570 braids
    projlen=24: 1846 braids
    projlen=25: 2913 braids
    projlen=26: 6491 braids
    projlen=27: 13895 braids
  Braids kept: 3523040 (in 46 buckets, 7.97 GB)
  ⚡ Timing: matmul=1.21s, sampling=0.75s, total=14.37s

============================================================
Level 33 - SAMPLING
============================================================
  Starting braids: 3200000
  Candidates to generate: 17558878
  Processing in 88 chunks...
  Projlen distribution:
    projlen=17: 1 braids
    projlen=18: 2 braids
    projlen=19: 6 braids
    projlen=20: 21 braids
    projlen=21: 47 braids
    projlen=22: 198 braids
    projlen=23: 674 braids
    projlen=24: 1822 braids
    projlen=25: 3537 braids
    projlen=26: 10719 braids
  Braids kept: 3552434 (in 47 buckets, 8.04 GB)
  ⚡ Timing: matmul=1.21s, sampling=0.75s, total=14.30s

============================================================
Level 34 - SAMPLING
============================================================
  Starting braids: 3200000
  Candidates to generate: 17550436
  Processing in 88 chunks...
  Projlen distribution:
    projlen=18: 4 braids
    projlen=19: 3 braids
    projlen=20: 19 braids
    projlen=21: 33 braids
    projlen=22: 156 braids
    projlen=23: 355 braids
    projlen=24: 1422 braids
    projlen=25: 4090 braids
    projlen=26: 10750 braids
    projlen=27: 21304 braids
  Braids kept: 3589030 (in 46 buckets, 8.12 GB)
  ⚡ Timing: matmul=1.22s, sampling=0.74s, total=14.31s

============================================================
Level 35 - SAMPLING
============================================================
  Starting braids: 3200000
  Candidates to generate: 17541356
  Processing in 88 chunks...
  Projlen distribution:
    projlen=17: 1 braids
    projlen=18: 2 braids
    projlen=19: 3 braids
    projlen=20: 26 braids
    projlen=21: 17 braids
    projlen=22: 152 braids
    projlen=23: 279 braids
    projlen=24: 983 braids
    projlen=25: 2405 braids
    projlen=26: 9332 braids
  Braids kept: 3507813 (in 47 buckets, 7.93 GB)
  ⚡ Timing: matmul=1.22s, sampling=0.76s, total=14.45s

============================================================
Level 36 - SAMPLING
============================================================
  Starting braids: 3200000
  Candidates to generate: 17551410
  Processing in 88 chunks...
  Projlen distribution:
    projlen=17: 1 braids
    projlen=18: 2 braids
    projlen=19: 4 braids
    projlen=20: 16 braids
    projlen=21: 17 braids
    projlen=22: 161 braids
    projlen=23: 193 braids
    projlen=24: 1105 braids
    projlen=25: 1861 braids
    projlen=26: 6648 braids
  Braids kept: 3486245 (in 47 buckets, 7.89 GB)
  ⚡ Timing: matmul=1.23s, sampling=0.74s, total=14.33s

============================================================
Level 37 - SAMPLING
============================================================
  Starting braids: 3200000
  Candidates to generate: 17559318
  Processing in 88 chunks...
  Projlen distribution:
    projlen=18: 3 braids
    projlen=19: 6 braids
    projlen=20: 20 braids
    projlen=21: 19 braids
    projlen=22: 92 braids
    projlen=23: 133 braids
    projlen=24: 1057 braids
    projlen=25: 1440 braids
    projlen=26: 7327 braids
    projlen=27: 13072 braids
  Braids kept: 3493952 (in 46 buckets, 7.90 GB)
  ⚡ Timing: matmul=1.21s, sampling=0.75s, total=14.32s

============================================================
Level 38 - SAMPLING
============================================================
  Starting braids: 3200000
  Candidates to generate: 17560384
  Processing in 88 chunks...
  Projlen distribution:
    projlen=20: 32 braids
    projlen=21: 33 braids
    projlen=22: 117 braids
    projlen=23: 114 braids
    projlen=24: 648 braids
    projlen=25: 1199 braids
    projlen=26: 6559 braids
    projlen=27: 10624 braids
    projlen=28: 44967 braids
    projlen=29: 77881 braids
  Braids kept: 3527813 (in 44 buckets, 7.98 GB)
  ⚡ Timing: matmul=1.22s, sampling=0.75s, total=14.45s

============================================================
Level 39 - SAMPLING
============================================================
  Starting braids: 3200000
  Candidates to generate: 17574412
  Processing in 88 chunks...
  Projlen distribution:
    projlen=20: 5 braids
    projlen=21: 4 braids
    projlen=22: 211 braids
    projlen=23: 223 braids
    projlen=24: 787 braids
    projlen=25: 982 braids
    projlen=26: 4508 braids
    projlen=27: 9395 braids
    projlen=28: 39562 braids
    projlen=29: 65618 braids
  Braids kept: 3521295 (in 44 buckets, 7.97 GB)
  ⚡ Timing: matmul=1.22s, sampling=0.76s, total=14.36s

============================================================
Level 40 - SAMPLING
============================================================
  Starting braids: 3200000
  Candidates to generate: 17574690
  Processing in 88 chunks...
  Projlen distribution:
    projlen=19: 1 braids
    projlen=20: 1 braids
    projlen=21: 7 braids
    projlen=22: 47 braids
    projlen=23: 86 braids
    projlen=24: 1378 braids
    projlen=25: 1593 braids
    projlen=26: 5406 braids
    projlen=27: 7782 braids
    projlen=28: 29153 braids
  Braids kept: 3503799 (in 45 buckets, 7.93 GB)
  ⚡ Timing: matmul=1.23s, sampling=0.74s, total=14.43s

============================================================
Level 41 - SAMPLING
============================================================
  Starting braids: 3200000
  Candidates to generate: 17577370
  Processing in 88 chunks...
  Projlen distribution:
    projlen=19: 1 braids
    projlen=20: 2 braids
    projlen=21: 5 braids
    projlen=22: 31 braids
    projlen=23: 93 braids
    projlen=24: 571 braids
    projlen=25: 1094 braids
    projlen=26: 8323 braids
    projlen=27: 10744 braids
    projlen=28: 33802 braids
  Braids kept: 3503069 (in 45 buckets, 7.92 GB)
  ⚡ Timing: matmul=1.22s, sampling=0.74s, total=14.31s

============================================================
Level 42 - SAMPLING
============================================================
  Starting braids: 3200000
  Candidates to generate: 17576394
  Processing in 88 chunks...
  Projlen distribution:
    projlen=20: 4 braids
    projlen=21: 5 braids
    projlen=22: 26 braids
    projlen=23: 72 braids
    projlen=24: 564 braids
    projlen=25: 1255 braids
    projlen=26: 4785 braids
    projlen=27: 8648 braids
    projlen=28: 47071 braids
    projlen=29: 62007 braids
  Braids kept: 3524437 (in 44 buckets, 7.97 GB)
  ⚡ Timing: matmul=1.21s, sampling=0.76s, total=14.33s

============================================================
Level 43 - SAMPLING
============================================================
  Starting braids: 3200000
  Candidates to generate: 17570476
  Processing in 88 chunks...
  Projlen distribution:
    projlen=20: 5 braids
    projlen=21: 7 braids
    projlen=22: 36 braids
    projlen=23: 79 braids
    projlen=24: 449 braids
    projlen=25: 1136 braids
    projlen=26: 4926 braids
    projlen=27: 9739 braids
    projlen=28: 32101 braids
    projlen=29: 53305 braids
  Braids kept: 3501783 (in 44 buckets, 7.92 GB)
  ⚡ Timing: matmul=1.23s, sampling=0.74s, total=14.36s

============================================================
Level 44 - SAMPLING
============================================================
  Starting braids: 3200000
  Candidates to generate: 17559476
  Processing in 88 chunks...
  Projlen distribution:
    projlen=19: 1 braids
    projlen=20: 1 braids
    projlen=21: 11 braids
    projlen=22: 44 braids
    projlen=23: 94 braids
    projlen=24: 442 braids
    projlen=25: 1046 braids
    projlen=26: 3895 braids
    projlen=27: 8984 braids
    projlen=28: 33146 braids
  Braids kept: 3506748 (in 45 buckets, 7.93 GB)
  ⚡ Timing: matmul=1.21s, sampling=0.76s, total=14.32s

============================================================
Level 45 - SAMPLING
============================================================
  Starting braids: 3200000
  Candidates to generate: 17565420
  Processing in 88 chunks...
  Projlen distribution:
    projlen=18: 1 braids
    projlen=20: 6 braids
    projlen=21: 9 braids
    projlen=22: 44 braids
    projlen=23: 133 braids
    projlen=24: 554 braids
    projlen=25: 936 braids
    projlen=26: 3494 braids
    projlen=27: 8241 braids
    projlen=28: 26851 braids
  Braids kept: 3495963 (in 45 buckets, 7.91 GB)
  ⚡ Timing: matmul=1.22s, sampling=0.76s, total=14.45s

============================================================
Level 46 - SAMPLING
============================================================
  Starting braids: 3200000
  Candidates to generate: 17564952
  Processing in 88 chunks...
  Projlen distribution:
    projlen=18: 6 braids
    projlen=19: 4 braids
    projlen=20: 9 braids
    projlen=21: 8 braids
    projlen=22: 82 braids
    projlen=23: 161 braids
    projlen=24: 532 braids
    projlen=25: 1267 braids
    projlen=26: 3820 braids
    projlen=27: 7440 braids
  Braids kept: 3496180 (in 47 buckets, 7.91 GB)
  ⚡ Timing: matmul=1.13s, sampling=0.78s, total=14.39s

============================================================
Level 47 - SAMPLING
============================================================
  Starting braids: 3200000
  Candidates to generate: 17567578
  Processing in 88 chunks...
  Projlen distribution:
    projlen=16: 1 braids
    projlen=18: 12 braids
    projlen=19: 8 braids
    projlen=20: 40 braids
    projlen=21: 28 braids
    projlen=22: 91 braids
    projlen=23: 164 braids
    projlen=24: 712 braids
    projlen=25: 1249 braids
    projlen=26: 3856 braids
  Braids kept: 3510364 (in 48 buckets, 7.94 GB)
  ⚡ Timing: matmul=1.22s, sampling=0.83s, total=14.74s

============================================================
Level 48 - SAMPLING
============================================================
  Starting braids: 3200000
  Candidates to generate: 17575988
  Processing in 88 chunks...
  Projlen distribution:
    projlen=14: 1 braids
    projlen=16: 4 braids
    projlen=17: 2 braids
    projlen=18: 6 braids
    projlen=19: 7 braids
    projlen=20: 68 braids
    projlen=21: 50 braids
    projlen=22: 239 braids
    projlen=23: 201 braids
    projlen=24: 793 braids
  Braids kept: 3519408 (in 50 buckets, 7.96 GB)
  ⚡ Timing: matmul=1.33s, sampling=0.78s, total=15.10s

============================================================
Level 49 - SAMPLING
============================================================
  Starting braids: 3200000
  Candidates to generate: 17576762
  Processing in 88 chunks...
  Projlen distribution:
    projlen=13: 1 braids
    projlen=15: 4 braids
    projlen=16: 2 braids
    projlen=17: 8 braids
    projlen=18: 16 braids
    projlen=19: 19 braids
    projlen=20: 30 braids
    projlen=21: 54 braids
    projlen=22: 360 braids
    projlen=23: 319 braids
  Braids kept: 3515462 (in 51 buckets, 7.95 GB)
  ⚡ Timing: matmul=1.31s, sampling=0.79s, total=15.12s

============================================================
Level 50 - SAMPLING
============================================================
  Starting braids: 3200000
  Candidates to generate: 17579662
  Processing in 88 chunks...
  Projlen distribution:
    projlen=11: 1 braids
    projlen=12: 1 braids
    projlen=13: 4 braids
    projlen=14: 3 braids
    projlen=15: 6 braids
    projlen=16: 6 braids
    projlen=17: 18 braids
    projlen=18: 12 braids
    projlen=19: 38 braids
    projlen=20: 92 braids
  Braids kept: 3510859 (in 53 buckets, 7.94 GB)
  ⚡ Timing: matmul=1.32s, sampling=0.78s, total=15.19s

============================================================
Level 51 - SAMPLING
============================================================
  Starting braids: 3200000
  Candidates to generate: 17576534
  Processing in 88 chunks...
  Projlen distribution:
    projlen=9: 1 braids
    projlen=11: 5 braids
    projlen=12: 2 braids
    projlen=13: 12 braids
    projlen=14: 6 braids
    projlen=15: 26 braids
    projlen=16: 14 braids
    projlen=17: 38 braids
    projlen=18: 31 braids
    projlen=19: 99 braids
  Braids kept: 3533171 (in 54 buckets, 7.99 GB)
  ⚡ Timing: matmul=1.35s, sampling=0.83s, total=16.08s

============================================================
Level 52 - SAMPLING
============================================================
  Starting braids: 3200000
  Candidates to generate: 17552128
  Processing in 88 chunks...
  Projlen distribution:
    projlen=7: 1 braids
    projlen=8: 1 braids
    projlen=9: 4 braids
    projlen=10: 3 braids
    projlen=11: 6 braids
    projlen=12: 4 braids
    projlen=13: 24 braids
    projlen=14: 18 braids
    projlen=15: 68 braids
    projlen=16: 34 braids
  Braids kept: 3555277 (in 57 buckets, 8.04 GB)
  ⚡ Timing: matmul=1.30s, sampling=0.78s, total=15.17s

============================================================
Level 53 - SAMPLING
============================================================
  Starting braids: 3200000
  Candidates to generate: 17540594
  Processing in 88 chunks...
  Projlen distribution:
    projlen=5: 1 braids
    projlen=7: 5 braids
    projlen=8: 2 braids
    projlen=9: 12 braids
    projlen=10: 6 braids
    projlen=11: 28 braids
    projlen=12: 14 braids
    projlen=13: 36 braids
    projlen=14: 10 braids
    projlen=15: 130 braids
  Braids kept: 3557829 (in 58 buckets, 8.05 GB)
  ⚡ Timing: matmul=1.29s, sampling=0.80s, total=15.12s

============================================================
Level 54 - SAMPLING
============================================================
  Starting braids: 3200000
  Candidates to generate: 17522818
  Processing in 88 chunks...
  Projlen distribution:
    projlen=3: 1 braids
    projlen=5: 6 braids
    projlen=6: 4 braids
    projlen=7: 5 braids
    projlen=8: 7 braids
    projlen=9: 23 braids
    projlen=10: 15 braids
    projlen=11: 67 braids
    projlen=12: 36 braids
    projlen=13: 153 braids
  Braids kept: 3618730 (in 60 buckets, 8.19 GB)
  ⚡ Timing: matmul=1.30s, sampling=0.77s, total=15.06s

============================================================
Level 55 - SAMPLING
============================================================
  Starting braids: 3200000
  Candidates to generate: 17509980
  Processing in 88 chunks...

  🎉 FOUND 1 KERNEL ELEMENTS (projlen=1)! 🎉
  Projlen distribution:
    projlen=1: 1 braids
    projlen=3: 4 braids
    projlen=4: 2 braids
    projlen=5: 4 braids
    projlen=6: 2 braids
    projlen=7: 40 braids
    projlen=8: 18 braids
    projlen=9: 43 braids
    projlen=10: 24 braids
    projlen=11: 128 braids
  Braids kept: 3637995 (in 61 buckets, 8.23 GB)
  ⚡ Timing: matmul=1.27s, sampling=0.77s, total=15.10s

============================================================
Level 56 - SAMPLING
============================================================
  Starting braids: 3200000
  Candidates to generate: 17506158
  Processing in 88 chunks...
  Projlen distribution:
    projlen=3: 5 braids
    projlen=4: 10 braids
    projlen=5: 18 braids
    projlen=6: 18 braids
    projlen=7: 16 braids
    projlen=8: 8 braids
    projlen=9: 196 braids
    projlen=10: 110 braids
    projlen=11: 248 braids
    projlen=12: 120 braids
  Braids kept: 3751321 (in 59 buckets, 8.49 GB)
  ⚡ Timing: matmul=1.28s, sampling=0.78s, total=15.05s

============================================================
SEARCH COMPLETE
============================================================
Final level: 56
Total time: 630.78s
Avg time per level: 11.26s
Total kernel elements: 1

============================================================
VERIFICATION
============================================================

Batch 0: 1 candidates
  Braid 0: [2, 16, 13, 11, 13, 11, 13, 21]... - Off-diagonal nonzero at [0,2]
    Artin word: [2, 2, 1, 3, 2, 2, 1, 3, 1, 2, 3, 2, 2, 1, 3, 1, 2, 3, 2, 2, 1, 3, 1, 2, 3, 2, 1, 1, 3, 2, 2, 1, 3, 1, 2, 2, 1, 3, 1, 2, 2, 1, 3, 1, 2, 3, 2, 1, 1, 2, 3, 2, 2, 1, 3, 1, 2, 3, 2, 2, 1, 3, 1, 3, 2, 2, 1, 3, 2, 2, 2, 1, 3, 3, 2, 2, 1, 3, 3, 2, 2, 1, 3, 1, 3, 1, 3, 1, 2, 3, 2, 1, 1, 3, 2, 1, 2, 1, 3, 1, 3, 2, 1, 2, 1, 3, 1, 3, 2, 2, 2, 1, 3, 3, 2, 2, 1, 3, 3, 2, 2, 2, 1, 3, 1, 3, 2, 1, 2, 1, 3, 1, 3, 2, 1, 2, 1, 3, 1, 2, 3, 2, 1, 1, 3, 1, 3, 2, 2, 1, 3, 3, 2, 2, 1, 3, 3, 2, 2, 2, 1, 3]

============================================================
SUMMARY
============================================================
Total candidates with projlen=1: 1
Verified kernel elements: 0
JOB COMPLETED!
