============================================================
SEARCHING FOR p=7 KERNEL ELEMENTS (ULTRA-OPTIMIZED)
============================================================
Device: cuda
Bucket size: 2000000
Max length: 255
Bootstrap length: 5
Prime: 7
Degree multiplier: 2
Degree window: [0, 510] (511 coeffs) - NON-NEGATIVE ONLY
Use best: 750000
Expansion chunk size: 100000
Matmul chunk size: 8000
⚡ Precomputed FFTs: ENABLED
⚡ Non-negative degrees only: ENABLED (2x memory savings!)

Loaded tables from /nfs/roberts/project/pi_com36/com36/burau-experiments/precomputed_tables/tables_B4_r1_p7.pt
  Degree window: [0, 510] (511 coefficients) - NON-NEGATIVE ONLY
✓ Identity matrix verified (at degree 0)

Precomputing FFTs of simple Burau matrices...
  D=511, out_D=1021, fft_size=1024
  FFT cache: 0.9 MB
Initialized with identity braid
Degree window: [0, 510] (511 coefficients) - NON-NEGATIVE ONLY
FFT size: 1024
Storage types: matrix=torch.int16, word=torch.int32
Config: bucket_size=2000000, bootstrap=5, max_length=255, chunk_size=100000, matmul_chunk=8000, use_best=750000
⚡ Ultra-optimized: precomputed Burau FFTs + non-negative degrees only

============================================================
Level 1 - BOOTSTRAP
============================================================
  Starting braids: 1
  Candidates to generate: 22
  Projlen distribution:
    projlen=3: 10 braids
    projlen=4: 12 braids
  Braids kept: 22 (in 2 buckets, 0.00 GB)
  ⚡ Timing: matmul=0.12s, sampling=0.00s, total=0.33s

============================================================
Level 2 - BOOTSTRAP
============================================================
  Starting braids: 22
  Candidates to generate: 164
  Projlen distribution:
    projlen=5: 56 braids
    projlen=6: 76 braids
    projlen=7: 32 braids
  Braids kept: 164 (in 3 buckets, 0.00 GB)
  ⚡ Timing: matmul=0.01s, sampling=0.00s, total=0.05s

============================================================
Level 3 - BOOTSTRAP
============================================================
  Starting braids: 164
  Candidates to generate: 982
  Projlen distribution:
    projlen=7: 270 braids
    projlen=8: 364 braids
    projlen=9: 288 braids
    projlen=10: 60 braids
  Braids kept: 982 (in 4 buckets, 0.01 GB)
  ⚡ Timing: matmul=0.01s, sampling=0.00s, total=0.05s

============================================================
Level 4 - BOOTSTRAP
============================================================
  Starting braids: 982
  Candidates to generate: 5528
  Projlen distribution:
    projlen=9: 1256 braids
    projlen=10: 1672 braids
    projlen=11: 1784 braids
    projlen=12: 700 braids
    projlen=13: 116 braids
  Braids kept: 5528 (in 5 buckets, 0.06 GB)
  ⚡ Timing: matmul=0.02s, sampling=0.00s, total=0.07s

============================================================
Level 5 - BOOTSTRAP
============================================================
  Starting braids: 5528
  Candidates to generate: 30478
  Projlen distribution:
    projlen=10: 4 braids
    projlen=11: 5798 braids
    projlen=12: 7672 braids
    projlen=13: 9864 braids
    projlen=14: 5236 braids
    projlen=15: 1716 braids
    projlen=16: 188 braids
  Braids kept: 30478 (in 7 buckets, 0.31 GB)
  ⚡ Timing: matmul=0.08s, sampling=0.00s, total=0.14s

============================================================
Level 6 - SAMPLING
============================================================
  Starting braids: 30478
  Candidates to generate: 166796
  Processing in 2 chunks...
  Projlen distribution:
    projlen=12: 64 braids
    projlen=13: 26772 braids
    projlen=14: 35288 braids
    projlen=15: 52292 braids
    projlen=16: 33012 braids
    projlen=17: 15680 braids
    projlen=18: 3356 braids
    projlen=19: 332 braids
  Braids kept: 166796 (in 8 buckets, 1.70 GB)
  ⚡ Timing: matmul=0.42s, sampling=0.01s, total=0.64s

============================================================
Level 7 - SAMPLING
============================================================
  Starting braids: 166796
  Candidates to generate: 910366
  Processing in 10 chunks...
  Projlen distribution:
    projlen=13: 52 braids
    projlen=14: 644 braids
    projlen=15: 123806 braids
    projlen=16: 162640 braids
    projlen=17: 271420 braids
    projlen=18: 191940 braids
    projlen=19: 116516 braids
    projlen=20: 35764 braids
    projlen=21: 7076 braids
    projlen=22: 508 braids
  Braids kept: 910366 (in 10 buckets, 9.31 GB)
  ⚡ Timing: matmul=0.46s, sampling=0.23s, total=3.39s

============================================================
Level 8 - SAMPLING
============================================================
  Starting braids: 750000
  Candidates to generate: 4124566
  Processing in 42 chunks...
  Projlen distribution:
    projlen=14: 96 braids
    projlen=15: 872 braids
    projlen=16: 5520 braids
    projlen=17: 573097 braids
    projlen=18: 748954 braids
    projlen=19: 1376223 braids
    projlen=20: 1027581 braids
    projlen=21: 392223 braids
  Braids kept: 4124566 (in 8 buckets, 42.16 GB)
  ⚡ Timing: matmul=1.35s, sampling=2.63s, total=17.38s

============================================================
Level 9 - SAMPLING
============================================================
  Starting braids: 750000
  Candidates to generate: 4336580
  Processing in 44 chunks...
  Projlen distribution:
    projlen=15: 144 braids
    projlen=16: 1192 braids
    projlen=17: 10896 braids
    projlen=18: 31942 braids
    projlen=19: 2331182 braids
    projlen=20: 1588629 braids
    projlen=21: 372595 braids
  Braids kept: 4005398 (in 7 buckets, 40.94 GB)
  ⚡ Timing: matmul=1.62s, sampling=4.25s, total=21.58s

============================================================
Level 10 - SAMPLING
============================================================
  Starting braids: 750000
  Candidates to generate: 4517224
  Processing in 46 chunks...
  Projlen distribution:
    projlen=16: 16 braids
    projlen=17: 2738 braids
    projlen=18: 9084 braids
    projlen=19: 72055 braids
    projlen=20: 147067 braids
    projlen=21: 2853436 braids
    projlen=22: 1432828 braids
  Braids kept: 3663788 (in 7 buckets, 37.45 GB)
  ⚡ Timing: matmul=1.76s, sampling=4.71s, total=22.94s

============================================================
Level 11 - SAMPLING
============================================================
  Starting braids: 750000
  Candidates to generate: 4568658
  Processing in 46 chunks...
  Projlen distribution:
    projlen=17: 32 braids
    projlen=18: 606 braids
    projlen=19: 22082 braids
    projlen=20: 53046 braids
    projlen=21: 409832 braids
    projlen=22: 640644 braids
    projlen=23: 2369294 braids
    projlen=24: 1073122 braids
  Braids kept: 4199364 (in 8 buckets, 42.93 GB)
  ⚡ Timing: matmul=1.63s, sampling=4.76s, total=22.51s

============================================================
Level 12 - SAMPLING
============================================================
  Starting braids: 750000
  Candidates to generate: 4522110
  Processing in 46 chunks...
  Projlen distribution:
    projlen=18: 44 braids
    projlen=19: 980 braids
    projlen=20: 5962 braids
    projlen=21: 138773 braids
    projlen=22: 266024 braids
    projlen=23: 1861528 braids
    projlen=24: 1642083 braids
    projlen=25: 606716 braids
  Braids kept: 4522110 (in 8 buckets, 46.23 GB)
  ⚡ Timing: matmul=1.45s, sampling=3.24s, total=20.28s

============================================================
Level 13 - SAMPLING
============================================================
  Starting braids: 750000
  Candidates to generate: 4483696
  Processing in 45 chunks...
  Projlen distribution:
    projlen=19: 38 braids
    projlen=20: 626 braids
    projlen=21: 11475 braids
    projlen=22: 38482 braids
    projlen=23: 706839 braids
    projlen=24: 1127675 braids
    projlen=25: 1902026 braids
    projlen=26: 696535 braids
  Braids kept: 4483696 (in 8 buckets, 45.83 GB)
  ⚡ Timing: matmul=2.14s, sampling=2.73s, total=19.60s

============================================================
Level 14 - SAMPLING
============================================================
  Starting braids: 750000
  Candidates to generate: 4615864
  Processing in 47 chunks...
  Projlen distribution:
    projlen=20: 30 braids
    projlen=21: 1250 braids
    projlen=22: 6089 braids
    projlen=23: 79906 braids
    projlen=24: 200297 braids
    projlen=25: 2857643 braids
    projlen=26: 1470649 braids
  Braids kept: 3758221 (in 7 buckets, 38.42 GB)
  ⚡ Timing: matmul=1.67s, sampling=4.68s, total=23.58s

============================================================
Level 15 - SAMPLING
============================================================
  Starting braids: 750000
  Candidates to generate: 4560824
  Processing in 46 chunks...
  Projlen distribution:
    projlen=21: 86 braids
    projlen=22: 526 braids
    projlen=23: 12600 braids
    projlen=24: 36201 braids
    projlen=25: 428791 braids
    projlen=26: 857018 braids
    projlen=27: 2256480 braids
    projlen=28: 969122 braids
  Braids kept: 4304344 (in 8 buckets, 44.00 GB)
  ⚡ Timing: matmul=1.73s, sampling=4.57s, total=22.21s

============================================================
Level 16 - SAMPLING
============================================================
  Starting braids: 750000
  Candidates to generate: 4521870
  Processing in 46 chunks...
  Projlen distribution:
    projlen=22: 1 braids
    projlen=23: 1253 braids
    projlen=24: 5300 braids
    projlen=25: 75116 braids
    projlen=26: 188816 braids
    projlen=27: 1880981 braids
    projlen=28: 1759416 braids
    projlen=29: 610987 braids
  Braids kept: 4521870 (in 8 buckets, 46.22 GB)
  ⚡ Timing: matmul=1.41s, sampling=2.76s, total=19.29s

============================================================
Level 17 - SAMPLING
============================================================
  Starting braids: 750000
  Candidates to generate: 4523428
  Processing in 46 chunks...

============================================================
SEARCH STOPPED
============================================================
Final level: 16
Total time: 212.47s
Avg time per level: 13.28s
Total kernel elements: 0
