============================================================
SEARCHING FOR p=6 KERNEL ELEMENTS (ULTRA-OPTIMIZED)
============================================================
Device: cuda
Bucket size: 4000000
Max length: 127
Bootstrap length: 5
Prime: 6
Degree multiplier: 2
Degree window: [0, 254] (255 coeffs) - NON-NEGATIVE ONLY
Use best: 1400000
Expansion chunk size: 200000
Matmul chunk size: 8000
⚡ Precomputed FFTs: ENABLED
⚡ Non-negative degrees only: ENABLED (2x memory savings!)

Loaded tables from /nfs/roberts/project/pi_com36/com36/burau-experiments/precomputed_tables/tables_B4_r1_p6.pt
  Degree window: [0, 254] (255 coefficients) - NON-NEGATIVE ONLY
✓ Identity matrix verified (at degree 0)

Precomputing FFTs of simple Burau matrices...
  D=255, out_D=509, fft_size=512
  FFT cache: 0.4 MB
Initialized with identity braid
Degree window: [0, 254] (255 coefficients) - NON-NEGATIVE ONLY
FFT size: 512
Storage types: matrix=torch.int16, word=torch.int32
Config: bucket_size=4000000, bootstrap=5, max_length=127, chunk_size=200000, matmul_chunk=8000, use_best=1400000
⚡ Ultra-optimized: precomputed Burau FFTs + non-negative degrees only

============================================================
Level 1 - BOOTSTRAP
============================================================
  Starting braids: 1
  Candidates to generate: 22
  Projlen distribution:
    projlen=3: 10 braids
    projlen=4: 12 braids
  Braids kept: 22 (in 2 buckets, 0.00 GB)
  ⚡ Timing: matmul=0.05s, sampling=0.00s, total=0.21s

============================================================
Level 2 - BOOTSTRAP
============================================================
  Starting braids: 22
  Candidates to generate: 164
  Projlen distribution:
    projlen=5: 56 braids
    projlen=6: 76 braids
    projlen=7: 32 braids
  Braids kept: 164 (in 3 buckets, 0.00 GB)
  ⚡ Timing: matmul=0.01s, sampling=0.00s, total=0.06s

============================================================
Level 3 - BOOTSTRAP
============================================================
  Starting braids: 164
  Candidates to generate: 982
  Projlen distribution:
    projlen=7: 270 braids
    projlen=8: 364 braids
    projlen=9: 288 braids
    projlen=10: 60 braids
  Braids kept: 982 (in 4 buckets, 0.01 GB)
  ⚡ Timing: matmul=0.08s, sampling=0.00s, total=0.12s

============================================================
Level 4 - BOOTSTRAP
============================================================
  Starting braids: 982
  Candidates to generate: 5528
  Projlen distribution:
    projlen=9: 1256 braids
    projlen=10: 1672 braids
    projlen=11: 1784 braids
    projlen=12: 700 braids
    projlen=13: 116 braids
  Braids kept: 5528 (in 5 buckets, 0.03 GB)
  ⚡ Timing: matmul=0.01s, sampling=0.00s, total=0.06s

============================================================
Level 5 - BOOTSTRAP
============================================================
  Starting braids: 5528
  Candidates to generate: 30478
  Projlen distribution:
    projlen=10: 4 braids
    projlen=11: 5798 braids
    projlen=12: 7672 braids
    projlen=13: 9864 braids
    projlen=14: 5236 braids
    projlen=15: 1716 braids
    projlen=16: 188 braids
  Braids kept: 30478 (in 7 buckets, 0.16 GB)
  ⚡ Timing: matmul=0.04s, sampling=0.00s, total=0.09s

============================================================
Level 6 - SAMPLING
============================================================
  Starting braids: 30478
  Candidates to generate: 166796
  Projlen distribution:
    projlen=12: 72 braids
    projlen=13: 26764 braids
    projlen=14: 35288 braids
    projlen=15: 52292 braids
    projlen=16: 33012 braids
    projlen=17: 15680 braids
    projlen=18: 3356 braids
    projlen=19: 332 braids
  Braids kept: 166796 (in 8 buckets, 0.85 GB)
  ⚡ Timing: matmul=0.20s, sampling=0.00s, total=0.27s

============================================================
Level 7 - SAMPLING
============================================================
  Starting braids: 166796
  Candidates to generate: 910366
  Processing in 5 chunks...
  Projlen distribution:
    projlen=13: 52 braids
    projlen=14: 812 braids
    projlen=15: 123702 braids
    projlen=16: 162584 braids
    projlen=17: 271412 braids
    projlen=18: 191940 braids
    projlen=19: 116516 braids
    projlen=20: 35764 braids
    projlen=21: 7076 braids
    projlen=22: 508 braids
  Braids kept: 910366 (in 10 buckets, 4.64 GB)
  ⚡ Timing: matmul=0.32s, sampling=0.10s, total=1.47s

============================================================
Level 8 - SAMPLING
============================================================
  Starting braids: 910366
  Candidates to generate: 4963856
  Processing in 25 chunks...
  Projlen distribution:
    projlen=14: 96 braids
    projlen=15: 964 braids
    projlen=16: 7608 braids
    projlen=17: 572332 braids
    projlen=18: 750144 braids
    projlen=19: 1389004 braids
    projlen=20: 1065812 braids
    projlen=21: 775952 braids
    projlen=22: 300440 braids
    projlen=23: 88088 braids
  Braids kept: 4963856 (in 12 buckets, 25.33 GB)
  ⚡ Timing: matmul=1.40s, sampling=0.89s, total=8.69s

============================================================
Level 9 - SAMPLING
============================================================
  Starting braids: 1400000
  Candidates to generate: 7796918
  Processing in 39 chunks...
  Projlen distribution:
    projlen=15: 144 braids
    projlen=16: 1352 braids
    projlen=17: 13188 braids
    projlen=18: 54120 braids
    projlen=19: 2578108 braids
    projlen=20: 3143846 braids
    projlen=21: 1875165 braids
    projlen=22: 130995 braids
  Braids kept: 7796918 (in 8 buckets, 39.78 GB)
  ⚡ Timing: matmul=2.10s, sampling=1.69s, total=14.86s

============================================================
Level 10 - SAMPLING
============================================================
  Starting braids: 1400000
  Candidates to generate: 8412720
  Processing in 43 chunks...
  Projlen distribution:
    projlen=16: 64 braids
    projlen=17: 2941 braids
    projlen=18: 12687 braids
    projlen=19: 109481 braids
    projlen=20: 281094 braids
    projlen=21: 5345217 braids
    projlen=22: 2661236 braids
  Braids kept: 7067503 (in 7 buckets, 36.06 GB)
  ⚡ Timing: matmul=2.01s, sampling=3.45s, total=18.90s

============================================================
Level 11 - SAMPLING
============================================================
  Starting braids: 1400000
  Candidates to generate: 8563110
  Processing in 43 chunks...
  Projlen distribution:
    projlen=17: 88 braids
    projlen=18: 1755 braids
    projlen=19: 29233 braids
    projlen=20: 91042 braids
    projlen=21: 687997 braids
    projlen=22: 1214913 braids
    projlen=23: 4514316 braids
    projlen=24: 2023766 braids
  Braids kept: 8048794 (in 8 buckets, 41.06 GB)
  ⚡ Timing: matmul=2.20s, sampling=4.00s, total=20.10s

============================================================
Level 12 - SAMPLING
============================================================
  Starting braids: 1400000
  Candidates to generate: 8646632
  Processing in 44 chunks...
  Projlen distribution:
    projlen=17: 80 braids
    projlen=18: 392 braids
    projlen=19: 2941 braids
    projlen=20: 21547 braids
    projlen=21: 224729 braids
    projlen=22: 523539 braids
    projlen=23: 3240804 braids
    projlen=24: 3260651 braids
    projlen=25: 1371949 braids
  Braids kept: 8646632 (in 9 buckets, 44.12 GB)
  ⚡ Timing: matmul=2.24s, sampling=2.50s, total=17.18s

============================================================
Level 13 - SAMPLING
============================================================
  Starting braids: 1400000
  Candidates to generate: 8589020
  Processing in 43 chunks...
  Projlen distribution:
    projlen=17: 40 braids
    projlen=18: 237 braids
    projlen=19: 1586 braids
    projlen=20: 8302 braids
    projlen=21: 44138 braids
    projlen=22: 176934 braids
    projlen=23: 1281736 braids
    projlen=24: 2210851 braids
    projlen=25: 3547973 braids
    projlen=26: 1317223 braids
  Braids kept: 8589020 (in 10 buckets, 43.82 GB)
  ⚡ Timing: matmul=2.22s, sampling=2.59s, total=17.36s

============================================================
Level 14 - SAMPLING
============================================================
  Starting braids: 1400000
  Candidates to generate: 8832668
  Processing in 45 chunks...
  Projlen distribution:
    projlen=18: 131 braids
    projlen=19: 1189 braids
    projlen=20: 5140 braids
    projlen=21: 23135 braids
    projlen=22: 86662 braids
    projlen=23: 385513 braids
    projlen=24: 975304 braids
    projlen=25: 4828286 braids
    projlen=26: 2527308 braids
  Braids kept: 8004382 (in 9 buckets, 40.84 GB)
  ⚡ Timing: matmul=2.29s, sampling=3.53s, total=19.73s

============================================================
Level 15 - SAMPLING
============================================================
  Starting braids: 1400000
  Candidates to generate: 8774642
  Processing in 44 chunks...
  Projlen distribution:
    projlen=18: 5 braids
    projlen=19: 437 braids
    projlen=20: 2388 braids
    projlen=21: 16743 braids
    projlen=22: 55842 braids
    projlen=23: 224879 braids
    projlen=24: 589876 braids
    projlen=25: 2150118 braids
    projlen=26: 3699892 braids
    projlen=27: 2034462 braids
  Braids kept: 8774642 (in 10 buckets, 44.77 GB)
  ⚡ Timing: matmul=2.28s, sampling=2.82s, total=18.16s

============================================================
Level 16 - SAMPLING
============================================================
  Starting braids: 1400000
  Candidates to generate: 8656038
  Processing in 44 chunks...
  Projlen distribution:
    projlen=18: 1 braids
    projlen=19: 102 braids
    projlen=20: 804 braids
    projlen=21: 7625 braids
    projlen=22: 30645 braids
    projlen=23: 162263 braids
    projlen=24: 413350 braids
    projlen=25: 1358998 braids
    projlen=26: 2486433 braids
    projlen=27: 3092562 braids
  Braids kept: 8656038 (in 11 buckets, 44.16 GB)
  ⚡ Timing: matmul=2.13s, sampling=2.78s, total=17.92s

============================================================
Level 17 - SAMPLING
============================================================
  Starting braids: 1400000
  Candidates to generate: 8593984
  Processing in 43 chunks...
  Projlen distribution:
    projlen=19: 31 braids
    projlen=20: 347 braids
    projlen=21: 3123 braids
    projlen=22: 15205 braids
    projlen=23: 86195 braids
    projlen=24: 259621 braids
    projlen=25: 1031264 braids
    projlen=26: 1904363 braids
    projlen=27: 3631390 braids
    projlen=28: 1662445 braids
  Braids kept: 8593984 (in 10 buckets, 43.85 GB)
  ⚡ Timing: matmul=2.32s, sampling=2.50s, total=17.32s

============================================================
Level 18 - SAMPLING
============================================================
  Starting braids: 1400000
  Candidates to generate: 8588486
  Processing in 43 chunks...
  Projlen distribution:
    projlen=19: 22 braids
    projlen=20: 221 braids
    projlen=21: 1665 braids
    projlen=22: 9542 braids
    projlen=23: 44673 braids
    projlen=24: 158783 braids
    projlen=25: 642286 braids
    projlen=26: 1369018 braids
    projlen=27: 4188652 braids
    projlen=28: 2164438 braids
  Braids kept: 8399834 (in 11 buckets, 42.86 GB)
  ⚡ Timing: matmul=2.31s, sampling=3.08s, total=18.16s

============================================================
Level 19 - SAMPLING
============================================================
  Starting braids: 1400000
  Candidates to generate: 8504072
  Processing in 43 chunks...
  Projlen distribution:
    projlen=19: 42 braids
    projlen=20: 200 braids
    projlen=21: 1558 braids
    projlen=22: 6829 braids
    projlen=23: 29415 braids
    projlen=24: 112720 braids
    projlen=25: 396236 braids
    projlen=26: 945280 braids
    projlen=27: 2815619 braids
    projlen=28: 3012376 braids
  Braids kept: 8504072 (in 11 buckets, 43.39 GB)
  ⚡ Timing: matmul=2.24s, sampling=2.91s, total=17.70s

============================================================
Level 20 - SAMPLING
============================================================
  Starting braids: 1400000
  Candidates to generate: 8551560
  Processing in 43 chunks...
  Projlen distribution:
    projlen=19: 55 braids
    projlen=20: 203 braids
    projlen=21: 1555 braids
    projlen=22: 5328 braids
    projlen=23: 25076 braids
    projlen=24: 86073 braids
    projlen=25: 291950 braids
    projlen=26: 758702 braids
    projlen=27: 2064632 braids
    projlen=28: 3486305 braids
  Braids kept: 8551560 (in 11 buckets, 43.63 GB)
  ⚡ Timing: matmul=2.26s, sampling=2.55s, total=17.18s

============================================================
Level 21 - SAMPLING
============================================================
  Starting braids: 1400000
  Candidates to generate: 8504170
  Processing in 43 chunks...
  Projlen distribution:
    projlen=19: 11 braids
    projlen=20: 179 braids
    projlen=21: 1591 braids
    projlen=22: 5154 braids
    projlen=23: 21916 braids
    projlen=24: 67874 braids
    projlen=25: 244522 braids
    projlen=26: 627303 braids
    projlen=27: 1635282 braids
    projlen=28: 3043367 braids
  Braids kept: 8504170 (in 12 buckets, 43.39 GB)
  ⚡ Timing: matmul=2.27s, sampling=2.67s, total=17.27s

============================================================
Level 22 - SAMPLING
============================================================
  Starting braids: 1400000
  Candidates to generate: 8456466
  Processing in 43 chunks...
  Projlen distribution:
    projlen=19: 15 braids
    projlen=20: 156 braids
    projlen=21: 1163 braids
    projlen=22: 4562 braids
    projlen=23: 20538 braids
    projlen=24: 59987 braids
    projlen=25: 205195 braids
    projlen=26: 510288 braids
    projlen=27: 1408336 braids
    projlen=28: 2596433 braids
  Braids kept: 8456466 (in 12 buckets, 43.14 GB)
  ⚡ Timing: matmul=2.14s, sampling=2.49s, total=16.91s

============================================================
Level 23 - SAMPLING
============================================================
  Starting braids: 1400000
  Candidates to generate: 8424574
  Processing in 43 chunks...
  Projlen distribution:
    projlen=19: 17 braids
    projlen=20: 160 braids
    projlen=21: 882 braids
    projlen=22: 3514 braids
    projlen=23: 17641 braids
    projlen=24: 53606 braids
    projlen=25: 184334 braids
    projlen=26: 448955 braids
    projlen=27: 1201199 braids
    projlen=28: 2204788 braids
  Braids kept: 8424574 (in 12 buckets, 42.98 GB)
  ⚡ Timing: matmul=2.11s, sampling=2.76s, total=17.27s

============================================================
Level 24 - SAMPLING
============================================================
  Starting braids: 1400000
  Candidates to generate: 8369650
  Processing in 42 chunks...
  Projlen distribution:
    projlen=18: 2 braids
    projlen=19: 29 braids
    projlen=20: 214 braids
    projlen=21: 826 braids
    projlen=22: 3587 braids
    projlen=23: 13809 braids
    projlen=24: 43859 braids
    projlen=25: 166321 braids
    projlen=26: 404228 braids
    projlen=27: 1096942 braids
  Braids kept: 8369650 (in 13 buckets, 42.70 GB)
  ⚡ Timing: matmul=2.25s, sampling=2.47s, total=16.68s

============================================================
Level 25 - SAMPLING
============================================================
  Starting braids: 1400000
  Candidates to generate: 8355922
  Processing in 42 chunks...
  Projlen distribution:
    projlen=19: 25 braids
    projlen=20: 280 braids
    projlen=21: 1083 braids
    projlen=22: 3608 braids
    projlen=23: 13819 braids
    projlen=24: 42224 braids
    projlen=25: 139593 braids
    projlen=26: 353813 braids
    projlen=27: 1022792 braids
    projlen=28: 1873881 braids
  Braids kept: 8355922 (in 12 buckets, 42.63 GB)
  ⚡ Timing: matmul=2.21s, sampling=2.60s, total=17.05s

============================================================
Level 26 - SAMPLING
============================================================
  Starting braids: 1400000
  Candidates to generate: 8401862
  Processing in 43 chunks...
  Projlen distribution:
    projlen=19: 53 braids
    projlen=20: 266 braids
    projlen=21: 1044 braids
    projlen=22: 3645 braids
    projlen=23: 14149 braids
    projlen=24: 41926 braids
    projlen=25: 134453 braids
    projlen=26: 343753 braids
    projlen=27: 915397 braids
    projlen=28: 1731371 braids
  Braids kept: 8401862 (in 12 buckets, 42.87 GB)
  ⚡ Timing: matmul=2.07s, sampling=2.53s, total=16.98s

============================================================
Level 27 - SAMPLING
============================================================
  Starting braids: 1400000
  Candidates to generate: 8393030
  Processing in 42 chunks...
  Projlen distribution:
    projlen=19: 78 braids
    projlen=20: 302 braids
    projlen=21: 1043 braids
    projlen=22: 3701 braids
    projlen=23: 12203 braids
    projlen=24: 38491 braids
    projlen=25: 133449 braids
    projlen=26: 338383 braids
    projlen=27: 907633 braids
    projlen=28: 1741198 braids
  Braids kept: 8393030 (in 12 buckets, 42.82 GB)
  ⚡ Timing: matmul=2.28s, sampling=2.57s, total=17.20s

============================================================
Level 28 - SAMPLING
============================================================
  Starting braids: 1400000
  Candidates to generate: 8352358
  Processing in 42 chunks...
  Projlen distribution:
    projlen=19: 64 braids
    projlen=20: 284 braids
    projlen=21: 1046 braids
    projlen=22: 3654 braids
    projlen=23: 11339 braids
    projlen=24: 35965 braids
    projlen=25: 116979 braids
    projlen=26: 311384 braids
    projlen=27: 905857 braids
    projlen=28: 1731465 braids
  Braids kept: 8352358 (in 12 buckets, 42.61 GB)
  ⚡ Timing: matmul=2.73s, sampling=3.98s, total=19.81s

============================================================
Level 29 - SAMPLING
============================================================
  Starting braids: 1400000
  Candidates to generate: 8340888
  Processing in 42 chunks...
  Projlen distribution:
    projlen=19: 31 braids
    projlen=20: 177 braids
    projlen=21: 925 braids
    projlen=22: 3093 braids
    projlen=23: 11607 braids
    projlen=24: 34053 braids
    projlen=25: 105607 braids
    projlen=26: 285644 braids
    projlen=27: 823577 braids
    projlen=28: 1624246 braids
  Braids kept: 8340888 (in 13 buckets, 42.56 GB)
  ⚡ Timing: matmul=2.29s, sampling=2.76s, total=17.67s

============================================================
Level 30 - SAMPLING
============================================================
  Starting braids: 1400000
  Candidates to generate: 8337744
  Processing in 42 chunks...
  Projlen distribution:
    projlen=17: 1 braids
    projlen=18: 1 braids
    projlen=19: 33 braids
    projlen=20: 147 braids
    projlen=21: 718 braids
    projlen=22: 2590 braids
    projlen=23: 10406 braids
    projlen=24: 30876 braids
    projlen=25: 103441 braids
    projlen=26: 270027 braids
  Braids kept: 8337744 (in 15 buckets, 42.54 GB)
  ⚡ Timing: matmul=2.15s, sampling=2.58s, total=17.59s

============================================================
Level 31 - SAMPLING
============================================================
  Starting braids: 1400000
  Candidates to generate: 8337914
  Processing in 42 chunks...
  Projlen distribution:
    projlen=18: 1 braids
    projlen=19: 45 braids
    projlen=20: 186 braids
    projlen=21: 612 braids
    projlen=22: 2267 braids
    projlen=23: 8762 braids
    projlen=24: 27727 braids
    projlen=25: 91833 braids
    projlen=26: 250314 braids
    projlen=27: 723554 braids
  Braids kept: 8337914 (in 14 buckets, 42.54 GB)
  ⚡ Timing: matmul=2.15s, sampling=2.59s, total=17.55s

============================================================
Level 32 - SAMPLING
============================================================
  Starting braids: 1400000
  Candidates to generate: 8369194
  Processing in 42 chunks...
  Projlen distribution:
    projlen=19: 45 braids
    projlen=20: 152 braids
    projlen=21: 632 braids
    projlen=22: 2346 braids
    projlen=23: 7883 braids
    projlen=24: 24625 braids
    projlen=25: 79916 braids
    projlen=26: 228581 braids
    projlen=27: 650218 braids
    projlen=28: 1372068 braids
  Braids kept: 8369194 (in 13 buckets, 42.70 GB)
  ⚡ Timing: matmul=2.18s, sampling=2.57s, total=17.33s

============================================================
Level 33 - SAMPLING
============================================================
  Starting braids: 1400000
  Candidates to generate: 8388028
  Processing in 42 chunks...
  Projlen distribution:
    projlen=19: 58 braids
    projlen=20: 161 braids
    projlen=21: 758 braids
    projlen=22: 2424 braids
    projlen=23: 7420 braids
    projlen=24: 24659 braids
    projlen=25: 72226 braids
    projlen=26: 206806 braids
    projlen=27: 573389 braids
    projlen=28: 1275201 braids
  Braids kept: 8388028 (in 13 buckets, 42.80 GB)
  ⚡ Timing: matmul=2.41s, sampling=2.45s, total=17.41s

============================================================
Level 34 - SAMPLING
============================================================
  Starting braids: 1400000
  Candidates to generate: 8377058
  Processing in 42 chunks...
  Projlen distribution:
    projlen=18: 3 braids
    projlen=19: 69 braids
    projlen=20: 356 braids
    projlen=21: 886 braids
    projlen=22: 2929 braids
    projlen=23: 7931 braids
    projlen=24: 24422 braids
    projlen=25: 67463 braids
    projlen=26: 199519 braids
    projlen=27: 517137 braids
  Braids kept: 8377058 (in 14 buckets, 42.74 GB)
  ⚡ Timing: matmul=2.28s, sampling=2.50s, total=17.56s

============================================================
Level 35 - SAMPLING
============================================================
  Starting braids: 1400000
  Candidates to generate: 8337950
  Processing in 42 chunks...
  Projlen distribution:
    projlen=17: 9 braids
    projlen=18: 24 braids
    projlen=19: 114 braids
    projlen=20: 477 braids
    projlen=21: 1265 braids
    projlen=22: 3952 braids
    projlen=23: 9619 braids
    projlen=24: 25255 braids
    projlen=25: 67098 braids
    projlen=26: 190495 braids
  Braids kept: 8337950 (in 15 buckets, 42.54 GB)
  ⚡ Timing: matmul=2.22s, sampling=2.70s, total=18.20s

============================================================
Level 36 - SAMPLING
============================================================
  Starting braids: 1400000
  Candidates to generate: 8295636
  Processing in 42 chunks...
  Projlen distribution:
    projlen=16: 7 braids
    projlen=17: 11 braids
    projlen=18: 47 braids
    projlen=19: 204 braids
    projlen=20: 525 braids
    projlen=21: 1501 braids
    projlen=22: 4724 braids
    projlen=23: 11820 braids
    projlen=24: 30696 braids
    projlen=25: 75397 braids
  Braids kept: 8295636 (in 16 buckets, 42.32 GB)
  ⚡ Timing: matmul=2.16s, sampling=2.43s, total=17.25s

============================================================
Level 37 - SAMPLING
============================================================
  Starting braids: 1400000
  Candidates to generate: 8252636
  Processing in 42 chunks...
  Projlen distribution:
    projlen=15: 11 braids
    projlen=16: 29 braids
    projlen=17: 89 braids
    projlen=18: 111 braids
    projlen=19: 366 braids
    projlen=20: 559 braids
    projlen=21: 2220 braids
    projlen=22: 5237 braids
    projlen=23: 12972 braids
    projlen=24: 34412 braids
  Braids kept: 8252636 (in 17 buckets, 42.10 GB)
  ⚡ Timing: matmul=2.18s, sampling=2.36s, total=17.36s

============================================================
Level 38 - SAMPLING
============================================================
  Starting braids: 1400000
  Candidates to generate: 8197276
  Processing in 41 chunks...
  Projlen distribution:
    projlen=15: 10 braids
    projlen=16: 71 braids
    projlen=17: 248 braids
    projlen=18: 476 braids
    projlen=19: 786 braids
    projlen=20: 1135 braids
    projlen=21: 2744 braids
    projlen=22: 5624 braids
    projlen=23: 16477 braids
    projlen=24: 37717 braids
  Braids kept: 8197276 (in 17 buckets, 41.82 GB)
  ⚡ Timing: matmul=2.24s, sampling=2.65s, total=17.10s

============================================================
Level 39 - SAMPLING
============================================================
  Starting braids: 1400000
  Candidates to generate: 8158932
  Processing in 41 chunks...
  Projlen distribution:
    projlen=15: 16 braids
    projlen=16: 65 braids
    projlen=17: 299 braids
    projlen=18: 617 braids
    projlen=19: 1922 braids
    projlen=20: 2799 braids
    projlen=21: 5142 braids
    projlen=22: 8371 braids
    projlen=23: 19824 braids
    projlen=24: 40605 braids
  Braids kept: 8158932 (in 17 buckets, 41.63 GB)
  ⚡ Timing: matmul=2.10s, sampling=2.36s, total=16.15s

============================================================
Level 40 - SAMPLING
============================================================
  Starting braids: 1400000
  Candidates to generate: 8129550
  Processing in 41 chunks...
  Projlen distribution:
    projlen=15: 12 braids
    projlen=16: 37 braids
    projlen=17: 340 braids
    projlen=18: 683 braids
    projlen=19: 2113 braids
    projlen=20: 3474 braids
    projlen=21: 10771 braids
    projlen=22: 15900 braids
    projlen=23: 33048 braids
    projlen=24: 56063 braids
  Braids kept: 8129550 (in 17 buckets, 41.48 GB)
  ⚡ Timing: matmul=2.14s, sampling=2.40s, total=16.26s

============================================================
Level 41 - SAMPLING
============================================================
  Starting braids: 1400000
  Candidates to generate: 8102618
  Processing in 41 chunks...
  Projlen distribution:
    projlen=15: 8 braids
    projlen=16: 32 braids
    projlen=17: 230 braids
    projlen=18: 513 braids
    projlen=19: 2371 braids
    projlen=20: 4328 braids
    projlen=21: 12231 braids
    projlen=22: 20352 braids
    projlen=23: 59410 braids
    projlen=24: 93644 braids
  Braids kept: 8102618 (in 17 buckets, 41.34 GB)
  ⚡ Timing: matmul=2.18s, sampling=2.39s, total=16.20s

============================================================
Level 42 - SAMPLING
============================================================
  Starting braids: 1400000
  Candidates to generate: 8019214
  Processing in 41 chunks...
  Projlen distribution:
    projlen=15: 7 braids
    projlen=16: 17 braids
    projlen=17: 154 braids
    projlen=18: 387 braids
    projlen=19: 1591 braids
    projlen=20: 3831 braids
    projlen=21: 14143 braids
    projlen=22: 27014 braids
    projlen=23: 70624 braids
    projlen=24: 122436 braids
  Braids kept: 8019214 (in 16 buckets, 40.91 GB)
  ⚡ Timing: matmul=1.94s, sampling=2.35s, total=16.08s

============================================================
Level 43 - SAMPLING
============================================================
  Starting braids: 1400000
  Candidates to generate: 7925626
  Processing in 40 chunks...
  Projlen distribution:
    projlen=16: 3 braids
    projlen=17: 45 braids
    projlen=18: 244 braids
    projlen=19: 1305 braids
    projlen=20: 3180 braids
    projlen=21: 11299 braids
    projlen=22: 27021 braids
    projlen=23: 85270 braids
    projlen=24: 161261 braids
    projlen=25: 404904 braids
  Braids kept: 7925626 (in 15 buckets, 40.44 GB)
  ⚡ Timing: matmul=2.02s, sampling=2.26s, total=15.45s

============================================================
Level 44 - SAMPLING
============================================================
  Starting braids: 1400000
  Candidates to generate: 7941734
  Processing in 40 chunks...
  Projlen distribution:
    projlen=16: 2 braids
    projlen=17: 17 braids
    projlen=18: 74 braids
    projlen=19: 615 braids
    projlen=20: 2560 braids
    projlen=21: 10501 braids
    projlen=22: 25201 braids
    projlen=23: 78762 braids
    projlen=24: 174952 braids
    projlen=25: 496141 braids
  Braids kept: 7941734 (in 15 buckets, 40.52 GB)
  ⚡ Timing: matmul=2.04s, sampling=2.21s, total=15.50s

============================================================
Level 45 - SAMPLING
============================================================
  Starting braids: 1400000
  Candidates to generate: 8043846
  Processing in 41 chunks...
  Projlen distribution:
    projlen=16: 7 braids
    projlen=17: 5 braids
    projlen=18: 60 braids
    projlen=19: 544 braids
    projlen=20: 1805 braids
    projlen=21: 7421 braids
    projlen=22: 22744 braids
    projlen=23: 77960 braids
    projlen=24: 177681 braids
    projlen=25: 505733 braids
  Braids kept: 8043846 (in 14 buckets, 41.04 GB)
  ⚡ Timing: matmul=1.98s, sampling=3.87s, total=17.73s

============================================================
Level 46 - SAMPLING
============================================================
  Starting braids: 1400000
  Candidates to generate: 8208328
  Processing in 42 chunks...
  Projlen distribution:
    projlen=17: 8 braids
    projlen=18: 60 braids
    projlen=19: 313 braids
    projlen=20: 1205 braids
    projlen=21: 7280 braids
    projlen=22: 19450 braids
    projlen=23: 67690 braids
    projlen=24: 172600 braids
    projlen=25: 511757 braids
    projlen=26: 1018829 braids
  Braids kept: 8208328 (in 13 buckets, 41.88 GB)
  ⚡ Timing: matmul=1.97s, sampling=2.18s, total=15.95s

============================================================
Level 47 - SAMPLING
============================================================
  Starting braids: 1400000
  Candidates to generate: 8271386
  Processing in 42 chunks...
  Projlen distribution:
    projlen=16: 4 braids
    projlen=17: 33 braids
    projlen=18: 32 braids
    projlen=19: 346 braids
    projlen=20: 1074 braids
    projlen=21: 5342 braids
    projlen=22: 15333 braids
    projlen=23: 63732 braids
    projlen=24: 152644 braids
    projlen=25: 474460 braids
  Braids kept: 8271386 (in 14 buckets, 42.20 GB)
  ⚡ Timing: matmul=2.04s, sampling=2.29s, total=16.22s

============================================================
Level 48 - SAMPLING
============================================================
  Starting braids: 1400000
  Candidates to generate: 8342824
  Processing in 42 chunks...
  Projlen distribution:
    projlen=15: 12 braids
    projlen=16: 14 braids
    projlen=17: 68 braids
    projlen=18: 121 braids
    projlen=19: 566 braids
    projlen=20: 1039 braids
    projlen=21: 4767 braids
    projlen=22: 13336 braids
    projlen=23: 49682 braids
    projlen=24: 120828 braids
  Braids kept: 8342824 (in 15 buckets, 42.57 GB)
  ⚡ Timing: matmul=2.16s, sampling=2.39s, total=16.62s

============================================================
Level 49 - SAMPLING
============================================================
  Starting braids: 1400000
  Candidates to generate: 8307230
  Processing in 42 chunks...
  Projlen distribution:
    projlen=16: 4 braids
    projlen=17: 102 braids
    projlen=18: 178 braids
    projlen=19: 861 braids
    projlen=20: 1777 braids
    projlen=21: 5658 braids
    projlen=22: 11642 braids
    projlen=23: 41393 braids
    projlen=24: 103850 braids
    projlen=25: 345673 braids
  Braids kept: 8307230 (in 14 buckets, 42.38 GB)
  ⚡ Timing: matmul=2.11s, sampling=2.36s, total=16.55s

============================================================
Level 50 - SAMPLING
============================================================
  Starting braids: 1400000
  Candidates to generate: 8304898
  Processing in 42 chunks...
  Projlen distribution:
    projlen=15: 8 braids
    projlen=16: 26 braids
    projlen=17: 117 braids
    projlen=18: 175 braids
    projlen=19: 941 braids
    projlen=20: 2112 braids
    projlen=21: 6587 braids
    projlen=22: 14931 braids
    projlen=23: 42437 braids
    projlen=24: 89184 braids
  Braids kept: 8304898 (in 16 buckets, 42.37 GB)
  ⚡ Timing: matmul=2.08s, sampling=2.32s, total=16.29s

============================================================
Level 51 - SAMPLING
============================================================
  Starting braids: 1400000
  Candidates to generate: 8295864
  Processing in 42 chunks...
  Projlen distribution:
    projlen=15: 2 braids
    projlen=16: 15 braids
    projlen=17: 101 braids
    projlen=18: 279 braids
    projlen=19: 1069 braids
    projlen=20: 1956 braids
    projlen=21: 7240 braids
    projlen=22: 15212 braids
    projlen=23: 44974 braids
    projlen=24: 105891 braids
  Braids kept: 8295864 (in 16 buckets, 42.33 GB)
  ⚡ Timing: matmul=2.07s, sampling=2.34s, total=16.28s

============================================================
Level 52 - SAMPLING
============================================================
  Starting braids: 1400000
  Candidates to generate: 8250964
  Processing in 42 chunks...
  Projlen distribution:
    projlen=15: 2 braids
    projlen=16: 10 braids
    projlen=17: 60 braids
    projlen=18: 196 braids
    projlen=19: 961 braids
    projlen=20: 2197 braids
    projlen=21: 7539 braids
    projlen=22: 14429 braids
    projlen=23: 49279 braids
    projlen=24: 104104 braids
  Braids kept: 8250964 (in 16 buckets, 42.10 GB)
  ⚡ Timing: matmul=2.03s, sampling=2.22s, total=16.02s

============================================================
Level 53 - SAMPLING
============================================================
  Starting braids: 1400000
  Candidates to generate: 8214020
  Processing in 42 chunks...
  Projlen distribution:
    projlen=17: 33 braids
    projlen=18: 136 braids
    projlen=19: 611 braids
    projlen=20: 1624 braids
    projlen=21: 6545 braids
    projlen=22: 14798 braids
    projlen=23: 49645 braids
    projlen=24: 97447 braids
    projlen=25: 321781 braids
    projlen=26: 641533 braids
  Braids kept: 8214020 (in 14 buckets, 41.91 GB)
  ⚡ Timing: matmul=1.98s, sampling=2.29s, total=16.11s

============================================================
Level 54 - SAMPLING
============================================================
  Starting braids: 1400000
  Candidates to generate: 8214892
  Processing in 42 chunks...
  Projlen distribution:
    projlen=17: 9 braids
    projlen=18: 42 braids
    projlen=19: 290 braids
    projlen=20: 1247 braids
    projlen=21: 4258 braids
    projlen=22: 11480 braids
    projlen=23: 42667 braids
    projlen=24: 100058 braids
    projlen=25: 315760 braids
    projlen=26: 602302 braids
  Braids kept: 8214892 (in 14 buckets, 41.91 GB)
  ⚡ Timing: matmul=1.99s, sampling=2.24s, total=16.07s

============================================================
Level 55 - SAMPLING
============================================================
  Starting braids: 1400000
  Candidates to generate: 8216890
  Processing in 42 chunks...
  Projlen distribution:
    projlen=18: 49 braids
    projlen=19: 196 braids
    projlen=20: 711 braids
    projlen=21: 2783 braids
    projlen=22: 8985 braids
    projlen=23: 29970 braids
    projlen=24: 78359 braids
    projlen=25: 274445 braids
    projlen=26: 614862 braids
    projlen=27: 1657613 braids
  Braids kept: 8216890 (in 13 buckets, 41.92 GB)
  ⚡ Timing: matmul=1.99s, sampling=2.29s, total=16.16s

============================================================
Level 56 - SAMPLING
============================================================
  Starting braids: 1400000
  Candidates to generate: 8253072
  Processing in 42 chunks...
  Projlen distribution:
    projlen=18: 29 braids
    projlen=19: 188 braids
    projlen=20: 805 braids
    projlen=21: 2242 braids
    projlen=22: 6766 braids
    projlen=23: 22421 braids
    projlen=24: 65464 braids
    projlen=25: 204389 braids
    projlen=26: 494567 braids
    projlen=27: 1445984 braids
  Braids kept: 8253072 (in 13 buckets, 42.11 GB)
  ⚡ Timing: matmul=2.05s, sampling=2.21s, total=16.23s

============================================================
Level 57 - SAMPLING
============================================================
  Starting braids: 1400000
  Candidates to generate: 8313710
  Processing in 42 chunks...
  Projlen distribution:
    projlen=17: 4 braids
    projlen=18: 7 braids
    projlen=19: 175 braids
    projlen=20: 816 braids
    projlen=21: 2123 braids
    projlen=22: 7577 braids
    projlen=23: 18097 braids
    projlen=24: 54754 braids
    projlen=25: 166201 braids
    projlen=26: 429803 braids
  Braids kept: 8313710 (in 14 buckets, 42.42 GB)
  ⚡ Timing: matmul=2.13s, sampling=2.17s, total=16.81s

============================================================
Level 58 - SAMPLING
============================================================
  Starting braids: 1400000
  Candidates to generate: 8329896
  Processing in 42 chunks...
  Projlen distribution:
    projlen=17: 13 braids
    projlen=18: 30 braids
    projlen=19: 181 braids
    projlen=20: 686 braids
    projlen=21: 1972 braids
    projlen=22: 7340 braids
    projlen=23: 17998 braids
    projlen=24: 57939 braids
    projlen=25: 138983 braids
    projlen=26: 379318 braids
  Braids kept: 8329896 (in 14 buckets, 42.50 GB)
  ⚡ Timing: matmul=2.13s, sampling=2.37s, total=16.68s

============================================================
Level 59 - SAMPLING
============================================================
  Starting braids: 1400000
  Candidates to generate: 8337882
  Processing in 42 chunks...
  Projlen distribution:
    projlen=17: 6 braids
    projlen=18: 43 braids
    projlen=19: 240 braids
    projlen=20: 770 braids
    projlen=21: 1949 braids
    projlen=22: 6515 braids
    projlen=23: 17003 braids
    projlen=24: 55999 braids
    projlen=25: 135931 braids
    projlen=26: 395632 braids
  Braids kept: 8337882 (in 14 buckets, 42.54 GB)
  ⚡ Timing: matmul=2.12s, sampling=2.20s, total=16.05s

============================================================
Level 60 - SAMPLING
============================================================
  Starting braids: 1400000
  Candidates to generate: 8270170
  Processing in 42 chunks...
  Projlen distribution:
    projlen=17: 2 braids
    projlen=18: 36 braids
    projlen=19: 250 braids
    projlen=20: 759 braids
    projlen=21: 2314 braids
    projlen=22: 6735 braids
    projlen=23: 16766 braids
    projlen=24: 50125 braids
    projlen=25: 127051 braids
    projlen=26: 378947 braids
  Braids kept: 8270170 (in 14 buckets, 42.19 GB)
  ⚡ Timing: matmul=2.14s, sampling=2.43s, total=16.73s

============================================================
Level 61 - SAMPLING
============================================================
  Starting braids: 1400000
  Candidates to generate: 8234658
  Processing in 42 chunks...
  Projlen distribution:
    projlen=16: 1 braids
    projlen=17: 12 braids
    projlen=18: 48 braids
    projlen=19: 272 braids
    projlen=20: 754 braids
    projlen=21: 2472 braids
    projlen=22: 6962 braids
    projlen=23: 18656 braids
    projlen=24: 51278 braids
    projlen=25: 124707 braids
  Braids kept: 8234658 (in 15 buckets, 42.01 GB)
  ⚡ Timing: matmul=2.02s, sampling=2.30s, total=16.46s

============================================================
Level 62 - SAMPLING
============================================================
  Starting braids: 1400000
  Candidates to generate: 8234402
  Processing in 42 chunks...
  Projlen distribution:
    projlen=17: 19 braids
    projlen=18: 72 braids
    projlen=19: 293 braids
    projlen=20: 742 braids
    projlen=21: 2493 braids
    projlen=22: 6738 braids
    projlen=23: 19779 braids
    projlen=24: 53725 braids
    projlen=25: 133591 braids
    projlen=26: 351681 braids
  Braids kept: 8234402 (in 15 buckets, 42.01 GB)
  ⚡ Timing: matmul=2.02s, sampling=2.37s, total=16.70s

============================================================
Level 63 - SAMPLING
============================================================
  Starting braids: 1400000
  Candidates to generate: 8224430
  Processing in 42 chunks...
  Projlen distribution:
    projlen=17: 1 braids
    projlen=18: 15 braids
    projlen=19: 278 braids
    projlen=20: 688 braids
    projlen=21: 2653 braids
    projlen=22: 6680 braids
    projlen=23: 19606 braids
    projlen=24: 50881 braids
    projlen=25: 141568 braids
    projlen=26: 368335 braids
  Braids kept: 8224430 (in 15 buckets, 41.96 GB)
  ⚡ Timing: matmul=2.01s, sampling=2.28s, total=16.26s

============================================================
Level 64 - SAMPLING
============================================================
  Starting braids: 1400000
  Candidates to generate: 8196120
  Processing in 41 chunks...
  Projlen distribution:
    projlen=18: 8 braids
    projlen=19: 38 braids
    projlen=20: 299 braids
    projlen=21: 2062 braids
    projlen=22: 6168 braids
    projlen=23: 20971 braids
    projlen=24: 50659 braids
    projlen=25: 142443 braids
    projlen=26: 352861 braids
    projlen=27: 871008 braids
  Braids kept: 8196120 (in 13 buckets, 41.82 GB)
  ⚡ Timing: matmul=2.26s, sampling=2.67s, total=18.65s

============================================================
Level 65 - SAMPLING
============================================================
  Starting braids: 1400000
  Candidates to generate: 8239454
  Processing in 42 chunks...
  Projlen distribution:
    projlen=17: 4 braids
    projlen=18: 4 braids
    projlen=19: 47 braids
    projlen=20: 172 braids
    projlen=21: 902 braids
    projlen=22: 3958 braids
    projlen=23: 16949 braids
    projlen=24: 48201 braids
    projlen=25: 147213 braids
    projlen=26: 350294 braids
  Braids kept: 8239454 (in 14 buckets, 42.04 GB)
  ⚡ Timing: matmul=2.00s, sampling=2.30s, total=16.09s

============================================================
Level 66 - SAMPLING
============================================================
  Starting braids: 1400000
  Candidates to generate: 8269000
  Processing in 42 chunks...
  Projlen distribution:
    projlen=17: 12 braids
    projlen=19: 113 braids
    projlen=20: 258 braids
    projlen=21: 896 braids
    projlen=22: 3176 braids
    projlen=23: 11097 braids
    projlen=24: 36454 braids
    projlen=25: 127528 braids
    projlen=26: 333495 braids
    projlen=27: 893242 braids
  Braids kept: 8269000 (in 13 buckets, 42.19 GB)
  ⚡ Timing: matmul=2.04s, sampling=2.40s, total=16.43s

============================================================
Level 67 - SAMPLING
============================================================
  Starting braids: 1400000
  Candidates to generate: 8275358
  Processing in 42 chunks...
  Projlen distribution:
    projlen=17: 2 braids
    projlen=18: 7 braids
    projlen=19: 147 braids
    projlen=20: 433 braids
    projlen=21: 1190 braids
    projlen=22: 3873 braids
    projlen=23: 10603 braids
    projlen=24: 32033 braids
    projlen=25: 98094 braids
    projlen=26: 275225 braids
  Braids kept: 8275358 (in 14 buckets, 42.22 GB)
  ⚡ Timing: matmul=2.04s, sampling=2.42s, total=16.43s

============================================================
Level 68 - SAMPLING
============================================================
  Starting braids: 1400000
  Candidates to generate: 8324374
  Processing in 42 chunks...
  Projlen distribution:
    projlen=17: 6 braids
    projlen=18: 13 braids
    projlen=19: 151 braids
    projlen=20: 379 braids
    projlen=21: 1621 braids
    projlen=22: 4651 braids
    projlen=23: 12198 braids
    projlen=24: 33921 braids
    projlen=25: 93042 braids
    projlen=26: 250977 braids
  Braids kept: 8324374 (in 15 buckets, 42.47 GB)
  ⚡ Timing: matmul=2.12s, sampling=2.24s, total=16.38s

============================================================
Level 69 - SAMPLING
============================================================
  Starting braids: 1400000
  Candidates to generate: 8351528
  Processing in 42 chunks...
  Projlen distribution:
    projlen=17: 2 braids
    projlen=18: 44 braids
    projlen=19: 150 braids
    projlen=20: 368 braids
    projlen=21: 1845 braids
    projlen=22: 4552 braids
    projlen=23: 14762 braids
    projlen=24: 37096 braids
    projlen=25: 99292 braids
    projlen=26: 253838 braids
  Braids kept: 8351528 (in 15 buckets, 42.61 GB)
  ⚡ Timing: matmul=2.15s, sampling=2.18s, total=16.18s

============================================================
Level 70 - SAMPLING
============================================================
  Starting braids: 1400000
  Candidates to generate: 8308386
  Processing in 42 chunks...
  Projlen distribution:
    projlen=17: 12 braids
    projlen=18: 84 braids
    projlen=19: 190 braids
    projlen=20: 526 braids
    projlen=21: 1919 braids
    projlen=22: 4655 braids
    projlen=23: 16490 braids
    projlen=24: 37133 braids
    projlen=25: 111373 braids
    projlen=26: 264631 braids
  Braids kept: 8308386 (in 15 buckets, 42.39 GB)
  ⚡ Timing: matmul=2.09s, sampling=2.24s, total=16.30s

============================================================
Level 71 - SAMPLING
============================================================
  Starting braids: 1400000
  Candidates to generate: 8251776
  Processing in 42 chunks...
  Projlen distribution:
    projlen=17: 18 braids
    projlen=18: 76 braids
    projlen=19: 281 braids
    projlen=20: 729 braids
    projlen=21: 2288 braids
    projlen=22: 5361 braids
    projlen=23: 16464 braids
    projlen=24: 38190 braids
    projlen=25: 121877 braids
    projlen=26: 264584 braids
  Braids kept: 8251776 (in 15 buckets, 42.10 GB)
  ⚡ Timing: matmul=2.05s, sampling=2.32s, total=16.42s

============================================================
Level 72 - SAMPLING
============================================================
  Starting braids: 1400000
  Candidates to generate: 8220792
  Processing in 42 chunks...
  Projlen distribution:
    projlen=17: 12 braids
    projlen=18: 72 braids
    projlen=19: 265 braids
    projlen=20: 673 braids
    projlen=21: 2578 braids
    projlen=22: 6104 braids
    projlen=23: 19012 braids
    projlen=24: 40857 braids
    projlen=25: 123084 braids
    projlen=26: 270300 braids
  Braids kept: 8220792 (in 15 buckets, 41.94 GB)
  ⚡ Timing: matmul=1.99s, sampling=2.29s, total=16.27s

============================================================
Level 73 - SAMPLING
============================================================
  Starting braids: 1400000
  Candidates to generate: 8214542
  Processing in 42 chunks...
  Projlen distribution:
    projlen=17: 10 braids
    projlen=18: 44 braids
    projlen=19: 258 braids
    projlen=20: 561 braids
    projlen=21: 2613 braids
    projlen=22: 5828 braids
    projlen=23: 20149 braids
    projlen=24: 43942 braids
    projlen=25: 135631 braids
    projlen=26: 282685 braids
  Braids kept: 8214542 (in 15 buckets, 41.91 GB)
  ⚡ Timing: matmul=1.97s, sampling=2.41s, total=16.39s

============================================================
Level 74 - SAMPLING
============================================================
  Starting braids: 1400000
  Candidates to generate: 8208510
  Processing in 42 chunks...
  Projlen distribution:
    projlen=17: 23 braids
    projlen=18: 40 braids
    projlen=19: 201 braids
    projlen=20: 405 braids
    projlen=21: 2193 braids
    projlen=22: 5188 braids
    projlen=23: 19362 braids
    projlen=24: 43707 braids
    projlen=25: 139993 braids
    projlen=26: 299063 braids
  Braids kept: 8208510 (in 15 buckets, 41.88 GB)
  ⚡ Timing: matmul=1.96s, sampling=2.34s, total=16.26s

============================================================
Level 75 - SAMPLING
============================================================
  Starting braids: 1400000
  Candidates to generate: 8186486
  Processing in 41 chunks...
  Projlen distribution:
    projlen=17: 29 braids
    projlen=18: 60 braids
    projlen=19: 178 braids
    projlen=20: 439 braids
    projlen=21: 1534 braids
    projlen=22: 3503 braids
    projlen=23: 16260 braids
    projlen=24: 39803 braids
    projlen=25: 136523 braids
    projlen=26: 296483 braids
  Braids kept: 8186486 (in 15 buckets, 41.77 GB)
  ⚡ Timing: matmul=2.12s, sampling=2.29s, total=16.11s

============================================================
Level 76 - SAMPLING
============================================================
  Starting braids: 1400000
  Candidates to generate: 8215486
  Processing in 42 chunks...
  Projlen distribution:
    projlen=17: 36 braids
    projlen=18: 65 braids
    projlen=19: 160 braids
    projlen=20: 392 braids
    projlen=21: 1334 braids
    projlen=22: 3512 braids
    projlen=23: 11849 braids
    projlen=24: 29600 braids
    projlen=25: 117682 braids
    projlen=26: 277530 braids
  Braids kept: 8215486 (in 15 buckets, 41.92 GB)
  ⚡ Timing: matmul=1.98s, sampling=2.37s, total=16.45s

============================================================
Level 77 - SAMPLING
============================================================
  Starting braids: 1400000
  Candidates to generate: 8265334
  Processing in 42 chunks...
  Projlen distribution:
    projlen=17: 34 braids
    projlen=18: 41 braids
    projlen=19: 211 braids
    projlen=20: 506 braids
    projlen=21: 1070 braids
    projlen=22: 2871 braids
    projlen=23: 10498 braids
    projlen=24: 27107 braids
    projlen=25: 91943 braids
    projlen=26: 216912 braids
  Braids kept: 8265334 (in 15 buckets, 42.17 GB)
  ⚡ Timing: matmul=2.03s, sampling=2.32s, total=16.30s

============================================================
Level 78 - SAMPLING
============================================================
  Starting braids: 1400000
  Candidates to generate: 8308630
  Processing in 42 chunks...
  Projlen distribution:
    projlen=17: 19 braids
    projlen=18: 61 braids
    projlen=19: 180 braids
    projlen=20: 408 braids
    projlen=21: 1408 braids
    projlen=22: 3946 braids
    projlen=23: 8274 braids
    projlen=24: 23337 braids
    projlen=25: 77576 braids
    projlen=26: 196515 braids
  Braids kept: 8308630 (in 15 buckets, 42.39 GB)
  ⚡ Timing: matmul=2.08s, sampling=2.23s, total=16.15s

============================================================
Level 79 - SAMPLING
============================================================
  Starting braids: 1400000
  Candidates to generate: 8279700
  Processing in 42 chunks...
  Projlen distribution:
    projlen=17: 12 braids
    projlen=18: 42 braids
    projlen=19: 147 braids
    projlen=20: 518 braids
    projlen=21: 1404 braids
    projlen=22: 3429 braids
    projlen=23: 10358 braids
    projlen=24: 28222 braids
    projlen=25: 65055 braids
    projlen=26: 170241 braids
  Braids kept: 8279700 (in 15 buckets, 42.24 GB)
  ⚡ Timing: matmul=2.07s, sampling=2.41s, total=16.51s

============================================================
Level 80 - SAMPLING
============================================================
  Starting braids: 1400000
  Candidates to generate: 8257538
  Processing in 42 chunks...
  Projlen distribution:
    projlen=17: 2 braids
    projlen=18: 30 braids
    projlen=19: 152 braids
    projlen=20: 378 braids
    projlen=21: 1487 braids
    projlen=22: 4223 braids
    projlen=23: 10622 braids
    projlen=24: 26637 braids
    projlen=25: 76707 braids
    projlen=26: 190321 braids
  Braids kept: 8257538 (in 15 buckets, 42.13 GB)
  ⚡ Timing: matmul=2.04s, sampling=2.17s, total=16.06s

============================================================
Level 81 - SAMPLING
============================================================
  Starting braids: 1400000
  Candidates to generate: 8268888
  Processing in 42 chunks...
  Projlen distribution:
    projlen=18: 8 braids
    projlen=19: 139 braids
    projlen=20: 447 braids
    projlen=21: 1436 braids
    projlen=22: 3493 braids
    projlen=23: 12326 braids
    projlen=24: 32172 braids
    projlen=25: 78480 braids
    projlen=26: 189598 braids
    projlen=27: 500840 braids
  Braids kept: 8268888 (in 14 buckets, 42.19 GB)
  ⚡ Timing: matmul=1.99s, sampling=2.11s, total=15.98s

============================================================
Level 82 - SAMPLING
============================================================
  Starting braids: 1400000
  Candidates to generate: 8255480
  Processing in 42 chunks...
  Projlen distribution:
    projlen=18: 6 braids
    projlen=19: 87 braids
    projlen=20: 216 braids
    projlen=21: 1487 braids
    projlen=22: 4441 braids
    projlen=23: 12412 braids
    projlen=24: 29167 braids
    projlen=25: 91796 braids
    projlen=26: 223113 braids
    projlen=27: 508137 braids
  Braids kept: 8255480 (in 14 buckets, 42.12 GB)
  ⚡ Timing: matmul=2.03s, sampling=3.54s, total=18.07s

============================================================
Level 83 - SAMPLING
============================================================
  Starting braids: 1400000
  Candidates to generate: 8251938
  Processing in 42 chunks...
  Projlen distribution:
    projlen=19: 50 braids
    projlen=20: 267 braids
    projlen=21: 1017 braids
    projlen=22: 2876 braids
    projlen=23: 13420 braids
    projlen=24: 35954 braids
    projlen=25: 92709 braids
    projlen=26: 215176 braids
    projlen=27: 583171 braids
    projlen=28: 1245603 braids
  Braids kept: 8251938 (in 13 buckets, 42.10 GB)
  ⚡ Timing: matmul=2.03s, sampling=2.15s, total=15.93s

============================================================
Level 84 - SAMPLING
============================================================
  Starting braids: 1400000
  Candidates to generate: 8265864
  Processing in 42 chunks...
  Projlen distribution:
    projlen=19: 46 braids
    projlen=20: 136 braids
    projlen=21: 944 braids
    projlen=22: 3074 braids
    projlen=23: 10447 braids
    projlen=24: 26933 braids
    projlen=25: 98556 braids
    projlen=26: 252796 braids
    projlen=27: 588517 braids
    projlen=28: 1213057 braids
  Braids kept: 8265864 (in 13 buckets, 42.17 GB)
  ⚡ Timing: matmul=2.05s, sampling=2.25s, total=16.21s

============================================================
Level 85 - SAMPLING
============================================================
  Starting braids: 1400000
  Candidates to generate: 8241686
  Processing in 42 chunks...
  Projlen distribution:
    projlen=17: 6 braids
    projlen=18: 24 braids
    projlen=19: 96 braids
    projlen=20: 155 braids
    projlen=21: 911 braids
    projlen=22: 2208 braids
    projlen=23: 8927 braids
    projlen=24: 27583 braids
    projlen=25: 79361 braids
    projlen=26: 202663 braids
  Braids kept: 8241686 (in 15 buckets, 42.05 GB)
  ⚡ Timing: matmul=2.02s, sampling=2.24s, total=16.21s

============================================================
Level 86 - SAMPLING
============================================================
  Starting braids: 1400000
  Candidates to generate: 8252128
  Processing in 42 chunks...
  Projlen distribution:
    projlen=18: 6 braids
    projlen=19: 113 braids
    projlen=20: 389 braids
    projlen=21: 1028 braids
    projlen=22: 2109 braids
    projlen=23: 8387 braids
    projlen=24: 20740 braids
    projlen=25: 69554 braids
    projlen=26: 196517 braids
    projlen=27: 512412 braids
  Braids kept: 8252128 (in 14 buckets, 42.10 GB)
  ⚡ Timing: matmul=2.03s, sampling=2.29s, total=16.28s

============================================================
Level 87 - SAMPLING
============================================================
  Starting braids: 1400000
  Candidates to generate: 8265544
  Processing in 42 chunks...
  Projlen distribution:
    projlen=19: 44 braids
    projlen=20: 153 braids
    projlen=21: 1143 braids
    projlen=22: 3660 braids
    projlen=23: 8666 braids
    projlen=24: 20148 braids
    projlen=25: 63603 braids
    projlen=26: 156146 braids
    projlen=27: 460427 braids
    projlen=28: 1093139 braids
  Braids kept: 8265544 (in 13 buckets, 42.17 GB)
  ⚡ Timing: matmul=2.06s, sampling=2.20s, total=16.15s

============================================================
Level 88 - SAMPLING
============================================================
  Starting braids: 1400000
  Candidates to generate: 8275196
  Processing in 42 chunks...
  Projlen distribution:
    projlen=19: 6 braids
    projlen=20: 84 braids
    projlen=21: 599 braids
    projlen=22: 1706 braids
    projlen=23: 9637 braids
    projlen=24: 26749 braids
    projlen=25: 64881 braids
    projlen=26: 150942 braids
    projlen=27: 425565 braids
    projlen=28: 916283 braids
  Braids kept: 8275196 (in 13 buckets, 42.22 GB)
  ⚡ Timing: matmul=2.05s, sampling=2.31s, total=16.20s

============================================================
Level 89 - SAMPLING
============================================================
  Starting braids: 1400000
  Candidates to generate: 8272302
  Processing in 42 chunks...
  Projlen distribution:
    projlen=20: 13 braids
    projlen=21: 206 braids
    projlen=22: 1058 braids
    projlen=23: 5356 braids
    projlen=24: 15328 braids
    projlen=25: 70553 braids
    projlen=26: 181876 braids
    projlen=27: 432848 braids
    projlen=28: 913370 braids
    projlen=29: 2042162 braids
  Braids kept: 8272302 (in 12 buckets, 42.21 GB)
  ⚡ Timing: matmul=2.06s, sampling=2.35s, total=16.26s

============================================================
Level 90 - SAMPLING
============================================================
  Starting braids: 1400000
  Candidates to generate: 8224106
  Processing in 42 chunks...
  Projlen distribution:
    projlen=21: 116 braids
    projlen=22: 469 braids
    projlen=23: 2858 braids
    projlen=24: 10702 braids
    projlen=25: 44482 braids
    projlen=26: 121917 braids
    projlen=27: 465128 braids
    projlen=28: 1056012 braids
    projlen=29: 2072302 braids
    projlen=30: 3044444 braids
  Braids kept: 8224106 (in 11 buckets, 41.96 GB)
  ⚡ Timing: matmul=1.99s, sampling=2.23s, total=16.01s

============================================================
Level 91 - SAMPLING
============================================================
  Starting braids: 1400000
  Candidates to generate: 8256640
  Processing in 42 chunks...
  Projlen distribution:
    projlen=19: 1 braids
    projlen=20: 9 braids
    projlen=21: 83 braids
    projlen=22: 403 braids
    projlen=23: 1991 braids
    projlen=24: 6730 braids
    projlen=25: 28830 braids
    projlen=26: 91581 braids
    projlen=27: 318399 braids
    projlen=28: 750985 braids
  Braids kept: 8256640 (in 13 buckets, 42.13 GB)
  ⚡ Timing: matmul=2.02s, sampling=2.32s, total=16.21s

============================================================
Level 92 - SAMPLING
============================================================
  Starting braids: 1400000
  Candidates to generate: 8325264
  Processing in 42 chunks...
  Projlen distribution:
    projlen=19: 17 braids
    projlen=20: 30 braids
    projlen=21: 89 braids
    projlen=22: 424 braids
    projlen=23: 1573 braids
    projlen=24: 5693 braids
    projlen=25: 21585 braids
    projlen=26: 65157 braids
    projlen=27: 227835 braids
    projlen=28: 609631 braids
  Braids kept: 8325264 (in 14 buckets, 42.48 GB)
  ⚡ Timing: matmul=2.11s, sampling=2.22s, total=16.29s

============================================================
Level 93 - SAMPLING
============================================================
  Starting braids: 1400000
  Candidates to generate: 8369376
  Processing in 42 chunks...
  Projlen distribution:
    projlen=19: 44 braids
    projlen=20: 92 braids
    projlen=21: 123 braids
    projlen=22: 456 braids
    projlen=23: 1707 braids
    projlen=24: 5187 braids
    projlen=25: 18266 braids
    projlen=26: 54517 braids
    projlen=27: 179127 braids
    projlen=28: 463458 braids
  Braids kept: 8369376 (in 14 buckets, 42.70 GB)
  ⚡ Timing: matmul=2.16s, sampling=2.15s, total=15.97s

============================================================
Level 94 - SAMPLING
============================================================
  Starting braids: 1400000
  Candidates to generate: 8402448
  Processing in 43 chunks...
  Projlen distribution:
    projlen=19: 16 braids
    projlen=20: 212 braids
    projlen=21: 222 braids
    projlen=22: 805 braids
    projlen=23: 1850 braids
    projlen=24: 5525 braids
    projlen=25: 17784 braids
    projlen=26: 49119 braids
    projlen=27: 154704 braids
    projlen=28: 397417 braids
  Braids kept: 8402448 (in 14 buckets, 42.87 GB)
  ⚡ Timing: matmul=2.02s, sampling=2.39s, total=16.68s

============================================================
Level 95 - SAMPLING
============================================================
  Starting braids: 1400000
  Candidates to generate: 8371368
  Processing in 42 chunks...
  Projlen distribution:
    projlen=19: 8 braids
    projlen=20: 98 braids
    projlen=21: 233 braids
    projlen=22: 1411 braids
    projlen=23: 2451 braids
    projlen=24: 7128 braids
    projlen=25: 18427 braids
    projlen=26: 49247 braids
    projlen=27: 147252 braids
    projlen=28: 365495 braids
  Braids kept: 8371368 (in 14 buckets, 42.71 GB)
  ⚡ Timing: matmul=2.19s, sampling=2.40s, total=16.77s

============================================================
Level 96 - SAMPLING
============================================================
  Starting braids: 1400000
  Candidates to generate: 8340432
  Processing in 42 chunks...
  Projlen distribution:
    projlen=19: 4 braids
    projlen=20: 44 braids
    projlen=21: 180 braids
    projlen=22: 1054 braids
    projlen=23: 2440 braids
    projlen=24: 10041 braids
    projlen=25: 20972 braids
    projlen=26: 55894 braids
    projlen=27: 148537 braids
    projlen=28: 362910 braids
  Braids kept: 8340432 (in 14 buckets, 42.55 GB)
  ⚡ Timing: matmul=2.14s, sampling=2.33s, total=16.38s

============================================================
Level 97 - SAMPLING
============================================================
  Starting braids: 1400000
  Candidates to generate: 8301774
  Processing in 42 chunks...
  Projlen distribution:
    projlen=19: 6 braids
    projlen=20: 34 braids
    projlen=21: 155 braids
    projlen=22: 609 braids
    projlen=23: 1958 braids
    projlen=24: 9303 braids
    projlen=25: 20687 braids
    projlen=26: 72696 braids
    projlen=27: 158238 braids
    projlen=28: 394977 braids
  Braids kept: 8301774 (in 14 buckets, 42.36 GB)
  ⚡ Timing: matmul=2.09s, sampling=2.44s, total=16.37s

============================================================
Level 98 - SAMPLING
============================================================
  Starting braids: 1400000
  Candidates to generate: 8263892
  Processing in 42 chunks...
  Projlen distribution:
    projlen=18: 4 braids
    projlen=19: 10 braids
    projlen=20: 34 braids
    projlen=21: 135 braids
    projlen=22: 642 braids
    projlen=23: 1882 braids
    projlen=24: 6601 braids
    projlen=25: 19286 braids
    projlen=26: 74037 braids
    projlen=27: 157783 braids
  Braids kept: 8263892 (in 15 buckets, 42.16 GB)
  ⚡ Timing: matmul=2.03s, sampling=2.30s, total=16.03s

============================================================
Level 99 - SAMPLING
============================================================
  Starting braids: 1400000
  Candidates to generate: 8232974
  Processing in 42 chunks...
  Projlen distribution:
    projlen=18: 4 braids
    projlen=19: 24 braids
    projlen=20: 81 braids
    projlen=21: 232 braids
    projlen=22: 657 braids
    projlen=23: 1966 braids
    projlen=24: 6887 braids
    projlen=25: 19899 braids
    projlen=26: 60460 braids
    projlen=27: 152956 braids
  Braids kept: 8232974 (in 15 buckets, 42.00 GB)
  ⚡ Timing: matmul=2.00s, sampling=2.50s, total=16.44s

============================================================
Level 100 - SAMPLING
============================================================
  Starting braids: 1400000
  Candidates to generate: 8262280
  Processing in 42 chunks...
  Projlen distribution:
    projlen=19: 54 braids
    projlen=20: 111 braids
    projlen=21: 419 braids
    projlen=22: 783 braids
    projlen=23: 2855 braids
    projlen=24: 7036 braids
    projlen=25: 19748 braids
    projlen=26: 62291 braids
    projlen=27: 156569 braids
    projlen=28: 436634 braids
  Braids kept: 8262280 (in 14 buckets, 42.15 GB)
  ⚡ Timing: matmul=2.27s, sampling=4.21s, total=18.86s

============================================================
Level 101 - SAMPLING
============================================================
  Starting braids: 1400000
  Candidates to generate: 8292906
  Processing in 42 chunks...
  Projlen distribution:
    projlen=19: 27 braids
    projlen=20: 159 braids
    projlen=21: 711 braids
    projlen=22: 1323 braids
    projlen=23: 3853 braids
    projlen=24: 7884 braids
    projlen=25: 23935 braids
    projlen=26: 60860 braids
    projlen=27: 154896 braids
    projlen=28: 439977 braids
  Braids kept: 8292906 (in 14 buckets, 42.31 GB)
  ⚡ Timing: matmul=2.07s, sampling=2.34s, total=16.32s

============================================================
Level 102 - SAMPLING
============================================================
  Starting braids: 1400000
  Candidates to generate: 8239250
  Processing in 42 chunks...
  Projlen distribution:
    projlen=19: 45 braids
    projlen=20: 109 braids
    projlen=21: 418 braids
    projlen=22: 2120 braids
    projlen=23: 5890 braids
    projlen=24: 11433 braids
    projlen=25: 29816 braids
    projlen=26: 63859 braids
    projlen=27: 176314 braids
    projlen=28: 421311 braids
  Braids kept: 8239250 (in 14 buckets, 42.04 GB)
  ⚡ Timing: matmul=2.01s, sampling=2.25s, total=16.09s

============================================================
Level 103 - SAMPLING
============================================================
  Starting braids: 1400000
  Candidates to generate: 8212992
  Processing in 42 chunks...
  Projlen distribution:
    projlen=19: 68 braids
    projlen=20: 177 braids
    projlen=21: 496 braids
    projlen=22: 1587 braids
    projlen=23: 4351 braids
    projlen=24: 17130 braids
    projlen=25: 41492 braids
    projlen=26: 85297 braids
    projlen=27: 209275 braids
    projlen=28: 436421 braids
  Braids kept: 8212992 (in 14 buckets, 41.90 GB)
  ⚡ Timing: matmul=1.97s, sampling=2.07s, total=15.63s

============================================================
Level 104 - SAMPLING
============================================================
  Starting braids: 1400000
  Candidates to generate: 8185202
  Processing in 41 chunks...
  Projlen distribution:
    projlen=19: 24 braids
    projlen=20: 69 braids
    projlen=21: 807 braids
    projlen=22: 2071 braids
    projlen=23: 4599 braids
    projlen=24: 13286 braids
    projlen=25: 35667 braids
    projlen=26: 122380 braids
    projlen=27: 275124 braids
    projlen=28: 552590 braids
  Braids kept: 8185202 (in 14 buckets, 41.76 GB)
  ⚡ Timing: matmul=2.15s, sampling=2.17s, total=15.73s

============================================================
Level 105 - SAMPLING
============================================================
  Starting braids: 1400000
  Candidates to generate: 8148196
  Processing in 41 chunks...
  Projlen distribution:
    projlen=19: 14 braids
    projlen=20: 41 braids
    projlen=21: 314 braids
    projlen=22: 896 braids
    projlen=23: 6917 braids
    projlen=24: 17078 braids
    projlen=25: 39534 braids
    projlen=26: 100589 braids
    projlen=27: 251272 braids
    projlen=28: 764448 braids
  Braids kept: 8148196 (in 14 buckets, 41.57 GB)
  ⚡ Timing: matmul=2.08s, sampling=2.07s, total=15.51s

============================================================
Level 106 - SAMPLING
============================================================
  Starting braids: 1400000
  Candidates to generate: 8240454
  Processing in 42 chunks...
  Projlen distribution:
    projlen=19: 23 braids
    projlen=20: 45 braids
    projlen=21: 308 braids
    projlen=22: 836 braids
    projlen=23: 3670 braids
    projlen=24: 8858 braids
    projlen=25: 53481 braids
    projlen=26: 126116 braids
    projlen=27: 282362 braids
    projlen=28: 650480 braids
  Braids kept: 8240454 (in 14 buckets, 42.04 GB)
  ⚡ Timing: matmul=2.00s, sampling=2.39s, total=16.19s

============================================================
Level 107 - SAMPLING
============================================================
  Starting braids: 1400000
  Candidates to generate: 8243774
  Processing in 42 chunks...
  Projlen distribution:
    projlen=18: 2 braids
    projlen=19: 20 braids
    projlen=20: 78 braids
    projlen=21: 205 braids
    projlen=22: 743 braids
    projlen=23: 3343 braids
    projlen=24: 8536 braids
    projlen=25: 33521 braids
    projlen=26: 75776 braids
    projlen=27: 364687 braids
  Braids kept: 8243774 (in 15 buckets, 42.06 GB)
  ⚡ Timing: matmul=2.01s, sampling=2.32s, total=16.12s

============================================================
Level 108 - SAMPLING
============================================================
  Starting braids: 1400000
  Candidates to generate: 8206452
  Processing in 42 chunks...
  Projlen distribution:
    projlen=18: 2 braids
    projlen=19: 17 braids
    projlen=20: 78 braids
    projlen=21: 221 braids
    projlen=22: 825 braids
    projlen=23: 2589 braids
    projlen=24: 7381 braids
    projlen=25: 29567 braids
    projlen=26: 69961 braids
    projlen=27: 252128 braids
  Braids kept: 8206452 (in 15 buckets, 41.87 GB)
  ⚡ Timing: matmul=1.96s, sampling=2.22s, total=16.05s

============================================================
Level 109 - SAMPLING
============================================================
  Starting braids: 1400000
  Candidates to generate: 8363094
  Processing in 42 chunks...
  Projlen distribution:
    projlen=19: 11 braids
    projlen=20: 37 braids
    projlen=21: 215 braids
    projlen=22: 802 braids
    projlen=23: 2436 braids
    projlen=24: 7854 braids
    projlen=25: 23982 braids
    projlen=26: 62082 braids
    projlen=27: 219573 braids
    projlen=28: 470793 braids
  Braids kept: 8363094 (in 14 buckets, 42.67 GB)
  ⚡ Timing: matmul=2.17s, sampling=2.17s, total=16.15s

============================================================
Level 110 - SAMPLING
============================================================
  Starting braids: 1400000
  Candidates to generate: 8334964
  Processing in 42 chunks...
  Projlen distribution:
    projlen=20: 30 braids
    projlen=21: 152 braids
    projlen=22: 638 braids
    projlen=23: 2490 braids
    projlen=24: 7550 braids
    projlen=25: 23075 braids
    projlen=26: 62182 braids
    projlen=27: 186805 braids
    projlen=28: 419341 braids
    projlen=29: 1219591 braids
  Braids kept: 8334964 (in 13 buckets, 42.52 GB)
  ⚡ Timing: matmul=2.11s, sampling=2.04s, total=15.79s

============================================================
Level 111 - SAMPLING
============================================================
  Starting braids: 1400000
  Candidates to generate: 8330320
  Processing in 42 chunks...
  Projlen distribution:
    projlen=20: 52 braids
    projlen=21: 146 braids
    projlen=22: 539 braids
    projlen=23: 2304 braids
    projlen=24: 7038 braids
    projlen=25: 23131 braids
    projlen=26: 60594 braids
    projlen=27: 177550 braids
    projlen=28: 414690 braids
    projlen=29: 1085472 braids
  Braids kept: 8330320 (in 13 buckets, 42.50 GB)
  ⚡ Timing: matmul=2.13s, sampling=2.20s, total=16.12s

============================================================
Level 112 - SAMPLING
============================================================
  Starting braids: 1400000
  Candidates to generate: 8304732
  Processing in 42 chunks...
  Projlen distribution:
    projlen=20: 58 braids
    projlen=21: 156 braids
    projlen=22: 599 braids
    projlen=23: 2372 braids
    projlen=24: 6632 braids
    projlen=25: 22130 braids
    projlen=26: 58828 braids
    projlen=27: 174490 braids
    projlen=28: 409911 braids
    projlen=29: 1044460 braids
  Braids kept: 8304732 (in 13 buckets, 42.37 GB)
  ⚡ Timing: matmul=2.17s, sampling=2.26s, total=16.34s

============================================================
Level 113 - SAMPLING
============================================================
  Starting braids: 1400000
  Candidates to generate: 8287272
  Processing in 42 chunks...
  Projlen distribution:
    projlen=18: 1 braids
    projlen=19: 1 braids
    projlen=20: 24 braids
    projlen=21: 209 braids
    projlen=22: 684 braids
    projlen=23: 2241 braids
    projlen=24: 6499 braids
    projlen=25: 21834 braids
    projlen=26: 55366 braids
    projlen=27: 172073 braids
  Braids kept: 8287272 (in 15 buckets, 42.28 GB)
  ⚡ Timing: matmul=2.08s, sampling=2.35s, total=16.61s

============================================================
Level 114 - SAMPLING
============================================================
  Starting braids: 1400000
  Candidates to generate: 8285164
  Processing in 42 chunks...
  Projlen distribution:
    projlen=18: 1 braids
    projlen=19: 11 braids
    projlen=20: 24 braids
    projlen=21: 126 braids
    projlen=22: 435 braids
    projlen=23: 2674 braids
    projlen=24: 6612 braids
    projlen=25: 20907 braids
    projlen=26: 53399 braids
    projlen=27: 169451 braids
  Braids kept: 8285164 (in 15 buckets, 42.27 GB)
  ⚡ Timing: matmul=2.08s, sampling=2.23s, total=16.19s

============================================================
Level 115 - SAMPLING
============================================================
  Starting braids: 1400000
  Candidates to generate: 8276564
  Processing in 42 chunks...
  Projlen distribution:
    projlen=18: 2 braids
    projlen=19: 6 braids
    projlen=20: 43 braids
    projlen=21: 208 braids
    projlen=22: 562 braids
    projlen=23: 2047 braids
    projlen=24: 5136 braids
    projlen=25: 23358 braids
    projlen=26: 54305 braids
    projlen=27: 163529 braids
  Braids kept: 8276564 (in 15 buckets, 42.23 GB)
  ⚡ Timing: matmul=2.07s, sampling=2.26s, total=16.31s

============================================================
Level 116 - SAMPLING
============================================================
  Starting braids: 1400000
  Candidates to generate: 8268272
  Processing in 42 chunks...
  Projlen distribution:
    projlen=18: 2 braids
    projlen=19: 7 braids
    projlen=20: 36 braids
    projlen=21: 167 braids
    projlen=22: 418 braids
    projlen=23: 2668 braids
    projlen=24: 5844 braids
    projlen=25: 20056 braids
    projlen=26: 47194 braids
    projlen=27: 177617 braids
  Braids kept: 8268272 (in 15 buckets, 42.18 GB)
  ⚡ Timing: matmul=2.13s, sampling=2.56s, total=17.28s

============================================================
Level 117 - SAMPLING
============================================================
  Starting braids: 1400000
  Candidates to generate: 8265182
  Processing in 42 chunks...
  Projlen distribution:
    projlen=17: 1 braids
    projlen=18: 10 braids
    projlen=19: 14 braids
    projlen=20: 65 braids
    projlen=21: 163 braids
    projlen=22: 367 braids
    projlen=23: 2089 braids
    projlen=24: 5127 braids
    projlen=25: 23768 braids
    projlen=26: 49933 braids
  Braids kept: 8265182 (in 16 buckets, 42.17 GB)
  ⚡ Timing: matmul=2.04s, sampling=2.31s, total=16.47s

============================================================
Level 118 - SAMPLING
============================================================
  Starting braids: 1400000
  Candidates to generate: 8309228
  Processing in 42 chunks...
  Projlen distribution:
    projlen=17: 6 braids
    projlen=18: 14 braids
    projlen=19: 49 braids
    projlen=20: 67 braids
    projlen=21: 337 braids
    projlen=22: 621 braids
    projlen=23: 2205 braids
    projlen=24: 4794 braids
    projlen=25: 20567 braids
    projlen=26: 45106 braids
  Braids kept: 8309228 (in 16 buckets, 42.39 GB)
  ⚡ Timing: matmul=2.11s, sampling=2.23s, total=16.28s

============================================================
Level 119 - SAMPLING
============================================================
  Starting braids: 1400000
  Candidates to generate: 8289864
  Processing in 42 chunks...
  Projlen distribution:
    projlen=17: 8 braids
    projlen=18: 41 braids
    projlen=19: 79 braids
    projlen=20: 138 braids
    projlen=21: 495 braids
    projlen=22: 711 braids
    projlen=23: 3558 braids
    projlen=24: 6297 braids
    projlen=25: 21439 braids
    projlen=26: 44815 braids
  Braids kept: 8289864 (in 16 buckets, 42.29 GB)
  ⚡ Timing: matmul=1.98s, sampling=2.32s, total=18.07s

============================================================
Level 120 - SAMPLING
============================================================
  Starting braids: 1400000
  Candidates to generate: 8319144
  Processing in 42 chunks...
  Projlen distribution:
    projlen=16: 4 braids
    projlen=17: 11 braids
    projlen=18: 32 braids
    projlen=19: 101 braids
    projlen=20: 309 braids
    projlen=21: 744 braids
    projlen=22: 1418 braids
    projlen=23: 4058 braids
    projlen=24: 7050 braids
    projlen=25: 29171 braids
  Braids kept: 8319144 (in 17 buckets, 42.44 GB)
  ⚡ Timing: matmul=2.12s, sampling=2.33s, total=16.49s

============================================================
Level 121 - SAMPLING
============================================================
  Starting braids: 1400000
  Candidates to generate: 8312530
  Processing in 42 chunks...
  Projlen distribution:
    projlen=16: 6 braids
    projlen=17: 28 braids
    projlen=18: 85 braids
    projlen=19: 125 braids
    projlen=20: 287 braids
    projlen=21: 1054 braids
    projlen=22: 2449 braids
    projlen=23: 5871 braids
    projlen=24: 11420 braids
    projlen=25: 32189 braids
  Braids kept: 8312530 (in 17 buckets, 42.41 GB)
  ⚡ Timing: matmul=2.09s, sampling=2.22s, total=16.34s

============================================================
Level 122 - SAMPLING
============================================================
  Starting braids: 1400000
  Candidates to generate: 8258154
  Processing in 42 chunks...
  Projlen distribution:
    projlen=15: 1 braids
    projlen=16: 13 braids
    projlen=17: 21 braids
    projlen=18: 63 braids
    projlen=19: 300 braids
    projlen=20: 709 braids
    projlen=21: 1343 braids
    projlen=22: 2801 braids
    projlen=23: 8287 braids
    projlen=24: 17569 braids
  Braids kept: 8258154 (in 18 buckets, 42.13 GB)
  ⚡ Timing: matmul=2.04s, sampling=2.16s, total=16.08s

============================================================
Level 123 - SAMPLING
============================================================
  Starting braids: 1400000
  Candidates to generate: 8241306
  Processing in 42 chunks...
  Projlen distribution:
    projlen=15: 1 braids
    projlen=16: 2 braids
    projlen=17: 4 braids
    projlen=18: 113 braids
    projlen=19: 294 braids
    projlen=20: 748 braids
    projlen=21: 2479 braids
    projlen=22: 5541 braids
    projlen=23: 11247 braids
    projlen=24: 21636 braids
  Braids kept: 8241306 (in 18 buckets, 42.05 GB)
  ⚡ Timing: matmul=2.06s, sampling=2.25s, total=16.15s

============================================================
Level 124 - SAMPLING
============================================================
  Starting braids: 1400000
  Candidates to generate: 8142000
  Processing in 41 chunks...
  Projlen distribution:
    projlen=17: 6 braids
    projlen=18: 32 braids
    projlen=19: 51 braids
    projlen=20: 876 braids
    projlen=21: 2535 braids
    projlen=22: 6106 braids
    projlen=23: 18896 braids
    projlen=24: 38943 braids
    projlen=25: 78725 braids
    projlen=26: 152735 braids
  Braids kept: 8142000 (in 16 buckets, 41.54 GB)
  ⚡ Timing: matmul=2.08s, sampling=2.11s, total=15.59s

============================================================
Level 125 - SAMPLING
============================================================
  Starting braids: 1400000
  Candidates to generate: 8088746
  Processing in 41 chunks...
  Projlen distribution:
    projlen=17: 12 braids
    projlen=18: 40 braids
    projlen=19: 86 braids
    projlen=20: 322 braids
    projlen=21: 765 braids
    projlen=22: 6674 braids
    projlen=23: 19670 braids
    projlen=24: 45205 braids
    projlen=25: 127821 braids
    projlen=26: 253535 braids
  Braids kept: 8088746 (in 15 buckets, 41.27 GB)
  ⚡ Timing: matmul=2.07s, sampling=2.30s, total=15.90s

============================================================
Level 126 - SAMPLING
============================================================
  Starting braids: 1400000
  Candidates to generate: 8051376
  Processing in 41 chunks...
  Projlen distribution:
    projlen=17: 46 braids
    projlen=18: 134 braids
    projlen=19: 107 braids
    projlen=20: 395 braids
    projlen=21: 812 braids
    projlen=22: 3154 braids
    projlen=23: 7450 braids
    projlen=24: 47846 braids
    projlen=25: 135029 braids
    projlen=26: 302426 braids
  Braids kept: 8051376 (in 15 buckets, 41.08 GB)
  ⚡ Timing: matmul=2.02s, sampling=2.21s, total=16.08s

============================================================
Level 127 - SAMPLING
============================================================
  Starting braids: 1400000
  Candidates to generate: 8094260
  Processing in 41 chunks...
  Projlen distribution:
    projlen=17: 86 braids
    projlen=18: 194 braids
    projlen=19: 241 braids
    projlen=20: 762 braids
    projlen=21: 904 braids
    projlen=22: 3006 braids
    projlen=23: 6958 braids
    projlen=24: 25439 braids
    projlen=25: 62980 braids
    projlen=26: 311415 braids
  Braids kept: 8094260 (in 15 buckets, 41.30 GB)
  ⚡ Timing: matmul=2.04s, sampling=2.34s, total=16.53s

============================================================
SEARCH COMPLETE
============================================================
Final level: 127
Total time: 1994.33s
Avg time per level: 15.70s
Total kernel elements: 0

============================================================
VERIFICATION
============================================================
No projlen=1 braids found.
JOB COMPLETED!
