============================================================
SEARCHING FOR p=7 KERNEL ELEMENTS (ULTRA-OPTIMIZED)
============================================================
Device: cuda
Bucket size: 1500000
Max length: 255
Bootstrap length: 5
Prime: 7
Degree multiplier: 2
Degree window: [0, 510] (511 coeffs) - NON-NEGATIVE ONLY
Use best: 750000
Expansion chunk size: 90000
Matmul chunk size: 8000
⚡ Precomputed FFTs: ENABLED
⚡ Non-negative degrees only: ENABLED (2x memory savings!)

Loaded tables from /nfs/roberts/project/pi_com36/com36/burau-experiments/precomputed_tables/tables_B4_r1_p7.pt
  Degree window: [0, 510] (511 coefficients) - NON-NEGATIVE ONLY
✓ Identity matrix verified (at degree 0)

Precomputing FFTs of simple Burau matrices...
  D=511, out_D=1021, fft_size=1024
  FFT cache: 0.9 MB
Initialized with identity braid
Degree window: [0, 510] (511 coefficients) - NON-NEGATIVE ONLY
FFT size: 1024
Storage types: matrix=torch.int16, word=torch.int32
Config: bucket_size=1500000, bootstrap=5, max_length=255, chunk_size=90000, matmul_chunk=8000, use_best=750000
⚡ Ultra-optimized: precomputed Burau FFTs + non-negative degrees only

============================================================
Level 1 - BOOTSTRAP
============================================================
  Starting braids: 1
  Candidates to generate: 22
  Projlen distribution:
    projlen=3: 10 braids
    projlen=4: 12 braids
  Braids kept: 22 (in 2 buckets, 0.00 GB)
  ⚡ Timing: matmul=0.05s, sampling=0.00s, total=0.21s

============================================================
Level 2 - BOOTSTRAP
============================================================
  Starting braids: 22
  Candidates to generate: 164
  Projlen distribution:
    projlen=5: 56 braids
    projlen=6: 76 braids
    projlen=7: 32 braids
  Braids kept: 164 (in 3 buckets, 0.00 GB)
  ⚡ Timing: matmul=0.01s, sampling=0.00s, total=0.05s

============================================================
Level 3 - BOOTSTRAP
============================================================
  Starting braids: 164
  Candidates to generate: 982
  Projlen distribution:
    projlen=7: 270 braids
    projlen=8: 364 braids
    projlen=9: 288 braids
    projlen=10: 60 braids
  Braids kept: 982 (in 4 buckets, 0.01 GB)
  ⚡ Timing: matmul=0.01s, sampling=0.00s, total=0.05s

============================================================
Level 4 - BOOTSTRAP
============================================================
  Starting braids: 982
  Candidates to generate: 5528
  Projlen distribution:
    projlen=9: 1256 braids
    projlen=10: 1672 braids
    projlen=11: 1784 braids
    projlen=12: 700 braids
    projlen=13: 116 braids
  Braids kept: 5528 (in 5 buckets, 0.06 GB)
  ⚡ Timing: matmul=0.02s, sampling=0.00s, total=0.14s

============================================================
Level 5 - BOOTSTRAP
============================================================
  Starting braids: 5528
  Candidates to generate: 30478
  Projlen distribution:
    projlen=10: 4 braids
    projlen=11: 5798 braids
    projlen=12: 7672 braids
    projlen=13: 9864 braids
    projlen=14: 5236 braids
    projlen=15: 1716 braids
    projlen=16: 188 braids
  Braids kept: 30478 (in 7 buckets, 0.31 GB)
  ⚡ Timing: matmul=0.09s, sampling=0.00s, total=0.15s

============================================================
Level 6 - SAMPLING
============================================================
  Starting braids: 30478
  Candidates to generate: 166796
  Processing in 2 chunks...
  Projlen distribution:
    projlen=12: 64 braids
    projlen=13: 26772 braids
    projlen=14: 35288 braids
    projlen=15: 52292 braids
    projlen=16: 33012 braids
    projlen=17: 15680 braids
    projlen=18: 3356 braids
    projlen=19: 332 braids
  Braids kept: 166796 (in 8 buckets, 1.70 GB)
  ⚡ Timing: matmul=0.42s, sampling=0.01s, total=0.56s

============================================================
Level 7 - SAMPLING
============================================================
  Starting braids: 166796
  Candidates to generate: 910366
  Processing in 11 chunks...
  Projlen distribution:
    projlen=13: 52 braids
    projlen=14: 644 braids
    projlen=15: 123806 braids
    projlen=16: 162640 braids
    projlen=17: 271420 braids
    projlen=18: 191940 braids
    projlen=19: 116516 braids
    projlen=20: 35764 braids
    projlen=21: 7076 braids
    projlen=22: 508 braids
  Braids kept: 910366 (in 10 buckets, 9.31 GB)
  ⚡ Timing: matmul=0.36s, sampling=0.26s, total=3.35s

============================================================
Level 8 - SAMPLING
============================================================
  Starting braids: 750000
  Candidates to generate: 4124532
  Processing in 46 chunks...
  Projlen distribution:
    projlen=14: 96 braids
    projlen=15: 872 braids
    projlen=16: 5520 braids
    projlen=17: 573102 braids
    projlen=18: 748956 braids
    projlen=19: 1376247 braids
    projlen=20: 1027522 braids
    projlen=21: 392217 braids
  Braids kept: 4124532 (in 8 buckets, 42.16 GB)
  ⚡ Timing: matmul=1.65s, sampling=2.88s, total=18.29s

============================================================
Level 9 - SAMPLING
============================================================
  Starting braids: 750000
  Candidates to generate: 4336188
  Processing in 49 chunks...
  Projlen distribution:
    projlen=15: 144 braids
    projlen=16: 1192 braids
    projlen=17: 10902 braids
    projlen=18: 31948 braids
    projlen=19: 2331539 braids
    projlen=20: 1588429 braids
    projlen=21: 372034 braids
  Braids kept: 3416220 (in 7 buckets, 34.92 GB)
  ⚡ Timing: matmul=1.51s, sampling=4.63s, total=22.21s

============================================================
Level 10 - SAMPLING
============================================================
  Starting braids: 750000
  Candidates to generate: 4513740
  Processing in 51 chunks...
  Projlen distribution:
    projlen=16: 16 braids
    projlen=17: 2741 braids
    projlen=18: 9106 braids
    projlen=19: 72051 braids
    projlen=20: 147085 braids
    projlen=21: 2851210 braids
    projlen=22: 1431531 braids
  Braids kept: 3162530 (in 7 buckets, 32.33 GB)
  ⚡ Timing: matmul=1.52s, sampling=4.92s, total=23.30s

============================================================
Level 11 - SAMPLING
============================================================
  Starting braids: 750000
  Candidates to generate: 4563036
  Processing in 51 chunks...
  Projlen distribution:
    projlen=17: 32 braids
    projlen=18: 611 braids
    projlen=19: 22127 braids
    projlen=20: 53013 braids
    projlen=21: 409877 braids
    projlen=22: 640239 braids
    projlen=23: 2365933 braids
    projlen=24: 1071204 braids
  Braids kept: 3697103 (in 8 buckets, 37.79 GB)
  ⚡ Timing: matmul=1.65s, sampling=4.34s, total=21.92s

============================================================
Level 12 - SAMPLING
============================================================
  Starting braids: 750000
  Candidates to generate: 4522408
  Processing in 51 chunks...
  Projlen distribution:
    projlen=18: 46 braids
    projlen=19: 974 braids
    projlen=20: 5903 braids
    projlen=21: 139073 braids
    projlen=22: 265288 braids
    projlen=23: 1862650 braids
    projlen=24: 1641763 braids
    projlen=25: 606711 braids
  Braids kept: 4017995 (in 8 buckets, 41.07 GB)
  ⚡ Timing: matmul=1.25s, sampling=4.87s, total=21.67s

============================================================
Level 13 - SAMPLING
============================================================
  Starting braids: 750000
  Candidates to generate: 4484980
  Processing in 50 chunks...
  Projlen distribution:
    projlen=19: 36 braids
    projlen=20: 633 braids
    projlen=21: 11529 braids
    projlen=22: 38106 braids
    projlen=23: 708301 braids
    projlen=24: 1125001 braids
    projlen=25: 1903135 braids
    projlen=26: 698239 braids
  Braids kept: 4081845 (in 8 buckets, 41.72 GB)
  ⚡ Timing: matmul=1.35s, sampling=3.14s, total=19.33s

============================================================
Level 14 - SAMPLING
============================================================
  Starting braids: 750000
  Candidates to generate: 4615574
  Processing in 52 chunks...
  Projlen distribution:
    projlen=20: 32 braids
    projlen=21: 1218 braids
    projlen=22: 6201 braids
    projlen=23: 79873 braids
    projlen=24: 198315 braids
    projlen=25: 2858866 braids
    projlen=26: 1471069 braids
  Braids kept: 3256708 (in 7 buckets, 33.29 GB)
  ⚡ Timing: matmul=1.28s, sampling=4.24s, total=22.10s

============================================================
Level 15 - SAMPLING
============================================================
  Starting braids: 750000
  Candidates to generate: 4558970
  Processing in 51 chunks...
  Projlen distribution:
    projlen=21: 85 braids
    projlen=22: 560 braids
    projlen=23: 12502 braids
    projlen=24: 36987 braids
    projlen=25: 428293 braids
    projlen=26: 849227 braids
    projlen=27: 2259238 braids
    projlen=28: 972078 braids
  Braids kept: 3799732 (in 8 buckets, 38.84 GB)
  ⚡ Timing: matmul=1.35s, sampling=3.97s, total=23.09s

============================================================
Level 16 - SAMPLING
============================================================
  Starting braids: 750000
  Candidates to generate: 4521420
  Processing in 51 chunks...
  Projlen distribution:
    projlen=23: 1336 braids
    projlen=24: 5465 braids
    projlen=25: 75290 braids
    projlen=26: 192785 braids
    projlen=27: 1879115 braids
    projlen=28: 1756737 braids
    projlen=29: 610692 braids
  Braids kept: 3885568 (in 7 buckets, 39.72 GB)
  ⚡ Timing: matmul=1.34s, sampling=4.59s, total=21.36s

============================================================
Level 17 - SAMPLING
============================================================
  Starting braids: 750000
  Candidates to generate: 4523380
  Processing in 51 chunks...
  Projlen distribution:
    projlen=23: 6 braids
    projlen=24: 395 braids
    projlen=25: 11270 braids
    projlen=26: 35011 braids
    projlen=27: 388831 braids
    projlen=28: 831967 braids
    projlen=29: 2262549 braids
    projlen=30: 993351 braids
  Braids kept: 3760831 (in 8 buckets, 38.44 GB)
  ⚡ Timing: matmul=1.35s, sampling=3.99s, total=20.81s

============================================================
Level 18 - SAMPLING
============================================================
  Starting braids: 750000
  Candidates to generate: 4494836
  Processing in 50 chunks...
  Projlen distribution:
    projlen=23: 3 braids
    projlen=24: 58 braids
    projlen=25: 1432 braids
    projlen=26: 5624 braids
    projlen=27: 73225 braids
    projlen=28: 186684 braids
    projlen=29: 1706914 braids
    projlen=30: 1820015 braids
    projlen=31: 700881 braids
  Braids kept: 3967907 (in 9 buckets, 40.56 GB)
  ⚡ Timing: matmul=1.55s, sampling=4.90s, total=21.47s

============================================================
Level 19 - SAMPLING
============================================================
  Starting braids: 750000
  Candidates to generate: 4543158
  Processing in 51 chunks...
