============================================================
SEARCHING FOR p=7 KERNEL ELEMENTS
============================================================
Device: cuda
Bucket size: 60000
Max length: 600
Bootstrap length: 6
Prime: 7
Degree window: 3601
Use best: 90000

Loaded tables from /nfs/roberts/project/pi_com36/com36/burau-experiments/precomputed_tables/tables_B4_r1_p7.pt
  Re-centered: degree_window=3601
  Identity suffixes fixed: 22 valid
✓ Identity matrix verified

Initialized with identity braid
Degree window: [-1800, 1800] (3601 coefficients)
Config: bucket_size=60000, bootstrap=6, max_length=600, chunk_size=100000, use_best=90000

============================================================
Level 1 - BOOTSTRAP
============================================================
  Starting braids: 1
  Candidates to generate: 22 (index build: 0.049s)
  Projlen distribution:
    projlen=3: 10 braids
    projlen=4: 12 braids
  Braids kept: 22 (in 2 buckets)
  Timing: matmul=0.17s, sampling=0.00s, total=0.28s

============================================================
Level 2 - BOOTSTRAP
============================================================
  Starting braids: 22
  Candidates to generate: 164 (index build: 0.000s)
  Projlen distribution:
    projlen=5: 56 braids
    projlen=6: 76 braids
    projlen=7: 32 braids
  Braids kept: 164 (in 3 buckets)
  Timing: matmul=0.01s, sampling=0.00s, total=0.01s

============================================================
Level 3 - BOOTSTRAP
============================================================
  Starting braids: 164
  Candidates to generate: 982 (index build: 0.000s)
  Projlen distribution:
    projlen=7: 270 braids
    projlen=8: 364 braids
    projlen=9: 288 braids
    projlen=10: 60 braids
  Braids kept: 982 (in 4 buckets)
  Timing: matmul=0.02s, sampling=0.00s, total=0.02s

============================================================
Level 4 - BOOTSTRAP
============================================================
  Starting braids: 982
  Candidates to generate: 5528 (index build: 0.000s)
  Projlen distribution:
    projlen=9: 1256 braids
    projlen=10: 1672 braids
    projlen=11: 1784 braids
    projlen=12: 700 braids
    projlen=13: 116 braids
  Braids kept: 5528 (in 5 buckets)
  Timing: matmul=0.08s, sampling=0.00s, total=0.10s

============================================================
Level 5 - BOOTSTRAP
============================================================
  Starting braids: 5528
  Candidates to generate: 30478 (index build: 0.001s)
  Projlen distribution:
    projlen=10: 4 braids
    projlen=11: 5798 braids
    projlen=12: 7672 braids
    projlen=13: 9864 braids
    projlen=14: 5236 braids
    projlen=15: 1716 braids
    projlen=16: 188 braids
  Braids kept: 30478 (in 7 buckets)
  Timing: matmul=0.40s, sampling=0.01s, total=0.54s

============================================================
Level 6 - BOOTSTRAP
============================================================
  Starting braids: 30478
  Candidates to generate: 166796 (index build: 0.005s)
  Processing in 2 chunks...
