The following modules were not unloaded:
  (Use "module --force purge" to unload all):

  1) StdEnv
Traceback (most recent call last):
  File "/nfs/roberts/project/pi_com36/com36/burau-experiments/src/find_kernel.py", line 296, in <module>
    find_kernel(
  File "/nfs/roberts/project/pi_com36/com36/burau-experiments/src/find_kernel.py", line 163, in find_kernel
    kernel_braids = search.run(checkpoint_dir=checkpoint_dir)
                    ^^^^^^^^^^^^^^^^^^^^^^^^^^^^^^^^^^^^^^^^^
  File "/nfs/roberts/project/pi_com36/com36/burau-experiments/src/new_braid_search_v3.py", line 574, in run
    success = self.process_level(level)
              ^^^^^^^^^^^^^^^^^^^^^^^^^
  File "/nfs/roberts/project/pi_com36/com36/burau-experiments/src/new_braid_search_v3.py", line 479, in process_level
    chunk_matrices, chunk_words, chunk_lengths = self.expand_and_multiply_chunk(
                                                 ^^^^^^^^^^^^^^^^^^^^^^^^^^^^^^^
  File "/nfs/roberts/project/pi_com36/com36/burau-experiments/src/new_braid_search_v3.py", line 389, in expand_and_multiply_chunk
    new_matrices = poly_matmul_batch(parent_matrices, suffix_matrices, self.config.prime)
                   ^^^^^^^^^^^^^^^^^^^^^^^^^^^^^^^^^^^^^^^^^^^^^^^^^^^^^^^^^^^^^^^^^^^^^^
  File "/nfs/roberts/project/pi_com36/com36/burau-experiments/src/new_braid_search_v3.py", line 79, in poly_matmul_batch
    conv = poly_multiply_batch(a_ik, b_kj, p)
           ^^^^^^^^^^^^^^^^^^^^^^^^^^^^^^^^^^
  File "/nfs/roberts/project/pi_com36/com36/burau-experiments/src/new_braid_search_v3.py", line 64, in poly_multiply_batch
    c = torch.round(c).long() % p
        ^^^^^^^^^^^^^^^^^^^^^
torch.OutOfMemoryError: CUDA out of memory. Tried to allocate 6.10 GiB. GPU 0 has a total capacity of 139.81 GiB of which 5.76 GiB is free. Including non-PyTorch memory, this process has 134.05 GiB memory in use. Of the allocated memory 133.39 GiB is allocated by PyTorch, and 52.36 MiB is reserved by PyTorch but unallocated. If reserved but unallocated memory is large try setting PYTORCH_CUDA_ALLOC_CONF=expandable_segments:True to avoid fragmentation.  See documentation for Memory Management  (https://pytorch.org/docs/stable/notes/cuda.html#environment-variables)
