The following modules were not unloaded:
  (Use "module --force purge" to unload all):

  1) StdEnv
Traceback (most recent call last):
  File "/nfs/roberts/project/pi_com36/com36/burau-experiments/src/find_kernel.py", line 335, in <module>
    find_kernel(
  File "/nfs/roberts/project/pi_com36/com36/burau-experiments/src/find_kernel.py", line 181, in find_kernel
    kernel_braids = search.run(checkpoint_dir=checkpoint_dir, resume_from=resume_from)
                    ^^^^^^^^^^^^^^^^^^^^^^^^^^^^^^^^^^^^^^^^^^^^^^^^^^^^^^^^^^^^^^^^^^
  File "/nfs/roberts/project/pi_com36/com36/burau-experiments/src/braid_search.py", line 694, in run
    success = self.process_level(level)
              ^^^^^^^^^^^^^^^^^^^^^^^^^
  File "/nfs/roberts/project/pi_com36/com36/burau-experiments/src/braid_search.py", line 606, in process_level
    chunk_matrices, chunk_words, chunk_lengths = self.expand_and_multiply_chunk(
                                                 ^^^^^^^^^^^^^^^^^^^^^^^^^^^^^^^
  File "/nfs/roberts/project/pi_com36/com36/burau-experiments/src/braid_search.py", line 517, in expand_and_multiply_chunk
    new_matrices = poly_matmul_batch(parent_matrices, suffix_matrices, self.config.prime)
                   ^^^^^^^^^^^^^^^^^^^^^^^^^^^^^^^^^^^^^^^^^^^^^^^^^^^^^^^^^^^^^^^^^^^^^^
  File "/nfs/roberts/project/pi_com36/com36/burau-experiments/src/braid_search.py", line 82, in poly_matmul_batch
    conv = poly_multiply_batch(a_ik, b_kj, p)
           ^^^^^^^^^^^^^^^^^^^^^^^^^^^^^^^^^^
  File "/nfs/roberts/project/pi_com36/com36/burau-experiments/src/braid_search.py", line 67, in poly_multiply_batch
    c = torch.round(c).long() % p
        ~~~~~~~~~~~~~~~~~~~~~~^~~
torch.OutOfMemoryError: CUDA out of memory. Tried to allocate 1.83 GiB. GPU 0 has a total capacity of 139.81 GiB of which 1.20 GiB is free. Including non-PyTorch memory, this process has 138.61 GiB memory in use. Of the allocated memory 137.61 GiB is allocated by PyTorch, and 396.32 MiB is reserved by PyTorch but unallocated. If reserved but unallocated memory is large try setting PYTORCH_CUDA_ALLOC_CONF=expandable_segments:True to avoid fragmentation.  See documentation for Memory Management  (https://pytorch.org/docs/stable/notes/cuda.html#environment-variables)
