============================================================
SEARCHING FOR p=7 KERNEL ELEMENTS
============================================================
Device: cuda
Bucket size: 30000
Max length: 600
Bootstrap length: 5
Prime: 7
Degree multiplier: 3
Degree window: 3601
Use best: 80000
Checkpoint every: 50 levels

Loaded tables from /nfs/roberts/project/pi_com36/com36/burau-experiments/precomputed_tables/tables_B4_r1_p7.pt
  Re-centered: degree_window=3601
  Identity suffixes fixed: 22 valid
✓ Identity matrix verified

Initialized with identity braid
Degree window: [-1800, 1800] (3601 coefficients)
Config: bucket_size=30000, bootstrap=5, max_length=600, chunk_size=30000, use_best=80000

============================================================
Level 1 - BOOTSTRAP
============================================================
  Starting braids: 1
  Candidates to generate: 22 (index build: 0.093s)
  Projlen distribution:
    projlen=3: 10 braids
    projlen=4: 12 braids
  Braids kept: 22 (in 2 buckets)
  Timing: matmul=0.08s, sampling=0.01s, total=0.45s

============================================================
Level 2 - BOOTSTRAP
============================================================
  Starting braids: 22
  Candidates to generate: 164 (index build: 0.000s)
  Projlen distribution:
    projlen=5: 56 braids
    projlen=6: 76 braids
    projlen=7: 32 braids
  Braids kept: 164 (in 3 buckets)
  Timing: matmul=0.01s, sampling=0.00s, total=0.12s

============================================================
Level 3 - BOOTSTRAP
============================================================
  Starting braids: 164
  Candidates to generate: 982 (index build: 0.000s)
  Projlen distribution:
    projlen=7: 270 braids
    projlen=8: 364 braids
    projlen=9: 288 braids
    projlen=10: 60 braids
  Braids kept: 982 (in 4 buckets)
  Timing: matmul=0.02s, sampling=0.00s, total=0.12s

============================================================
Level 4 - BOOTSTRAP
============================================================
  Starting braids: 982
  Candidates to generate: 5528 (index build: 0.000s)
  Projlen distribution:
    projlen=9: 1256 braids
    projlen=10: 1672 braids
    projlen=11: 1784 braids
    projlen=12: 700 braids
    projlen=13: 116 braids
  Braids kept: 5528 (in 5 buckets)
  Timing: matmul=0.08s, sampling=0.00s, total=0.21s

============================================================
Level 5 - BOOTSTRAP
============================================================
  Starting braids: 5528
  Candidates to generate: 30478 (index build: 0.001s)
  Processing in 2 chunks...
  Projlen distribution:
    projlen=10: 4 braids
    projlen=11: 5798 braids
    projlen=12: 7672 braids
    projlen=13: 9864 braids
    projlen=14: 5236 braids
    projlen=15: 1716 braids
    projlen=16: 188 braids
  Braids kept: 30478 (in 7 buckets)
  Timing: matmul=0.41s, sampling=0.02s, total=0.73s

============================================================
Level 6 - SAMPLING
============================================================
  Starting braids: 30478
  Candidates to generate: 166796 (index build: 0.005s)
  Processing in 6 chunks...
  Projlen distribution:
    projlen=12: 64 braids
    projlen=13: 26772 braids
    projlen=14: 35288 braids
    projlen=15: 52292 braids
    projlen=16: 33012 braids
    projlen=17: 15680 braids
    projlen=18: 3356 braids
    projlen=19: 332 braids
  Braids kept: 136204 (in 8 buckets)
  Timing: matmul=2.23s, sampling=0.26s, total=3.70s

============================================================
Level 7 - SAMPLING
============================================================
  Starting braids: 80000
  Candidates to generate: 446664 (index build: 0.009s)
  Processing in 15 chunks...
  Projlen distribution:
    projlen=13: 52 braids
    projlen=14: 532 braids
    projlen=15: 119292 braids
    projlen=16: 139177 braids
    projlen=17: 144151 braids
    projlen=18: 43460 braids
  Braids kept: 120584 (in 6 buckets)
  Timing: matmul=5.99s, sampling=0.70s, total=10.20s

============================================================
Level 8 - SAMPLING
============================================================
  Starting braids: 80000
  Candidates to generate: 449872 (index build: 0.010s)
  Processing in 15 chunks...
  Projlen distribution:
    projlen=14: 76 braids
    projlen=15: 648 braids
    projlen=16: 2539 braids
    projlen=17: 135239 braids
    projlen=18: 143889 braids
    projlen=19: 130838 braids
    projlen=20: 36643 braids
  Braids kept: 123263 (in 7 buckets)
  Timing: matmul=6.04s, sampling=0.81s, total=10.50s

============================================================
Level 9 - SAMPLING
============================================================
  Starting braids: 80000
  Candidates to generate: 449076 (index build: 0.009s)
  Processing in 15 chunks...
  Projlen distribution:
    projlen=15: 98 braids
    projlen=16: 539 braids
    projlen=17: 4633 braids
    projlen=18: 11074 braids
    projlen=19: 140548 braids
    projlen=20: 139524 braids
    projlen=21: 121771 braids
    projlen=22: 30889 braids
  Braids kept: 136344 (in 8 buckets)
  Timing: matmul=6.03s, sampling=0.78s, total=10.49s

============================================================
Level 10 - SAMPLING
============================================================
  Starting braids: 80000
  Candidates to generate: 455422 (index build: 0.009s)
  Processing in 16 chunks...
  Projlen distribution:
    projlen=16: 8 braids
    projlen=17: 957 braids
    projlen=18: 2972 braids
    projlen=19: 25167 braids
    projlen=20: 47724 braids
    projlen=21: 158344 braids
    projlen=22: 133766 braids
    projlen=23: 80001 braids
    projlen=24: 6483 braids
  Braids kept: 155587 (in 9 buckets)
  Timing: matmul=6.15s, sampling=1.35s, total=11.03s

============================================================
Level 11 - SAMPLING
============================================================
  Starting braids: 80000
  Candidates to generate: 472734 (index build: 0.009s)
  Processing in 16 chunks...
  Projlen distribution:
    projlen=17: 12 braids
    projlen=18: 167 braids
    projlen=19: 5971 braids
    projlen=20: 14916 braids
    projlen=21: 116006 braids
    projlen=22: 148540 braids
    projlen=23: 144877 braids
    projlen=24: 42245 braids
  Braids kept: 141066 (in 8 buckets)
  Timing: matmul=6.43s, sampling=1.53s, total=11.70s

============================================================
Level 12 - SAMPLING
============================================================
  Starting braids: 80000
  Candidates to generate: 465494 (index build: 0.009s)
  Processing in 16 chunks...
  Projlen distribution:
    projlen=18: 13 braids
    projlen=19: 212 braids
    projlen=20: 1301 braids
    projlen=21: 30229 braids
    projlen=22: 63448 braids
    projlen=23: 160724 braids
    projlen=24: 144478 braids
    projlen=25: 65089 braids
  Braids kept: 151526 (in 8 buckets)
  Timing: matmul=6.36s, sampling=1.53s, total=11.63s

============================================================
Level 13 - SAMPLING
============================================================
  Starting braids: 80000
  Candidates to generate: 470238 (index build: 0.009s)
  Processing in 16 chunks...
  Projlen distribution:
    projlen=19: 26 braids
    projlen=20: 173 braids
    projlen=21: 1712 braids
    projlen=22: 7170 braids
    projlen=23: 131644 braids
    projlen=24: 159657 braids
    projlen=25: 132164 braids
    projlen=26: 37692 braids
  Braids kept: 129081 (in 8 buckets)
  Timing: matmul=6.41s, sampling=0.91s, total=11.23s

============================================================
Level 14 - SAMPLING
============================================================
  Starting braids: 80000
  Candidates to generate: 462260 (index build: 0.009s)
  Processing in 16 chunks...
  Projlen distribution:
    projlen=20: 1 braids
    projlen=21: 281 braids
    projlen=22: 1030 braids
    projlen=23: 9226 braids
    projlen=24: 31019 braids
    projlen=25: 148123 braids
    projlen=26: 149030 braids
    projlen=27: 101211 braids
    projlen=28: 22339 braids
  Braids kept: 152877 (in 9 buckets)
  Timing: matmul=6.25s, sampling=1.18s, total=11.32s

============================================================
Level 15 - SAMPLING
============================================================
  Starting braids: 80000
  Candidates to generate: 470272 (index build: 0.009s)
  Processing in 16 chunks...
  Projlen distribution:
    projlen=21: 11 braids
    projlen=22: 50 braids
    projlen=23: 1640 braids
    projlen=24: 5417 braids
    projlen=25: 45241 braids
    projlen=26: 126859 braids
    projlen=27: 182735 braids
    projlen=28: 86910 braids
    projlen=29: 21409 braids
  Braids kept: 148527 (in 9 buckets)
  Timing: matmul=6.37s, sampling=1.58s, total=11.77s

============================================================
Level 16 - SAMPLING
============================================================
  Starting braids: 80000
  Candidates to generate: 469042 (index build: 0.009s)
  Processing in 16 chunks...
  Projlen distribution:
    projlen=23: 121 braids
    projlen=24: 626 braids
    projlen=25: 8339 braids
    projlen=26: 25325 braids
    projlen=27: 133340 braids
    projlen=28: 168096 braids
    projlen=29: 106001 braids
    projlen=30: 27194 braids
  Braids kept: 151605 (in 8 buckets)
  Timing: matmul=6.41s, sampling=1.87s, total=12.04s

============================================================
Level 17 - SAMPLING
============================================================
  Starting braids: 80000
  Candidates to generate: 468992 (index build: 0.009s)
  Processing in 16 chunks...
  Projlen distribution:
    projlen=23: 1 braids
    projlen=24: 59 braids
    projlen=25: 1204 braids
    projlen=26: 4282 braids
    projlen=27: 40695 braids
    projlen=28: 107333 braids
    projlen=29: 173051 braids
    projlen=30: 108038 braids
    projlen=31: 34329 braids
  Braids kept: 155546 (in 9 buckets)
  Timing: matmul=6.30s, sampling=1.32s, total=11.29s

============================================================
Level 18 - SAMPLING
============================================================
  Starting braids: 80000
  Candidates to generate: 473714 (index build: 0.009s)
  Processing in 16 chunks...
  Projlen distribution:
    projlen=23: 1 braids
    projlen=24: 3 braids
    projlen=25: 185 braids
    projlen=26: 808 braids
    projlen=27: 7911 braids
    projlen=28: 22386 braids
    projlen=29: 132702 braids
    projlen=30: 166320 braids
    projlen=31: 113104 braids
    projlen=32: 30294 braids
  Braids kept: 151294 (in 10 buckets)
  Timing: matmul=6.40s, sampling=1.40s, total=11.57s

============================================================
Level 19 - SAMPLING
============================================================
  Starting braids: 80000
  Candidates to generate: 476020 (index build: 0.009s)
  Processing in 16 chunks...
  Projlen distribution:
    projlen=24: 1 braids
    projlen=25: 24 braids
    projlen=26: 115 braids
    projlen=27: 1920 braids
    projlen=28: 5567 braids
    projlen=29: 42297 braids
    projlen=30: 97960 braids
    projlen=31: 169875 braids
    projlen=32: 116966 braids
    projlen=33: 41295 braids
  Braids kept: 157627 (in 10 buckets)
  Timing: matmul=6.47s, sampling=1.51s, total=11.68s

============================================================
Level 20 - SAMPLING
============================================================
  Starting braids: 80000
  Candidates to generate: 480324 (index build: 0.009s)
  Processing in 17 chunks...
  Projlen distribution:
    projlen=25: 10 braids
    projlen=26: 35 braids
    projlen=27: 234 braids
    projlen=28: 985 braids
    projlen=29: 12569 braids
    projlen=30: 27620 braids
    projlen=31: 138972 braids
    projlen=32: 165889 braids
    projlen=33: 107998 braids
    projlen=34: 26012 braids
  Braids kept: 157465 (in 10 buckets)
  Timing: matmul=6.51s, sampling=1.20s, total=11.72s

============================================================
Level 21 - SAMPLING
============================================================
  Starting braids: 80000
  Candidates to generate: 477838 (index build: 0.009s)
  Processing in 16 chunks...
  Projlen distribution:
    projlen=25: 1 braids
    projlen=26: 9 braids
    projlen=27: 144 braids
    projlen=28: 309 braids
    projlen=29: 1685 braids
    projlen=30: 5911 braids
    projlen=31: 65650 braids
    projlen=32: 119213 braids
    projlen=33: 178481 braids
    projlen=34: 87410 braids
    ... and 1 more projlen values
  Braids kept: 147084 (in 11 buckets)
  Timing: matmul=6.49s, sampling=1.39s, total=11.66s

============================================================
Level 22 - SAMPLING
============================================================
  Starting braids: 80000
  Candidates to generate: 471946 (index build: 0.009s)
  Processing in 16 chunks...
  Projlen distribution:
    projlen=26: 4 braids
    projlen=27: 29 braids
    projlen=28: 123 braids
    projlen=29: 1003 braids
    projlen=30: 1875 braids
    projlen=31: 9127 braids
    projlen=32: 26926 braids
    projlen=33: 142212 braids
    projlen=34: 159310 braids
    projlen=35: 106974 braids
    ... and 1 more projlen values
  Braids kept: 153450 (in 11 buckets)
  Timing: matmul=6.41s, sampling=1.36s, total=11.63s

============================================================
Level 23 - SAMPLING
============================================================
  Starting braids: 80000
  Candidates to generate: 467994 (index build: 0.009s)
  Processing in 16 chunks...
  Projlen distribution:
    projlen=27: 24 braids
    projlen=28: 59 braids
    projlen=29: 207 braids
    projlen=30: 894 braids
    projlen=31: 5455 braids
    projlen=32: 9559 braids
    projlen=33: 44396 braids
    projlen=34: 114492 braids
    projlen=35: 175309 braids
    projlen=36: 93161 braids
    ... and 1 more projlen values
  Braids kept: 160636 (in 11 buckets)
  Timing: matmul=6.32s, sampling=1.45s, total=11.50s

============================================================
Level 24 - SAMPLING
============================================================
  Starting braids: 80000
  Candidates to generate: 464052 (index build: 0.009s)
  Processing in 16 chunks...
  Projlen distribution:
    projlen=28: 23 braids
    projlen=29: 134 braids
    projlen=30: 393 braids
    projlen=31: 1437 braids
    projlen=32: 4970 braids
    projlen=33: 26540 braids
    projlen=34: 43419 braids
    projlen=35: 138384 braids
    projlen=36: 163610 braids
    projlen=37: 76999 braids
    ... and 1 more projlen values
  Braids kept: 161640 (in 11 buckets)
  Timing: matmul=6.33s, sampling=2.51s, total=12.42s

============================================================
Level 25 - SAMPLING
============================================================
  Starting braids: 80000
  Candidates to generate: 459180 (index build: 0.009s)
  Processing in 16 chunks...
  Projlen distribution:
    projlen=28: 2 braids
    projlen=29: 7 braids
    projlen=30: 150 braids
    projlen=31: 797 braids
    projlen=32: 2250 braids
    projlen=33: 8378 braids
    projlen=34: 24799 braids
    projlen=35: 117999 braids
    projlen=36: 146316 braids
    projlen=37: 124654 braids
    ... and 1 more projlen values
  Braids kept: 156383 (in 11 buckets)
  Timing: matmul=6.24s, sampling=1.39s, total=11.26s

============================================================
Level 26 - SAMPLING
============================================================
  Starting braids: 80000
  Candidates to generate: 463324 (index build: 0.012s)
  Processing in 16 chunks...
  Projlen distribution:
    projlen=28: 2 braids
    projlen=29: 5 braids
    projlen=30: 21 braids
    projlen=31: 139 braids
    projlen=32: 830 braids
    projlen=33: 4632 braids
    projlen=34: 11752 braids
    projlen=35: 42125 braids
    projlen=36: 106217 braids
    projlen=37: 167364 braids
    ... and 2 more projlen values
  Braids kept: 167148 (in 12 buckets)
  Timing: matmul=6.30s, sampling=2.08s, total=11.95s

============================================================
Level 27 - SAMPLING
============================================================
  Starting braids: 80000
  Candidates to generate: 466282 (index build: 0.009s)
  Processing in 16 chunks...
  Projlen distribution:
    projlen=28: 1 braids
    projlen=29: 9 braids
    projlen=30: 16 braids
    projlen=31: 106 braids
    projlen=32: 169 braids
    projlen=33: 1166 braids
    projlen=34: 4321 braids
    projlen=35: 23241 braids
    projlen=36: 54307 braids
    projlen=37: 141064 braids
    ... and 3 more projlen values
  Braids kept: 154490 (in 13 buckets)
  Timing: matmul=6.37s, sampling=2.06s, total=12.03s

============================================================
Level 28 - SAMPLING
============================================================
  Starting braids: 80000
  Candidates to generate: 464648 (index build: 0.009s)
  Processing in 16 chunks...
  Projlen distribution:
    projlen=28: 1 braids
    projlen=29: 6 braids
    projlen=30: 10 braids
    projlen=31: 91 braids
    projlen=32: 138 braids
    projlen=33: 833 braids
    projlen=34: 1161 braids
    projlen=35: 7152 braids
    projlen=36: 20730 braids
    projlen=37: 103121 braids
    ... and 3 more projlen values
  Braids kept: 150122 (in 13 buckets)
  Timing: matmul=6.28s, sampling=1.09s, total=11.12s

============================================================
Level 29 - SAMPLING
============================================================
  Starting braids: 80000
  Candidates to generate: 465972 (index build: 0.009s)
  Processing in 16 chunks...
  Projlen distribution:
    projlen=29: 8 braids
    projlen=30: 5 braids
    projlen=31: 60 braids
    projlen=32: 62 braids
    projlen=33: 639 braids
    projlen=34: 895 braids
    projlen=35: 5161 braids
    projlen=36: 6545 braids
    projlen=37: 36579 braids
    projlen=38: 87728 braids
    ... and 3 more projlen values
  Braids kept: 163375 (in 13 buckets)
  Timing: matmul=6.32s, sampling=1.94s, total=12.00s

============================================================
Level 30 - SAMPLING
============================================================
  Starting braids: 80000
  Candidates to generate: 468890 (index build: 0.009s)
  Processing in 16 chunks...
  Projlen distribution:
    projlen=28: 1 braids
    projlen=29: 5 braids
    projlen=30: 6 braids
    projlen=31: 59 braids
    projlen=32: 44 braids
    projlen=33: 397 braids
    projlen=34: 404 braids
    projlen=35: 3811 braids
    projlen=36: 4940 braids
    projlen=37: 27634 braids
    ... and 5 more projlen values
  Braids kept: 171057 (in 15 buckets)
  Timing: matmul=6.35s, sampling=2.89s, total=12.54s

============================================================
Level 31 - SAMPLING
============================================================
  Starting braids: 80000
  Candidates to generate: 461458 (index build: 0.009s)
  Processing in 16 chunks...
  Projlen distribution:
    projlen=29: 4 braids
    projlen=30: 4 braids
    projlen=31: 36 braids
    projlen=32: 31 braids
    projlen=33: 349 braids
    projlen=34: 290 braids
    projlen=35: 2448 braids
    projlen=36: 2437 braids
    projlen=37: 20524 braids
    projlen=38: 24736 braids
    ... and 4 more projlen values
  Braids kept: 166441 (in 14 buckets)
  Timing: matmul=7.54s, sampling=1.89s, total=13.43s

============================================================
Level 32 - SAMPLING
============================================================
  Starting braids: 80000
  Candidates to generate: 462422 (index build: 0.009s)
  Processing in 16 chunks...
  Projlen distribution:
    projlen=29: 3 braids
    projlen=30: 3 braids
    projlen=31: 31 braids
    projlen=32: 28 braids
    projlen=33: 194 braids
    projlen=34: 176 braids
    projlen=35: 1944 braids
    projlen=36: 1727 braids
    projlen=37: 13833 braids
    projlen=38: 12918 braids
    ... and 4 more projlen values
  Braids kept: 150857 (in 14 buckets)
  Timing: matmul=6.37s, sampling=1.98s, total=12.02s

============================================================
Level 33 - SAMPLING
============================================================
  Starting braids: 80000
  Candidates to generate: 454086 (index build: 0.009s)
  Processing in 16 chunks...
  Projlen distribution:
    projlen=30: 1 braids
    projlen=31: 23 braids
    projlen=32: 23 braids
    projlen=33: 182 braids
    projlen=34: 170 braids
    projlen=35: 1067 braids
    projlen=36: 958 braids
    projlen=37: 10579 braids
    projlen=38: 8976 braids
    projlen=39: 68812 braids
    ... and 4 more projlen values
  Braids kept: 171979 (in 14 buckets)
  Timing: matmul=6.23s, sampling=2.14s, total=11.86s

============================================================
Level 34 - SAMPLING
============================================================
  Starting braids: 80000
  Candidates to generate: 445946 (index build: 0.009s)
  Processing in 15 chunks...

============================================================
SEARCH STOPPED
============================================================
Final level: 33
Total time: 328.23s
Avg time per level: 9.95s
Total matmul time: 174.50s
Total sampling time: 42.14s
Total kernel elements (projlen=1) found: 0
  Saving checkpoint to checkpoints/p7_h200_3754608/final_state_level_33.pt...
  Checkpoint saved: checkpoints/p7_h200_3754608/final_state_level_33.pt

Final state saved to checkpoints/p7_h200_3754608/final_state_level_33.pt
To resume: use --resume-from checkpoints/p7_h200_3754608/final_state_level_33.pt
