============================================================
SEARCHING FOR p=5 KERNEL ELEMENTS (ULTRA-OPTIMIZED)
============================================================
Device: cuda
Bucket size: 1600000
Max length: 60
Bootstrap length: 5
Prime: 5
Degree multiplier: 4
Degree window: 481
Use best: 800000
Expansion chunk size: 50000
Matmul chunk size: 10000
⚡ Precomputed FFTs: ENABLED

Loaded tables from /nfs/roberts/project/pi_com36/com36/burau-experiments/precomputed_tables/tables_B4_r1_p5.pt
  Degree window: 481
✓ Identity matrix verified

Precomputing FFTs of simple Burau matrices...
  D=481, fft_size=1024
  FFT cache: 0.9 MB
Initialized with identity braid
Degree window: [-240, 240] (481 coefficients)
FFT size: 1024
Storage types: matrix=torch.int16, word=torch.int32
Config: bucket_size=1600000, bootstrap=5, max_length=60, chunk_size=50000, matmul_chunk=10000, use_best=800000
⚡ Ultra-optimized: precomputed Burau FFTs enabled

============================================================
Level 1 - BOOTSTRAP
============================================================
  Starting braids: 1
  Candidates to generate: 22
  Projlen distribution:
    projlen=3: 10 braids
    projlen=4: 12 braids
  Braids kept: 22 (in 2 buckets, 0.00 GB)
  ⚡ Timing: matmul=0.05s, sampling=0.00s, total=0.25s

============================================================
Level 2 - BOOTSTRAP
============================================================
  Starting braids: 22
  Candidates to generate: 164
  Projlen distribution:
    projlen=5: 56 braids
    projlen=6: 76 braids
    projlen=7: 32 braids
  Braids kept: 164 (in 3 buckets, 0.00 GB)
  ⚡ Timing: matmul=0.01s, sampling=0.00s, total=0.11s

============================================================
Level 3 - BOOTSTRAP
============================================================
  Starting braids: 164
  Candidates to generate: 982
  Projlen distribution:
    projlen=7: 270 braids
    projlen=8: 364 braids
    projlen=9: 288 braids
    projlen=10: 60 braids
  Braids kept: 982 (in 4 buckets, 0.01 GB)
  ⚡ Timing: matmul=0.01s, sampling=0.00s, total=0.10s

============================================================
Level 4 - BOOTSTRAP
============================================================
  Starting braids: 982
  Candidates to generate: 5528
  Projlen distribution:
    projlen=9: 1256 braids
    projlen=10: 1672 braids
    projlen=11: 1784 braids
    projlen=12: 700 braids
    projlen=13: 116 braids
  Braids kept: 5528 (in 5 buckets, 0.05 GB)
  ⚡ Timing: matmul=0.02s, sampling=0.00s, total=0.10s

============================================================
Level 5 - BOOTSTRAP
============================================================
  Starting braids: 5528
  Candidates to generate: 30478
  Projlen distribution:
    projlen=10: 4 braids
    projlen=11: 5798 braids
    projlen=12: 7672 braids
    projlen=13: 9864 braids
    projlen=14: 5236 braids
    projlen=15: 1716 braids
    projlen=16: 188 braids
  Braids kept: 30478 (in 7 buckets, 0.27 GB)
  ⚡ Timing: matmul=0.08s, sampling=0.00s, total=0.19s

============================================================
Level 6 - SAMPLING
============================================================
  Starting braids: 30478
  Candidates to generate: 166796
  Processing in 4 chunks...
  Projlen distribution:
    projlen=12: 68 braids
    projlen=13: 26768 braids
    projlen=14: 35288 braids
    projlen=15: 52292 braids
    projlen=16: 33012 braids
    projlen=17: 15680 braids
    projlen=18: 3356 braids
    projlen=19: 332 braids
  Braids kept: 166796 (in 8 buckets, 1.48 GB)
  ⚡ Timing: matmul=0.09s, sampling=0.01s, total=0.72s

============================================================
Level 7 - SAMPLING
============================================================
  Starting braids: 166796
  Candidates to generate: 910366
  Processing in 19 chunks...
  Projlen distribution:
    projlen=13: 52 braids
    projlen=14: 716 braids
    projlen=15: 123766 braids
    projlen=16: 162616 braids
    projlen=17: 271412 braids
    projlen=18: 191940 braids
    projlen=19: 116516 braids
    projlen=20: 35764 braids
    projlen=21: 7076 braids
    projlen=22: 508 braids
  Braids kept: 910366 (in 10 buckets, 8.10 GB)
  ⚡ Timing: matmul=0.32s, sampling=0.23s, total=3.81s

============================================================
Level 8 - SAMPLING
============================================================
  Starting braids: 800000
  Candidates to generate: 4391974
  Processing in 88 chunks...
  Projlen distribution:
    projlen=14: 112 braids
    projlen=15: 892 braids
    projlen=16: 6328 braids
    projlen=17: 572868 braids
    projlen=18: 749496 braids
    projlen=19: 1381255 braids
    projlen=20: 1042971 braids
    projlen=21: 550357 braids
    projlen=22: 87695 braids
  Braids kept: 4391974 (in 9 buckets, 39.10 GB)
  ⚡ Timing: matmul=1.48s, sampling=3.58s, total=22.63s

============================================================
Level 9 - SAMPLING
============================================================
  Starting braids: 800000
  Candidates to generate: 4597734
  Processing in 92 chunks...
  Projlen distribution:
    projlen=15: 152 braids
    projlen=16: 1360 braids
    projlen=17: 11910 braids
    projlen=18: 38519 braids
    projlen=19: 2349309 braids
    projlen=20: 1717905 braids
    projlen=21: 478579 braids
  Braids kept: 3730520 (in 7 buckets, 33.21 GB)
  ⚡ Timing: matmul=1.59s, sampling=6.52s, total=28.20s

============================================================
Level 10 - SAMPLING
============================================================
  Starting braids: 800000
  Candidates to generate: 4814600
  Processing in 97 chunks...
  Projlen distribution:
    projlen=16: 64 braids
    projlen=17: 3074 braids
    projlen=18: 11092 braids
    projlen=19: 83591 braids
    projlen=20: 177615 braids
    projlen=21: 3025741 braids
    projlen=22: 1513423 braids
  Braids kept: 3388859 (in 7 buckets, 30.17 GB)
  ⚡ Timing: matmul=1.65s, sampling=6.95s, total=30.07s

============================================================
Level 11 - SAMPLING
============================================================
  Starting braids: 800000
  Candidates to generate: 4881952
  Processing in 98 chunks...
  Projlen distribution:
    projlen=16: 6 braids
    projlen=17: 102 braids
    projlen=18: 1491 braids
    projlen=19: 27010 braids
    projlen=20: 66297 braids
    projlen=21: 481258 braids
    projlen=22: 770956 braids
    projlen=23: 2454985 braids
    projlen=24: 1079847 braids
  Braids kept: 4026967 (in 9 buckets, 35.85 GB)
  ⚡ Timing: matmul=1.70s, sampling=6.92s, total=30.12s

============================================================
Level 12 - SAMPLING
============================================================
  Starting braids: 800000
  Candidates to generate: 4872670
  Processing in 98 chunks...
  Projlen distribution:
    projlen=17: 5 braids
    projlen=18: 211 braids
    projlen=19: 2726 braids
    projlen=20: 13114 braids
    projlen=21: 172788 braids
    projlen=22: 335929 braids
    projlen=23: 2149068 braids
    projlen=24: 1684391 braids
    projlen=25: 514438 braids
  Braids kept: 4239211 (in 9 buckets, 37.74 GB)
  ⚡ Timing: matmul=1.69s, sampling=7.50s, total=30.87s

============================================================
Level 13 - SAMPLING
============================================================
  Starting braids: 800000
  Candidates to generate: 4796044
  Processing in 96 chunks...
  Projlen distribution:
    projlen=18: 39 braids
    projlen=19: 171 braids
    projlen=20: 2466 braids
    projlen=21: 27620 braids
    projlen=22: 81102 braids
    projlen=23: 884580 braids
    projlen=24: 1417197 braids
    projlen=25: 1814277 braids
    projlen=26: 568592 braids
  Braids kept: 4581767 (in 9 buckets, 40.79 GB)
  ⚡ Timing: matmul=1.68s, sampling=4.93s, total=26.54s

============================================================
Level 14 - SAMPLING
============================================================
  Starting braids: 800000
  Candidates to generate: 4926628
  Processing in 99 chunks...
  Projlen distribution:
    projlen=19: 69 braids
    projlen=20: 544 braids
    projlen=21: 3897 braids
    projlen=22: 20377 braids
    projlen=23: 177002 braids
    projlen=24: 399357 braids
    projlen=25: 2878731 braids
    projlen=26: 1446651 braids
  Braids kept: 3647897 (in 8 buckets, 32.47 GB)
  ⚡ Timing: matmul=1.70s, sampling=7.77s, total=31.57s

============================================================
Level 15 - SAMPLING
============================================================
  Starting braids: 800000
  Candidates to generate: 4853682
  Processing in 98 chunks...
  Projlen distribution:
    projlen=19: 31 braids
    projlen=20: 134 braids
    projlen=21: 1431 braids
    projlen=22: 5864 braids
    projlen=23: 36585 braids
    projlen=24: 122347 braids
    projlen=25: 924094 braids
    projlen=26: 1677323 braids
    projlen=27: 1672224 braids
    projlen=28: 413649 braids
  Braids kept: 4704135 (in 10 buckets, 41.88 GB)
  ⚡ Timing: matmul=1.67s, sampling=6.24s, total=28.80s

============================================================
Level 16 - SAMPLING
============================================================
  Starting braids: 800000
  Candidates to generate: 4913220
  Processing in 99 chunks...
  Projlen distribution:
    projlen=20: 78 braids
    projlen=21: 758 braids
    projlen=22: 2524 braids
    projlen=23: 14435 braids
    projlen=24: 44399 braids
    projlen=25: 222228 braids
    projlen=26: 577178 braids
    projlen=27: 2713472 braids
    projlen=28: 1338148 braids
  Braids kept: 3799748 (in 9 buckets, 33.83 GB)
  ⚡ Timing: matmul=1.70s, sampling=7.60s, total=31.39s

============================================================
Level 17 - SAMPLING
============================================================
  Starting braids: 800000
  Candidates to generate: 4807076
  Processing in 97 chunks...
  Projlen distribution:
    projlen=20: 40 braids
    projlen=21: 293 braids
    projlen=22: 1556 braids
    projlen=23: 8379 braids
    projlen=24: 22441 braids
    projlen=25: 103760 braids
    projlen=26: 245181 braids
    projlen=27: 1104523 braids
    projlen=28: 2180594 braids
    projlen=29: 1140309 braids
  Braids kept: 4226482 (in 10 buckets, 37.62 GB)
  ⚡ Timing: matmul=1.64s, sampling=6.38s, total=29.00s

============================================================
Level 18 - SAMPLING
============================================================
  Starting braids: 800000
  Candidates to generate: 4812938
  Processing in 97 chunks...
  Projlen distribution:
    projlen=21: 103 braids
    projlen=22: 769 braids
    projlen=23: 4945 braids
    projlen=24: 15396 braids
    projlen=25: 66718 braids
    projlen=26: 140364 braids
    projlen=27: 546652 braids
    projlen=28: 1082506 braids
    projlen=29: 2079688 braids
    projlen=30: 875797 braids
  Braids kept: 4333250 (in 10 buckets, 38.57 GB)
  ⚡ Timing: matmul=1.68s, sampling=6.06s, total=28.83s

============================================================
Level 19 - SAMPLING
============================================================
  Starting braids: 800000
  Candidates to generate: 4803172
  Processing in 97 chunks...
  Projlen distribution:
    projlen=21: 24 braids
    projlen=22: 386 braids
    projlen=23: 2895 braids
    projlen=24: 9449 braids
    projlen=25: 45965 braids
    projlen=26: 101446 braids
    projlen=27: 390843 braids
    projlen=28: 687119 braids
    projlen=29: 2307572 braids
    projlen=30: 1203360 braids
  Braids kept: 4095600 (in 11 buckets, 36.46 GB)
  ⚡ Timing: matmul=1.64s, sampling=6.71s, total=29.34s

============================================================
Level 20 - SAMPLING
============================================================
  Starting braids: 800000
  Candidates to generate: 4705014
  Processing in 95 chunks...
  Projlen distribution:
    projlen=21: 11 braids
    projlen=22: 220 braids
    projlen=23: 1525 braids
    projlen=24: 6003 braids
    projlen=25: 31417 braids
    projlen=26: 68733 braids
    projlen=27: 290231 braids
    projlen=28: 507354 braids
    projlen=29: 1710096 braids
    projlen=30: 1551912 braids
  Braids kept: 4594918 (in 11 buckets, 40.90 GB)
  ⚡ Timing: matmul=1.67s, sampling=7.09s, total=29.58s

============================================================
Level 21 - SAMPLING
============================================================
  Starting braids: 800000
  Candidates to generate: 4636252
  Processing in 93 chunks...
  Projlen distribution:
    projlen=21: 44 braids
    projlen=22: 164 braids
    projlen=23: 1151 braids
    projlen=24: 4081 braids
    projlen=25: 18911 braids
    projlen=26: 47931 braids
    projlen=27: 211004 braids
    projlen=28: 363340 braids
    projlen=29: 1350203 braids
    projlen=30: 1784768 braids
  Braids kept: 4451484 (in 11 buckets, 39.63 GB)
  ⚡ Timing: matmul=1.61s, sampling=5.03s, total=25.82s

============================================================
Level 22 - SAMPLING
============================================================
  Starting braids: 800000
  Candidates to generate: 4595600
  Processing in 92 chunks...
  Projlen distribution:
    projlen=20: 6 braids
    projlen=21: 98 braids
    projlen=22: 174 braids
    projlen=23: 990 braids
    projlen=24: 2839 braids
    projlen=25: 14364 braids
    projlen=26: 34544 braids
    projlen=27: 138623 braids
    projlen=28: 268365 braids
    projlen=29: 1015449 braids
  Braids kept: 4595600 (in 13 buckets, 40.91 GB)
  ⚡ Timing: matmul=1.62s, sampling=4.37s, total=24.70s

============================================================
Level 23 - SAMPLING
============================================================
  Starting braids: 800000
  Candidates to generate: 4624112
  Processing in 93 chunks...
  Projlen distribution:
    projlen=20: 26 braids
    projlen=21: 165 braids
    projlen=22: 244 braids
    projlen=23: 1235 braids
    projlen=24: 2397 braids
    projlen=25: 10889 braids
    projlen=26: 25838 braids
    projlen=27: 107131 braids
    projlen=28: 205831 braids
    projlen=29: 685544 braids
  Braids kept: 4449159 (in 13 buckets, 39.61 GB)
  ⚡ Timing: matmul=1.57s, sampling=4.87s, total=25.67s

============================================================
Level 24 - SAMPLING
============================================================
  Starting braids: 800000
  Candidates to generate: 4618400
  Processing in 93 chunks...
  Projlen distribution:
    projlen=20: 33 braids
    projlen=21: 175 braids
    projlen=22: 371 braids
    projlen=23: 1492 braids
    projlen=24: 2210 braids
    projlen=25: 10670 braids
    projlen=26: 20965 braids
    projlen=27: 83475 braids
    projlen=28: 163014 braids
    projlen=29: 553270 braids
  Braids kept: 4223586 (in 13 buckets, 37.60 GB)
  ⚡ Timing: matmul=1.59s, sampling=5.66s, total=27.13s

============================================================
Level 25 - SAMPLING
============================================================
  Starting braids: 800000
  Candidates to generate: 4618330
  Processing in 93 chunks...
  Projlen distribution:
    projlen=18: 1 braids
    projlen=19: 5 braids
    projlen=20: 31 braids
    projlen=21: 164 braids
    projlen=22: 383 braids
    projlen=23: 1563 braids
    projlen=24: 2823 braids
    projlen=25: 10031 braids
    projlen=26: 17925 braids
    projlen=27: 76041 braids
  Braids kept: 4078127 (in 15 buckets, 36.30 GB)
  ⚡ Timing: matmul=1.58s, sampling=6.07s, total=27.58s

============================================================
Level 26 - SAMPLING
============================================================
  Starting braids: 800000
  Candidates to generate: 4610734
  Processing in 93 chunks...
  Projlen distribution:
    projlen=19: 3 braids
    projlen=20: 17 braids
    projlen=21: 132 braids
    projlen=22: 307 braids
    projlen=23: 1598 braids
    projlen=24: 2436 braids
    projlen=25: 10437 braids
    projlen=26: 19291 braids
    projlen=27: 66372 braids
    projlen=28: 117145 braids
  Braids kept: 4282388 (in 15 buckets, 38.12 GB)
  ⚡ Timing: matmul=1.57s, sampling=6.17s, total=27.70s

============================================================
Level 27 - SAMPLING
============================================================
  Starting braids: 800000
  Candidates to generate: 4613456
  Processing in 93 chunks...
  Projlen distribution:
    projlen=20: 4 braids
    projlen=21: 42 braids
    projlen=22: 142 braids
    projlen=23: 1272 braids
    projlen=24: 2305 braids
    projlen=25: 10293 braids
    projlen=26: 16270 braids
    projlen=27: 66337 braids
    projlen=28: 119375 braids
    projlen=29: 382141 braids
  Braids kept: 4376787 (in 14 buckets, 38.96 GB)
  ⚡ Timing: matmul=1.57s, sampling=6.62s, total=28.32s

============================================================
Level 28 - SAMPLING
============================================================
  Starting braids: 800000
  Candidates to generate: 4579892
  Processing in 92 chunks...
  Projlen distribution:
    projlen=20: 8 braids
    projlen=21: 18 braids
    projlen=22: 110 braids
    projlen=23: 549 braids
    projlen=24: 1433 braids
    projlen=25: 8421 braids
    projlen=26: 15528 braids
    projlen=27: 62869 braids
    projlen=28: 102845 braids
    projlen=29: 377695 braids
  Braids kept: 4523765 (in 14 buckets, 40.27 GB)
  ⚡ Timing: matmul=1.60s, sampling=5.83s, total=27.83s

============================================================
Level 29 - SAMPLING
============================================================
  Starting braids: 800000
  Candidates to generate: 4571954
  Processing in 92 chunks...
  Projlen distribution:
    projlen=19: 12 braids
    projlen=20: 9 braids
    projlen=21: 45 braids
    projlen=22: 121 braids
    projlen=23: 458 braids
    projlen=24: 1250 braids
    projlen=25: 4650 braids
    projlen=26: 10968 braids
    projlen=27: 52236 braids
    projlen=28: 95504 braids
  Braids kept: 4537796 (in 15 buckets, 40.40 GB)
  ⚡ Timing: matmul=1.59s, sampling=5.49s, total=26.39s

============================================================
Level 30 - SAMPLING
============================================================
  Starting braids: 800000
  Candidates to generate: 4559262
  Processing in 92 chunks...
  Projlen distribution:
    projlen=19: 6 braids
    projlen=20: 60 braids
    projlen=21: 72 braids
    projlen=22: 231 braids
    projlen=23: 577 braids
    projlen=24: 1285 braids
    projlen=25: 4381 braids
    projlen=26: 9668 braids
    projlen=27: 32830 braids
    projlen=28: 72659 braids
  Braids kept: 4559262 (in 15 buckets, 40.59 GB)
  ⚡ Timing: matmul=1.56s, sampling=4.83s, total=25.26s

============================================================
Level 31 - SAMPLING
============================================================
  Starting braids: 800000
  Candidates to generate: 4593244
  Processing in 92 chunks...
  Projlen distribution:
    projlen=18: 2 braids
    projlen=19: 9 braids
    projlen=20: 62 braids
    projlen=21: 135 braids
    projlen=22: 456 braids
    projlen=23: 799 braids
    projlen=24: 1718 braids
    projlen=25: 4925 braids
    projlen=26: 9860 braids
    projlen=27: 30839 braids
  Braids kept: 4470779 (in 16 buckets, 39.80 GB)
  ⚡ Timing: matmul=1.60s, sampling=5.09s, total=25.74s

============================================================
Level 32 - SAMPLING
============================================================
  Starting braids: 800000
  Candidates to generate: 4648988
  Processing in 93 chunks...
  Projlen distribution:
    projlen=18: 10 braids
    projlen=19: 16 braids
    projlen=20: 30 braids
    projlen=21: 182 braids
    projlen=22: 460 braids
    projlen=23: 1150 braids
    projlen=24: 2738 braids
    projlen=25: 5978 braids
    projlen=26: 12108 braids
    projlen=27: 32889 braids
  Braids kept: 4601866 (in 17 buckets, 40.97 GB)
  ⚡ Timing: matmul=1.66s, sampling=5.41s, total=26.56s

============================================================
Level 33 - SAMPLING
============================================================
  Starting braids: 800000
  Candidates to generate: 4628602
  Processing in 93 chunks...
  Projlen distribution:
    projlen=17: 2 braids
    projlen=18: 6 braids
    projlen=19: 23 braids
    projlen=20: 53 braids
    projlen=21: 139 braids
    projlen=22: 347 braids
    projlen=23: 1246 braids
    projlen=24: 2911 braids
    projlen=25: 7403 braids
    projlen=26: 17556 braids
  Braids kept: 4628602 (in 18 buckets, 41.20 GB)
  ⚡ Timing: matmul=1.58s, sampling=4.79s, total=25.47s

============================================================
Level 34 - SAMPLING
============================================================
  Starting braids: 800000
  Candidates to generate: 4570564
  Processing in 92 chunks...
  Projlen distribution:
    projlen=18: 10 braids
    projlen=19: 15 braids
    projlen=20: 51 braids
    projlen=21: 143 braids
    projlen=22: 338 braids
    projlen=23: 988 braids
    projlen=24: 2384 braids
    projlen=25: 7816 braids
    projlen=26: 18179 braids
    projlen=27: 46035 braids
  Braids kept: 4570564 (in 17 buckets, 40.69 GB)
  ⚡ Timing: matmul=1.55s, sampling=4.83s, total=25.24s

============================================================
Level 35 - SAMPLING
============================================================
  Starting braids: 800000
  Candidates to generate: 4532654
  Processing in 91 chunks...
  Projlen distribution:
    projlen=17: 2 braids
    projlen=18: 5 braids
    projlen=19: 16 braids
    projlen=20: 66 braids
    projlen=21: 108 braids
    projlen=22: 365 braids
    projlen=23: 932 braids
    projlen=24: 2085 braids
    projlen=25: 6318 braids
    projlen=26: 15942 braids
  Braids kept: 4456877 (in 17 buckets, 39.68 GB)
  ⚡ Timing: matmul=1.59s, sampling=4.92s, total=25.41s

============================================================
Level 36 - SAMPLING
============================================================
  Starting braids: 800000
  Candidates to generate: 4559710
  Processing in 92 chunks...
  Projlen distribution:
    projlen=17: 2 braids
    projlen=18: 7 braids
    projlen=19: 14 braids
    projlen=20: 42 braids
    projlen=21: 106 braids
    projlen=22: 414 braids
    projlen=23: 794 braids
    projlen=24: 2448 braids
    projlen=25: 5701 braids
    projlen=26: 13716 braids
  Braids kept: 4520218 (in 17 buckets, 40.24 GB)
  ⚡ Timing: matmul=1.59s, sampling=4.77s, total=25.28s

============================================================
Level 37 - SAMPLING
============================================================
  Starting braids: 800000
  Candidates to generate: 4579100
  Processing in 92 chunks...
  Projlen distribution:
    projlen=18: 8 braids
    projlen=19: 19 braids
    projlen=20: 56 braids
    projlen=21: 90 braids
    projlen=22: 233 braids
    projlen=23: 687 braids
    projlen=24: 2608 braids
    projlen=25: 5137 braids
    projlen=26: 15793 braids
    projlen=27: 36942 braids
  Braids kept: 4495004 (in 16 buckets, 40.01 GB)
  ⚡ Timing: matmul=1.57s, sampling=4.94s, total=25.51s

============================================================
Level 38 - SAMPLING
============================================================
  Starting braids: 800000
  Candidates to generate: 4600634
  Processing in 93 chunks...
  Projlen distribution:
    projlen=19: 6 braids
    projlen=20: 78 braids
    projlen=21: 143 braids
    projlen=22: 296 braids
    projlen=23: 539 braids
    projlen=24: 1532 braids
    projlen=25: 4768 braids
    projlen=26: 15982 braids
    projlen=27: 34064 braids
    projlen=28: 98726 braids
  Braids kept: 4402865 (in 15 buckets, 39.19 GB)
  ⚡ Timing: matmul=1.55s, sampling=5.65s, total=26.70s

============================================================
Level 39 - SAMPLING
============================================================
  Starting braids: 800000
  Candidates to generate: 4612612
  Processing in 93 chunks...
  Projlen distribution:
    projlen=20: 10 braids
    projlen=21: 83 braids
    projlen=22: 501 braids
    projlen=23: 901 braids
    projlen=24: 1885 braids
    projlen=25: 3828 braids
    projlen=26: 10806 braids
    projlen=27: 32401 braids
    projlen=28: 97149 braids
    projlen=29: 209420 braids
  Braids kept: 4391200 (in 14 buckets, 39.09 GB)
  ⚡ Timing: matmul=1.59s, sampling=5.23s, total=26.30s

============================================================
Level 40 - SAMPLING
============================================================
  Starting braids: 800000
  Candidates to generate: 4651126
  Processing in 94 chunks...
  Projlen distribution:
    projlen=19: 2 braids
    projlen=20: 3 braids
    projlen=21: 23 braids
    projlen=22: 106 braids
    projlen=23: 679 braids
    projlen=24: 3192 braids
    projlen=25: 5817 braids
    projlen=26: 12666 braids
    projlen=27: 27216 braids
    projlen=28: 72294 braids
  Braids kept: 4328780 (in 15 buckets, 38.53 GB)
  ⚡ Timing: matmul=1.57s, sampling=6.62s, total=28.18s

============================================================
Level 41 - SAMPLING
============================================================
  Starting braids: 800000
  Candidates to generate: 4669536
  Processing in 94 chunks...
  Projlen distribution:
    projlen=19: 2 braids
    projlen=20: 7 braids
    projlen=21: 12 braids
    projlen=22: 70 braids
    projlen=23: 272 braids
    projlen=24: 1217 braids
    projlen=25: 5312 braids
    projlen=26: 19180 braids
    projlen=27: 37171 braids
    projlen=28: 81640 braids
  Braids kept: 4257279 (in 15 buckets, 37.90 GB)
  ⚡ Timing: matmul=1.62s, sampling=5.86s, total=27.22s

============================================================
Level 42 - SAMPLING
============================================================
  Starting braids: 800000
  Candidates to generate: 4654796
  Processing in 94 chunks...
  Projlen distribution:
    projlen=19: 1 braids
    projlen=20: 9 braids
    projlen=21: 20 braids
    projlen=22: 58 braids
    projlen=23: 186 braids
    projlen=24: 1058 braids
    projlen=25: 3411 braids
    projlen=26: 10357 braids
    projlen=27: 36151 braids
    projlen=28: 111225 braids
  Braids kept: 4513403 (in 16 buckets, 40.18 GB)
  ⚡ Timing: matmul=1.61s, sampling=5.63s, total=26.93s

============================================================
Level 43 - SAMPLING
============================================================
  Starting braids: 800000
  Candidates to generate: 4612954
  Processing in 93 chunks...
  Projlen distribution:
    projlen=20: 14 braids
    projlen=21: 24 braids
    projlen=22: 87 braids
    projlen=23: 216 braids
    projlen=24: 859 braids
    projlen=25: 2976 braids
    projlen=26: 9860 braids
    projlen=27: 27643 braids
    projlen=28: 73407 braids
    projlen=29: 218608 braids
  Braids kept: 4397099 (in 14 buckets, 39.14 GB)
  ⚡ Timing: matmul=1.59s, sampling=5.23s, total=26.17s

============================================================
Level 44 - SAMPLING
============================================================
  Starting braids: 800000
  Candidates to generate: 4663758
  Processing in 94 chunks...
  Projlen distribution:
    projlen=19: 2 braids
    projlen=20: 8 braids
    projlen=21: 35 braids
    projlen=22: 128 braids
    projlen=23: 285 braids
    projlen=24: 1003 braids
    projlen=25: 2737 braids
    projlen=26: 8138 braids
    projlen=27: 25073 braids
    projlen=28: 72064 braids
  Braids kept: 4260579 (in 15 buckets, 37.93 GB)
  ⚡ Timing: matmul=1.59s, sampling=6.17s, total=27.98s

============================================================
Level 45 - SAMPLING
============================================================
  Starting braids: 800000
  Candidates to generate: 4680812
  Processing in 94 chunks...
  Projlen distribution:
    projlen=18: 2 braids
    projlen=19: 10 braids
    projlen=20: 23 braids
    projlen=21: 63 braids
    projlen=22: 169 braids
    projlen=23: 379 braids
    projlen=24: 1289 braids
    projlen=25: 2719 braids
    projlen=26: 7994 braids
    projlen=27: 22924 braids
  Braids kept: 4497295 (in 17 buckets, 40.03 GB)
  ⚡ Timing: matmul=1.64s, sampling=6.03s, total=27.68s

============================================================
Level 46 - SAMPLING
============================================================
  Starting braids: 800000
  Candidates to generate: 4678190
  Processing in 94 chunks...
  Projlen distribution:
    projlen=17: 8 braids
    projlen=18: 19 braids
    projlen=19: 58 braids
    projlen=20: 74 braids
    projlen=21: 110 braids
    projlen=22: 275 braids
    projlen=23: 609 braids
    projlen=24: 1506 braids
    projlen=25: 3454 braids
    projlen=26: 8958 braids
  Braids kept: 4506452 (in 18 buckets, 40.12 GB)
  ⚡ Timing: matmul=1.62s, sampling=6.01s, total=27.69s

============================================================
Level 47 - SAMPLING
============================================================
  Starting braids: 800000
  Candidates to generate: 4681208
  Processing in 94 chunks...
  Projlen distribution:
    projlen=15: 8 braids
    projlen=16: 7 braids
    projlen=17: 41 braids
    projlen=18: 79 braids
    projlen=19: 101 braids
    projlen=20: 172 braids
    projlen=21: 370 braids
    projlen=22: 499 braids
    projlen=23: 953 braids
    projlen=24: 2028 braids
  Braids kept: 4681208 (in 20 buckets, 41.67 GB)
  ⚡ Timing: matmul=1.71s, sampling=4.96s, total=26.19s

============================================================
Level 48 - SAMPLING
============================================================
  Starting braids: 800000
  Candidates to generate: 4678344
  Processing in 94 chunks...
  Projlen distribution:
    projlen=13: 8 braids
    projlen=14: 6 braids
    projlen=15: 35 braids
    projlen=16: 46 braids
    projlen=17: 75 braids
    projlen=18: 69 braids
    projlen=19: 279 braids
    projlen=20: 455 braids
    projlen=21: 660 braids
    projlen=22: 991 braids
  Braids kept: 4678344 (in 22 buckets, 41.65 GB)
  ⚡ Timing: matmul=1.79s, sampling=5.26s, total=26.51s

============================================================
Level 49 - SAMPLING
============================================================
  Starting braids: 800000
  Candidates to generate: 4649972
  Processing in 93 chunks...
  Projlen distribution:
    projlen=11: 8 braids
    projlen=12: 5 braids
    projlen=13: 37 braids
    projlen=14: 28 braids
    projlen=15: 74 braids
    projlen=16: 53 braids
    projlen=17: 215 braids
    projlen=18: 254 braids
    projlen=19: 460 braids
    projlen=20: 373 braids
  Braids kept: 4631401 (in 24 buckets, 41.23 GB)
  ⚡ Timing: matmul=1.72s, sampling=5.87s, total=27.41s

============================================================
Level 50 - SAMPLING
============================================================
  Starting braids: 800000
  Candidates to generate: 4629000
  Processing in 93 chunks...
  Projlen distribution:
    projlen=9: 8 braids
    projlen=10: 4 braids
    projlen=11: 42 braids
    projlen=12: 24 braids
    projlen=13: 95 braids
    projlen=14: 56 braids
    projlen=15: 228 braids
    projlen=16: 166 braids
    projlen=17: 425 braids
    projlen=18: 241 braids
  Braids kept: 4456097 (in 26 buckets, 39.67 GB)
  ⚡ Timing: matmul=1.60s, sampling=5.08s, total=25.73s

============================================================
Level 51 - SAMPLING
============================================================
  Starting braids: 800000
  Candidates to generate: 4564732
  Processing in 92 chunks...
  Projlen distribution:
    projlen=7: 8 braids
    projlen=8: 4 braids
    projlen=9: 43 braids
    projlen=10: 23 braids
    projlen=11: 104 braids
    projlen=12: 57 braids
    projlen=13: 262 braids
    projlen=14: 162 braids
    projlen=15: 554 braids
    projlen=16: 281 braids
  Braids kept: 4564732 (in 27 buckets, 40.64 GB)
  ⚡ Timing: matmul=1.54s, sampling=4.70s, total=25.40s

============================================================
Level 52 - SAMPLING
============================================================
  Starting braids: 800000
  Candidates to generate: 4497070
  Processing in 90 chunks...
  Projlen distribution:
    projlen=5: 8 braids
    projlen=6: 4 braids
    projlen=7: 43 braids
    projlen=8: 24 braids
    projlen=9: 103 braids
    projlen=10: 58 braids
    projlen=11: 266 braids
    projlen=12: 162 braids
    projlen=13: 594 braids
    projlen=14: 293 braids
  Braids kept: 4497070 (in 28 buckets, 40.03 GB)
  ⚡ Timing: matmul=1.70s, sampling=3.97s, total=23.89s

============================================================
Level 53 - SAMPLING
============================================================
  Starting braids: 800000
  Candidates to generate: 4444424
  Processing in 89 chunks...
  Projlen distribution:
    projlen=3: 8 braids
    projlen=4: 1 braids
    projlen=5: 49 braids
    projlen=6: 25 braids
    projlen=7: 103 braids
    projlen=8: 67 braids
    projlen=9: 270 braids
    projlen=10: 158 braids
    projlen=11: 596 braids
    projlen=12: 285 braids
  Braids kept: 4444424 (in 30 buckets, 39.56 GB)
  ⚡ Timing: matmul=1.57s, sampling=4.07s, total=23.35s

============================================================
Level 54 - SAMPLING
============================================================
  Starting braids: 800000
  Candidates to generate: 4435630
  Processing in 89 chunks...

  🎉 FOUND 8 KERNEL ELEMENTS (projlen=1)! 🎉
  Projlen distribution:
    projlen=1: 8 braids
    projlen=3: 39 braids
    projlen=4: 33 braids
    projlen=5: 71 braids
    projlen=6: 81 braids
    projlen=7: 268 braids
    projlen=8: 190 braids
    projlen=9: 595 braids
    projlen=10: 337 braids
    projlen=11: 1507 braids
  Braids kept: 4435630 (in 29 buckets, 39.49 GB)
  ⚡ Timing: matmul=1.52s, sampling=3.37s, total=22.10s

============================================================
Level 55 - SAMPLING
============================================================
  Starting braids: 800000
  Candidates to generate: 4436616
  Processing in 89 chunks...

  🎉 FOUND 7 KERNEL ELEMENTS (projlen=1)! 🎉
  Projlen distribution:
    projlen=1: 7 braids
    projlen=3: 68 braids
    projlen=4: 76 braids
    projlen=5: 181 braids
    projlen=6: 223 braids
    projlen=7: 429 braids
    projlen=8: 408 braids
    projlen=9: 1472 braids
    projlen=10: 971 braids
    projlen=11: 3206 braids
  Braids kept: 4436616 (in 27 buckets, 39.49 GB)
  ⚡ Timing: matmul=1.55s, sampling=3.71s, total=22.77s

============================================================
Level 56 - SAMPLING
============================================================
  Starting braids: 800000
  Candidates to generate: 4426754
  Processing in 89 chunks...
  Projlen distribution:
    projlen=3: 35 braids
    projlen=4: 70 braids
    projlen=5: 342 braids
    projlen=6: 443 braids
    projlen=7: 970 braids
    projlen=8: 1058 braids
    projlen=9: 2325 braids
    projlen=10: 2176 braids
    projlen=11: 7359 braids
    projlen=12: 5127 braids
  Braids kept: 4426754 (in 24 buckets, 39.41 GB)
  ⚡ Timing: matmul=1.54s, sampling=3.67s, total=22.78s

============================================================
Level 57 - SAMPLING
============================================================
  Starting braids: 800000
  Candidates to generate: 4421600
  Processing in 89 chunks...
  Projlen distribution:
    projlen=5: 189 braids
    projlen=6: 364 braids
    projlen=7: 1784 braids
    projlen=8: 2071 braids
    projlen=9: 5225 braids
    projlen=10: 5124 braids
    projlen=11: 11901 braids
    projlen=12: 11375 braids
    projlen=13: 36335 braids
    projlen=14: 26431 braids
  Braids kept: 4421600 (in 20 buckets, 39.36 GB)
  ⚡ Timing: matmul=1.52s, sampling=3.88s, total=22.97s

============================================================
Level 58 - SAMPLING
============================================================
  Starting braids: 800000
  Candidates to generate: 4412868
  Processing in 89 chunks...
  Projlen distribution:
    projlen=5: 6 braids
    projlen=7: 965 braids
    projlen=8: 1659 braids
    projlen=9: 8812 braids
    projlen=10: 9802 braids
    projlen=11: 26664 braids
    projlen=12: 25753 braids
    projlen=13: 60089 braids
    projlen=14: 58278 braids
    projlen=15: 179659 braids
  Braids kept: 4412868 (in 17 buckets, 39.28 GB)
  ⚡ Timing: matmul=1.51s, sampling=3.80s, total=22.93s

============================================================
Level 59 - SAMPLING
============================================================
  Starting braids: 800000
  Candidates to generate: 4432950
  Processing in 89 chunks...
  Projlen distribution:
    projlen=3: 6 braids
    projlen=4: 6 braids
    projlen=5: 26 braids
    projlen=6: 20 braids
    projlen=7: 52 braids
    projlen=8: 36 braids
    projlen=9: 4593 braids
    projlen=10: 7543 braids
    projlen=11: 42307 braids
    projlen=12: 47044 braids
  Braids kept: 4432950 (in 18 buckets, 39.46 GB)
  ⚡ Timing: matmul=1.53s, sampling=3.75s, total=22.77s

============================================================
Level 60 - SAMPLING
============================================================
  Starting braids: 800000
  Candidates to generate: 4411168
  Processing in 89 chunks...

  🎉 FOUND 6 KERNEL ELEMENTS (projlen=1)! 🎉
  Projlen distribution:
    projlen=1: 6 braids
    projlen=3: 27 braids
    projlen=4: 21 braids
    projlen=5: 73 braids
    projlen=6: 51 braids
    projlen=7: 158 braids
    projlen=8: 116 braids
    projlen=9: 372 braids
    projlen=10: 206 braids
    projlen=11: 21485 braids
  Braids kept: 4411168 (in 18 buckets, 39.27 GB)
  ⚡ Timing: matmul=1.48s, sampling=3.71s, total=22.87s

============================================================
SEARCH COMPLETE
============================================================
Final level: 60
Total time: 1410.34s
Avg time per level: 23.51s
Total matmul time: 85.72s
Total kernel elements: 21
  Saving checkpoint to ./final_state_level_60.pt...

Final state saved to ./final_state_level_60.pt

============================================================
VERIFICATION
============================================================

Batch 0: 8 candidates
  Braid 0: [7, 10, 13, 8, 13, 8, 2, 13]... - Off-diagonal nonzero at [0,2]
  Braid 1: [7, 10, 13, 4, 13, 4, 2, 13]... - Off-diagonal nonzero at [0,2]
  Braid 2: [7, 7, 10, 13, 4, 13, 4, 2]... - Off-diagonal nonzero at [0,2]
  Braid 3: [7, 7, 10, 13, 8, 13, 8, 2]... - Off-diagonal nonzero at [0,2]
  Braid 4: [21, 7, 7, 10, 13, 4, 13, 4]... - Off-diagonal nonzero at [0,2]

Batch 1: 7 candidates
  Braid 0: [7, 7, 7, 10, 13, 4, 13, 4]... - Off-diagonal nonzero at [0,2]

  🎉 KERNEL ELEMENT #1 🎉
    Factors: [21, 7, 10, 13, 4, 13, 4, 2, 13, 20, 13, 20, 13, 10, 2, 13, 4, 13, 4, 13, 7, 21, 20, 13, 20, 13, 10, 16, 16, 2, 13, 4, 13, 4, 13, 21, 20, 13, 20, 13, 21, 10, 13, 4, 13, 4, 2, 16, 13, 11, 13, 11, 13, 21, 10]
    Length: 55
    Kernel element! Evaluates to (v^0) * I
    Artin word: [1, 2, 3, 2, 1, 1, 3, 1, 3, 2, 2, 1, 3, 3, 2, 2, 1, 3, 3, 2, 2, 2, 1, 3, 1, 3, 2, 1, 2, 1, 3, 1, 3, 2, 1, 2, 1, 3, 1, 3, 2, 2, 2, 1, 3, 3, 2, 2, 1, 3, 3, 2, 2, 1, 3, 1, 3, 1, 2, 3, 2, 1, 1, 3, 2, 1, 2, 1, 3, 1, 3, 2, 1, 2, 1, 3, 1, 3, 2, 2, 1, 3, 2, 2, 1, 3, 2, 2, 2, 1, 3, 3, 2, 2, 1, 3, 3, 2, 2, 1, 3, 1, 2, 3, 2, 1, 1, 3, 2, 1, 2, 1, 3, 1, 3, 2, 1, 2, 1, 3, 1, 2, 3, 2, 1, 1, 3, 2, 2, 1, 3, 3, 2, 2, 1, 3, 3, 2, 2, 2, 1, 3, 2, 2, 1, 3, 1, 2, 3, 2, 2, 1, 3, 1, 2, 3, 2, 2, 1, 3, 1, 2, 3, 2, 1, 1, 3, 2]

  🎉 KERNEL ELEMENT #2 🎉
    Factors: [21, 7, 10, 13, 8, 13, 8, 2, 13, 11, 13, 11, 13, 10, 2, 13, 8, 13, 8, 13, 7, 21, 11, 13, 11, 13, 10, 16, 16, 2, 13, 8, 13, 8, 13, 21, 11, 13, 11, 13, 21, 10, 13, 8, 13, 8, 2, 16, 13, 20, 13, 20, 13, 21, 10]
    Length: 55
    Kernel element! Evaluates to (v^0) * I
    Artin word: [1, 2, 3, 2, 1, 1, 3, 1, 3, 2, 2, 1, 3, 1, 2, 2, 1, 3, 1, 2, 2, 2, 1, 3, 1, 2, 3, 2, 2, 1, 3, 1, 2, 3, 2, 2, 1, 3, 1, 3, 2, 2, 2, 1, 3, 1, 2, 2, 1, 3, 1, 2, 2, 1, 3, 1, 3, 1, 2, 3, 2, 1, 1, 2, 3, 2, 2, 1, 3, 1, 2, 3, 2, 2, 1, 3, 1, 3, 2, 2, 1, 3, 2, 2, 1, 3, 2, 2, 2, 1, 3, 1, 2, 2, 1, 3, 1, 2, 2, 1, 3, 1, 2, 3, 2, 1, 1, 2, 3, 2, 2, 1, 3, 1, 2, 3, 2, 2, 1, 3, 1, 2, 3, 2, 1, 1, 3, 2, 2, 1, 3, 1, 2, 2, 1, 3, 1, 2, 2, 2, 1, 3, 2, 2, 1, 3, 1, 3, 2, 1, 2, 1, 3, 1, 3, 2, 1, 2, 1, 3, 1, 2, 3, 2, 1, 1, 3, 2]
  Braid 3: [2, 13, 11, 13, 11, 13, 21, 10]... - Off-diagonal nonzero at [0,2]
  Braid 4: [2, 16, 13, 11, 13, 11, 13, 21]... - Off-diagonal nonzero at [0,2]

  🎉 KERNEL ELEMENT #3 🎉
    Factors: [16, 16, 16, 13, 11, 13, 11, 13, 21, 10, 13, 8, 13, 8, 13, 21, 11, 13, 11, 13, 10, 16, 2, 13, 4, 13, 4, 13, 7, 7, 21, 20, 13, 20, 13, 10, 2, 13, 4, 13, 4, 2, 13, 20, 13, 20, 13, 21, 7, 10, 13, 4, 13, 4, 13]
    Length: 55
    Kernel element! Evaluates to (v^0) * I
    Artin word: [2, 1, 3, 2, 2, 1, 3, 2, 2, 1, 3, 2, 2, 1, 3, 1, 2, 3, 2, 2, 1, 3, 1, 2, 3, 2, 2, 1, 3, 1, 2, 3, 2, 1, 1, 3, 2, 2, 1, 3, 1, 2, 2, 1, 3, 1, 2, 2, 1, 3, 1, 2, 3, 2, 1, 1, 2, 3, 2, 2, 1, 3, 1, 2, 3, 2, 2, 1, 3, 1, 3, 2, 2, 1, 3, 2, 2, 2, 1, 3, 3, 2, 2, 1, 3, 3, 2, 2, 1, 3, 1, 3, 1, 3, 1, 2, 3, 2, 1, 1, 3, 2, 1, 2, 1, 3, 1, 3, 2, 1, 2, 1, 3, 1, 3, 2, 2, 2, 1, 3, 3, 2, 2, 1, 3, 3, 2, 2, 2, 1, 3, 1, 3, 2, 1, 2, 1, 3, 1, 3, 2, 1, 2, 1, 3, 1, 2, 3, 2, 1, 1, 3, 1, 3, 2, 2, 1, 3, 3, 2, 2, 1, 3, 3, 2, 2, 1, 3]

Batch 2: 6 candidates

  🎉 KERNEL ELEMENT #4 🎉
    Factors: [11, 13, 10, 2, 13, 8, 13, 8, 13, 21, 11, 13, 11, 13, 10, 2, 13, 8, 13, 8, 13, 21, 11, 13, 11, 13, 10, 2, 13, 8, 13, 8, 13, 21, 11, 13, 11, 13, 10, 2, 13, 8, 13, 8, 13, 21, 11, 13, 11, 13, 10, 2, 13, 8, 13, 8, 13, 21, 11, 13]
    Length: 60
    Kernel element! Evaluates to (v^0) * I
    Artin word: [1, 2, 3, 2, 2, 1, 3, 1, 3, 2, 2, 2, 1, 3, 1, 2, 2, 1, 3, 1, 2, 2, 1, 3, 1, 2, 3, 2, 1, 1, 2, 3, 2, 2, 1, 3, 1, 2, 3, 2, 2, 1, 3, 1, 3, 2, 2, 2, 1, 3, 1, 2, 2, 1, 3, 1, 2, 2, 1, 3, 1, 2, 3, 2, 1, 1, 2, 3, 2, 2, 1, 3, 1, 2, 3, 2, 2, 1, 3, 1, 3, 2, 2, 2, 1, 3, 1, 2, 2, 1, 3, 1, 2, 2, 1, 3, 1, 2, 3, 2, 1, 1, 2, 3, 2, 2, 1, 3, 1, 2, 3, 2, 2, 1, 3, 1, 3, 2, 2, 2, 1, 3, 1, 2, 2, 1, 3, 1, 2, 2, 1, 3, 1, 2, 3, 2, 1, 1, 2, 3, 2, 2, 1, 3, 1, 2, 3, 2, 2, 1, 3, 1, 3, 2, 2, 2, 1, 3, 1, 2, 2, 1, 3, 1, 2, 2, 1, 3, 1, 2, 3, 2, 1, 1, 2, 3, 2, 2, 1, 3]

  🎉 KERNEL ELEMENT #5 🎉
    Factors: [20, 13, 10, 2, 13, 4, 13, 4, 13, 21, 20, 13, 20, 13, 10, 2, 13, 4, 13, 4, 13, 21, 20, 13, 20, 13, 10, 2, 13, 4, 13, 4, 13, 21, 20, 13, 20, 13, 10, 2, 13, 4, 13, 4, 13, 21, 20, 13, 20, 13, 10, 2, 13, 4, 13, 4, 13, 21, 20, 13]
    Length: 60
    Kernel element! Evaluates to (v^0) * I
    Artin word: [1, 3, 2, 1, 2, 1, 3, 1, 3, 2, 2, 2, 1, 3, 3, 2, 2, 1, 3, 3, 2, 2, 1, 3, 1, 2, 3, 2, 1, 1, 3, 2, 1, 2, 1, 3, 1, 3, 2, 1, 2, 1, 3, 1, 3, 2, 2, 2, 1, 3, 3, 2, 2, 1, 3, 3, 2, 2, 1, 3, 1, 2, 3, 2, 1, 1, 3, 2, 1, 2, 1, 3, 1, 3, 2, 1, 2, 1, 3, 1, 3, 2, 2, 2, 1, 3, 3, 2, 2, 1, 3, 3, 2, 2, 1, 3, 1, 2, 3, 2, 1, 1, 3, 2, 1, 2, 1, 3, 1, 3, 2, 1, 2, 1, 3, 1, 3, 2, 2, 2, 1, 3, 3, 2, 2, 1, 3, 3, 2, 2, 1, 3, 1, 2, 3, 2, 1, 1, 3, 2, 1, 2, 1, 3, 1, 3, 2, 1, 2, 1, 3, 1, 3, 2, 2, 2, 1, 3, 3, 2, 2, 1, 3, 3, 2, 2, 1, 3, 1, 2, 3, 2, 1, 1, 3, 2, 1, 2, 1, 3]

  🎉 KERNEL ELEMENT #6 🎉
    Factors: [13, 4, 2, 13, 20, 13, 20, 13, 21, 10, 13, 4, 13, 4, 2, 13, 20, 13, 20, 13, 21, 10, 13, 4, 13, 4, 2, 13, 20, 13, 20, 13, 21, 10, 13, 4, 13, 4, 2, 13, 20, 13, 20, 13, 21, 10, 13, 4, 13, 4, 2, 13, 20, 13, 20, 13, 21, 10, 13, 4]
    Length: 60
    Kernel element! Evaluates to (v^0) * I
    Artin word: [2, 1, 3, 3, 2, 2, 2, 1, 3, 1, 3, 2, 1, 2, 1, 3, 1, 3, 2, 1, 2, 1, 3, 1, 2, 3, 2, 1, 1, 3, 2, 2, 1, 3, 3, 2, 2, 1, 3, 3, 2, 2, 2, 1, 3, 1, 3, 2, 1, 2, 1, 3, 1, 3, 2, 1, 2, 1, 3, 1, 2, 3, 2, 1, 1, 3, 2, 2, 1, 3, 3, 2, 2, 1, 3, 3, 2, 2, 2, 1, 3, 1, 3, 2, 1, 2, 1, 3, 1, 3, 2, 1, 2, 1, 3, 1, 2, 3, 2, 1, 1, 3, 2, 2, 1, 3, 3, 2, 2, 1, 3, 3, 2, 2, 2, 1, 3, 1, 3, 2, 1, 2, 1, 3, 1, 3, 2, 1, 2, 1, 3, 1, 2, 3, 2, 1, 1, 3, 2, 2, 1, 3, 3, 2, 2, 1, 3, 3, 2, 2, 2, 1, 3, 1, 3, 2, 1, 2, 1, 3, 1, 3, 2, 1, 2, 1, 3, 1, 2, 3, 2, 1, 1, 3, 2, 2, 1, 3, 3, 2]

  🎉 KERNEL ELEMENT #7 🎉
    Factors: [13, 8, 2, 13, 11, 13, 11, 13, 21, 10, 13, 8, 13, 8, 2, 13, 11, 13, 11, 13, 21, 10, 13, 8, 13, 8, 2, 13, 11, 13, 11, 13, 21, 10, 13, 8, 13, 8, 2, 13, 11, 13, 11, 13, 21, 10, 13, 8, 13, 8, 2, 13, 11, 13, 11, 13, 21, 10, 13, 8]
    Length: 60
    Kernel element! Evaluates to (v^0) * I
    Artin word: [2, 1, 3, 1, 2, 2, 2, 1, 3, 1, 2, 3, 2, 2, 1, 3, 1, 2, 3, 2, 2, 1, 3, 1, 2, 3, 2, 1, 1, 3, 2, 2, 1, 3, 1, 2, 2, 1, 3, 1, 2, 2, 2, 1, 3, 1, 2, 3, 2, 2, 1, 3, 1, 2, 3, 2, 2, 1, 3, 1, 2, 3, 2, 1, 1, 3, 2, 2, 1, 3, 1, 2, 2, 1, 3, 1, 2, 2, 2, 1, 3, 1, 2, 3, 2, 2, 1, 3, 1, 2, 3, 2, 2, 1, 3, 1, 2, 3, 2, 1, 1, 3, 2, 2, 1, 3, 1, 2, 2, 1, 3, 1, 2, 2, 2, 1, 3, 1, 2, 3, 2, 2, 1, 3, 1, 2, 3, 2, 2, 1, 3, 1, 2, 3, 2, 1, 1, 3, 2, 2, 1, 3, 1, 2, 2, 1, 3, 1, 2, 2, 2, 1, 3, 1, 2, 3, 2, 2, 1, 3, 1, 2, 3, 2, 2, 1, 3, 1, 2, 3, 2, 1, 1, 3, 2, 2, 1, 3, 1, 2]

  🎉 KERNEL ELEMENT #8 🎉
    Factors: [13, 4, 13, 21, 20, 13, 20, 13, 10, 2, 13, 4, 13, 4, 13, 21, 20, 13, 20, 13, 10, 2, 13, 4, 13, 4, 13, 21, 20, 13, 20, 13, 10, 2, 13, 4, 13, 4, 13, 21, 20, 13, 20, 13, 10, 2, 13, 4, 13, 4, 13, 21, 20, 13, 20, 13, 10, 2, 13, 4]
    Length: 60
    Kernel element! Evaluates to (v^0) * I
    Artin word: [2, 1, 3, 3, 2, 2, 1, 3, 1, 2, 3, 2, 1, 1, 3, 2, 1, 2, 1, 3, 1, 3, 2, 1, 2, 1, 3, 1, 3, 2, 2, 2, 1, 3, 3, 2, 2, 1, 3, 3, 2, 2, 1, 3, 1, 2, 3, 2, 1, 1, 3, 2, 1, 2, 1, 3, 1, 3, 2, 1, 2, 1, 3, 1, 3, 2, 2, 2, 1, 3, 3, 2, 2, 1, 3, 3, 2, 2, 1, 3, 1, 2, 3, 2, 1, 1, 3, 2, 1, 2, 1, 3, 1, 3, 2, 1, 2, 1, 3, 1, 3, 2, 2, 2, 1, 3, 3, 2, 2, 1, 3, 3, 2, 2, 1, 3, 1, 2, 3, 2, 1, 1, 3, 2, 1, 2, 1, 3, 1, 3, 2, 1, 2, 1, 3, 1, 3, 2, 2, 2, 1, 3, 3, 2, 2, 1, 3, 3, 2, 2, 1, 3, 1, 2, 3, 2, 1, 1, 3, 2, 1, 2, 1, 3, 1, 3, 2, 1, 2, 1, 3, 1, 3, 2, 2, 2, 1, 3, 3, 2]

  🎉 KERNEL ELEMENT #9 🎉
    Factors: [13, 8, 13, 21, 11, 13, 11, 13, 10, 2, 13, 8, 13, 8, 13, 21, 11, 13, 11, 13, 10, 2, 13, 8, 13, 8, 13, 21, 11, 13, 11, 13, 10, 2, 13, 8, 13, 8, 13, 21, 11, 13, 11, 13, 10, 2, 13, 8, 13, 8, 13, 21, 11, 13, 11, 13, 10, 2, 13, 8]
    Length: 60
    Kernel element! Evaluates to (v^0) * I
    Artin word: [2, 1, 3, 1, 2, 2, 1, 3, 1, 2, 3, 2, 1, 1, 2, 3, 2, 2, 1, 3, 1, 2, 3, 2, 2, 1, 3, 1, 3, 2, 2, 2, 1, 3, 1, 2, 2, 1, 3, 1, 2, 2, 1, 3, 1, 2, 3, 2, 1, 1, 2, 3, 2, 2, 1, 3, 1, 2, 3, 2, 2, 1, 3, 1, 3, 2, 2, 2, 1, 3, 1, 2, 2, 1, 3, 1, 2, 2, 1, 3, 1, 2, 3, 2, 1, 1, 2, 3, 2, 2, 1, 3, 1, 2, 3, 2, 2, 1, 3, 1, 3, 2, 2, 2, 1, 3, 1, 2, 2, 1, 3, 1, 2, 2, 1, 3, 1, 2, 3, 2, 1, 1, 2, 3, 2, 2, 1, 3, 1, 2, 3, 2, 2, 1, 3, 1, 3, 2, 2, 2, 1, 3, 1, 2, 2, 1, 3, 1, 2, 2, 1, 3, 1, 2, 3, 2, 1, 1, 2, 3, 2, 2, 1, 3, 1, 2, 3, 2, 2, 1, 3, 1, 3, 2, 2, 2, 1, 3, 1, 2]

============================================================
SUMMARY
============================================================
Total candidates with projlen=1: 21
Verified kernel elements: 9

✓ SUCCESS! Found 9 kernel elements for p=5
JOB COMPLETED!
