============================================================
SEARCHING FOR p=7 KERNEL ELEMENTS
============================================================
Device: cuda
Bucket size: 12000
Max length: 4000
Bootstrap length: 5
Prime: 7
Degree multiplier: 3
Degree window: 24001
Use best: 35000
Checkpoint every: 300 levels
Memory optimization: int16 matrices, int32 words
Resuming from: checkpoints/p7_h200_3761608/final_state_level_1600.pt

Loaded tables from /nfs/roberts/project/pi_com36/com36/burau-experiments/precomputed_tables/tables_B4_r1_p7.pt
  Re-centered: degree_window=24001
  Storage dtype: torch.int16
  Identity suffixes fixed: 22 valid
✓ Identity matrix verified

Loading checkpoint from checkpoints/p7_h200_3761608/final_state_level_1600.pt...
  Resizing tensors:
    Matrices: D=9601 → D=24001
    Words: length=1600 → length=4000
  Loaded level 1600
  Buckets: 12 projlen values, 129722 total braids
  Bucket memory: 58.12 GB
  Kernel elements found so far: 0
  Resuming from level 1601

============================================================
Level 1601 - SAMPLING
============================================================
  Starting braids: 35000
  Candidates to generate: 207562 (index build: 0.050s)
  Processing in 5 chunks...

============================================================
SEARCH STOPPED
============================================================
Final level: 1600
Total time: 0.62s
Avg time per level: 0.62s
Total matmul time: 13681.25s
Total sampling time: 1215.73s
Total kernel elements (projlen=1) found: 0
  Saving checkpoint to checkpoints/p7_h200_3767241/final_state_level_1600.pt...
  Checkpoint saved: checkpoints/p7_h200_3767241/final_state_level_1600.pt

Final state saved to checkpoints/p7_h200_3767241/final_state_level_1600.pt
To resume: use --resume-from checkpoints/p7_h200_3767241/final_state_level_1600.pt
