============================================================
SEARCHING FOR p=5 KERNEL ELEMENTS (ULTRA-OPTIMIZED)
============================================================
Device: cuda
Bucket size: 1000000
Max length: 60
Bootstrap length: 5
Prime: 5
Degree multiplier: 4
Degree window: 481
Use best: 500000
Expansion chunk size: 50000
Matmul chunk size: 10000
⚡ Precomputed FFTs: ENABLED

Loaded tables from /nfs/roberts/project/pi_com36/com36/burau-experiments/precomputed_tables/tables_B4_r1_p5.pt
  Degree window: 481
✓ Identity matrix verified

Precomputing FFTs of simple Burau matrices...
  D=481, fft_size=1024
  FFT cache: 0.9 MB
Initialized with identity braid
Degree window: [-240, 240] (481 coefficients)
FFT size: 1024
Storage types: matrix=torch.int16, word=torch.int32
Config: bucket_size=1000000, bootstrap=5, max_length=60, chunk_size=50000, matmul_chunk=10000, use_best=500000
⚡ Ultra-optimized: precomputed Burau FFTs enabled

============================================================
Level 1 - BOOTSTRAP
============================================================
  Starting braids: 1
  Candidates to generate: 22
  Projlen distribution:
    projlen=3: 10 braids
    projlen=4: 12 braids
  Braids kept: 22 (in 2 buckets, 0.00 GB)
  ⚡ Timing: matmul=0.05s, sampling=0.00s, total=0.25s

============================================================
Level 2 - BOOTSTRAP
============================================================
  Starting braids: 22
  Candidates to generate: 164
  Projlen distribution:
    projlen=5: 56 braids
    projlen=6: 76 braids
    projlen=7: 32 braids
  Braids kept: 164 (in 3 buckets, 0.00 GB)
  ⚡ Timing: matmul=0.01s, sampling=0.00s, total=0.11s

============================================================
Level 3 - BOOTSTRAP
============================================================
  Starting braids: 164
  Candidates to generate: 982
  Projlen distribution:
    projlen=7: 270 braids
    projlen=8: 364 braids
    projlen=9: 288 braids
    projlen=10: 60 braids
  Braids kept: 982 (in 4 buckets, 0.01 GB)
  ⚡ Timing: matmul=0.01s, sampling=0.00s, total=0.10s

============================================================
Level 4 - BOOTSTRAP
============================================================
  Starting braids: 982
  Candidates to generate: 5528
  Projlen distribution:
    projlen=9: 1256 braids
    projlen=10: 1672 braids
    projlen=11: 1784 braids
    projlen=12: 700 braids
    projlen=13: 116 braids
  Braids kept: 5528 (in 5 buckets, 0.05 GB)
  ⚡ Timing: matmul=0.02s, sampling=0.00s, total=0.12s

============================================================
Level 5 - BOOTSTRAP
============================================================
  Starting braids: 5528
  Candidates to generate: 30478
  Projlen distribution:
    projlen=10: 4 braids
    projlen=11: 5798 braids
    projlen=12: 7672 braids
    projlen=13: 9864 braids
    projlen=14: 5236 braids
    projlen=15: 1716 braids
    projlen=16: 188 braids
  Braids kept: 30478 (in 7 buckets, 0.27 GB)
  ⚡ Timing: matmul=0.08s, sampling=0.00s, total=0.19s

============================================================
Level 6 - SAMPLING
============================================================
  Starting braids: 30478
  Candidates to generate: 166796
  Processing in 4 chunks...
  Projlen distribution:
    projlen=12: 68 braids
    projlen=13: 26768 braids
    projlen=14: 35288 braids
    projlen=15: 52292 braids
    projlen=16: 33012 braids
    projlen=17: 15680 braids
    projlen=18: 3356 braids
    projlen=19: 332 braids
  Braids kept: 166796 (in 8 buckets, 1.48 GB)
  ⚡ Timing: matmul=0.09s, sampling=0.01s, total=0.73s

============================================================
Level 7 - SAMPLING
============================================================
  Starting braids: 166796
  Candidates to generate: 910366
  Processing in 19 chunks...
  Projlen distribution:
    projlen=13: 52 braids
    projlen=14: 716 braids
    projlen=15: 123766 braids
    projlen=16: 162616 braids
    projlen=17: 271412 braids
    projlen=18: 191940 braids
    projlen=19: 116516 braids
    projlen=20: 35764 braids
    projlen=21: 7076 braids
    projlen=22: 508 braids
  Braids kept: 910366 (in 10 buckets, 8.10 GB)
  ⚡ Timing: matmul=0.31s, sampling=0.23s, total=3.81s

============================================================
Level 8 - SAMPLING
============================================================
  Starting braids: 500000
  Candidates to generate: 2793920
  Processing in 56 chunks...
  Projlen distribution:
    projlen=14: 112 braids
    projlen=15: 892 braids
    projlen=16: 6084 braids
    projlen=17: 567174 braids
    projlen=18: 725737 braids
    projlen=19: 1090749 braids
    projlen=20: 403172 braids
  Braids kept: 2703171 (in 7 buckets, 24.06 GB)
  ⚡ Timing: matmul=0.97s, sampling=1.73s, total=13.43s

============================================================
Level 9 - SAMPLING
============================================================
  Starting braids: 500000
  Candidates to generate: 2975448
  Processing in 60 chunks...
  Projlen distribution:
    projlen=15: 150 braids
    projlen=16: 1288 braids
    projlen=17: 10990 braids
    projlen=18: 33947 braids
    projlen=19: 1950756 braids
    projlen=20: 978317 braids
  Braids kept: 2024692 (in 6 buckets, 18.02 GB)
  ⚡ Timing: matmul=1.04s, sampling=2.69s, total=15.88s

============================================================
Level 10 - SAMPLING
============================================================
  Starting braids: 500000
  Candidates to generate: 3028398
  Processing in 61 chunks...
  Projlen distribution:
    projlen=16: 63 braids
    projlen=17: 2781 braids
    projlen=18: 9781 braids
    projlen=19: 75538 braids
    projlen=20: 152022 braids
    projlen=21: 1862717 braids
    projlen=22: 925496 braids
  Braids kept: 2165681 (in 7 buckets, 19.28 GB)
  ⚡ Timing: matmul=1.07s, sampling=2.76s, total=16.18s

============================================================
Level 11 - SAMPLING
============================================================
  Starting braids: 500000
  Candidates to generate: 3064018
  Processing in 62 chunks...
  Projlen distribution:
    projlen=16: 6 braids
    projlen=17: 88 braids
    projlen=18: 1311 braids
    projlen=19: 23982 braids
    projlen=20: 56929 braids
    projlen=21: 425257 braids
    projlen=22: 654433 braids
    projlen=23: 1364261 braids
    projlen=24: 537751 braids
  Braids kept: 2699757 (in 9 buckets, 24.03 GB)
  ⚡ Timing: matmul=1.07s, sampling=2.51s, total=15.76s

============================================================
Level 12 - SAMPLING
============================================================
  Starting braids: 500000
  Candidates to generate: 3086674
  Processing in 62 chunks...
  Projlen distribution:
    projlen=17: 4 braids
    projlen=18: 182 braids
    projlen=19: 2397 braids
    projlen=20: 11207 braids
    projlen=21: 147768 braids
    projlen=22: 282807 braids
    projlen=23: 1762411 braids
    projlen=24: 879898 braids
  Braids kept: 2324263 (in 8 buckets, 20.69 GB)
  ⚡ Timing: matmul=1.09s, sampling=3.57s, total=19.60s

============================================================
Level 13 - SAMPLING
============================================================
  Starting braids: 500000
  Candidates to generate: 2993418
  Processing in 60 chunks...
  Projlen distribution:
    projlen=18: 32 braids
    projlen=19: 149 braids
    projlen=20: 2058 braids
    projlen=21: 22886 braids
    projlen=22: 67045 braids
    projlen=23: 745788 braids
    projlen=24: 1178697 braids
    projlen=25: 861465 braids
    projlen=26: 115298 braids
  Braids kept: 2814721 (in 9 buckets, 25.06 GB)
  ⚡ Timing: matmul=1.09s, sampling=2.32s, total=15.26s

============================================================
Level 14 - SAMPLING
============================================================
  Starting braids: 500000
  Candidates to generate: 3085334
  Processing in 62 chunks...
  Projlen distribution:
    projlen=19: 62 braids
    projlen=20: 478 braids
    projlen=21: 3012 braids
    projlen=22: 16374 braids
    projlen=23: 140296 braids
    projlen=24: 314011 braids
    projlen=25: 1753830 braids
    projlen=26: 857271 braids
  Braids kept: 2331504 (in 8 buckets, 20.76 GB)
  ⚡ Timing: matmul=1.10s, sampling=3.01s, total=16.66s

============================================================
Level 15 - SAMPLING
============================================================
  Starting braids: 500000
  Candidates to generate: 3025596
  Processing in 61 chunks...
  Projlen distribution:
    projlen=19: 31 braids
    projlen=20: 126 braids
    projlen=21: 1283 braids
    projlen=22: 4731 braids
    projlen=23: 26991 braids
    projlen=24: 95119 braids
    projlen=25: 719971 braids
    projlen=26: 1308148 braids
    projlen=27: 815570 braids
    projlen=28: 53626 braids
  Braids kept: 2717448 (in 10 buckets, 24.19 GB)
  ⚡ Timing: matmul=1.04s, sampling=2.48s, total=15.62s

============================================================
Level 16 - SAMPLING
============================================================
  Starting braids: 500000
  Candidates to generate: 3053950
  Processing in 62 chunks...
  Projlen distribution:
    projlen=20: 64 braids
    projlen=21: 712 braids
    projlen=22: 2172 braids
    projlen=23: 11546 braids
    projlen=24: 34780 braids
    projlen=25: 157568 braids
    projlen=26: 430544 braids
    projlen=27: 1635084 braids
    projlen=28: 781480 braids
  Braids kept: 2418866 (in 9 buckets, 21.53 GB)
  ⚡ Timing: matmul=1.05s, sampling=3.10s, total=16.73s

============================================================
Level 17 - SAMPLING
============================================================
  Starting braids: 500000
  Candidates to generate: 2997906
  Processing in 60 chunks...
  Projlen distribution:
    projlen=20: 32 braids
    projlen=21: 254 braids
    projlen=22: 1284 braids
    projlen=23: 6835 braids
    projlen=24: 17928 braids
    projlen=25: 77933 braids
    projlen=26: 184564 braids
    projlen=27: 747197 braids
    projlen=28: 1320474 braids
    projlen=29: 641405 braids
  Braids kept: 2677432 (in 10 buckets, 23.83 GB)
  ⚡ Timing: matmul=1.10s, sampling=2.35s, total=15.27s

============================================================
Level 18 - SAMPLING
============================================================
  Starting braids: 500000
  Candidates to generate: 2984440
  Processing in 60 chunks...
  Projlen distribution:
    projlen=21: 86 braids
    projlen=22: 629 braids
    projlen=23: 3827 braids
    projlen=24: 11879 braids
    projlen=25: 51012 braids
    projlen=26: 107208 braids
    projlen=27: 396157 braids
    projlen=28: 802993 braids
    projlen=29: 1167519 braids
    projlen=30: 443130 braids
  Braids kept: 2816921 (in 10 buckets, 25.08 GB)
  ⚡ Timing: matmul=1.04s, sampling=2.33s, total=15.07s

============================================================
Level 19 - SAMPLING
============================================================
  Starting braids: 500000
  Candidates to generate: 2982730
  Processing in 60 chunks...
  Projlen distribution:
    projlen=21: 16 braids
    projlen=22: 321 braids
    projlen=23: 2251 braids
    projlen=24: 6905 braids
    projlen=25: 34145 braids
    projlen=26: 74727 braids
    projlen=27: 283362 braids
    projlen=28: 504001 braids
    projlen=29: 1409204 braids
    projlen=30: 667798 braids
  Braids kept: 2573526 (in 10 buckets, 22.91 GB)
  ⚡ Timing: matmul=1.07s, sampling=2.79s, total=15.85s

============================================================
Level 20 - SAMPLING
============================================================
  Starting braids: 500000
  Candidates to generate: 2937798
  Processing in 59 chunks...
  Projlen distribution:
    projlen=21: 7 braids
    projlen=22: 191 braids
    projlen=23: 1152 braids
    projlen=24: 4543 braids
    projlen=25: 22796 braids
    projlen=26: 48646 braids
    projlen=27: 205798 braids
    projlen=28: 364114 braids
    projlen=29: 1202928 braids
    projlen=30: 876159 braids
  Braids kept: 2734870 (in 11 buckets, 24.35 GB)
  ⚡ Timing: matmul=1.04s, sampling=2.72s, total=15.55s

============================================================
Level 21 - SAMPLING
============================================================
  Starting braids: 500000
  Candidates to generate: 2888722
  Processing in 58 chunks...
  Projlen distribution:
    projlen=21: 38 braids
    projlen=22: 123 braids
    projlen=23: 936 braids
    projlen=24: 3098 braids
    projlen=25: 13637 braids
    projlen=26: 34484 braids
    projlen=27: 146113 braids
    projlen=28: 246408 braids
    projlen=29: 914902 braids
    projlen=30: 1067510 braids
  Braids kept: 2821212 (in 11 buckets, 25.11 GB)
  ⚡ Timing: matmul=1.04s, sampling=1.98s, total=14.17s

============================================================
Level 22 - SAMPLING
============================================================
  Starting braids: 500000
  Candidates to generate: 2843444
  Processing in 57 chunks...
  Projlen distribution:
    projlen=20: 5 braids
    projlen=21: 92 braids
    projlen=22: 153 braids
    projlen=23: 760 braids
    projlen=24: 2192 braids
    projlen=25: 10953 braids
    projlen=26: 25115 braids
    projlen=27: 96748 braids
    projlen=28: 186491 braids
    projlen=29: 682630 braids
  Braids kept: 2831141 (in 13 buckets, 25.20 GB)
  ⚡ Timing: matmul=1.04s, sampling=2.05s, total=14.10s

============================================================
Level 23 - SAMPLING
============================================================
  Starting braids: 500000
  Candidates to generate: 2863224
  Processing in 58 chunks...
  Projlen distribution:
    projlen=20: 26 braids
    projlen=21: 142 braids
    projlen=22: 187 braids
    projlen=23: 1055 braids
    projlen=24: 1874 braids
    projlen=25: 8297 braids
    projlen=26: 19130 braids
    projlen=27: 78611 braids
    projlen=28: 145455 braids
    projlen=29: 465006 braids
  Braids kept: 2849236 (in 13 buckets, 25.36 GB)
  ⚡ Timing: matmul=0.97s, sampling=2.03s, total=14.08s

============================================================
Level 24 - SAMPLING
============================================================
  Starting braids: 500000
  Candidates to generate: 2869558
  Processing in 58 chunks...
  Projlen distribution:
    projlen=20: 30 braids
    projlen=21: 149 braids
    projlen=22: 318 braids
    projlen=23: 1129 braids
    projlen=24: 1620 braids
    projlen=25: 8795 braids
    projlen=26: 15920 braids
    projlen=27: 61760 braids
    projlen=28: 117097 braids
    projlen=29: 392973 braids
  Braids kept: 2710324 (in 13 buckets, 24.13 GB)
  ⚡ Timing: matmul=1.01s, sampling=2.28s, total=14.67s

============================================================
Level 25 - SAMPLING
============================================================
  Starting braids: 500000
  Candidates to generate: 2883478
  Processing in 58 chunks...
  Projlen distribution:
    projlen=19: 4 braids
    projlen=20: 25 braids
    projlen=21: 132 braids
    projlen=22: 320 braids
    projlen=23: 1202 braids
    projlen=24: 2241 braids
    projlen=25: 7398 braids
    projlen=26: 12830 braids
    projlen=27: 60695 braids
    projlen=28: 101375 braids
  Braids kept: 2616287 (in 14 buckets, 23.29 GB)
  ⚡ Timing: matmul=1.03s, sampling=2.52s, total=15.00s

============================================================
Level 26 - SAMPLING
============================================================
  Starting braids: 500000
  Candidates to generate: 2902866
  Processing in 59 chunks...
  Projlen distribution:
    projlen=20: 7 braids
    projlen=21: 98 braids
    projlen=22: 223 braids
    projlen=23: 1220 braids
    projlen=24: 1876 braids
    projlen=25: 8020 braids
    projlen=26: 14661 braids
    projlen=27: 48401 braids
    projlen=28: 82079 braids
    projlen=29: 334439 braids
  Braids kept: 2588144 (in 13 buckets, 23.04 GB)
  ⚡ Timing: matmul=1.00s, sampling=2.62s, total=15.25s

============================================================
Level 27 - SAMPLING
============================================================
  Starting braids: 500000
  Candidates to generate: 2910594
  Processing in 59 chunks...
  Projlen distribution:
    projlen=20: 1 braids
    projlen=21: 10 braids
    projlen=22: 55 braids
    projlen=23: 943 braids
    projlen=24: 1686 braids
    projlen=25: 7784 braids
    projlen=26: 12201 braids
    projlen=27: 50572 braids
    projlen=28: 87985 braids
    projlen=29: 273937 braids
  Braids kept: 2537334 (in 14 buckets, 22.59 GB)
  ⚡ Timing: matmul=0.99s, sampling=2.67s, total=15.35s

============================================================
Level 28 - SAMPLING
============================================================
  Starting braids: 500000
  Candidates to generate: 2873370
  Processing in 58 chunks...
  Projlen distribution:
    projlen=20: 6 braids
    projlen=21: 7 braids
    projlen=22: 79 braids
    projlen=23: 283 braids
    projlen=24: 782 braids
    projlen=25: 6207 braids
    projlen=26: 11205 braids
    projlen=27: 47588 braids
    projlen=28: 75735 braids
    projlen=29: 282736 braids
  Braids kept: 2712565 (in 14 buckets, 24.15 GB)
  ⚡ Timing: matmul=1.00s, sampling=2.54s, total=14.95s

============================================================
Level 29 - SAMPLING
============================================================
  Starting braids: 500000
  Candidates to generate: 2871524
  Processing in 58 chunks...
  Projlen distribution:
    projlen=19: 12 braids
    projlen=20: 8 braids
    projlen=21: 37 braids
    projlen=22: 91 braids
    projlen=23: 321 braids
    projlen=24: 886 braids
    projlen=25: 2675 braids
    projlen=26: 6496 braids
    projlen=27: 38428 braids
    projlen=28: 68051 braids
  Braids kept: 2684091 (in 15 buckets, 23.89 GB)
  ⚡ Timing: matmul=1.01s, sampling=2.65s, total=15.21s

============================================================
Level 30 - SAMPLING
============================================================
  Starting braids: 500000
  Candidates to generate: 2868362
  Processing in 58 chunks...
  Projlen distribution:
    projlen=19: 6 braids
    projlen=20: 55 braids
    projlen=21: 62 braids
    projlen=22: 199 braids
    projlen=23: 424 braids
    projlen=24: 943 braids
    projlen=25: 3011 braids
    projlen=26: 6626 braids
    projlen=27: 20484 braids
    projlen=28: 44336 braids
  Braids kept: 2730642 (in 15 buckets, 24.31 GB)
  ⚡ Timing: matmul=0.99s, sampling=2.71s, total=15.37s

============================================================
Level 31 - SAMPLING
============================================================
  Starting braids: 500000
  Candidates to generate: 2882064
  Processing in 58 chunks...
  Projlen distribution:
    projlen=18: 2 braids
    projlen=19: 8 braids
    projlen=20: 55 braids
    projlen=21: 107 braids
    projlen=22: 412 braids
    projlen=23: 637 braids
    projlen=24: 1415 braids
    projlen=25: 3487 braids
    projlen=26: 7145 braids
    projlen=27: 21438 braids
  Braids kept: 2847637 (in 16 buckets, 25.35 GB)
  ⚡ Timing: matmul=1.03s, sampling=1.90s, total=14.28s

============================================================
Level 32 - SAMPLING
============================================================
  Starting braids: 500000
  Candidates to generate: 2902822
  Processing in 59 chunks...
  Projlen distribution:
    projlen=18: 10 braids
    projlen=19: 8 braids
    projlen=20: 26 braids
    projlen=21: 133 braids
    projlen=22: 404 braids
    projlen=23: 864 braids
    projlen=24: 2453 braids
    projlen=25: 4472 braids
    projlen=26: 9652 braids
    projlen=27: 23398 braids
  Braids kept: 2902822 (in 17 buckets, 25.84 GB)
  ⚡ Timing: matmul=0.96s, sampling=2.25s, total=15.90s

============================================================
Level 33 - SAMPLING
============================================================
  Starting braids: 500000
  Candidates to generate: 2873396
  Processing in 58 chunks...
  Projlen distribution:
    projlen=17: 2 braids
    projlen=18: 4 braids
    projlen=19: 12 braids
    projlen=20: 42 braids
    projlen=21: 78 braids
    projlen=22: 290 braids
    projlen=23: 887 braids
    projlen=24: 2468 braids
    projlen=25: 5491 braids
    projlen=26: 15126 braids
  Braids kept: 2854499 (in 18 buckets, 25.41 GB)
  ⚡ Timing: matmul=1.01s, sampling=2.15s, total=14.43s

============================================================
Level 34 - SAMPLING
============================================================
  Starting braids: 500000
  Candidates to generate: 2823488
  Processing in 57 chunks...
  Projlen distribution:
    projlen=18: 8 braids
    projlen=19: 6 braids
    projlen=20: 38 braids
    projlen=21: 70 braids
    projlen=22: 272 braids
    projlen=23: 587 braids
    projlen=24: 1985 braids
    projlen=25: 5600 braids
    projlen=26: 15140 braids
    projlen=27: 34016 braids
  Braids kept: 2792655 (in 16 buckets, 24.86 GB)
  ⚡ Timing: matmul=0.97s, sampling=2.07s, total=14.03s

============================================================
Level 35 - SAMPLING
============================================================
  Starting braids: 500000
  Candidates to generate: 2822438
  Processing in 57 chunks...
  Projlen distribution:
    projlen=17: 2 braids
    projlen=18: 4 braids
    projlen=19: 6 braids
    projlen=20: 54 braids
    projlen=21: 38 braids
    projlen=22: 284 braids
    projlen=23: 498 braids
    projlen=24: 1638 braids
    projlen=25: 3965 braids
    projlen=26: 13279 braids
  Braids kept: 2822438 (in 17 buckets, 25.13 GB)
  ⚡ Timing: matmul=0.98s, sampling=1.95s, total=13.75s

============================================================
Level 36 - SAMPLING
============================================================
  Starting braids: 500000
  Candidates to generate: 2850268
  Processing in 58 chunks...
  Projlen distribution:
    projlen=17: 2 braids
    projlen=18: 4 braids
    projlen=19: 8 braids
    projlen=20: 32 braids
    projlen=21: 38 braids
    projlen=22: 315 braids
    projlen=23: 368 braids
    projlen=24: 1902 braids
    projlen=25: 3204 braids
    projlen=26: 10781 braids
  Braids kept: 2850268 (in 17 buckets, 25.37 GB)
  ⚡ Timing: matmul=0.98s, sampling=2.07s, total=14.21s

============================================================
Level 37 - SAMPLING
============================================================
  Starting braids: 500000
  Candidates to generate: 2868442
  Processing in 58 chunks...
  Projlen distribution:
    projlen=18: 6 braids
    projlen=19: 12 braids
    projlen=20: 42 braids
    projlen=21: 38 braids
    projlen=22: 189 braids
    projlen=23: 273 braids
    projlen=24: 1949 braids
    projlen=25: 2664 braids
    projlen=26: 12400 braids
    projlen=27: 22294 braids
  Braids kept: 2868442 (in 16 buckets, 25.53 GB)
  ⚡ Timing: matmul=1.00s, sampling=2.01s, total=14.13s

============================================================
Level 38 - SAMPLING
============================================================
  Starting braids: 500000
  Candidates to generate: 2889998
  Processing in 58 chunks...
  Projlen distribution:
    projlen=20: 66 braids
    projlen=21: 71 braids
    projlen=22: 233 braids
    projlen=23: 243 braids
    projlen=24: 1219 braids
    projlen=25: 2323 braids
    projlen=26: 11905 braids
    projlen=27: 19445 braids
    projlen=28: 76801 braids
    projlen=29: 137833 braids
  Braids kept: 2786301 (in 14 buckets, 24.80 GB)
  ⚡ Timing: matmul=1.03s, sampling=2.20s, total=14.56s

============================================================
Level 39 - SAMPLING
============================================================
  Starting braids: 500000
  Candidates to generate: 2898528
  Processing in 58 chunks...
  Projlen distribution:
    projlen=20: 10 braids
    projlen=21: 14 braids
    projlen=22: 430 braids
    projlen=23: 464 braids
    projlen=24: 1499 braids
    projlen=25: 1984 braids
    projlen=26: 8416 braids
    projlen=27: 17814 braids
    projlen=28: 72046 braids
    projlen=29: 123045 braids
  Braids kept: 2755337 (in 14 buckets, 24.53 GB)
  ⚡ Timing: matmul=1.06s, sampling=2.17s, total=14.50s

============================================================
Level 40 - SAMPLING
============================================================
  Starting braids: 500000
  Candidates to generate: 2922712
  Processing in 59 chunks...
  Projlen distribution:
    projlen=19: 2 braids
    projlen=20: 2 braids
    projlen=21: 12 braids
    projlen=22: 92 braids
    projlen=23: 220 braids
    projlen=24: 2714 braids
    projlen=25: 3177 braids
    projlen=26: 10125 braids
    projlen=27: 15251 braids
    projlen=28: 55065 braids
  Braids kept: 2692785 (in 15 buckets, 23.97 GB)
  ⚡ Timing: matmul=1.00s, sampling=2.43s, total=15.05s

============================================================
Level 41 - SAMPLING
============================================================
  Starting braids: 500000
  Candidates to generate: 2930954
  Processing in 59 chunks...
  Projlen distribution:
    projlen=19: 2 braids
    projlen=20: 4 braids
    projlen=21: 8 braids
    projlen=22: 57 braids
    projlen=23: 156 braids
    projlen=24: 1023 braids
    projlen=25: 2336 braids
    projlen=26: 16104 braids
    projlen=27: 21096 braids
    projlen=28: 64068 braids
  Braids kept: 2635552 (in 15 buckets, 23.46 GB)
  ⚡ Timing: matmul=1.05s, sampling=2.50s, total=15.17s

============================================================
Level 42 - SAMPLING
============================================================
  Starting braids: 500000
  Candidates to generate: 2916320
  Processing in 59 chunks...
  Projlen distribution:
    projlen=20: 8 braids
    projlen=21: 10 braids
    projlen=22: 46 braids
    projlen=23: 111 braids
    projlen=24: 910 braids
    projlen=25: 2189 braids
    projlen=26: 8545 braids
    projlen=27: 18101 braids
    projlen=28: 91453 braids
    projlen=29: 125875 braids
  Braids kept: 2665656 (in 14 buckets, 23.73 GB)
  ⚡ Timing: matmul=1.01s, sampling=2.60s, total=15.20s

============================================================
Level 43 - SAMPLING
============================================================
  Starting braids: 500000
  Candidates to generate: 2893424
  Processing in 58 chunks...
  Projlen distribution:
    projlen=20: 10 braids
    projlen=21: 12 braids
    projlen=22: 67 braids
    projlen=23: 138 braids
    projlen=24: 692 braids
    projlen=25: 2028 braids
    projlen=26: 8209 braids
    projlen=27: 17884 braids
    projlen=28: 58965 braids
    projlen=29: 114521 braids
  Braids kept: 2737282 (in 14 buckets, 24.37 GB)
  ⚡ Timing: matmul=1.04s, sampling=2.17s, total=14.38s

============================================================
Level 44 - SAMPLING
============================================================
  Starting braids: 500000
  Candidates to generate: 2937892
  Processing in 59 chunks...
  Projlen distribution:
    projlen=19: 2 braids
    projlen=20: 2 braids
    projlen=21: 22 braids
    projlen=22: 84 braids
    projlen=23: 173 braids
    projlen=24: 763 braids
    projlen=25: 1817 braids
    projlen=26: 6421 braids
    projlen=27: 16839 braids
    projlen=28: 58040 braids
  Braids kept: 2630520 (in 15 buckets, 23.42 GB)
  ⚡ Timing: matmul=1.06s, sampling=2.62s, total=15.37s

============================================================
Level 45 - SAMPLING
============================================================
  Starting braids: 500000
  Candidates to generate: 2939128
  Processing in 59 chunks...
  Projlen distribution:
    projlen=18: 2 braids
    projlen=19: 4 braids
    projlen=20: 16 braids
    projlen=21: 34 braids
    projlen=22: 93 braids
    projlen=23: 240 braids
    projlen=24: 947 braids
    projlen=25: 1715 braids
    projlen=26: 6029 braids
    projlen=27: 15150 braids
  Braids kept: 2654206 (in 16 buckets, 23.63 GB)
  ⚡ Timing: matmul=1.07s, sampling=2.45s, total=15.12s

============================================================
Level 46 - SAMPLING
============================================================
  Starting braids: 500000
  Candidates to generate: 2933544
  Processing in 59 chunks...
  Projlen distribution:
    projlen=17: 4 braids
    projlen=18: 14 braids
    projlen=19: 31 braids
    projlen=20: 40 braids
    projlen=21: 57 braids
    projlen=22: 185 braids
    projlen=23: 367 braids
    projlen=24: 999 braids
    projlen=25: 2211 braids
    projlen=26: 6648 braids
  Braids kept: 2615304 (in 17 buckets, 23.28 GB)
  ⚡ Timing: matmul=1.03s, sampling=2.47s, total=15.04s

============================================================
Level 47 - SAMPLING
============================================================
  Starting braids: 500000
  Candidates to generate: 2927850
  Processing in 59 chunks...
  Projlen distribution:
    projlen=15: 4 braids
    projlen=16: 4 braids
    projlen=17: 20 braids
    projlen=18: 45 braids
    projlen=19: 46 braids
    projlen=20: 116 braids
    projlen=21: 190 braids
    projlen=22: 301 braids
    projlen=23: 520 braids
    projlen=24: 1438 braids
  Braids kept: 2783320 (in 20 buckets, 24.78 GB)
  ⚡ Timing: matmul=1.02s, sampling=2.73s, total=15.52s

============================================================
Level 48 - SAMPLING
============================================================
  Starting braids: 500000
  Candidates to generate: 2924726
  Processing in 59 chunks...
  Projlen distribution:
    projlen=13: 4 braids
    projlen=14: 3 braids
    projlen=15: 17 braids
    projlen=16: 22 braids
    projlen=17: 40 braids
    projlen=18: 31 braids
    projlen=19: 139 braids
    projlen=20: 245 braids
    projlen=21: 317 braids
    projlen=22: 643 braids
  Braids kept: 2829921 (in 22 buckets, 25.19 GB)
  ⚡ Timing: matmul=1.02s, sampling=2.55s, total=15.15s

============================================================
Level 49 - SAMPLING
============================================================
  Starting braids: 500000
  Candidates to generate: 2907310
  Processing in 59 chunks...
  Projlen distribution:
    projlen=11: 4 braids
    projlen=12: 3 braids
    projlen=13: 19 braids
    projlen=14: 15 braids
    projlen=15: 38 braids
    projlen=16: 29 braids
    projlen=17: 102 braids
    projlen=18: 126 braids
    projlen=19: 235 braids
    projlen=20: 173 braids
  Braids kept: 2775083 (in 24 buckets, 24.70 GB)
  ⚡ Timing: matmul=1.01s, sampling=2.48s, total=15.09s

============================================================
Level 50 - SAMPLING
============================================================
  Starting braids: 500000
  Candidates to generate: 2900568
  Processing in 59 chunks...
  Projlen distribution:
    projlen=9: 4 braids
    projlen=10: 2 braids
    projlen=11: 22 braids
    projlen=12: 12 braids
    projlen=13: 53 braids
    projlen=14: 30 braids
    projlen=15: 124 braids
    projlen=16: 86 braids
    projlen=17: 222 braids
    projlen=18: 128 braids
  Braids kept: 2756642 (in 25 buckets, 24.54 GB)
  ⚡ Timing: matmul=0.99s, sampling=2.28s, total=14.72s

============================================================
Level 51 - SAMPLING
============================================================
  Starting braids: 500000
  Candidates to generate: 2858160
  Processing in 58 chunks...
  Projlen distribution:
    projlen=7: 4 braids
    projlen=8: 2 braids
    projlen=9: 22 braids
    projlen=10: 12 braids
    projlen=11: 54 braids
    projlen=12: 30 braids
    projlen=13: 136 braids
    projlen=14: 86 braids
    projlen=15: 306 braids
    projlen=16: 158 braids
  Braids kept: 2858160 (in 27 buckets, 25.44 GB)
  ⚡ Timing: matmul=1.01s, sampling=1.94s, total=13.97s

============================================================
Level 52 - SAMPLING
============================================================
  Starting braids: 500000
  Candidates to generate: 2813952
  Processing in 57 chunks...
  Projlen distribution:
    projlen=5: 4 braids
    projlen=6: 2 braids
    projlen=7: 22 braids
    projlen=8: 12 braids
    projlen=9: 54 braids
    projlen=10: 30 braids
    projlen=11: 140 braids
    projlen=12: 84 braids
    projlen=13: 310 braids
    projlen=14: 150 braids
  Braids kept: 2813952 (in 29 buckets, 25.05 GB)
  ⚡ Timing: matmul=0.96s, sampling=2.61s, total=15.69s

============================================================
Level 53 - SAMPLING
============================================================
  Starting braids: 500000
  Candidates to generate: 2788582
  Processing in 56 chunks...
  Projlen distribution:
    projlen=3: 4 braids
    projlen=5: 26 braids
    projlen=6: 13 braids
    projlen=7: 54 braids
    projlen=8: 37 braids
    projlen=9: 137 braids
    projlen=10: 81 braids
    projlen=11: 309 braids
    projlen=12: 151 braids
    projlen=13: 775 braids
  Braids kept: 2788582 (in 29 buckets, 24.82 GB)
  ⚡ Timing: matmul=0.99s, sampling=1.79s, total=13.35s

============================================================
Level 54 - SAMPLING
============================================================
  Starting braids: 500000
  Candidates to generate: 2767490
  Processing in 56 chunks...

  🎉 FOUND 4 KERNEL ELEMENTS (projlen=1)! 🎉
  Projlen distribution:
    projlen=1: 4 braids
    projlen=3: 20 braids
    projlen=4: 16 braids
    projlen=5: 35 braids
    projlen=6: 40 braids
    projlen=7: 144 braids
    projlen=8: 98 braids
    projlen=9: 318 braids
    projlen=10: 185 braids
    projlen=11: 773 braids
  Braids kept: 2767490 (in 30 buckets, 24.64 GB)
  ⚡ Timing: matmul=0.95s, sampling=1.57s, total=12.86s

============================================================
Level 55 - SAMPLING
============================================================
  Starting braids: 500000
  Candidates to generate: 2738930
  Processing in 55 chunks...

  🎉 FOUND 4 KERNEL ELEMENTS (projlen=1)! 🎉
  Projlen distribution:
    projlen=1: 4 braids
    projlen=3: 36 braids
    projlen=4: 40 braids
    projlen=5: 95 braids
    projlen=6: 109 braids
    projlen=7: 205 braids
    projlen=8: 207 braids
    projlen=9: 783 braids
    projlen=10: 505 braids
    projlen=11: 1718 braids
  Braids kept: 2738930 (in 28 buckets, 24.38 GB)
  ⚡ Timing: matmul=0.98s, sampling=1.66s, total=12.92s

============================================================
Level 56 - SAMPLING
============================================================
  Starting braids: 500000
  Candidates to generate: 2786712
  Processing in 56 chunks...
  Projlen distribution:
    projlen=3: 20 braids
    projlen=4: 40 braids
    projlen=5: 180 braids
    projlen=6: 236 braids
    projlen=7: 515 braids
    projlen=8: 512 braids
    projlen=9: 1111 braids
    projlen=10: 1096 braids
    projlen=11: 3889 braids
    projlen=12: 2676 braids
  Braids kept: 2786712 (in 25 buckets, 24.81 GB)
  ⚡ Timing: matmul=0.97s, sampling=1.65s, total=13.06s

============================================================
Level 57 - SAMPLING
============================================================
  Starting braids: 500000
  Candidates to generate: 2783202
  Processing in 56 chunks...
  Projlen distribution:
    projlen=5: 108 braids
    projlen=6: 208 braids
    projlen=7: 942 braids
    projlen=8: 1108 braids
    projlen=9: 2773 braids
    projlen=10: 2489 braids
    projlen=11: 5712 braids
    projlen=12: 5674 braids
    projlen=13: 19087 braids
    projlen=14: 13808 braids
  Braids kept: 2783202 (in 21 buckets, 24.78 GB)
  ⚡ Timing: matmul=0.99s, sampling=1.78s, total=13.37s

============================================================
Level 58 - SAMPLING
============================================================
  Starting braids: 500000
  Candidates to generate: 2781744
  Processing in 56 chunks...
  Projlen distribution:
    projlen=5: 2 braids
    projlen=7: 544 braids
    projlen=8: 944 braids
    projlen=9: 4668 braids
    projlen=10: 5256 braids
    projlen=11: 14140 braids
    projlen=12: 12630 braids
    projlen=13: 29050 braids
    projlen=14: 28933 braids
    projlen=15: 93811 braids
  Braids kept: 2781744 (in 18 buckets, 24.76 GB)
  ⚡ Timing: matmul=0.97s, sampling=1.68s, total=13.17s

============================================================
Level 59 - SAMPLING
============================================================
  Starting braids: 500000
  Candidates to generate: 2782924
  Processing in 56 chunks...
  Projlen distribution:
    projlen=3: 2 braids
    projlen=4: 2 braids
    projlen=5: 8 braids
    projlen=6: 6 braids
    projlen=7: 14 braids
    projlen=8: 10 braids
    projlen=9: 2587 braids
    projlen=10: 4283 braids
    projlen=11: 22480 braids
    projlen=12: 25307 braids
  Braids kept: 2757527 (in 19 buckets, 24.55 GB)
  ⚡ Timing: matmul=1.00s, sampling=1.79s, total=13.34s

============================================================
Level 60 - SAMPLING
============================================================
  Starting braids: 500000
  Candidates to generate: 2737588
  Processing in 55 chunks...

  🎉 FOUND 2 KERNEL ELEMENTS (projlen=1)! 🎉
  Projlen distribution:
    projlen=1: 2 braids
    projlen=3: 8 braids
    projlen=4: 6 braids
    projlen=5: 22 braids
    projlen=6: 14 braids
    projlen=7: 51 braids
    projlen=8: 32 braids
    projlen=9: 123 braids
    projlen=10: 68 braids
    projlen=11: 12090 braids
  Braids kept: 2737588 (in 19 buckets, 24.37 GB)
  ⚡ Timing: matmul=0.98s, sampling=1.61s, total=12.83s

============================================================
SEARCH COMPLETE
============================================================
Final level: 60
Total time: 790.47s
Avg time per level: 13.17s
Total matmul time: 54.53s
Total kernel elements: 10
  Saving checkpoint to ./final_state_level_60.pt...

Final state saved to ./final_state_level_60.pt

============================================================
VERIFICATION
============================================================

Batch 0: 4 candidates
  Braid 0: [7, 10, 13, 8, 13, 8, 2, 13]... - Off-diagonal nonzero at [0,2]
  Braid 1: [7, 7, 10, 13, 8, 13, 8, 2]... - Off-diagonal nonzero at [0,2]
  Braid 2: [16, 13, 20, 13, 20, 13, 21, 10]... - Off-diagonal nonzero at [0,2]
  Braid 3: [16, 16, 13, 20, 13, 20, 13, 21]... - Off-diagonal nonzero at [0,2]

Batch 1: 4 candidates
  Braid 0: [7, 7, 7, 10, 13, 4, 13, 4]... - Off-diagonal nonzero at [0,2]

  🎉 KERNEL ELEMENT #1 🎉
    Factors: [21, 7, 10, 13, 8, 13, 8, 2, 13, 11, 13, 11, 13, 10, 2, 13, 8, 13, 8, 13, 7, 21, 11, 13, 11, 13, 10, 16, 16, 2, 13, 8, 13, 8, 13, 21, 11, 13, 11, 13, 21, 10, 13, 8, 13, 8, 2, 16, 13, 20, 13, 20, 13, 21, 10]
    Length: 55
    Kernel element! Evaluates to (v^0) * I
    Artin word: [1, 2, 3, 2, 1, 1, 3, 1, 3, 2, 2, 1, 3, 1, 2, 2, 1, 3, 1, 2, 2, 2, 1, 3, 1, 2, 3, 2, 2, 1, 3, 1, 2, 3, 2, 2, 1, 3, 1, 3, 2, 2, 2, 1, 3, 1, 2, 2, 1, 3, 1, 2, 2, 1, 3, 1, 3, 1, 2, 3, 2, 1, 1, 2, 3, 2, 2, 1, 3, 1, 2, 3, 2, 2, 1, 3, 1, 3, 2, 2, 1, 3, 2, 2, 1, 3, 2, 2, 2, 1, 3, 1, 2, 2, 1, 3, 1, 2, 2, 1, 3, 1, 2, 3, 2, 1, 1, 2, 3, 2, 2, 1, 3, 1, 2, 3, 2, 2, 1, 3, 1, 2, 3, 2, 1, 1, 3, 2, 2, 1, 3, 1, 2, 2, 1, 3, 1, 2, 2, 2, 1, 3, 2, 2, 1, 3, 1, 3, 2, 1, 2, 1, 3, 1, 3, 2, 1, 2, 1, 3, 1, 2, 3, 2, 1, 1, 3, 2]

  🎉 KERNEL ELEMENT #2 🎉
    Factors: [21, 10, 13, 4, 13, 4, 2, 13, 20, 13, 20, 13, 10, 2, 13, 4, 13, 4, 13, 7, 21, 20, 13, 20, 13, 10, 16, 16, 2, 13, 4, 13, 4, 13, 21, 20, 13, 20, 13, 21, 10, 13, 4, 13, 4, 2, 16, 13, 11, 13, 11, 13, 21, 7, 10]
    Length: 55
    Kernel element! Evaluates to (v^0) * I
    Artin word: [1, 2, 3, 2, 1, 1, 3, 2, 2, 1, 3, 3, 2, 2, 1, 3, 3, 2, 2, 2, 1, 3, 1, 3, 2, 1, 2, 1, 3, 1, 3, 2, 1, 2, 1, 3, 1, 3, 2, 2, 2, 1, 3, 3, 2, 2, 1, 3, 3, 2, 2, 1, 3, 1, 3, 1, 2, 3, 2, 1, 1, 3, 2, 1, 2, 1, 3, 1, 3, 2, 1, 2, 1, 3, 1, 3, 2, 2, 1, 3, 2, 2, 1, 3, 2, 2, 2, 1, 3, 3, 2, 2, 1, 3, 3, 2, 2, 1, 3, 1, 2, 3, 2, 1, 1, 3, 2, 1, 2, 1, 3, 1, 3, 2, 1, 2, 1, 3, 1, 2, 3, 2, 1, 1, 3, 2, 2, 1, 3, 3, 2, 2, 1, 3, 3, 2, 2, 2, 1, 3, 2, 2, 1, 3, 1, 2, 3, 2, 2, 1, 3, 1, 2, 3, 2, 2, 1, 3, 1, 2, 3, 2, 1, 1, 3, 1, 3, 2]
  Braid 3: [2, 16, 13, 11, 13, 11, 13, 21]... - Off-diagonal nonzero at [0,2]

Batch 2: 2 candidates

  🎉 KERNEL ELEMENT #3 🎉
    Factors: [13, 8, 13, 21, 11, 13, 11, 13, 10, 2, 13, 8, 13, 8, 13, 21, 11, 13, 11, 13, 10, 2, 13, 8, 13, 8, 13, 21, 11, 13, 11, 13, 10, 2, 13, 8, 13, 8, 13, 21, 11, 13, 11, 13, 10, 2, 13, 8, 13, 8, 13, 21, 11, 13, 11, 13, 10, 2, 13, 8]
    Length: 60
    Kernel element! Evaluates to (v^0) * I
    Artin word: [2, 1, 3, 1, 2, 2, 1, 3, 1, 2, 3, 2, 1, 1, 2, 3, 2, 2, 1, 3, 1, 2, 3, 2, 2, 1, 3, 1, 3, 2, 2, 2, 1, 3, 1, 2, 2, 1, 3, 1, 2, 2, 1, 3, 1, 2, 3, 2, 1, 1, 2, 3, 2, 2, 1, 3, 1, 2, 3, 2, 2, 1, 3, 1, 3, 2, 2, 2, 1, 3, 1, 2, 2, 1, 3, 1, 2, 2, 1, 3, 1, 2, 3, 2, 1, 1, 2, 3, 2, 2, 1, 3, 1, 2, 3, 2, 2, 1, 3, 1, 3, 2, 2, 2, 1, 3, 1, 2, 2, 1, 3, 1, 2, 2, 1, 3, 1, 2, 3, 2, 1, 1, 2, 3, 2, 2, 1, 3, 1, 2, 3, 2, 2, 1, 3, 1, 3, 2, 2, 2, 1, 3, 1, 2, 2, 1, 3, 1, 2, 2, 1, 3, 1, 2, 3, 2, 1, 1, 2, 3, 2, 2, 1, 3, 1, 2, 3, 2, 2, 1, 3, 1, 3, 2, 2, 2, 1, 3, 1, 2]

  🎉 KERNEL ELEMENT #4 🎉
    Factors: [13, 4, 13, 21, 20, 13, 20, 13, 10, 2, 13, 4, 13, 4, 13, 21, 20, 13, 20, 13, 10, 2, 13, 4, 13, 4, 13, 21, 20, 13, 20, 13, 10, 2, 13, 4, 13, 4, 13, 21, 20, 13, 20, 13, 10, 2, 13, 4, 13, 4, 13, 21, 20, 13, 20, 13, 10, 2, 13, 4]
    Length: 60
    Kernel element! Evaluates to (v^0) * I
    Artin word: [2, 1, 3, 3, 2, 2, 1, 3, 1, 2, 3, 2, 1, 1, 3, 2, 1, 2, 1, 3, 1, 3, 2, 1, 2, 1, 3, 1, 3, 2, 2, 2, 1, 3, 3, 2, 2, 1, 3, 3, 2, 2, 1, 3, 1, 2, 3, 2, 1, 1, 3, 2, 1, 2, 1, 3, 1, 3, 2, 1, 2, 1, 3, 1, 3, 2, 2, 2, 1, 3, 3, 2, 2, 1, 3, 3, 2, 2, 1, 3, 1, 2, 3, 2, 1, 1, 3, 2, 1, 2, 1, 3, 1, 3, 2, 1, 2, 1, 3, 1, 3, 2, 2, 2, 1, 3, 3, 2, 2, 1, 3, 3, 2, 2, 1, 3, 1, 2, 3, 2, 1, 1, 3, 2, 1, 2, 1, 3, 1, 3, 2, 1, 2, 1, 3, 1, 3, 2, 2, 2, 1, 3, 3, 2, 2, 1, 3, 3, 2, 2, 1, 3, 1, 2, 3, 2, 1, 1, 3, 2, 1, 2, 1, 3, 1, 3, 2, 1, 2, 1, 3, 1, 3, 2, 2, 2, 1, 3, 3, 2]

============================================================
SUMMARY
============================================================
Total candidates with projlen=1: 10
Verified kernel elements: 4

✓ SUCCESS! Found 4 kernel elements for p=5
JOB COMPLETED!
